[2025-01-28T02:25:14.741+0000] {local_task_job_runner.py:123} INFO - ::group::Pre task execution logs
[2025-01-28T02:25:14.807+0000] {taskinstance.py:2613} INFO - Dependencies all met for dep_context=non-requeueable deps ti=<TaskInstance: first_dag.task1 scheduled__2021-02-26T00:00:00+00:00 [queued]>
[2025-01-28T02:25:14.831+0000] {taskinstance.py:2613} INFO - Dependencies all met for dep_context=requeueable deps ti=<TaskInstance: first_dag.task1 scheduled__2021-02-26T00:00:00+00:00 [queued]>
[2025-01-28T02:25:14.833+0000] {taskinstance.py:2866} INFO - Starting attempt 1 of 6
[2025-01-28T02:25:14.881+0000] {taskinstance.py:2889} INFO - Executing <Task(BashOperator): task1> on 2021-02-26 00:00:00+00:00
[2025-01-28T02:25:14.896+0000] {logging_mixin.py:190} WARNING - /home/***/.local/lib/python3.12/site-packages/***/task/task_runner/standard_task_runner.py:70 DeprecationWarning: This process (pid=1128) is multi-threaded, use of fork() may lead to deadlocks in the child.
[2025-01-28T02:25:14.900+0000] {standard_task_runner.py:72} INFO - Started process 1136 to run task
[2025-01-28T02:25:14.895+0000] {standard_task_runner.py:104} INFO - Running: ['***', 'tasks', 'run', 'first_dag', 'task1', 'scheduled__2021-02-26T00:00:00+00:00', '--job-id', '60', '--raw', '--subdir', 'DAGS_FOLDER/first_dag.py', '--cfg-path', '/tmp/tmp5kb5zar7']
[2025-01-28T02:25:14.904+0000] {standard_task_runner.py:105} INFO - Job 60: Subtask task1
[2025-01-28T02:25:15.178+0000] {task_command.py:467} INFO - Running <TaskInstance: first_dag.task1 scheduled__2021-02-26T00:00:00+00:00 [running]> on host 6d5b1ca1fccb
[2025-01-28T02:25:15.418+0000] {taskinstance.py:3132} INFO - Exporting env vars: AIRFLOW_CTX_DAG_OWNER='***' AIRFLOW_CTX_DAG_ID='first_dag' AIRFLOW_CTX_TASK_ID='task1' AIRFLOW_CTX_EXECUTION_DATE='2021-02-26T00:00:00+00:00' AIRFLOW_CTX_TRY_NUMBER='1' AIRFLOW_CTX_DAG_RUN_ID='scheduled__2021-02-26T00:00:00+00:00'
[2025-01-28T02:25:15.419+0000] {taskinstance.py:731} INFO - ::endgroup::
[2025-01-28T02:25:15.456+0000] {subprocess.py:78} INFO - Tmp dir root location: /tmp
[2025-01-28T02:25:15.458+0000] {subprocess.py:88} INFO - Running command: ['/usr/bin/bash', '-c', 'echo Hello World']
[2025-01-28T02:25:15.473+0000] {subprocess.py:99} INFO - Output:
[2025-01-28T02:25:15.475+0000] {subprocess.py:106} INFO - Hello World
[2025-01-28T02:25:15.476+0000] {subprocess.py:110} INFO - Command exited with return code 0
[2025-01-28T02:25:15.519+0000] {taskinstance.py:340} INFO - ::group::Post task execution logs
[2025-01-28T02:25:15.520+0000] {taskinstance.py:352} INFO - Marking task as SUCCESS. dag_id=first_dag, task_id=task1, run_id=scheduled__2021-02-26T00:00:00+00:00, execution_date=20210226T000000, start_date=20250128T022514, end_date=20250128T022515
[2025-01-28T02:25:15.570+0000] {local_task_job_runner.py:266} INFO - Task exited with return code 0
[2025-01-28T02:25:15.594+0000] {taskinstance.py:3895} INFO - 0 downstream tasks scheduled from follow-on schedule check
[2025-01-28T02:25:15.606+0000] {local_task_job_runner.py:245} INFO - ::endgroup::
