[2025-01-28T02:29:30.295+0000] {local_task_job_runner.py:123} INFO - ::group::Pre task execution logs
[2025-01-28T02:29:30.346+0000] {taskinstance.py:2613} INFO - Dependencies all met for dep_context=non-requeueable deps ti=<TaskInstance: first_dag_v0.task1 scheduled__2025-01-27T00:00:00+00:00 [queued]>
[2025-01-28T02:29:30.385+0000] {taskinstance.py:2613} INFO - Dependencies all met for dep_context=requeueable deps ti=<TaskInstance: first_dag_v0.task1 scheduled__2025-01-27T00:00:00+00:00 [queued]>
[2025-01-28T02:29:30.390+0000] {taskinstance.py:2866} INFO - Starting attempt 1 of 6
[2025-01-28T02:29:30.443+0000] {taskinstance.py:2889} INFO - Executing <Task(BashOperator): task1> on 2025-01-27 00:00:00+00:00
[2025-01-28T02:29:30.458+0000] {logging_mixin.py:190} WARNING - /home/***/.local/lib/python3.12/site-packages/***/task/task_runner/standard_task_runner.py:70 DeprecationWarning: This process (pid=1389) is multi-threaded, use of fork() may lead to deadlocks in the child.
[2025-01-28T02:29:30.461+0000] {standard_task_runner.py:72} INFO - Started process 1392 to run task
[2025-01-28T02:29:30.458+0000] {standard_task_runner.py:104} INFO - Running: ['***', 'tasks', 'run', 'first_dag_v0', 'task1', 'scheduled__2025-01-27T00:00:00+00:00', '--job-id', '98', '--raw', '--subdir', 'DAGS_FOLDER/first_dag.py', '--cfg-path', '/tmp/tmp74pmbdr6']
[2025-01-28T02:29:30.462+0000] {standard_task_runner.py:105} INFO - Job 98: Subtask task1
[2025-01-28T02:29:30.564+0000] {task_command.py:467} INFO - Running <TaskInstance: first_dag_v0.task1 scheduled__2025-01-27T00:00:00+00:00 [running]> on host 6d5b1ca1fccb
[2025-01-28T02:29:30.732+0000] {taskinstance.py:3132} INFO - Exporting env vars: AIRFLOW_CTX_DAG_OWNER='***' AIRFLOW_CTX_DAG_ID='first_dag_v0' AIRFLOW_CTX_TASK_ID='task1' AIRFLOW_CTX_EXECUTION_DATE='2025-01-27T00:00:00+00:00' AIRFLOW_CTX_TRY_NUMBER='1' AIRFLOW_CTX_DAG_RUN_ID='scheduled__2025-01-27T00:00:00+00:00'
[2025-01-28T02:29:30.734+0000] {taskinstance.py:731} INFO - ::endgroup::
[2025-01-28T02:29:30.773+0000] {subprocess.py:78} INFO - Tmp dir root location: /tmp
[2025-01-28T02:29:30.775+0000] {subprocess.py:88} INFO - Running command: ['/usr/bin/bash', '-c', 'echo Hello World']
[2025-01-28T02:29:30.788+0000] {subprocess.py:99} INFO - Output:
[2025-01-28T02:29:30.791+0000] {subprocess.py:106} INFO - Hello World
[2025-01-28T02:29:30.792+0000] {subprocess.py:110} INFO - Command exited with return code 0
[2025-01-28T02:29:30.835+0000] {taskinstance.py:340} INFO - ::group::Post task execution logs
[2025-01-28T02:29:30.836+0000] {taskinstance.py:352} INFO - Marking task as SUCCESS. dag_id=first_dag_v0, task_id=task1, run_id=scheduled__2025-01-27T00:00:00+00:00, execution_date=20250127T000000, start_date=20250128T022930, end_date=20250128T022930
[2025-01-28T02:29:30.880+0000] {local_task_job_runner.py:266} INFO - Task exited with return code 0
[2025-01-28T02:29:30.909+0000] {taskinstance.py:3895} INFO - 0 downstream tasks scheduled from follow-on schedule check
[2025-01-28T02:29:30.913+0000] {local_task_job_runner.py:245} INFO - ::endgroup::
[2025-01-28T03:13:07.563+0000] {local_task_job_runner.py:123} INFO - ::group::Pre task execution logs
[2025-01-28T03:13:07.619+0000] {taskinstance.py:2613} INFO - Dependencies all met for dep_context=non-requeueable deps ti=<TaskInstance: first_dag_v0.task1 scheduled__2025-01-27T00:00:00+00:00 [queued]>
[2025-01-28T03:13:07.635+0000] {taskinstance.py:2613} INFO - Dependencies all met for dep_context=requeueable deps ti=<TaskInstance: first_dag_v0.task1 scheduled__2025-01-27T00:00:00+00:00 [queued]>
[2025-01-28T03:13:07.635+0000] {taskinstance.py:2866} INFO - Starting attempt 1 of 6
[2025-01-28T03:13:07.653+0000] {taskinstance.py:2889} INFO - Executing <Task(BashOperator): task1> on 2025-01-27 00:00:00+00:00
[2025-01-28T03:13:07.663+0000] {standard_task_runner.py:104} INFO - Running: ['***', 'tasks', 'run', 'first_dag_v0', 'task1', 'scheduled__2025-01-27T00:00:00+00:00', '--job-id', '4', '--raw', '--subdir', 'DAGS_FOLDER/first_dag.py', '--cfg-path', '/tmp/tmpb1o9evxt']
[2025-01-28T03:13:07.667+0000] {standard_task_runner.py:105} INFO - Job 4: Subtask task1
[2025-01-28T03:13:07.676+0000] {logging_mixin.py:190} WARNING - /home/***/.local/lib/python3.12/site-packages/***/task/task_runner/standard_task_runner.py:70 DeprecationWarning: This process (pid=345) is multi-threaded, use of fork() may lead to deadlocks in the child.
[2025-01-28T03:13:07.678+0000] {standard_task_runner.py:72} INFO - Started process 348 to run task
[2025-01-28T03:13:07.782+0000] {task_command.py:467} INFO - Running <TaskInstance: first_dag_v0.task1 scheduled__2025-01-27T00:00:00+00:00 [running]> on host 3894949657ae
[2025-01-28T03:13:08.064+0000] {taskinstance.py:3132} INFO - Exporting env vars: AIRFLOW_CTX_DAG_OWNER='***' AIRFLOW_CTX_DAG_ID='first_dag_v0' AIRFLOW_CTX_TASK_ID='task1' AIRFLOW_CTX_EXECUTION_DATE='2025-01-27T00:00:00+00:00' AIRFLOW_CTX_TRY_NUMBER='1' AIRFLOW_CTX_DAG_RUN_ID='scheduled__2025-01-27T00:00:00+00:00'
[2025-01-28T03:13:08.065+0000] {taskinstance.py:731} INFO - ::endgroup::
[2025-01-28T03:13:08.089+0000] {subprocess.py:78} INFO - Tmp dir root location: /tmp
[2025-01-28T03:13:08.090+0000] {subprocess.py:88} INFO - Running command: ['/usr/bin/bash', '-c', 'echo Hello World']
[2025-01-28T03:13:08.102+0000] {subprocess.py:99} INFO - Output:
[2025-01-28T03:13:08.104+0000] {subprocess.py:106} INFO - Hello World
[2025-01-28T03:13:08.105+0000] {subprocess.py:110} INFO - Command exited with return code 0
[2025-01-28T03:13:08.138+0000] {taskinstance.py:340} INFO - ::group::Post task execution logs
[2025-01-28T03:13:08.139+0000] {taskinstance.py:352} INFO - Marking task as SUCCESS. dag_id=first_dag_v0, task_id=task1, run_id=scheduled__2025-01-27T00:00:00+00:00, execution_date=20250127T000000, start_date=20250128T031307, end_date=20250128T031308
[2025-01-28T03:13:08.193+0000] {local_task_job_runner.py:266} INFO - Task exited with return code 0
[2025-01-28T03:13:08.221+0000] {taskinstance.py:3895} INFO - 0 downstream tasks scheduled from follow-on schedule check
[2025-01-28T03:13:08.231+0000] {local_task_job_runner.py:245} INFO - ::endgroup::
