[2025-01-28T02:25:08.604+0000] {local_task_job_runner.py:123} INFO - ::group::Pre task execution logs
[2025-01-28T02:25:08.673+0000] {taskinstance.py:2613} INFO - Dependencies all met for dep_context=non-requeueable deps ti=<TaskInstance: first_dag.task1 scheduled__2021-02-13T00:00:00+00:00 [queued]>
[2025-01-28T02:25:08.716+0000] {taskinstance.py:2613} INFO - Dependencies all met for dep_context=requeueable deps ti=<TaskInstance: first_dag.task1 scheduled__2021-02-13T00:00:00+00:00 [queued]>
[2025-01-28T02:25:08.724+0000] {taskinstance.py:2866} INFO - Starting attempt 1 of 6
[2025-01-28T02:25:08.933+0000] {taskinstance.py:2889} INFO - Executing <Task(BashOperator): task1> on 2021-02-13 00:00:00+00:00
[2025-01-28T02:25:08.954+0000] {standard_task_runner.py:104} INFO - Running: ['***', 'tasks', 'run', 'first_dag', 'task1', 'scheduled__2021-02-13T00:00:00+00:00', '--job-id', '47', '--raw', '--subdir', 'DAGS_FOLDER/first_dag.py', '--cfg-path', '/tmp/tmpx8cpdivt']
[2025-01-28T02:25:08.974+0000] {standard_task_runner.py:105} INFO - Job 47: Subtask task1
[2025-01-28T02:25:08.971+0000] {logging_mixin.py:190} WARNING - /home/***/.local/lib/python3.12/site-packages/***/task/task_runner/standard_task_runner.py:70 DeprecationWarning: This process (pid=1075) is multi-threaded, use of fork() may lead to deadlocks in the child.
[2025-01-28T02:25:08.995+0000] {standard_task_runner.py:72} INFO - Started process 1080 to run task
[2025-01-28T02:25:09.200+0000] {task_command.py:467} INFO - Running <TaskInstance: first_dag.task1 scheduled__2021-02-13T00:00:00+00:00 [running]> on host 6d5b1ca1fccb
[2025-01-28T02:25:09.641+0000] {taskinstance.py:3132} INFO - Exporting env vars: AIRFLOW_CTX_DAG_OWNER='***' AIRFLOW_CTX_DAG_ID='first_dag' AIRFLOW_CTX_TASK_ID='task1' AIRFLOW_CTX_EXECUTION_DATE='2021-02-13T00:00:00+00:00' AIRFLOW_CTX_TRY_NUMBER='1' AIRFLOW_CTX_DAG_RUN_ID='scheduled__2021-02-13T00:00:00+00:00'
[2025-01-28T02:25:09.648+0000] {taskinstance.py:731} INFO - ::endgroup::
[2025-01-28T02:25:09.736+0000] {subprocess.py:78} INFO - Tmp dir root location: /tmp
[2025-01-28T02:25:09.742+0000] {subprocess.py:88} INFO - Running command: ['/usr/bin/bash', '-c', 'echo Hello World']
[2025-01-28T02:25:09.774+0000] {subprocess.py:99} INFO - Output:
[2025-01-28T02:25:09.779+0000] {subprocess.py:106} INFO - Hello World
[2025-01-28T02:25:09.788+0000] {subprocess.py:110} INFO - Command exited with return code 0
[2025-01-28T02:25:09.921+0000] {taskinstance.py:340} INFO - ::group::Post task execution logs
[2025-01-28T02:25:09.926+0000] {taskinstance.py:352} INFO - Marking task as SUCCESS. dag_id=first_dag, task_id=task1, run_id=scheduled__2021-02-13T00:00:00+00:00, execution_date=20210213T000000, start_date=20250128T022508, end_date=20250128T022509
[2025-01-28T02:25:10.038+0000] {local_task_job_runner.py:266} INFO - Task exited with return code 0
[2025-01-28T02:25:10.081+0000] {local_task_job_runner.py:245} INFO - ::endgroup::
