[2025-01-27T11:29:50.414+0000] {processor.py:186} INFO - Started process (PID=75) to work on /home/airflow/.local/lib/python3.12/site-packages/airflow/example_dags/example_subdag_operator.py
[2025-01-27T11:29:50.415+0000] {processor.py:914} INFO - Processing file /home/airflow/.local/lib/python3.12/site-packages/airflow/example_dags/example_subdag_operator.py for tasks to queue
[2025-01-27T11:29:50.421+0000] {logging_mixin.py:190} INFO - [2025-01-27T11:29:50.421+0000] {dagbag.py:588} INFO - Filling up the DagBag from /home/airflow/.local/lib/python3.12/site-packages/airflow/example_dags/example_subdag_operator.py
[2025-01-27T11:29:50.472+0000] {processor.py:925} INFO - DAG(s) 'example_subdag_operator.section-1', 'example_subdag_operator.section-2', 'example_subdag_operator' retrieved from /home/airflow/.local/lib/python3.12/site-packages/airflow/example_dags/example_subdag_operator.py
[2025-01-27T11:29:50.499+0000] {logging_mixin.py:190} INFO - [2025-01-27T11:29:50.499+0000] {dag.py:3239} INFO - Sync 3 DAGs
[2025-01-27T11:29:50.556+0000] {logging_mixin.py:190} INFO - [2025-01-27T11:29:50.555+0000] {dag.py:4180} INFO - Setting next_dagrun for example_subdag_operator to 2022-01-01 00:00:00+00:00, run_after=2022-01-01 00:00:00+00:00
[2025-01-27T11:29:50.561+0000] {logging_mixin.py:190} INFO - [2025-01-27T11:29:50.561+0000] {dag.py:4180} INFO - Setting next_dagrun for example_subdag_operator.section-1 to None, run_after=None
[2025-01-27T11:29:50.564+0000] {logging_mixin.py:190} INFO - [2025-01-27T11:29:50.564+0000] {dag.py:4180} INFO - Setting next_dagrun for example_subdag_operator.section-2 to None, run_after=None
[2025-01-27T11:29:50.579+0000] {logging_mixin.py:190} INFO - [2025-01-27T11:29:50.579+0000] {dag.py:3239} INFO - Sync 2 DAGs
[2025-01-27T11:29:50.589+0000] {logging_mixin.py:190} INFO - [2025-01-27T11:29:50.589+0000] {dag.py:4180} INFO - Setting next_dagrun for example_subdag_operator.section-1 to None, run_after=None
[2025-01-27T11:29:50.590+0000] {logging_mixin.py:190} INFO - [2025-01-27T11:29:50.590+0000] {dag.py:4180} INFO - Setting next_dagrun for example_subdag_operator.section-2 to None, run_after=None
[2025-01-27T11:29:50.618+0000] {processor.py:208} INFO - Processing /home/airflow/.local/lib/python3.12/site-packages/airflow/example_dags/example_subdag_operator.py took 0.216 seconds
[2025-01-27T11:30:21.510+0000] {processor.py:186} INFO - Started process (PID=139) to work on /home/airflow/.local/lib/python3.12/site-packages/airflow/example_dags/example_subdag_operator.py
[2025-01-27T11:30:21.512+0000] {processor.py:914} INFO - Processing file /home/airflow/.local/lib/python3.12/site-packages/airflow/example_dags/example_subdag_operator.py for tasks to queue
[2025-01-27T11:30:21.516+0000] {logging_mixin.py:190} INFO - [2025-01-27T11:30:21.515+0000] {dagbag.py:588} INFO - Filling up the DagBag from /home/airflow/.local/lib/python3.12/site-packages/airflow/example_dags/example_subdag_operator.py
[2025-01-27T11:30:21.563+0000] {processor.py:925} INFO - DAG(s) 'example_subdag_operator.section-1', 'example_subdag_operator.section-2', 'example_subdag_operator' retrieved from /home/airflow/.local/lib/python3.12/site-packages/airflow/example_dags/example_subdag_operator.py
[2025-01-27T11:30:21.591+0000] {logging_mixin.py:190} INFO - [2025-01-27T11:30:21.590+0000] {dag.py:3239} INFO - Sync 3 DAGs
[2025-01-27T11:30:21.656+0000] {logging_mixin.py:190} INFO - [2025-01-27T11:30:21.655+0000] {dag.py:4180} INFO - Setting next_dagrun for example_subdag_operator to 2022-01-01 00:00:00+00:00, run_after=2022-01-01 00:00:00+00:00
[2025-01-27T11:30:21.669+0000] {logging_mixin.py:190} INFO - [2025-01-27T11:30:21.669+0000] {dag.py:4180} INFO - Setting next_dagrun for example_subdag_operator.section-1 to None, run_after=None
[2025-01-27T11:30:21.672+0000] {logging_mixin.py:190} INFO - [2025-01-27T11:30:21.672+0000] {dag.py:4180} INFO - Setting next_dagrun for example_subdag_operator.section-2 to None, run_after=None
[2025-01-27T11:30:21.711+0000] {logging_mixin.py:190} INFO - [2025-01-27T11:30:21.711+0000] {dag.py:3239} INFO - Sync 2 DAGs
[2025-01-27T11:30:21.730+0000] {logging_mixin.py:190} INFO - [2025-01-27T11:30:21.729+0000] {dag.py:4180} INFO - Setting next_dagrun for example_subdag_operator.section-1 to None, run_after=None
[2025-01-27T11:30:21.731+0000] {logging_mixin.py:190} INFO - [2025-01-27T11:30:21.730+0000] {dag.py:4180} INFO - Setting next_dagrun for example_subdag_operator.section-2 to None, run_after=None
[2025-01-27T11:30:21.778+0000] {processor.py:208} INFO - Processing /home/airflow/.local/lib/python3.12/site-packages/airflow/example_dags/example_subdag_operator.py took 0.278 seconds
[2025-01-27T11:30:54.012+0000] {processor.py:186} INFO - Started process (PID=202) to work on /home/airflow/.local/lib/python3.12/site-packages/airflow/example_dags/example_subdag_operator.py
[2025-01-27T11:30:54.017+0000] {processor.py:914} INFO - Processing file /home/airflow/.local/lib/python3.12/site-packages/airflow/example_dags/example_subdag_operator.py for tasks to queue
[2025-01-27T11:30:54.022+0000] {logging_mixin.py:190} INFO - [2025-01-27T11:30:54.022+0000] {dagbag.py:588} INFO - Filling up the DagBag from /home/airflow/.local/lib/python3.12/site-packages/airflow/example_dags/example_subdag_operator.py
[2025-01-27T11:30:54.089+0000] {processor.py:925} INFO - DAG(s) 'example_subdag_operator.section-1', 'example_subdag_operator.section-2', 'example_subdag_operator' retrieved from /home/airflow/.local/lib/python3.12/site-packages/airflow/example_dags/example_subdag_operator.py
[2025-01-27T11:30:54.130+0000] {logging_mixin.py:190} INFO - [2025-01-27T11:30:54.129+0000] {dag.py:3239} INFO - Sync 3 DAGs
[2025-01-27T11:30:54.205+0000] {logging_mixin.py:190} INFO - [2025-01-27T11:30:54.205+0000] {dag.py:4180} INFO - Setting next_dagrun for example_subdag_operator to 2022-01-01 00:00:00+00:00, run_after=2022-01-01 00:00:00+00:00
[2025-01-27T11:30:54.215+0000] {logging_mixin.py:190} INFO - [2025-01-27T11:30:54.214+0000] {dag.py:4180} INFO - Setting next_dagrun for example_subdag_operator.section-1 to None, run_after=None
[2025-01-27T11:30:54.220+0000] {logging_mixin.py:190} INFO - [2025-01-27T11:30:54.220+0000] {dag.py:4180} INFO - Setting next_dagrun for example_subdag_operator.section-2 to None, run_after=None
[2025-01-27T11:30:54.239+0000] {logging_mixin.py:190} INFO - [2025-01-27T11:30:54.239+0000] {dag.py:3239} INFO - Sync 2 DAGs
[2025-01-27T11:30:54.257+0000] {logging_mixin.py:190} INFO - [2025-01-27T11:30:54.257+0000] {dag.py:4180} INFO - Setting next_dagrun for example_subdag_operator.section-1 to None, run_after=None
[2025-01-27T11:30:54.259+0000] {logging_mixin.py:190} INFO - [2025-01-27T11:30:54.258+0000] {dag.py:4180} INFO - Setting next_dagrun for example_subdag_operator.section-2 to None, run_after=None
[2025-01-27T11:30:54.292+0000] {processor.py:208} INFO - Processing /home/airflow/.local/lib/python3.12/site-packages/airflow/example_dags/example_subdag_operator.py took 0.296 seconds
[2025-01-27T11:31:24.795+0000] {processor.py:186} INFO - Started process (PID=265) to work on /home/airflow/.local/lib/python3.12/site-packages/airflow/example_dags/example_subdag_operator.py
[2025-01-27T11:31:24.796+0000] {processor.py:914} INFO - Processing file /home/airflow/.local/lib/python3.12/site-packages/airflow/example_dags/example_subdag_operator.py for tasks to queue
[2025-01-27T11:31:24.799+0000] {logging_mixin.py:190} INFO - [2025-01-27T11:31:24.798+0000] {dagbag.py:588} INFO - Filling up the DagBag from /home/airflow/.local/lib/python3.12/site-packages/airflow/example_dags/example_subdag_operator.py
[2025-01-27T11:31:24.831+0000] {processor.py:925} INFO - DAG(s) 'example_subdag_operator.section-1', 'example_subdag_operator.section-2', 'example_subdag_operator' retrieved from /home/airflow/.local/lib/python3.12/site-packages/airflow/example_dags/example_subdag_operator.py
[2025-01-27T11:31:24.852+0000] {logging_mixin.py:190} INFO - [2025-01-27T11:31:24.852+0000] {dag.py:3239} INFO - Sync 3 DAGs
[2025-01-27T11:31:24.881+0000] {logging_mixin.py:190} INFO - [2025-01-27T11:31:24.881+0000] {dag.py:4180} INFO - Setting next_dagrun for example_subdag_operator to 2022-01-01 00:00:00+00:00, run_after=2022-01-01 00:00:00+00:00
[2025-01-27T11:31:24.886+0000] {logging_mixin.py:190} INFO - [2025-01-27T11:31:24.885+0000] {dag.py:4180} INFO - Setting next_dagrun for example_subdag_operator.section-1 to None, run_after=None
[2025-01-27T11:31:24.888+0000] {logging_mixin.py:190} INFO - [2025-01-27T11:31:24.888+0000] {dag.py:4180} INFO - Setting next_dagrun for example_subdag_operator.section-2 to None, run_after=None
[2025-01-27T11:31:24.898+0000] {logging_mixin.py:190} INFO - [2025-01-27T11:31:24.898+0000] {dag.py:3239} INFO - Sync 2 DAGs
[2025-01-27T11:31:24.905+0000] {logging_mixin.py:190} INFO - [2025-01-27T11:31:24.905+0000] {dag.py:4180} INFO - Setting next_dagrun for example_subdag_operator.section-1 to None, run_after=None
[2025-01-27T11:31:24.907+0000] {logging_mixin.py:190} INFO - [2025-01-27T11:31:24.907+0000] {dag.py:4180} INFO - Setting next_dagrun for example_subdag_operator.section-2 to None, run_after=None
[2025-01-27T11:31:24.919+0000] {processor.py:208} INFO - Processing /home/airflow/.local/lib/python3.12/site-packages/airflow/example_dags/example_subdag_operator.py took 0.131 seconds
[2025-01-27T11:31:56.106+0000] {processor.py:186} INFO - Started process (PID=328) to work on /home/airflow/.local/lib/python3.12/site-packages/airflow/example_dags/example_subdag_operator.py
[2025-01-27T11:31:56.107+0000] {processor.py:914} INFO - Processing file /home/airflow/.local/lib/python3.12/site-packages/airflow/example_dags/example_subdag_operator.py for tasks to queue
[2025-01-27T11:31:56.110+0000] {logging_mixin.py:190} INFO - [2025-01-27T11:31:56.110+0000] {dagbag.py:588} INFO - Filling up the DagBag from /home/airflow/.local/lib/python3.12/site-packages/airflow/example_dags/example_subdag_operator.py
[2025-01-27T11:31:56.193+0000] {processor.py:925} INFO - DAG(s) 'example_subdag_operator.section-1', 'example_subdag_operator.section-2', 'example_subdag_operator' retrieved from /home/airflow/.local/lib/python3.12/site-packages/airflow/example_dags/example_subdag_operator.py
[2025-01-27T11:31:56.263+0000] {logging_mixin.py:190} INFO - [2025-01-27T11:31:56.255+0000] {dag.py:3239} INFO - Sync 3 DAGs
[2025-01-27T11:31:56.342+0000] {logging_mixin.py:190} INFO - [2025-01-27T11:31:56.341+0000] {dag.py:4180} INFO - Setting next_dagrun for example_subdag_operator to 2022-01-01 00:00:00+00:00, run_after=2022-01-01 00:00:00+00:00
[2025-01-27T11:31:56.363+0000] {logging_mixin.py:190} INFO - [2025-01-27T11:31:56.363+0000] {dag.py:4180} INFO - Setting next_dagrun for example_subdag_operator.section-1 to None, run_after=None
[2025-01-27T11:31:56.368+0000] {logging_mixin.py:190} INFO - [2025-01-27T11:31:56.367+0000] {dag.py:4180} INFO - Setting next_dagrun for example_subdag_operator.section-2 to None, run_after=None
[2025-01-27T11:31:56.403+0000] {logging_mixin.py:190} INFO - [2025-01-27T11:31:56.402+0000] {dag.py:3239} INFO - Sync 2 DAGs
[2025-01-27T11:31:56.422+0000] {logging_mixin.py:190} INFO - [2025-01-27T11:31:56.421+0000] {dag.py:4180} INFO - Setting next_dagrun for example_subdag_operator.section-1 to None, run_after=None
[2025-01-27T11:31:56.423+0000] {logging_mixin.py:190} INFO - [2025-01-27T11:31:56.423+0000] {dag.py:4180} INFO - Setting next_dagrun for example_subdag_operator.section-2 to None, run_after=None
[2025-01-27T11:31:56.451+0000] {processor.py:208} INFO - Processing /home/airflow/.local/lib/python3.12/site-packages/airflow/example_dags/example_subdag_operator.py took 0.354 seconds
[2025-01-27T11:37:30.743+0000] {processor.py:186} INFO - Started process (PID=333) to work on /home/airflow/.local/lib/python3.12/site-packages/airflow/example_dags/example_subdag_operator.py
[2025-01-27T11:37:30.745+0000] {processor.py:914} INFO - Processing file /home/airflow/.local/lib/python3.12/site-packages/airflow/example_dags/example_subdag_operator.py for tasks to queue
[2025-01-27T11:37:30.748+0000] {logging_mixin.py:190} INFO - [2025-01-27T11:37:30.748+0000] {dagbag.py:588} INFO - Filling up the DagBag from /home/airflow/.local/lib/python3.12/site-packages/airflow/example_dags/example_subdag_operator.py
[2025-01-27T11:37:30.795+0000] {processor.py:925} INFO - DAG(s) 'example_subdag_operator.section-1', 'example_subdag_operator.section-2', 'example_subdag_operator' retrieved from /home/airflow/.local/lib/python3.12/site-packages/airflow/example_dags/example_subdag_operator.py
[2025-01-27T11:37:30.829+0000] {logging_mixin.py:190} INFO - [2025-01-27T11:37:30.828+0000] {dag.py:3239} INFO - Sync 3 DAGs
[2025-01-27T11:37:30.893+0000] {logging_mixin.py:190} INFO - [2025-01-27T11:37:30.893+0000] {dag.py:4180} INFO - Setting next_dagrun for example_subdag_operator to 2022-01-01 00:00:00+00:00, run_after=2022-01-01 00:00:00+00:00
[2025-01-27T11:37:30.902+0000] {logging_mixin.py:190} INFO - [2025-01-27T11:37:30.902+0000] {dag.py:4180} INFO - Setting next_dagrun for example_subdag_operator.section-1 to None, run_after=None
[2025-01-27T11:37:30.905+0000] {logging_mixin.py:190} INFO - [2025-01-27T11:37:30.905+0000] {dag.py:4180} INFO - Setting next_dagrun for example_subdag_operator.section-2 to None, run_after=None
[2025-01-27T11:37:30.922+0000] {logging_mixin.py:190} INFO - [2025-01-27T11:37:30.921+0000] {dag.py:3239} INFO - Sync 2 DAGs
[2025-01-27T11:37:30.935+0000] {logging_mixin.py:190} INFO - [2025-01-27T11:37:30.935+0000] {dag.py:4180} INFO - Setting next_dagrun for example_subdag_operator.section-1 to None, run_after=None
[2025-01-27T11:37:30.937+0000] {logging_mixin.py:190} INFO - [2025-01-27T11:37:30.936+0000] {dag.py:4180} INFO - Setting next_dagrun for example_subdag_operator.section-2 to None, run_after=None
[2025-01-27T11:37:30.958+0000] {processor.py:208} INFO - Processing /home/airflow/.local/lib/python3.12/site-packages/airflow/example_dags/example_subdag_operator.py took 0.226 seconds
[2025-01-27T11:38:01.999+0000] {processor.py:186} INFO - Started process (PID=626) to work on /home/airflow/.local/lib/python3.12/site-packages/airflow/example_dags/example_subdag_operator.py
[2025-01-27T11:38:02.001+0000] {processor.py:914} INFO - Processing file /home/airflow/.local/lib/python3.12/site-packages/airflow/example_dags/example_subdag_operator.py for tasks to queue
[2025-01-27T11:38:02.004+0000] {logging_mixin.py:190} INFO - [2025-01-27T11:38:02.004+0000] {dagbag.py:588} INFO - Filling up the DagBag from /home/airflow/.local/lib/python3.12/site-packages/airflow/example_dags/example_subdag_operator.py
[2025-01-27T11:38:02.044+0000] {processor.py:925} INFO - DAG(s) 'example_subdag_operator.section-1', 'example_subdag_operator.section-2', 'example_subdag_operator' retrieved from /home/airflow/.local/lib/python3.12/site-packages/airflow/example_dags/example_subdag_operator.py
[2025-01-27T11:38:02.075+0000] {logging_mixin.py:190} INFO - [2025-01-27T11:38:02.074+0000] {dag.py:3239} INFO - Sync 3 DAGs
[2025-01-27T11:38:02.111+0000] {logging_mixin.py:190} INFO - [2025-01-27T11:38:02.111+0000] {dag.py:4180} INFO - Setting next_dagrun for example_subdag_operator to 2022-01-01 00:00:00+00:00, run_after=2022-01-01 00:00:00+00:00
[2025-01-27T11:38:02.117+0000] {logging_mixin.py:190} INFO - [2025-01-27T11:38:02.117+0000] {dag.py:4180} INFO - Setting next_dagrun for example_subdag_operator.section-1 to None, run_after=None
[2025-01-27T11:38:02.120+0000] {logging_mixin.py:190} INFO - [2025-01-27T11:38:02.119+0000] {dag.py:4180} INFO - Setting next_dagrun for example_subdag_operator.section-2 to None, run_after=None
[2025-01-27T11:38:02.133+0000] {logging_mixin.py:190} INFO - [2025-01-27T11:38:02.132+0000] {dag.py:3239} INFO - Sync 2 DAGs
[2025-01-27T11:38:02.143+0000] {logging_mixin.py:190} INFO - [2025-01-27T11:38:02.143+0000] {dag.py:4180} INFO - Setting next_dagrun for example_subdag_operator.section-1 to None, run_after=None
[2025-01-27T11:38:02.144+0000] {logging_mixin.py:190} INFO - [2025-01-27T11:38:02.144+0000] {dag.py:4180} INFO - Setting next_dagrun for example_subdag_operator.section-2 to None, run_after=None
[2025-01-27T11:38:02.192+0000] {processor.py:208} INFO - Processing /home/airflow/.local/lib/python3.12/site-packages/airflow/example_dags/example_subdag_operator.py took 0.203 seconds
[2025-01-27T11:38:34.779+0000] {processor.py:186} INFO - Started process (PID=915) to work on /home/airflow/.local/lib/python3.12/site-packages/airflow/example_dags/example_subdag_operator.py
[2025-01-27T11:38:34.780+0000] {processor.py:914} INFO - Processing file /home/airflow/.local/lib/python3.12/site-packages/airflow/example_dags/example_subdag_operator.py for tasks to queue
[2025-01-27T11:38:34.783+0000] {logging_mixin.py:190} INFO - [2025-01-27T11:38:34.783+0000] {dagbag.py:588} INFO - Filling up the DagBag from /home/airflow/.local/lib/python3.12/site-packages/airflow/example_dags/example_subdag_operator.py
[2025-01-27T11:38:34.824+0000] {processor.py:925} INFO - DAG(s) 'example_subdag_operator.section-1', 'example_subdag_operator.section-2', 'example_subdag_operator' retrieved from /home/airflow/.local/lib/python3.12/site-packages/airflow/example_dags/example_subdag_operator.py
[2025-01-27T11:38:34.856+0000] {logging_mixin.py:190} INFO - [2025-01-27T11:38:34.856+0000] {dag.py:3239} INFO - Sync 3 DAGs
[2025-01-27T11:38:34.903+0000] {logging_mixin.py:190} INFO - [2025-01-27T11:38:34.903+0000] {dag.py:4180} INFO - Setting next_dagrun for example_subdag_operator to 2022-01-01 00:00:00+00:00, run_after=2022-01-01 00:00:00+00:00
[2025-01-27T11:38:34.910+0000] {logging_mixin.py:190} INFO - [2025-01-27T11:38:34.910+0000] {dag.py:4180} INFO - Setting next_dagrun for example_subdag_operator.section-1 to None, run_after=None
[2025-01-27T11:38:34.913+0000] {logging_mixin.py:190} INFO - [2025-01-27T11:38:34.913+0000] {dag.py:4180} INFO - Setting next_dagrun for example_subdag_operator.section-2 to None, run_after=None
[2025-01-27T11:38:34.935+0000] {logging_mixin.py:190} INFO - [2025-01-27T11:38:34.935+0000] {dag.py:3239} INFO - Sync 2 DAGs
[2025-01-27T11:38:34.958+0000] {logging_mixin.py:190} INFO - [2025-01-27T11:38:34.958+0000] {dag.py:4180} INFO - Setting next_dagrun for example_subdag_operator.section-1 to None, run_after=None
[2025-01-27T11:38:34.969+0000] {logging_mixin.py:190} INFO - [2025-01-27T11:38:34.968+0000] {dag.py:4180} INFO - Setting next_dagrun for example_subdag_operator.section-2 to None, run_after=None
[2025-01-27T11:38:34.996+0000] {processor.py:208} INFO - Processing /home/airflow/.local/lib/python3.12/site-packages/airflow/example_dags/example_subdag_operator.py took 0.227 seconds
[2025-01-27T11:39:07.261+0000] {processor.py:186} INFO - Started process (PID=1206) to work on /home/airflow/.local/lib/python3.12/site-packages/airflow/example_dags/example_subdag_operator.py
[2025-01-27T11:39:07.263+0000] {processor.py:914} INFO - Processing file /home/airflow/.local/lib/python3.12/site-packages/airflow/example_dags/example_subdag_operator.py for tasks to queue
[2025-01-27T11:39:07.267+0000] {logging_mixin.py:190} INFO - [2025-01-27T11:39:07.267+0000] {dagbag.py:588} INFO - Filling up the DagBag from /home/airflow/.local/lib/python3.12/site-packages/airflow/example_dags/example_subdag_operator.py
[2025-01-27T11:39:07.311+0000] {processor.py:925} INFO - DAG(s) 'example_subdag_operator.section-1', 'example_subdag_operator.section-2', 'example_subdag_operator' retrieved from /home/airflow/.local/lib/python3.12/site-packages/airflow/example_dags/example_subdag_operator.py
[2025-01-27T11:39:07.340+0000] {logging_mixin.py:190} INFO - [2025-01-27T11:39:07.340+0000] {dag.py:3239} INFO - Sync 3 DAGs
[2025-01-27T11:39:07.389+0000] {logging_mixin.py:190} INFO - [2025-01-27T11:39:07.389+0000] {dag.py:4180} INFO - Setting next_dagrun for example_subdag_operator to 2022-01-01 00:00:00+00:00, run_after=2022-01-01 00:00:00+00:00
[2025-01-27T11:39:07.398+0000] {logging_mixin.py:190} INFO - [2025-01-27T11:39:07.397+0000] {dag.py:4180} INFO - Setting next_dagrun for example_subdag_operator.section-1 to None, run_after=None
[2025-01-27T11:39:07.401+0000] {logging_mixin.py:190} INFO - [2025-01-27T11:39:07.401+0000] {dag.py:4180} INFO - Setting next_dagrun for example_subdag_operator.section-2 to None, run_after=None
[2025-01-27T11:39:07.413+0000] {logging_mixin.py:190} INFO - [2025-01-27T11:39:07.412+0000] {dag.py:3239} INFO - Sync 2 DAGs
[2025-01-27T11:39:07.423+0000] {logging_mixin.py:190} INFO - [2025-01-27T11:39:07.423+0000] {dag.py:4180} INFO - Setting next_dagrun for example_subdag_operator.section-1 to None, run_after=None
[2025-01-27T11:39:07.425+0000] {logging_mixin.py:190} INFO - [2025-01-27T11:39:07.424+0000] {dag.py:4180} INFO - Setting next_dagrun for example_subdag_operator.section-2 to None, run_after=None
[2025-01-27T11:39:07.442+0000] {processor.py:208} INFO - Processing /home/airflow/.local/lib/python3.12/site-packages/airflow/example_dags/example_subdag_operator.py took 0.192 seconds
[2025-01-27T11:39:37.828+0000] {processor.py:186} INFO - Started process (PID=1498) to work on /home/airflow/.local/lib/python3.12/site-packages/airflow/example_dags/example_subdag_operator.py
[2025-01-27T11:39:37.829+0000] {processor.py:914} INFO - Processing file /home/airflow/.local/lib/python3.12/site-packages/airflow/example_dags/example_subdag_operator.py for tasks to queue
[2025-01-27T11:39:37.832+0000] {logging_mixin.py:190} INFO - [2025-01-27T11:39:37.831+0000] {dagbag.py:588} INFO - Filling up the DagBag from /home/airflow/.local/lib/python3.12/site-packages/airflow/example_dags/example_subdag_operator.py
[2025-01-27T11:39:37.879+0000] {processor.py:925} INFO - DAG(s) 'example_subdag_operator.section-1', 'example_subdag_operator.section-2', 'example_subdag_operator' retrieved from /home/airflow/.local/lib/python3.12/site-packages/airflow/example_dags/example_subdag_operator.py
[2025-01-27T11:39:37.906+0000] {logging_mixin.py:190} INFO - [2025-01-27T11:39:37.906+0000] {dag.py:3239} INFO - Sync 3 DAGs
[2025-01-27T11:39:37.944+0000] {logging_mixin.py:190} INFO - [2025-01-27T11:39:37.944+0000] {dag.py:4180} INFO - Setting next_dagrun for example_subdag_operator to 2022-01-01 00:00:00+00:00, run_after=2022-01-01 00:00:00+00:00
[2025-01-27T11:39:37.950+0000] {logging_mixin.py:190} INFO - [2025-01-27T11:39:37.949+0000] {dag.py:4180} INFO - Setting next_dagrun for example_subdag_operator.section-1 to None, run_after=None
[2025-01-27T11:39:37.953+0000] {logging_mixin.py:190} INFO - [2025-01-27T11:39:37.953+0000] {dag.py:4180} INFO - Setting next_dagrun for example_subdag_operator.section-2 to None, run_after=None
[2025-01-27T11:39:37.970+0000] {logging_mixin.py:190} INFO - [2025-01-27T11:39:37.969+0000] {dag.py:3239} INFO - Sync 2 DAGs
[2025-01-27T11:39:37.985+0000] {logging_mixin.py:190} INFO - [2025-01-27T11:39:37.985+0000] {dag.py:4180} INFO - Setting next_dagrun for example_subdag_operator.section-1 to None, run_after=None
[2025-01-27T11:39:37.987+0000] {logging_mixin.py:190} INFO - [2025-01-27T11:39:37.986+0000] {dag.py:4180} INFO - Setting next_dagrun for example_subdag_operator.section-2 to None, run_after=None
[2025-01-27T11:39:38.012+0000] {processor.py:208} INFO - Processing /home/airflow/.local/lib/python3.12/site-packages/airflow/example_dags/example_subdag_operator.py took 0.193 seconds
[2025-01-27T11:40:09.585+0000] {processor.py:186} INFO - Started process (PID=1793) to work on /home/airflow/.local/lib/python3.12/site-packages/airflow/example_dags/example_subdag_operator.py
[2025-01-27T11:40:09.587+0000] {processor.py:914} INFO - Processing file /home/airflow/.local/lib/python3.12/site-packages/airflow/example_dags/example_subdag_operator.py for tasks to queue
[2025-01-27T11:40:09.592+0000] {logging_mixin.py:190} INFO - [2025-01-27T11:40:09.591+0000] {dagbag.py:588} INFO - Filling up the DagBag from /home/airflow/.local/lib/python3.12/site-packages/airflow/example_dags/example_subdag_operator.py
[2025-01-27T11:40:09.639+0000] {processor.py:925} INFO - DAG(s) 'example_subdag_operator.section-1', 'example_subdag_operator.section-2', 'example_subdag_operator' retrieved from /home/airflow/.local/lib/python3.12/site-packages/airflow/example_dags/example_subdag_operator.py
[2025-01-27T11:40:09.673+0000] {logging_mixin.py:190} INFO - [2025-01-27T11:40:09.672+0000] {dag.py:3239} INFO - Sync 3 DAGs
[2025-01-27T11:40:09.731+0000] {logging_mixin.py:190} INFO - [2025-01-27T11:40:09.731+0000] {dag.py:4180} INFO - Setting next_dagrun for example_subdag_operator to 2022-01-01 00:00:00+00:00, run_after=2022-01-01 00:00:00+00:00
[2025-01-27T11:40:09.740+0000] {logging_mixin.py:190} INFO - [2025-01-27T11:40:09.739+0000] {dag.py:4180} INFO - Setting next_dagrun for example_subdag_operator.section-1 to None, run_after=None
[2025-01-27T11:40:09.744+0000] {logging_mixin.py:190} INFO - [2025-01-27T11:40:09.743+0000] {dag.py:4180} INFO - Setting next_dagrun for example_subdag_operator.section-2 to None, run_after=None
[2025-01-27T11:40:09.766+0000] {logging_mixin.py:190} INFO - [2025-01-27T11:40:09.765+0000] {dag.py:3239} INFO - Sync 2 DAGs
[2025-01-27T11:40:09.782+0000] {logging_mixin.py:190} INFO - [2025-01-27T11:40:09.781+0000] {dag.py:4180} INFO - Setting next_dagrun for example_subdag_operator.section-1 to None, run_after=None
[2025-01-27T11:40:09.783+0000] {logging_mixin.py:190} INFO - [2025-01-27T11:40:09.783+0000] {dag.py:4180} INFO - Setting next_dagrun for example_subdag_operator.section-2 to None, run_after=None
[2025-01-27T11:40:09.805+0000] {processor.py:208} INFO - Processing /home/airflow/.local/lib/python3.12/site-packages/airflow/example_dags/example_subdag_operator.py took 0.233 seconds
[2025-01-27T11:40:40.770+0000] {processor.py:186} INFO - Started process (PID=2084) to work on /home/airflow/.local/lib/python3.12/site-packages/airflow/example_dags/example_subdag_operator.py
[2025-01-27T11:40:40.772+0000] {processor.py:914} INFO - Processing file /home/airflow/.local/lib/python3.12/site-packages/airflow/example_dags/example_subdag_operator.py for tasks to queue
[2025-01-27T11:40:40.775+0000] {logging_mixin.py:190} INFO - [2025-01-27T11:40:40.774+0000] {dagbag.py:588} INFO - Filling up the DagBag from /home/airflow/.local/lib/python3.12/site-packages/airflow/example_dags/example_subdag_operator.py
[2025-01-27T11:40:40.810+0000] {processor.py:925} INFO - DAG(s) 'example_subdag_operator.section-1', 'example_subdag_operator.section-2', 'example_subdag_operator' retrieved from /home/airflow/.local/lib/python3.12/site-packages/airflow/example_dags/example_subdag_operator.py
[2025-01-27T11:40:40.837+0000] {logging_mixin.py:190} INFO - [2025-01-27T11:40:40.837+0000] {dag.py:3239} INFO - Sync 3 DAGs
[2025-01-27T11:40:40.887+0000] {logging_mixin.py:190} INFO - [2025-01-27T11:40:40.886+0000] {dag.py:4180} INFO - Setting next_dagrun for example_subdag_operator to 2022-01-01 00:00:00+00:00, run_after=2022-01-01 00:00:00+00:00
[2025-01-27T11:40:40.893+0000] {logging_mixin.py:190} INFO - [2025-01-27T11:40:40.893+0000] {dag.py:4180} INFO - Setting next_dagrun for example_subdag_operator.section-1 to None, run_after=None
[2025-01-27T11:40:40.897+0000] {logging_mixin.py:190} INFO - [2025-01-27T11:40:40.896+0000] {dag.py:4180} INFO - Setting next_dagrun for example_subdag_operator.section-2 to None, run_after=None
[2025-01-27T11:40:40.910+0000] {logging_mixin.py:190} INFO - [2025-01-27T11:40:40.909+0000] {dag.py:3239} INFO - Sync 2 DAGs
[2025-01-27T11:40:40.922+0000] {logging_mixin.py:190} INFO - [2025-01-27T11:40:40.921+0000] {dag.py:4180} INFO - Setting next_dagrun for example_subdag_operator.section-1 to None, run_after=None
[2025-01-27T11:40:40.923+0000] {logging_mixin.py:190} INFO - [2025-01-27T11:40:40.922+0000] {dag.py:4180} INFO - Setting next_dagrun for example_subdag_operator.section-2 to None, run_after=None
[2025-01-27T11:40:40.941+0000] {processor.py:208} INFO - Processing /home/airflow/.local/lib/python3.12/site-packages/airflow/example_dags/example_subdag_operator.py took 0.181 seconds
[2025-01-27T11:41:12.090+0000] {processor.py:186} INFO - Started process (PID=2375) to work on /home/airflow/.local/lib/python3.12/site-packages/airflow/example_dags/example_subdag_operator.py
[2025-01-27T11:41:12.093+0000] {processor.py:914} INFO - Processing file /home/airflow/.local/lib/python3.12/site-packages/airflow/example_dags/example_subdag_operator.py for tasks to queue
[2025-01-27T11:41:12.106+0000] {logging_mixin.py:190} INFO - [2025-01-27T11:41:12.105+0000] {dagbag.py:588} INFO - Filling up the DagBag from /home/airflow/.local/lib/python3.12/site-packages/airflow/example_dags/example_subdag_operator.py
[2025-01-27T11:41:12.164+0000] {processor.py:925} INFO - DAG(s) 'example_subdag_operator.section-1', 'example_subdag_operator.section-2', 'example_subdag_operator' retrieved from /home/airflow/.local/lib/python3.12/site-packages/airflow/example_dags/example_subdag_operator.py
[2025-01-27T11:41:12.203+0000] {logging_mixin.py:190} INFO - [2025-01-27T11:41:12.203+0000] {dag.py:3239} INFO - Sync 3 DAGs
[2025-01-27T11:41:12.245+0000] {logging_mixin.py:190} INFO - [2025-01-27T11:41:12.244+0000] {dag.py:4180} INFO - Setting next_dagrun for example_subdag_operator to 2022-01-01 00:00:00+00:00, run_after=2022-01-01 00:00:00+00:00
[2025-01-27T11:41:12.251+0000] {logging_mixin.py:190} INFO - [2025-01-27T11:41:12.251+0000] {dag.py:4180} INFO - Setting next_dagrun for example_subdag_operator.section-1 to None, run_after=None
[2025-01-27T11:41:12.255+0000] {logging_mixin.py:190} INFO - [2025-01-27T11:41:12.255+0000] {dag.py:4180} INFO - Setting next_dagrun for example_subdag_operator.section-2 to None, run_after=None
[2025-01-27T11:41:12.267+0000] {logging_mixin.py:190} INFO - [2025-01-27T11:41:12.266+0000] {dag.py:3239} INFO - Sync 2 DAGs
[2025-01-27T11:41:12.282+0000] {logging_mixin.py:190} INFO - [2025-01-27T11:41:12.281+0000] {dag.py:4180} INFO - Setting next_dagrun for example_subdag_operator.section-1 to None, run_after=None
[2025-01-27T11:41:12.284+0000] {logging_mixin.py:190} INFO - [2025-01-27T11:41:12.283+0000] {dag.py:4180} INFO - Setting next_dagrun for example_subdag_operator.section-2 to None, run_after=None
[2025-01-27T11:41:12.304+0000] {processor.py:208} INFO - Processing /home/airflow/.local/lib/python3.12/site-packages/airflow/example_dags/example_subdag_operator.py took 0.234 seconds
[2025-01-27T11:41:42.836+0000] {processor.py:186} INFO - Started process (PID=2663) to work on /home/airflow/.local/lib/python3.12/site-packages/airflow/example_dags/example_subdag_operator.py
[2025-01-27T11:41:42.838+0000] {processor.py:914} INFO - Processing file /home/airflow/.local/lib/python3.12/site-packages/airflow/example_dags/example_subdag_operator.py for tasks to queue
[2025-01-27T11:41:42.842+0000] {logging_mixin.py:190} INFO - [2025-01-27T11:41:42.842+0000] {dagbag.py:588} INFO - Filling up the DagBag from /home/airflow/.local/lib/python3.12/site-packages/airflow/example_dags/example_subdag_operator.py
[2025-01-27T11:41:42.893+0000] {processor.py:925} INFO - DAG(s) 'example_subdag_operator.section-1', 'example_subdag_operator.section-2', 'example_subdag_operator' retrieved from /home/airflow/.local/lib/python3.12/site-packages/airflow/example_dags/example_subdag_operator.py
[2025-01-27T11:41:42.951+0000] {logging_mixin.py:190} INFO - [2025-01-27T11:41:42.951+0000] {dag.py:3239} INFO - Sync 3 DAGs
[2025-01-27T11:41:43.034+0000] {logging_mixin.py:190} INFO - [2025-01-27T11:41:43.033+0000] {dag.py:4180} INFO - Setting next_dagrun for example_subdag_operator to 2022-01-01 00:00:00+00:00, run_after=2022-01-01 00:00:00+00:00
[2025-01-27T11:41:43.042+0000] {logging_mixin.py:190} INFO - [2025-01-27T11:41:43.041+0000] {dag.py:4180} INFO - Setting next_dagrun for example_subdag_operator.section-1 to None, run_after=None
[2025-01-27T11:41:43.046+0000] {logging_mixin.py:190} INFO - [2025-01-27T11:41:43.045+0000] {dag.py:4180} INFO - Setting next_dagrun for example_subdag_operator.section-2 to None, run_after=None
[2025-01-27T11:41:43.063+0000] {logging_mixin.py:190} INFO - [2025-01-27T11:41:43.062+0000] {dag.py:3239} INFO - Sync 2 DAGs
[2025-01-27T11:41:43.075+0000] {logging_mixin.py:190} INFO - [2025-01-27T11:41:43.074+0000] {dag.py:4180} INFO - Setting next_dagrun for example_subdag_operator.section-1 to None, run_after=None
[2025-01-27T11:41:43.076+0000] {logging_mixin.py:190} INFO - [2025-01-27T11:41:43.076+0000] {dag.py:4180} INFO - Setting next_dagrun for example_subdag_operator.section-2 to None, run_after=None
[2025-01-27T11:41:43.102+0000] {processor.py:208} INFO - Processing /home/airflow/.local/lib/python3.12/site-packages/airflow/example_dags/example_subdag_operator.py took 0.282 seconds
[2025-01-27T11:42:14.115+0000] {processor.py:186} INFO - Started process (PID=2954) to work on /home/airflow/.local/lib/python3.12/site-packages/airflow/example_dags/example_subdag_operator.py
[2025-01-27T11:42:14.117+0000] {processor.py:914} INFO - Processing file /home/airflow/.local/lib/python3.12/site-packages/airflow/example_dags/example_subdag_operator.py for tasks to queue
[2025-01-27T11:42:14.123+0000] {logging_mixin.py:190} INFO - [2025-01-27T11:42:14.122+0000] {dagbag.py:588} INFO - Filling up the DagBag from /home/airflow/.local/lib/python3.12/site-packages/airflow/example_dags/example_subdag_operator.py
[2025-01-27T11:42:14.166+0000] {processor.py:925} INFO - DAG(s) 'example_subdag_operator.section-1', 'example_subdag_operator.section-2', 'example_subdag_operator' retrieved from /home/airflow/.local/lib/python3.12/site-packages/airflow/example_dags/example_subdag_operator.py
[2025-01-27T11:42:14.193+0000] {logging_mixin.py:190} INFO - [2025-01-27T11:42:14.193+0000] {dag.py:3239} INFO - Sync 3 DAGs
[2025-01-27T11:42:14.231+0000] {logging_mixin.py:190} INFO - [2025-01-27T11:42:14.231+0000] {dag.py:4180} INFO - Setting next_dagrun for example_subdag_operator to 2022-01-01 00:00:00+00:00, run_after=2022-01-01 00:00:00+00:00
[2025-01-27T11:42:14.238+0000] {logging_mixin.py:190} INFO - [2025-01-27T11:42:14.238+0000] {dag.py:4180} INFO - Setting next_dagrun for example_subdag_operator.section-1 to None, run_after=None
[2025-01-27T11:42:14.241+0000] {logging_mixin.py:190} INFO - [2025-01-27T11:42:14.241+0000] {dag.py:4180} INFO - Setting next_dagrun for example_subdag_operator.section-2 to None, run_after=None
[2025-01-27T11:42:14.253+0000] {logging_mixin.py:190} INFO - [2025-01-27T11:42:14.252+0000] {dag.py:3239} INFO - Sync 2 DAGs
[2025-01-27T11:42:14.261+0000] {logging_mixin.py:190} INFO - [2025-01-27T11:42:14.261+0000] {dag.py:4180} INFO - Setting next_dagrun for example_subdag_operator.section-1 to None, run_after=None
[2025-01-27T11:42:14.263+0000] {logging_mixin.py:190} INFO - [2025-01-27T11:42:14.262+0000] {dag.py:4180} INFO - Setting next_dagrun for example_subdag_operator.section-2 to None, run_after=None
[2025-01-27T11:42:14.282+0000] {processor.py:208} INFO - Processing /home/airflow/.local/lib/python3.12/site-packages/airflow/example_dags/example_subdag_operator.py took 0.186 seconds
[2025-01-27T11:42:44.598+0000] {processor.py:186} INFO - Started process (PID=3243) to work on /home/airflow/.local/lib/python3.12/site-packages/airflow/example_dags/example_subdag_operator.py
[2025-01-27T11:42:44.600+0000] {processor.py:914} INFO - Processing file /home/airflow/.local/lib/python3.12/site-packages/airflow/example_dags/example_subdag_operator.py for tasks to queue
[2025-01-27T11:42:44.604+0000] {logging_mixin.py:190} INFO - [2025-01-27T11:42:44.603+0000] {dagbag.py:588} INFO - Filling up the DagBag from /home/airflow/.local/lib/python3.12/site-packages/airflow/example_dags/example_subdag_operator.py
[2025-01-27T11:42:44.644+0000] {processor.py:925} INFO - DAG(s) 'example_subdag_operator.section-1', 'example_subdag_operator.section-2', 'example_subdag_operator' retrieved from /home/airflow/.local/lib/python3.12/site-packages/airflow/example_dags/example_subdag_operator.py
[2025-01-27T11:42:44.668+0000] {logging_mixin.py:190} INFO - [2025-01-27T11:42:44.668+0000] {dag.py:3239} INFO - Sync 3 DAGs
[2025-01-27T11:42:44.696+0000] {logging_mixin.py:190} INFO - [2025-01-27T11:42:44.696+0000] {dag.py:4180} INFO - Setting next_dagrun for example_subdag_operator to 2022-01-01 00:00:00+00:00, run_after=2022-01-01 00:00:00+00:00
[2025-01-27T11:42:44.701+0000] {logging_mixin.py:190} INFO - [2025-01-27T11:42:44.700+0000] {dag.py:4180} INFO - Setting next_dagrun for example_subdag_operator.section-1 to None, run_after=None
[2025-01-27T11:42:44.703+0000] {logging_mixin.py:190} INFO - [2025-01-27T11:42:44.702+0000] {dag.py:4180} INFO - Setting next_dagrun for example_subdag_operator.section-2 to None, run_after=None
[2025-01-27T11:42:44.710+0000] {logging_mixin.py:190} INFO - [2025-01-27T11:42:44.710+0000] {dag.py:3239} INFO - Sync 2 DAGs
[2025-01-27T11:42:44.716+0000] {logging_mixin.py:190} INFO - [2025-01-27T11:42:44.715+0000] {dag.py:4180} INFO - Setting next_dagrun for example_subdag_operator.section-1 to None, run_after=None
[2025-01-27T11:42:44.716+0000] {logging_mixin.py:190} INFO - [2025-01-27T11:42:44.716+0000] {dag.py:4180} INFO - Setting next_dagrun for example_subdag_operator.section-2 to None, run_after=None
[2025-01-27T11:42:44.729+0000] {processor.py:208} INFO - Processing /home/airflow/.local/lib/python3.12/site-packages/airflow/example_dags/example_subdag_operator.py took 0.141 seconds
[2025-01-27T11:43:14.882+0000] {processor.py:186} INFO - Started process (PID=3529) to work on /home/airflow/.local/lib/python3.12/site-packages/airflow/example_dags/example_subdag_operator.py
[2025-01-27T11:43:14.883+0000] {processor.py:914} INFO - Processing file /home/airflow/.local/lib/python3.12/site-packages/airflow/example_dags/example_subdag_operator.py for tasks to queue
[2025-01-27T11:43:14.887+0000] {logging_mixin.py:190} INFO - [2025-01-27T11:43:14.886+0000] {dagbag.py:588} INFO - Filling up the DagBag from /home/airflow/.local/lib/python3.12/site-packages/airflow/example_dags/example_subdag_operator.py
[2025-01-27T11:43:14.922+0000] {processor.py:925} INFO - DAG(s) 'example_subdag_operator.section-1', 'example_subdag_operator.section-2', 'example_subdag_operator' retrieved from /home/airflow/.local/lib/python3.12/site-packages/airflow/example_dags/example_subdag_operator.py
[2025-01-27T11:43:14.948+0000] {logging_mixin.py:190} INFO - [2025-01-27T11:43:14.948+0000] {dag.py:3239} INFO - Sync 3 DAGs
[2025-01-27T11:43:14.980+0000] {logging_mixin.py:190} INFO - [2025-01-27T11:43:14.980+0000] {dag.py:4180} INFO - Setting next_dagrun for example_subdag_operator to 2022-01-01 00:00:00+00:00, run_after=2022-01-01 00:00:00+00:00
[2025-01-27T11:43:14.985+0000] {logging_mixin.py:190} INFO - [2025-01-27T11:43:14.984+0000] {dag.py:4180} INFO - Setting next_dagrun for example_subdag_operator.section-1 to None, run_after=None
[2025-01-27T11:43:14.986+0000] {logging_mixin.py:190} INFO - [2025-01-27T11:43:14.986+0000] {dag.py:4180} INFO - Setting next_dagrun for example_subdag_operator.section-2 to None, run_after=None
[2025-01-27T11:43:14.994+0000] {logging_mixin.py:190} INFO - [2025-01-27T11:43:14.993+0000] {dag.py:3239} INFO - Sync 2 DAGs
[2025-01-27T11:43:15.000+0000] {logging_mixin.py:190} INFO - [2025-01-27T11:43:15.000+0000] {dag.py:4180} INFO - Setting next_dagrun for example_subdag_operator.section-1 to None, run_after=None
[2025-01-27T11:43:15.001+0000] {logging_mixin.py:190} INFO - [2025-01-27T11:43:15.001+0000] {dag.py:4180} INFO - Setting next_dagrun for example_subdag_operator.section-2 to None, run_after=None
[2025-01-27T11:43:15.017+0000] {processor.py:208} INFO - Processing /home/airflow/.local/lib/python3.12/site-packages/airflow/example_dags/example_subdag_operator.py took 0.145 seconds
[2025-01-27T11:43:45.356+0000] {processor.py:186} INFO - Started process (PID=3820) to work on /home/airflow/.local/lib/python3.12/site-packages/airflow/example_dags/example_subdag_operator.py
[2025-01-27T11:43:45.358+0000] {processor.py:914} INFO - Processing file /home/airflow/.local/lib/python3.12/site-packages/airflow/example_dags/example_subdag_operator.py for tasks to queue
[2025-01-27T11:43:45.362+0000] {logging_mixin.py:190} INFO - [2025-01-27T11:43:45.362+0000] {dagbag.py:588} INFO - Filling up the DagBag from /home/airflow/.local/lib/python3.12/site-packages/airflow/example_dags/example_subdag_operator.py
[2025-01-27T11:43:45.406+0000] {processor.py:925} INFO - DAG(s) 'example_subdag_operator.section-1', 'example_subdag_operator.section-2', 'example_subdag_operator' retrieved from /home/airflow/.local/lib/python3.12/site-packages/airflow/example_dags/example_subdag_operator.py
[2025-01-27T11:43:45.433+0000] {logging_mixin.py:190} INFO - [2025-01-27T11:43:45.433+0000] {dag.py:3239} INFO - Sync 3 DAGs
[2025-01-27T11:43:45.481+0000] {logging_mixin.py:190} INFO - [2025-01-27T11:43:45.480+0000] {dag.py:4180} INFO - Setting next_dagrun for example_subdag_operator to 2022-01-01 00:00:00+00:00, run_after=2022-01-01 00:00:00+00:00
[2025-01-27T11:43:45.488+0000] {logging_mixin.py:190} INFO - [2025-01-27T11:43:45.487+0000] {dag.py:4180} INFO - Setting next_dagrun for example_subdag_operator.section-1 to None, run_after=None
[2025-01-27T11:43:45.490+0000] {logging_mixin.py:190} INFO - [2025-01-27T11:43:45.490+0000] {dag.py:4180} INFO - Setting next_dagrun for example_subdag_operator.section-2 to None, run_after=None
[2025-01-27T11:43:45.502+0000] {logging_mixin.py:190} INFO - [2025-01-27T11:43:45.502+0000] {dag.py:3239} INFO - Sync 2 DAGs
[2025-01-27T11:43:45.512+0000] {logging_mixin.py:190} INFO - [2025-01-27T11:43:45.512+0000] {dag.py:4180} INFO - Setting next_dagrun for example_subdag_operator.section-1 to None, run_after=None
[2025-01-27T11:43:45.513+0000] {logging_mixin.py:190} INFO - [2025-01-27T11:43:45.513+0000] {dag.py:4180} INFO - Setting next_dagrun for example_subdag_operator.section-2 to None, run_after=None
[2025-01-27T11:43:45.531+0000] {processor.py:208} INFO - Processing /home/airflow/.local/lib/python3.12/site-packages/airflow/example_dags/example_subdag_operator.py took 0.185 seconds
[2025-01-27T11:44:16.056+0000] {processor.py:186} INFO - Started process (PID=4113) to work on /home/airflow/.local/lib/python3.12/site-packages/airflow/example_dags/example_subdag_operator.py
[2025-01-27T11:44:16.058+0000] {processor.py:914} INFO - Processing file /home/airflow/.local/lib/python3.12/site-packages/airflow/example_dags/example_subdag_operator.py for tasks to queue
[2025-01-27T11:44:16.063+0000] {logging_mixin.py:190} INFO - [2025-01-27T11:44:16.062+0000] {dagbag.py:588} INFO - Filling up the DagBag from /home/airflow/.local/lib/python3.12/site-packages/airflow/example_dags/example_subdag_operator.py
[2025-01-27T11:44:16.117+0000] {processor.py:925} INFO - DAG(s) 'example_subdag_operator.section-1', 'example_subdag_operator.section-2', 'example_subdag_operator' retrieved from /home/airflow/.local/lib/python3.12/site-packages/airflow/example_dags/example_subdag_operator.py
[2025-01-27T11:44:16.156+0000] {logging_mixin.py:190} INFO - [2025-01-27T11:44:16.156+0000] {dag.py:3239} INFO - Sync 3 DAGs
[2025-01-27T11:44:16.204+0000] {logging_mixin.py:190} INFO - [2025-01-27T11:44:16.204+0000] {dag.py:4180} INFO - Setting next_dagrun for example_subdag_operator to 2022-01-01 00:00:00+00:00, run_after=2022-01-01 00:00:00+00:00
[2025-01-27T11:44:16.210+0000] {logging_mixin.py:190} INFO - [2025-01-27T11:44:16.210+0000] {dag.py:4180} INFO - Setting next_dagrun for example_subdag_operator.section-1 to None, run_after=None
[2025-01-27T11:44:16.213+0000] {logging_mixin.py:190} INFO - [2025-01-27T11:44:16.212+0000] {dag.py:4180} INFO - Setting next_dagrun for example_subdag_operator.section-2 to None, run_after=None
[2025-01-27T11:44:16.230+0000] {logging_mixin.py:190} INFO - [2025-01-27T11:44:16.230+0000] {dag.py:3239} INFO - Sync 2 DAGs
[2025-01-27T11:44:16.245+0000] {logging_mixin.py:190} INFO - [2025-01-27T11:44:16.244+0000] {dag.py:4180} INFO - Setting next_dagrun for example_subdag_operator.section-1 to None, run_after=None
[2025-01-27T11:44:16.245+0000] {logging_mixin.py:190} INFO - [2025-01-27T11:44:16.245+0000] {dag.py:4180} INFO - Setting next_dagrun for example_subdag_operator.section-2 to None, run_after=None
[2025-01-27T11:44:16.269+0000] {processor.py:208} INFO - Processing /home/airflow/.local/lib/python3.12/site-packages/airflow/example_dags/example_subdag_operator.py took 0.224 seconds
[2025-01-27T11:44:46.445+0000] {processor.py:186} INFO - Started process (PID=4402) to work on /home/airflow/.local/lib/python3.12/site-packages/airflow/example_dags/example_subdag_operator.py
[2025-01-27T11:44:46.447+0000] {processor.py:914} INFO - Processing file /home/airflow/.local/lib/python3.12/site-packages/airflow/example_dags/example_subdag_operator.py for tasks to queue
[2025-01-27T11:44:46.453+0000] {logging_mixin.py:190} INFO - [2025-01-27T11:44:46.452+0000] {dagbag.py:588} INFO - Filling up the DagBag from /home/airflow/.local/lib/python3.12/site-packages/airflow/example_dags/example_subdag_operator.py
[2025-01-27T11:44:46.501+0000] {processor.py:925} INFO - DAG(s) 'example_subdag_operator.section-1', 'example_subdag_operator.section-2', 'example_subdag_operator' retrieved from /home/airflow/.local/lib/python3.12/site-packages/airflow/example_dags/example_subdag_operator.py
[2025-01-27T11:44:46.532+0000] {logging_mixin.py:190} INFO - [2025-01-27T11:44:46.531+0000] {dag.py:3239} INFO - Sync 3 DAGs
[2025-01-27T11:44:46.574+0000] {logging_mixin.py:190} INFO - [2025-01-27T11:44:46.573+0000] {dag.py:4180} INFO - Setting next_dagrun for example_subdag_operator to 2022-01-01 00:00:00+00:00, run_after=2022-01-01 00:00:00+00:00
[2025-01-27T11:44:46.591+0000] {logging_mixin.py:190} INFO - [2025-01-27T11:44:46.591+0000] {dag.py:4180} INFO - Setting next_dagrun for example_subdag_operator.section-1 to None, run_after=None
[2025-01-27T11:44:46.595+0000] {logging_mixin.py:190} INFO - [2025-01-27T11:44:46.595+0000] {dag.py:4180} INFO - Setting next_dagrun for example_subdag_operator.section-2 to None, run_after=None
[2025-01-27T11:44:46.609+0000] {logging_mixin.py:190} INFO - [2025-01-27T11:44:46.609+0000] {dag.py:3239} INFO - Sync 2 DAGs
[2025-01-27T11:44:46.635+0000] {logging_mixin.py:190} INFO - [2025-01-27T11:44:46.633+0000] {dag.py:4180} INFO - Setting next_dagrun for example_subdag_operator.section-1 to None, run_after=None
[2025-01-27T11:44:46.638+0000] {logging_mixin.py:190} INFO - [2025-01-27T11:44:46.638+0000] {dag.py:4180} INFO - Setting next_dagrun for example_subdag_operator.section-2 to None, run_after=None
[2025-01-27T11:44:46.686+0000] {processor.py:208} INFO - Processing /home/airflow/.local/lib/python3.12/site-packages/airflow/example_dags/example_subdag_operator.py took 0.256 seconds
[2025-01-27T11:45:16.787+0000] {processor.py:186} INFO - Started process (PID=4693) to work on /home/airflow/.local/lib/python3.12/site-packages/airflow/example_dags/example_subdag_operator.py
[2025-01-27T11:45:16.789+0000] {processor.py:914} INFO - Processing file /home/airflow/.local/lib/python3.12/site-packages/airflow/example_dags/example_subdag_operator.py for tasks to queue
[2025-01-27T11:45:16.792+0000] {logging_mixin.py:190} INFO - [2025-01-27T11:45:16.791+0000] {dagbag.py:588} INFO - Filling up the DagBag from /home/airflow/.local/lib/python3.12/site-packages/airflow/example_dags/example_subdag_operator.py
[2025-01-27T11:45:16.825+0000] {processor.py:925} INFO - DAG(s) 'example_subdag_operator.section-1', 'example_subdag_operator.section-2', 'example_subdag_operator' retrieved from /home/airflow/.local/lib/python3.12/site-packages/airflow/example_dags/example_subdag_operator.py
[2025-01-27T11:45:16.854+0000] {logging_mixin.py:190} INFO - [2025-01-27T11:45:16.854+0000] {dag.py:3239} INFO - Sync 3 DAGs
[2025-01-27T11:45:16.889+0000] {logging_mixin.py:190} INFO - [2025-01-27T11:45:16.889+0000] {dag.py:4180} INFO - Setting next_dagrun for example_subdag_operator to 2022-01-01 00:00:00+00:00, run_after=2022-01-01 00:00:00+00:00
[2025-01-27T11:45:16.895+0000] {logging_mixin.py:190} INFO - [2025-01-27T11:45:16.895+0000] {dag.py:4180} INFO - Setting next_dagrun for example_subdag_operator.section-1 to None, run_after=None
[2025-01-27T11:45:16.899+0000] {logging_mixin.py:190} INFO - [2025-01-27T11:45:16.899+0000] {dag.py:4180} INFO - Setting next_dagrun for example_subdag_operator.section-2 to None, run_after=None
[2025-01-27T11:45:16.910+0000] {logging_mixin.py:190} INFO - [2025-01-27T11:45:16.910+0000] {dag.py:3239} INFO - Sync 2 DAGs
[2025-01-27T11:45:16.919+0000] {logging_mixin.py:190} INFO - [2025-01-27T11:45:16.919+0000] {dag.py:4180} INFO - Setting next_dagrun for example_subdag_operator.section-1 to None, run_after=None
[2025-01-27T11:45:16.921+0000] {logging_mixin.py:190} INFO - [2025-01-27T11:45:16.921+0000] {dag.py:4180} INFO - Setting next_dagrun for example_subdag_operator.section-2 to None, run_after=None
[2025-01-27T11:45:16.938+0000] {processor.py:208} INFO - Processing /home/airflow/.local/lib/python3.12/site-packages/airflow/example_dags/example_subdag_operator.py took 0.160 seconds
[2025-01-27T11:45:47.062+0000] {processor.py:186} INFO - Started process (PID=4984) to work on /home/airflow/.local/lib/python3.12/site-packages/airflow/example_dags/example_subdag_operator.py
[2025-01-27T11:45:47.063+0000] {processor.py:914} INFO - Processing file /home/airflow/.local/lib/python3.12/site-packages/airflow/example_dags/example_subdag_operator.py for tasks to queue
[2025-01-27T11:45:47.068+0000] {logging_mixin.py:190} INFO - [2025-01-27T11:45:47.067+0000] {dagbag.py:588} INFO - Filling up the DagBag from /home/airflow/.local/lib/python3.12/site-packages/airflow/example_dags/example_subdag_operator.py
[2025-01-27T11:45:47.112+0000] {processor.py:925} INFO - DAG(s) 'example_subdag_operator.section-1', 'example_subdag_operator.section-2', 'example_subdag_operator' retrieved from /home/airflow/.local/lib/python3.12/site-packages/airflow/example_dags/example_subdag_operator.py
[2025-01-27T11:45:47.174+0000] {logging_mixin.py:190} INFO - [2025-01-27T11:45:47.174+0000] {dag.py:3239} INFO - Sync 3 DAGs
[2025-01-27T11:45:47.247+0000] {logging_mixin.py:190} INFO - [2025-01-27T11:45:47.247+0000] {dag.py:4180} INFO - Setting next_dagrun for example_subdag_operator to 2022-01-01 00:00:00+00:00, run_after=2022-01-01 00:00:00+00:00
[2025-01-27T11:45:47.257+0000] {logging_mixin.py:190} INFO - [2025-01-27T11:45:47.256+0000] {dag.py:4180} INFO - Setting next_dagrun for example_subdag_operator.section-1 to None, run_after=None
[2025-01-27T11:45:47.260+0000] {logging_mixin.py:190} INFO - [2025-01-27T11:45:47.260+0000] {dag.py:4180} INFO - Setting next_dagrun for example_subdag_operator.section-2 to None, run_after=None
[2025-01-27T11:45:47.277+0000] {logging_mixin.py:190} INFO - [2025-01-27T11:45:47.276+0000] {dag.py:3239} INFO - Sync 2 DAGs
[2025-01-27T11:45:47.291+0000] {logging_mixin.py:190} INFO - [2025-01-27T11:45:47.291+0000] {dag.py:4180} INFO - Setting next_dagrun for example_subdag_operator.section-1 to None, run_after=None
[2025-01-27T11:45:47.292+0000] {logging_mixin.py:190} INFO - [2025-01-27T11:45:47.292+0000] {dag.py:4180} INFO - Setting next_dagrun for example_subdag_operator.section-2 to None, run_after=None
[2025-01-27T11:45:47.311+0000] {processor.py:208} INFO - Processing /home/airflow/.local/lib/python3.12/site-packages/airflow/example_dags/example_subdag_operator.py took 0.262 seconds
[2025-01-27T11:46:18.005+0000] {processor.py:186} INFO - Started process (PID=5281) to work on /home/airflow/.local/lib/python3.12/site-packages/airflow/example_dags/example_subdag_operator.py
[2025-01-27T11:46:18.007+0000] {processor.py:914} INFO - Processing file /home/airflow/.local/lib/python3.12/site-packages/airflow/example_dags/example_subdag_operator.py for tasks to queue
[2025-01-27T11:46:18.016+0000] {logging_mixin.py:190} INFO - [2025-01-27T11:46:18.015+0000] {dagbag.py:588} INFO - Filling up the DagBag from /home/airflow/.local/lib/python3.12/site-packages/airflow/example_dags/example_subdag_operator.py
[2025-01-27T11:46:18.121+0000] {processor.py:925} INFO - DAG(s) 'example_subdag_operator.section-1', 'example_subdag_operator.section-2', 'example_subdag_operator' retrieved from /home/airflow/.local/lib/python3.12/site-packages/airflow/example_dags/example_subdag_operator.py
[2025-01-27T11:46:18.175+0000] {logging_mixin.py:190} INFO - [2025-01-27T11:46:18.175+0000] {dag.py:3239} INFO - Sync 3 DAGs
[2025-01-27T11:46:18.243+0000] {logging_mixin.py:190} INFO - [2025-01-27T11:46:18.242+0000] {dag.py:4180} INFO - Setting next_dagrun for example_subdag_operator to 2022-01-01 00:00:00+00:00, run_after=2022-01-01 00:00:00+00:00
[2025-01-27T11:46:18.252+0000] {logging_mixin.py:190} INFO - [2025-01-27T11:46:18.252+0000] {dag.py:4180} INFO - Setting next_dagrun for example_subdag_operator.section-1 to None, run_after=None
[2025-01-27T11:46:18.256+0000] {logging_mixin.py:190} INFO - [2025-01-27T11:46:18.256+0000] {dag.py:4180} INFO - Setting next_dagrun for example_subdag_operator.section-2 to None, run_after=None
[2025-01-27T11:46:18.273+0000] {logging_mixin.py:190} INFO - [2025-01-27T11:46:18.273+0000] {dag.py:3239} INFO - Sync 2 DAGs
[2025-01-27T11:46:18.286+0000] {logging_mixin.py:190} INFO - [2025-01-27T11:46:18.285+0000] {dag.py:4180} INFO - Setting next_dagrun for example_subdag_operator.section-1 to None, run_after=None
[2025-01-27T11:46:18.287+0000] {logging_mixin.py:190} INFO - [2025-01-27T11:46:18.286+0000] {dag.py:4180} INFO - Setting next_dagrun for example_subdag_operator.section-2 to None, run_after=None
[2025-01-27T11:46:18.306+0000] {processor.py:208} INFO - Processing /home/airflow/.local/lib/python3.12/site-packages/airflow/example_dags/example_subdag_operator.py took 0.315 seconds
[2025-01-27T11:46:49.121+0000] {processor.py:186} INFO - Started process (PID=5572) to work on /home/airflow/.local/lib/python3.12/site-packages/airflow/example_dags/example_subdag_operator.py
[2025-01-27T11:46:49.122+0000] {processor.py:914} INFO - Processing file /home/airflow/.local/lib/python3.12/site-packages/airflow/example_dags/example_subdag_operator.py for tasks to queue
[2025-01-27T11:46:49.125+0000] {logging_mixin.py:190} INFO - [2025-01-27T11:46:49.124+0000] {dagbag.py:588} INFO - Filling up the DagBag from /home/airflow/.local/lib/python3.12/site-packages/airflow/example_dags/example_subdag_operator.py
[2025-01-27T11:46:49.172+0000] {processor.py:925} INFO - DAG(s) 'example_subdag_operator.section-1', 'example_subdag_operator.section-2', 'example_subdag_operator' retrieved from /home/airflow/.local/lib/python3.12/site-packages/airflow/example_dags/example_subdag_operator.py
[2025-01-27T11:46:49.194+0000] {logging_mixin.py:190} INFO - [2025-01-27T11:46:49.194+0000] {dag.py:3239} INFO - Sync 3 DAGs
[2025-01-27T11:46:49.240+0000] {logging_mixin.py:190} INFO - [2025-01-27T11:46:49.240+0000] {dag.py:4180} INFO - Setting next_dagrun for example_subdag_operator to 2022-01-01 00:00:00+00:00, run_after=2022-01-01 00:00:00+00:00
[2025-01-27T11:46:49.252+0000] {logging_mixin.py:190} INFO - [2025-01-27T11:46:49.252+0000] {dag.py:4180} INFO - Setting next_dagrun for example_subdag_operator.section-1 to None, run_after=None
[2025-01-27T11:46:49.256+0000] {logging_mixin.py:190} INFO - [2025-01-27T11:46:49.255+0000] {dag.py:4180} INFO - Setting next_dagrun for example_subdag_operator.section-2 to None, run_after=None
[2025-01-27T11:46:49.271+0000] {logging_mixin.py:190} INFO - [2025-01-27T11:46:49.271+0000] {dag.py:3239} INFO - Sync 2 DAGs
[2025-01-27T11:46:49.282+0000] {logging_mixin.py:190} INFO - [2025-01-27T11:46:49.281+0000] {dag.py:4180} INFO - Setting next_dagrun for example_subdag_operator.section-1 to None, run_after=None
[2025-01-27T11:46:49.283+0000] {logging_mixin.py:190} INFO - [2025-01-27T11:46:49.283+0000] {dag.py:4180} INFO - Setting next_dagrun for example_subdag_operator.section-2 to None, run_after=None
[2025-01-27T11:46:49.311+0000] {processor.py:208} INFO - Processing /home/airflow/.local/lib/python3.12/site-packages/airflow/example_dags/example_subdag_operator.py took 0.200 seconds
[2025-01-27T11:47:19.502+0000] {processor.py:186} INFO - Started process (PID=5863) to work on /home/airflow/.local/lib/python3.12/site-packages/airflow/example_dags/example_subdag_operator.py
[2025-01-27T11:47:19.504+0000] {processor.py:914} INFO - Processing file /home/airflow/.local/lib/python3.12/site-packages/airflow/example_dags/example_subdag_operator.py for tasks to queue
[2025-01-27T11:47:19.508+0000] {logging_mixin.py:190} INFO - [2025-01-27T11:47:19.507+0000] {dagbag.py:588} INFO - Filling up the DagBag from /home/airflow/.local/lib/python3.12/site-packages/airflow/example_dags/example_subdag_operator.py
[2025-01-27T11:47:19.567+0000] {processor.py:925} INFO - DAG(s) 'example_subdag_operator.section-1', 'example_subdag_operator.section-2', 'example_subdag_operator' retrieved from /home/airflow/.local/lib/python3.12/site-packages/airflow/example_dags/example_subdag_operator.py
[2025-01-27T11:47:19.598+0000] {logging_mixin.py:190} INFO - [2025-01-27T11:47:19.598+0000] {dag.py:3239} INFO - Sync 3 DAGs
[2025-01-27T11:47:19.639+0000] {logging_mixin.py:190} INFO - [2025-01-27T11:47:19.638+0000] {dag.py:4180} INFO - Setting next_dagrun for example_subdag_operator to 2022-01-01 00:00:00+00:00, run_after=2022-01-01 00:00:00+00:00
[2025-01-27T11:47:19.647+0000] {logging_mixin.py:190} INFO - [2025-01-27T11:47:19.647+0000] {dag.py:4180} INFO - Setting next_dagrun for example_subdag_operator.section-1 to None, run_after=None
[2025-01-27T11:47:19.649+0000] {logging_mixin.py:190} INFO - [2025-01-27T11:47:19.649+0000] {dag.py:4180} INFO - Setting next_dagrun for example_subdag_operator.section-2 to None, run_after=None
[2025-01-27T11:47:19.660+0000] {logging_mixin.py:190} INFO - [2025-01-27T11:47:19.660+0000] {dag.py:3239} INFO - Sync 2 DAGs
[2025-01-27T11:47:19.669+0000] {logging_mixin.py:190} INFO - [2025-01-27T11:47:19.668+0000] {dag.py:4180} INFO - Setting next_dagrun for example_subdag_operator.section-1 to None, run_after=None
[2025-01-27T11:47:19.669+0000] {logging_mixin.py:190} INFO - [2025-01-27T11:47:19.669+0000] {dag.py:4180} INFO - Setting next_dagrun for example_subdag_operator.section-2 to None, run_after=None
[2025-01-27T11:47:19.687+0000] {processor.py:208} INFO - Processing /home/airflow/.local/lib/python3.12/site-packages/airflow/example_dags/example_subdag_operator.py took 0.203 seconds
[2025-01-27T11:47:50.566+0000] {processor.py:186} INFO - Started process (PID=6151) to work on /home/airflow/.local/lib/python3.12/site-packages/airflow/example_dags/example_subdag_operator.py
[2025-01-27T11:47:50.568+0000] {processor.py:914} INFO - Processing file /home/airflow/.local/lib/python3.12/site-packages/airflow/example_dags/example_subdag_operator.py for tasks to queue
[2025-01-27T11:47:50.571+0000] {logging_mixin.py:190} INFO - [2025-01-27T11:47:50.571+0000] {dagbag.py:588} INFO - Filling up the DagBag from /home/airflow/.local/lib/python3.12/site-packages/airflow/example_dags/example_subdag_operator.py
[2025-01-27T11:47:50.613+0000] {processor.py:925} INFO - DAG(s) 'example_subdag_operator.section-1', 'example_subdag_operator.section-2', 'example_subdag_operator' retrieved from /home/airflow/.local/lib/python3.12/site-packages/airflow/example_dags/example_subdag_operator.py
[2025-01-27T11:47:50.657+0000] {logging_mixin.py:190} INFO - [2025-01-27T11:47:50.657+0000] {dag.py:3239} INFO - Sync 3 DAGs
[2025-01-27T11:47:50.697+0000] {logging_mixin.py:190} INFO - [2025-01-27T11:47:50.696+0000] {dag.py:4180} INFO - Setting next_dagrun for example_subdag_operator to 2022-01-01 00:00:00+00:00, run_after=2022-01-01 00:00:00+00:00
[2025-01-27T11:47:50.705+0000] {logging_mixin.py:190} INFO - [2025-01-27T11:47:50.705+0000] {dag.py:4180} INFO - Setting next_dagrun for example_subdag_operator.section-1 to None, run_after=None
[2025-01-27T11:47:50.707+0000] {logging_mixin.py:190} INFO - [2025-01-27T11:47:50.707+0000] {dag.py:4180} INFO - Setting next_dagrun for example_subdag_operator.section-2 to None, run_after=None
[2025-01-27T11:47:50.719+0000] {logging_mixin.py:190} INFO - [2025-01-27T11:47:50.719+0000] {dag.py:3239} INFO - Sync 2 DAGs
[2025-01-27T11:47:50.727+0000] {logging_mixin.py:190} INFO - [2025-01-27T11:47:50.727+0000] {dag.py:4180} INFO - Setting next_dagrun for example_subdag_operator.section-1 to None, run_after=None
[2025-01-27T11:47:50.728+0000] {logging_mixin.py:190} INFO - [2025-01-27T11:47:50.727+0000] {dag.py:4180} INFO - Setting next_dagrun for example_subdag_operator.section-2 to None, run_after=None
[2025-01-27T11:47:50.742+0000] {processor.py:208} INFO - Processing /home/airflow/.local/lib/python3.12/site-packages/airflow/example_dags/example_subdag_operator.py took 0.187 seconds
[2025-01-27T11:48:21.203+0000] {processor.py:186} INFO - Started process (PID=6447) to work on /home/airflow/.local/lib/python3.12/site-packages/airflow/example_dags/example_subdag_operator.py
[2025-01-27T11:48:21.217+0000] {processor.py:914} INFO - Processing file /home/airflow/.local/lib/python3.12/site-packages/airflow/example_dags/example_subdag_operator.py for tasks to queue
[2025-01-27T11:48:21.224+0000] {logging_mixin.py:190} INFO - [2025-01-27T11:48:21.221+0000] {dagbag.py:588} INFO - Filling up the DagBag from /home/airflow/.local/lib/python3.12/site-packages/airflow/example_dags/example_subdag_operator.py
[2025-01-27T11:48:21.284+0000] {processor.py:925} INFO - DAG(s) 'example_subdag_operator.section-1', 'example_subdag_operator.section-2', 'example_subdag_operator' retrieved from /home/airflow/.local/lib/python3.12/site-packages/airflow/example_dags/example_subdag_operator.py
[2025-01-27T11:48:21.321+0000] {logging_mixin.py:190} INFO - [2025-01-27T11:48:21.321+0000] {dag.py:3239} INFO - Sync 3 DAGs
[2025-01-27T11:48:21.387+0000] {logging_mixin.py:190} INFO - [2025-01-27T11:48:21.387+0000] {dag.py:4180} INFO - Setting next_dagrun for example_subdag_operator to 2022-01-01 00:00:00+00:00, run_after=2022-01-01 00:00:00+00:00
[2025-01-27T11:48:21.404+0000] {logging_mixin.py:190} INFO - [2025-01-27T11:48:21.404+0000] {dag.py:4180} INFO - Setting next_dagrun for example_subdag_operator.section-1 to None, run_after=None
[2025-01-27T11:48:21.408+0000] {logging_mixin.py:190} INFO - [2025-01-27T11:48:21.408+0000] {dag.py:4180} INFO - Setting next_dagrun for example_subdag_operator.section-2 to None, run_after=None
[2025-01-27T11:48:21.426+0000] {logging_mixin.py:190} INFO - [2025-01-27T11:48:21.425+0000] {dag.py:3239} INFO - Sync 2 DAGs
[2025-01-27T11:48:21.461+0000] {logging_mixin.py:190} INFO - [2025-01-27T11:48:21.460+0000] {dag.py:4180} INFO - Setting next_dagrun for example_subdag_operator.section-1 to None, run_after=None
[2025-01-27T11:48:21.463+0000] {logging_mixin.py:190} INFO - [2025-01-27T11:48:21.463+0000] {dag.py:4180} INFO - Setting next_dagrun for example_subdag_operator.section-2 to None, run_after=None
[2025-01-27T11:48:21.517+0000] {processor.py:208} INFO - Processing /home/airflow/.local/lib/python3.12/site-packages/airflow/example_dags/example_subdag_operator.py took 0.331 seconds
[2025-01-27T11:48:51.751+0000] {processor.py:186} INFO - Started process (PID=6738) to work on /home/airflow/.local/lib/python3.12/site-packages/airflow/example_dags/example_subdag_operator.py
[2025-01-27T11:48:51.752+0000] {processor.py:914} INFO - Processing file /home/airflow/.local/lib/python3.12/site-packages/airflow/example_dags/example_subdag_operator.py for tasks to queue
[2025-01-27T11:48:51.755+0000] {logging_mixin.py:190} INFO - [2025-01-27T11:48:51.755+0000] {dagbag.py:588} INFO - Filling up the DagBag from /home/airflow/.local/lib/python3.12/site-packages/airflow/example_dags/example_subdag_operator.py
[2025-01-27T11:48:51.792+0000] {processor.py:925} INFO - DAG(s) 'example_subdag_operator.section-1', 'example_subdag_operator.section-2', 'example_subdag_operator' retrieved from /home/airflow/.local/lib/python3.12/site-packages/airflow/example_dags/example_subdag_operator.py
[2025-01-27T11:48:51.814+0000] {logging_mixin.py:190} INFO - [2025-01-27T11:48:51.814+0000] {dag.py:3239} INFO - Sync 3 DAGs
[2025-01-27T11:48:51.843+0000] {logging_mixin.py:190} INFO - [2025-01-27T11:48:51.843+0000] {dag.py:4180} INFO - Setting next_dagrun for example_subdag_operator to 2022-01-01 00:00:00+00:00, run_after=2022-01-01 00:00:00+00:00
[2025-01-27T11:48:51.851+0000] {logging_mixin.py:190} INFO - [2025-01-27T11:48:51.851+0000] {dag.py:4180} INFO - Setting next_dagrun for example_subdag_operator.section-1 to None, run_after=None
[2025-01-27T11:48:51.853+0000] {logging_mixin.py:190} INFO - [2025-01-27T11:48:51.853+0000] {dag.py:4180} INFO - Setting next_dagrun for example_subdag_operator.section-2 to None, run_after=None
[2025-01-27T11:48:51.864+0000] {logging_mixin.py:190} INFO - [2025-01-27T11:48:51.864+0000] {dag.py:3239} INFO - Sync 2 DAGs
[2025-01-27T11:48:51.871+0000] {logging_mixin.py:190} INFO - [2025-01-27T11:48:51.871+0000] {dag.py:4180} INFO - Setting next_dagrun for example_subdag_operator.section-1 to None, run_after=None
[2025-01-27T11:48:51.872+0000] {logging_mixin.py:190} INFO - [2025-01-27T11:48:51.872+0000] {dag.py:4180} INFO - Setting next_dagrun for example_subdag_operator.section-2 to None, run_after=None
[2025-01-27T11:48:51.888+0000] {processor.py:208} INFO - Processing /home/airflow/.local/lib/python3.12/site-packages/airflow/example_dags/example_subdag_operator.py took 0.147 seconds
[2025-01-27T11:49:22.213+0000] {processor.py:186} INFO - Started process (PID=7027) to work on /home/airflow/.local/lib/python3.12/site-packages/airflow/example_dags/example_subdag_operator.py
[2025-01-27T11:49:22.215+0000] {processor.py:914} INFO - Processing file /home/airflow/.local/lib/python3.12/site-packages/airflow/example_dags/example_subdag_operator.py for tasks to queue
[2025-01-27T11:49:22.221+0000] {logging_mixin.py:190} INFO - [2025-01-27T11:49:22.219+0000] {dagbag.py:588} INFO - Filling up the DagBag from /home/airflow/.local/lib/python3.12/site-packages/airflow/example_dags/example_subdag_operator.py
[2025-01-27T11:49:22.270+0000] {processor.py:925} INFO - DAG(s) 'example_subdag_operator.section-1', 'example_subdag_operator.section-2', 'example_subdag_operator' retrieved from /home/airflow/.local/lib/python3.12/site-packages/airflow/example_dags/example_subdag_operator.py
[2025-01-27T11:49:22.309+0000] {logging_mixin.py:190} INFO - [2025-01-27T11:49:22.308+0000] {dag.py:3239} INFO - Sync 3 DAGs
[2025-01-27T11:49:22.360+0000] {logging_mixin.py:190} INFO - [2025-01-27T11:49:22.360+0000] {dag.py:4180} INFO - Setting next_dagrun for example_subdag_operator to 2022-01-01 00:00:00+00:00, run_after=2022-01-01 00:00:00+00:00
[2025-01-27T11:49:22.369+0000] {logging_mixin.py:190} INFO - [2025-01-27T11:49:22.368+0000] {dag.py:4180} INFO - Setting next_dagrun for example_subdag_operator.section-1 to None, run_after=None
[2025-01-27T11:49:22.372+0000] {logging_mixin.py:190} INFO - [2025-01-27T11:49:22.372+0000] {dag.py:4180} INFO - Setting next_dagrun for example_subdag_operator.section-2 to None, run_after=None
[2025-01-27T11:49:22.387+0000] {logging_mixin.py:190} INFO - [2025-01-27T11:49:22.386+0000] {dag.py:3239} INFO - Sync 2 DAGs
[2025-01-27T11:49:22.401+0000] {logging_mixin.py:190} INFO - [2025-01-27T11:49:22.401+0000] {dag.py:4180} INFO - Setting next_dagrun for example_subdag_operator.section-1 to None, run_after=None
[2025-01-27T11:49:22.402+0000] {logging_mixin.py:190} INFO - [2025-01-27T11:49:22.402+0000] {dag.py:4180} INFO - Setting next_dagrun for example_subdag_operator.section-2 to None, run_after=None
[2025-01-27T11:49:22.420+0000] {processor.py:208} INFO - Processing /home/airflow/.local/lib/python3.12/site-packages/airflow/example_dags/example_subdag_operator.py took 0.219 seconds
[2025-01-27T11:49:52.518+0000] {processor.py:186} INFO - Started process (PID=7318) to work on /home/airflow/.local/lib/python3.12/site-packages/airflow/example_dags/example_subdag_operator.py
[2025-01-27T11:49:52.519+0000] {processor.py:914} INFO - Processing file /home/airflow/.local/lib/python3.12/site-packages/airflow/example_dags/example_subdag_operator.py for tasks to queue
[2025-01-27T11:49:52.523+0000] {logging_mixin.py:190} INFO - [2025-01-27T11:49:52.522+0000] {dagbag.py:588} INFO - Filling up the DagBag from /home/airflow/.local/lib/python3.12/site-packages/airflow/example_dags/example_subdag_operator.py
[2025-01-27T11:49:52.564+0000] {processor.py:925} INFO - DAG(s) 'example_subdag_operator.section-1', 'example_subdag_operator.section-2', 'example_subdag_operator' retrieved from /home/airflow/.local/lib/python3.12/site-packages/airflow/example_dags/example_subdag_operator.py
[2025-01-27T11:49:52.593+0000] {logging_mixin.py:190} INFO - [2025-01-27T11:49:52.592+0000] {dag.py:3239} INFO - Sync 3 DAGs
[2025-01-27T11:49:52.640+0000] {logging_mixin.py:190} INFO - [2025-01-27T11:49:52.639+0000] {dag.py:4180} INFO - Setting next_dagrun for example_subdag_operator to 2022-01-01 00:00:00+00:00, run_after=2022-01-01 00:00:00+00:00
[2025-01-27T11:49:52.647+0000] {logging_mixin.py:190} INFO - [2025-01-27T11:49:52.646+0000] {dag.py:4180} INFO - Setting next_dagrun for example_subdag_operator.section-1 to None, run_after=None
[2025-01-27T11:49:52.649+0000] {logging_mixin.py:190} INFO - [2025-01-27T11:49:52.649+0000] {dag.py:4180} INFO - Setting next_dagrun for example_subdag_operator.section-2 to None, run_after=None
[2025-01-27T11:49:52.661+0000] {logging_mixin.py:190} INFO - [2025-01-27T11:49:52.660+0000] {dag.py:3239} INFO - Sync 2 DAGs
[2025-01-27T11:49:52.671+0000] {logging_mixin.py:190} INFO - [2025-01-27T11:49:52.671+0000] {dag.py:4180} INFO - Setting next_dagrun for example_subdag_operator.section-1 to None, run_after=None
[2025-01-27T11:49:52.672+0000] {logging_mixin.py:190} INFO - [2025-01-27T11:49:52.672+0000] {dag.py:4180} INFO - Setting next_dagrun for example_subdag_operator.section-2 to None, run_after=None
[2025-01-27T11:49:52.691+0000] {processor.py:208} INFO - Processing /home/airflow/.local/lib/python3.12/site-packages/airflow/example_dags/example_subdag_operator.py took 0.184 seconds
[2025-01-27T11:50:24.678+0000] {processor.py:186} INFO - Started process (PID=7604) to work on /home/airflow/.local/lib/python3.12/site-packages/airflow/example_dags/example_subdag_operator.py
[2025-01-27T11:50:24.680+0000] {processor.py:914} INFO - Processing file /home/airflow/.local/lib/python3.12/site-packages/airflow/example_dags/example_subdag_operator.py for tasks to queue
[2025-01-27T11:50:24.685+0000] {logging_mixin.py:190} INFO - [2025-01-27T11:50:24.684+0000] {dagbag.py:588} INFO - Filling up the DagBag from /home/airflow/.local/lib/python3.12/site-packages/airflow/example_dags/example_subdag_operator.py
[2025-01-27T11:50:24.753+0000] {processor.py:925} INFO - DAG(s) 'example_subdag_operator.section-1', 'example_subdag_operator.section-2', 'example_subdag_operator' retrieved from /home/airflow/.local/lib/python3.12/site-packages/airflow/example_dags/example_subdag_operator.py
[2025-01-27T11:50:24.810+0000] {logging_mixin.py:190} INFO - [2025-01-27T11:50:24.810+0000] {dag.py:3239} INFO - Sync 3 DAGs
[2025-01-27T11:50:24.901+0000] {logging_mixin.py:190} INFO - [2025-01-27T11:50:24.900+0000] {dag.py:4180} INFO - Setting next_dagrun for example_subdag_operator to 2022-01-01 00:00:00+00:00, run_after=2022-01-01 00:00:00+00:00
[2025-01-27T11:50:24.913+0000] {logging_mixin.py:190} INFO - [2025-01-27T11:50:24.912+0000] {dag.py:4180} INFO - Setting next_dagrun for example_subdag_operator.section-1 to None, run_after=None
[2025-01-27T11:50:24.916+0000] {logging_mixin.py:190} INFO - [2025-01-27T11:50:24.916+0000] {dag.py:4180} INFO - Setting next_dagrun for example_subdag_operator.section-2 to None, run_after=None
[2025-01-27T11:50:24.943+0000] {logging_mixin.py:190} INFO - [2025-01-27T11:50:24.943+0000] {dag.py:3239} INFO - Sync 2 DAGs
[2025-01-27T11:50:24.957+0000] {logging_mixin.py:190} INFO - [2025-01-27T11:50:24.957+0000] {dag.py:4180} INFO - Setting next_dagrun for example_subdag_operator.section-1 to None, run_after=None
[2025-01-27T11:50:24.958+0000] {logging_mixin.py:190} INFO - [2025-01-27T11:50:24.958+0000] {dag.py:4180} INFO - Setting next_dagrun for example_subdag_operator.section-2 to None, run_after=None
[2025-01-27T11:50:24.988+0000] {processor.py:208} INFO - Processing /home/airflow/.local/lib/python3.12/site-packages/airflow/example_dags/example_subdag_operator.py took 0.331 seconds
[2025-01-27T11:50:55.548+0000] {processor.py:186} INFO - Started process (PID=7892) to work on /home/airflow/.local/lib/python3.12/site-packages/airflow/example_dags/example_subdag_operator.py
[2025-01-27T11:50:55.549+0000] {processor.py:914} INFO - Processing file /home/airflow/.local/lib/python3.12/site-packages/airflow/example_dags/example_subdag_operator.py for tasks to queue
[2025-01-27T11:50:55.554+0000] {logging_mixin.py:190} INFO - [2025-01-27T11:50:55.553+0000] {dagbag.py:588} INFO - Filling up the DagBag from /home/airflow/.local/lib/python3.12/site-packages/airflow/example_dags/example_subdag_operator.py
[2025-01-27T11:50:55.603+0000] {processor.py:925} INFO - DAG(s) 'example_subdag_operator.section-1', 'example_subdag_operator.section-2', 'example_subdag_operator' retrieved from /home/airflow/.local/lib/python3.12/site-packages/airflow/example_dags/example_subdag_operator.py
[2025-01-27T11:50:55.637+0000] {logging_mixin.py:190} INFO - [2025-01-27T11:50:55.637+0000] {dag.py:3239} INFO - Sync 3 DAGs
[2025-01-27T11:50:55.678+0000] {logging_mixin.py:190} INFO - [2025-01-27T11:50:55.678+0000] {dag.py:4180} INFO - Setting next_dagrun for example_subdag_operator to 2022-01-01 00:00:00+00:00, run_after=2022-01-01 00:00:00+00:00
[2025-01-27T11:50:55.685+0000] {logging_mixin.py:190} INFO - [2025-01-27T11:50:55.685+0000] {dag.py:4180} INFO - Setting next_dagrun for example_subdag_operator.section-1 to None, run_after=None
[2025-01-27T11:50:55.689+0000] {logging_mixin.py:190} INFO - [2025-01-27T11:50:55.689+0000] {dag.py:4180} INFO - Setting next_dagrun for example_subdag_operator.section-2 to None, run_after=None
[2025-01-27T11:50:55.702+0000] {logging_mixin.py:190} INFO - [2025-01-27T11:50:55.701+0000] {dag.py:3239} INFO - Sync 2 DAGs
[2025-01-27T11:50:55.712+0000] {logging_mixin.py:190} INFO - [2025-01-27T11:50:55.712+0000] {dag.py:4180} INFO - Setting next_dagrun for example_subdag_operator.section-1 to None, run_after=None
[2025-01-27T11:50:55.713+0000] {logging_mixin.py:190} INFO - [2025-01-27T11:50:55.713+0000] {dag.py:4180} INFO - Setting next_dagrun for example_subdag_operator.section-2 to None, run_after=None
[2025-01-27T11:50:55.732+0000] {processor.py:208} INFO - Processing /home/airflow/.local/lib/python3.12/site-packages/airflow/example_dags/example_subdag_operator.py took 0.197 seconds
[2025-01-27T11:51:26.188+0000] {processor.py:186} INFO - Started process (PID=8178) to work on /home/airflow/.local/lib/python3.12/site-packages/airflow/example_dags/example_subdag_operator.py
[2025-01-27T11:51:26.190+0000] {processor.py:914} INFO - Processing file /home/airflow/.local/lib/python3.12/site-packages/airflow/example_dags/example_subdag_operator.py for tasks to queue
[2025-01-27T11:51:26.195+0000] {logging_mixin.py:190} INFO - [2025-01-27T11:51:26.194+0000] {dagbag.py:588} INFO - Filling up the DagBag from /home/airflow/.local/lib/python3.12/site-packages/airflow/example_dags/example_subdag_operator.py
[2025-01-27T11:51:26.270+0000] {processor.py:925} INFO - DAG(s) 'example_subdag_operator.section-1', 'example_subdag_operator.section-2', 'example_subdag_operator' retrieved from /home/airflow/.local/lib/python3.12/site-packages/airflow/example_dags/example_subdag_operator.py
[2025-01-27T11:51:26.326+0000] {logging_mixin.py:190} INFO - [2025-01-27T11:51:26.325+0000] {dag.py:3239} INFO - Sync 3 DAGs
[2025-01-27T11:51:26.401+0000] {logging_mixin.py:190} INFO - [2025-01-27T11:51:26.401+0000] {dag.py:4180} INFO - Setting next_dagrun for example_subdag_operator to 2022-01-01 00:00:00+00:00, run_after=2022-01-01 00:00:00+00:00
[2025-01-27T11:51:26.409+0000] {logging_mixin.py:190} INFO - [2025-01-27T11:51:26.409+0000] {dag.py:4180} INFO - Setting next_dagrun for example_subdag_operator.section-1 to None, run_after=None
[2025-01-27T11:51:26.413+0000] {logging_mixin.py:190} INFO - [2025-01-27T11:51:26.412+0000] {dag.py:4180} INFO - Setting next_dagrun for example_subdag_operator.section-2 to None, run_after=None
[2025-01-27T11:51:26.430+0000] {logging_mixin.py:190} INFO - [2025-01-27T11:51:26.429+0000] {dag.py:3239} INFO - Sync 2 DAGs
[2025-01-27T11:51:26.444+0000] {logging_mixin.py:190} INFO - [2025-01-27T11:51:26.444+0000] {dag.py:4180} INFO - Setting next_dagrun for example_subdag_operator.section-1 to None, run_after=None
[2025-01-27T11:51:26.445+0000] {logging_mixin.py:190} INFO - [2025-01-27T11:51:26.445+0000] {dag.py:4180} INFO - Setting next_dagrun for example_subdag_operator.section-2 to None, run_after=None
[2025-01-27T11:51:26.470+0000] {processor.py:208} INFO - Processing /home/airflow/.local/lib/python3.12/site-packages/airflow/example_dags/example_subdag_operator.py took 0.299 seconds
[2025-01-27T11:51:56.732+0000] {processor.py:186} INFO - Started process (PID=8472) to work on /home/airflow/.local/lib/python3.12/site-packages/airflow/example_dags/example_subdag_operator.py
[2025-01-27T11:51:56.734+0000] {processor.py:914} INFO - Processing file /home/airflow/.local/lib/python3.12/site-packages/airflow/example_dags/example_subdag_operator.py for tasks to queue
[2025-01-27T11:51:56.742+0000] {logging_mixin.py:190} INFO - [2025-01-27T11:51:56.737+0000] {dagbag.py:588} INFO - Filling up the DagBag from /home/airflow/.local/lib/python3.12/site-packages/airflow/example_dags/example_subdag_operator.py
[2025-01-27T11:51:56.805+0000] {processor.py:925} INFO - DAG(s) 'example_subdag_operator.section-1', 'example_subdag_operator.section-2', 'example_subdag_operator' retrieved from /home/airflow/.local/lib/python3.12/site-packages/airflow/example_dags/example_subdag_operator.py
[2025-01-27T11:51:56.859+0000] {logging_mixin.py:190} INFO - [2025-01-27T11:51:56.858+0000] {dag.py:3239} INFO - Sync 3 DAGs
[2025-01-27T11:51:56.921+0000] {logging_mixin.py:190} INFO - [2025-01-27T11:51:56.921+0000] {dag.py:4180} INFO - Setting next_dagrun for example_subdag_operator to 2022-01-01 00:00:00+00:00, run_after=2022-01-01 00:00:00+00:00
[2025-01-27T11:51:56.927+0000] {logging_mixin.py:190} INFO - [2025-01-27T11:51:56.927+0000] {dag.py:4180} INFO - Setting next_dagrun for example_subdag_operator.section-1 to None, run_after=None
[2025-01-27T11:51:56.930+0000] {logging_mixin.py:190} INFO - [2025-01-27T11:51:56.930+0000] {dag.py:4180} INFO - Setting next_dagrun for example_subdag_operator.section-2 to None, run_after=None
[2025-01-27T11:51:56.943+0000] {logging_mixin.py:190} INFO - [2025-01-27T11:51:56.943+0000] {dag.py:3239} INFO - Sync 2 DAGs
[2025-01-27T11:51:56.952+0000] {logging_mixin.py:190} INFO - [2025-01-27T11:51:56.952+0000] {dag.py:4180} INFO - Setting next_dagrun for example_subdag_operator.section-1 to None, run_after=None
[2025-01-27T11:51:56.954+0000] {logging_mixin.py:190} INFO - [2025-01-27T11:51:56.953+0000] {dag.py:4180} INFO - Setting next_dagrun for example_subdag_operator.section-2 to None, run_after=None
[2025-01-27T11:51:56.981+0000] {processor.py:208} INFO - Processing /home/airflow/.local/lib/python3.12/site-packages/airflow/example_dags/example_subdag_operator.py took 0.263 seconds
[2025-01-27T11:52:27.206+0000] {processor.py:186} INFO - Started process (PID=8765) to work on /home/airflow/.local/lib/python3.12/site-packages/airflow/example_dags/example_subdag_operator.py
[2025-01-27T11:52:27.209+0000] {processor.py:914} INFO - Processing file /home/airflow/.local/lib/python3.12/site-packages/airflow/example_dags/example_subdag_operator.py for tasks to queue
[2025-01-27T11:52:27.213+0000] {logging_mixin.py:190} INFO - [2025-01-27T11:52:27.212+0000] {dagbag.py:588} INFO - Filling up the DagBag from /home/airflow/.local/lib/python3.12/site-packages/airflow/example_dags/example_subdag_operator.py
[2025-01-27T11:52:27.275+0000] {processor.py:925} INFO - DAG(s) 'example_subdag_operator.section-1', 'example_subdag_operator.section-2', 'example_subdag_operator' retrieved from /home/airflow/.local/lib/python3.12/site-packages/airflow/example_dags/example_subdag_operator.py
[2025-01-27T11:52:27.307+0000] {logging_mixin.py:190} INFO - [2025-01-27T11:52:27.307+0000] {dag.py:3239} INFO - Sync 3 DAGs
[2025-01-27T11:52:27.365+0000] {logging_mixin.py:190} INFO - [2025-01-27T11:52:27.365+0000] {dag.py:4180} INFO - Setting next_dagrun for example_subdag_operator to 2022-01-01 00:00:00+00:00, run_after=2022-01-01 00:00:00+00:00
[2025-01-27T11:52:27.373+0000] {logging_mixin.py:190} INFO - [2025-01-27T11:52:27.373+0000] {dag.py:4180} INFO - Setting next_dagrun for example_subdag_operator.section-1 to None, run_after=None
[2025-01-27T11:52:27.376+0000] {logging_mixin.py:190} INFO - [2025-01-27T11:52:27.376+0000] {dag.py:4180} INFO - Setting next_dagrun for example_subdag_operator.section-2 to None, run_after=None
[2025-01-27T11:52:27.401+0000] {logging_mixin.py:190} INFO - [2025-01-27T11:52:27.401+0000] {dag.py:3239} INFO - Sync 2 DAGs
[2025-01-27T11:52:27.412+0000] {logging_mixin.py:190} INFO - [2025-01-27T11:52:27.411+0000] {dag.py:4180} INFO - Setting next_dagrun for example_subdag_operator.section-1 to None, run_after=None
[2025-01-27T11:52:27.415+0000] {logging_mixin.py:190} INFO - [2025-01-27T11:52:27.414+0000] {dag.py:4180} INFO - Setting next_dagrun for example_subdag_operator.section-2 to None, run_after=None
[2025-01-27T11:52:27.437+0000] {processor.py:208} INFO - Processing /home/airflow/.local/lib/python3.12/site-packages/airflow/example_dags/example_subdag_operator.py took 0.244 seconds
[2025-01-27T11:52:58.379+0000] {processor.py:186} INFO - Started process (PID=9056) to work on /home/airflow/.local/lib/python3.12/site-packages/airflow/example_dags/example_subdag_operator.py
[2025-01-27T11:52:58.381+0000] {processor.py:914} INFO - Processing file /home/airflow/.local/lib/python3.12/site-packages/airflow/example_dags/example_subdag_operator.py for tasks to queue
[2025-01-27T11:52:58.386+0000] {logging_mixin.py:190} INFO - [2025-01-27T11:52:58.384+0000] {dagbag.py:588} INFO - Filling up the DagBag from /home/airflow/.local/lib/python3.12/site-packages/airflow/example_dags/example_subdag_operator.py
[2025-01-27T11:52:58.426+0000] {processor.py:925} INFO - DAG(s) 'example_subdag_operator.section-1', 'example_subdag_operator.section-2', 'example_subdag_operator' retrieved from /home/airflow/.local/lib/python3.12/site-packages/airflow/example_dags/example_subdag_operator.py
[2025-01-27T11:52:58.453+0000] {logging_mixin.py:190} INFO - [2025-01-27T11:52:58.452+0000] {dag.py:3239} INFO - Sync 3 DAGs
[2025-01-27T11:52:58.500+0000] {logging_mixin.py:190} INFO - [2025-01-27T11:52:58.500+0000] {dag.py:4180} INFO - Setting next_dagrun for example_subdag_operator to 2022-01-01 00:00:00+00:00, run_after=2022-01-01 00:00:00+00:00
[2025-01-27T11:52:58.507+0000] {logging_mixin.py:190} INFO - [2025-01-27T11:52:58.507+0000] {dag.py:4180} INFO - Setting next_dagrun for example_subdag_operator.section-1 to None, run_after=None
[2025-01-27T11:52:58.510+0000] {logging_mixin.py:190} INFO - [2025-01-27T11:52:58.510+0000] {dag.py:4180} INFO - Setting next_dagrun for example_subdag_operator.section-2 to None, run_after=None
[2025-01-27T11:52:58.524+0000] {logging_mixin.py:190} INFO - [2025-01-27T11:52:58.524+0000] {dag.py:3239} INFO - Sync 2 DAGs
[2025-01-27T11:52:58.534+0000] {logging_mixin.py:190} INFO - [2025-01-27T11:52:58.533+0000] {dag.py:4180} INFO - Setting next_dagrun for example_subdag_operator.section-1 to None, run_after=None
[2025-01-27T11:52:58.535+0000] {logging_mixin.py:190} INFO - [2025-01-27T11:52:58.534+0000] {dag.py:4180} INFO - Setting next_dagrun for example_subdag_operator.section-2 to None, run_after=None
[2025-01-27T11:52:58.554+0000] {processor.py:208} INFO - Processing /home/airflow/.local/lib/python3.12/site-packages/airflow/example_dags/example_subdag_operator.py took 0.188 seconds
