[2025-01-27T11:29:49.941+0000] {processor.py:186} INFO - Started process (PID=71) to work on /home/airflow/.local/lib/python3.12/site-packages/airflow/example_dags/example_branch_labels.py
[2025-01-27T11:29:49.942+0000] {processor.py:914} INFO - Processing file /home/airflow/.local/lib/python3.12/site-packages/airflow/example_dags/example_branch_labels.py for tasks to queue
[2025-01-27T11:29:49.947+0000] {logging_mixin.py:190} INFO - [2025-01-27T11:29:49.946+0000] {dagbag.py:588} INFO - Filling up the DagBag from /home/airflow/.local/lib/python3.12/site-packages/airflow/example_dags/example_branch_labels.py
[2025-01-27T11:29:49.979+0000] {processor.py:925} INFO - DAG(s) 'example_branch_labels' retrieved from /home/airflow/.local/lib/python3.12/site-packages/airflow/example_dags/example_branch_labels.py
[2025-01-27T11:29:50.038+0000] {logging_mixin.py:190} INFO - [2025-01-27T11:29:50.037+0000] {dag.py:3239} INFO - Sync 1 DAGs
[2025-01-27T11:29:50.110+0000] {logging_mixin.py:190} INFO - [2025-01-27T11:29:50.110+0000] {dag.py:4180} INFO - Setting next_dagrun for example_branch_labels to 2025-01-26 00:00:00+00:00, run_after=2025-01-27 00:00:00+00:00
[2025-01-27T11:29:50.141+0000] {processor.py:208} INFO - Processing /home/airflow/.local/lib/python3.12/site-packages/airflow/example_dags/example_branch_labels.py took 0.215 seconds
[2025-01-27T11:30:20.817+0000] {processor.py:186} INFO - Started process (PID=135) to work on /home/airflow/.local/lib/python3.12/site-packages/airflow/example_dags/example_branch_labels.py
[2025-01-27T11:30:20.818+0000] {processor.py:914} INFO - Processing file /home/airflow/.local/lib/python3.12/site-packages/airflow/example_dags/example_branch_labels.py for tasks to queue
[2025-01-27T11:30:20.823+0000] {logging_mixin.py:190} INFO - [2025-01-27T11:30:20.822+0000] {dagbag.py:588} INFO - Filling up the DagBag from /home/airflow/.local/lib/python3.12/site-packages/airflow/example_dags/example_branch_labels.py
[2025-01-27T11:30:20.842+0000] {processor.py:925} INFO - DAG(s) 'example_branch_labels' retrieved from /home/airflow/.local/lib/python3.12/site-packages/airflow/example_dags/example_branch_labels.py
[2025-01-27T11:30:20.882+0000] {logging_mixin.py:190} INFO - [2025-01-27T11:30:20.882+0000] {dag.py:3239} INFO - Sync 1 DAGs
[2025-01-27T11:30:20.937+0000] {logging_mixin.py:190} INFO - [2025-01-27T11:30:20.937+0000] {dag.py:4180} INFO - Setting next_dagrun for example_branch_labels to 2025-01-26 00:00:00+00:00, run_after=2025-01-27 00:00:00+00:00
[2025-01-27T11:30:20.975+0000] {processor.py:208} INFO - Processing /home/airflow/.local/lib/python3.12/site-packages/airflow/example_dags/example_branch_labels.py took 0.173 seconds
[2025-01-27T11:30:52.964+0000] {processor.py:186} INFO - Started process (PID=198) to work on /home/airflow/.local/lib/python3.12/site-packages/airflow/example_dags/example_branch_labels.py
[2025-01-27T11:30:52.970+0000] {processor.py:914} INFO - Processing file /home/airflow/.local/lib/python3.12/site-packages/airflow/example_dags/example_branch_labels.py for tasks to queue
[2025-01-27T11:30:52.978+0000] {logging_mixin.py:190} INFO - [2025-01-27T11:30:52.977+0000] {dagbag.py:588} INFO - Filling up the DagBag from /home/airflow/.local/lib/python3.12/site-packages/airflow/example_dags/example_branch_labels.py
[2025-01-27T11:30:53.005+0000] {processor.py:925} INFO - DAG(s) 'example_branch_labels' retrieved from /home/airflow/.local/lib/python3.12/site-packages/airflow/example_dags/example_branch_labels.py
[2025-01-27T11:30:53.058+0000] {logging_mixin.py:190} INFO - [2025-01-27T11:30:53.058+0000] {dag.py:3239} INFO - Sync 1 DAGs
[2025-01-27T11:30:53.128+0000] {logging_mixin.py:190} INFO - [2025-01-27T11:30:53.127+0000] {dag.py:4180} INFO - Setting next_dagrun for example_branch_labels to 2025-01-26 00:00:00+00:00, run_after=2025-01-27 00:00:00+00:00
[2025-01-27T11:30:53.178+0000] {processor.py:208} INFO - Processing /home/airflow/.local/lib/python3.12/site-packages/airflow/example_dags/example_branch_labels.py took 0.238 seconds
[2025-01-27T11:31:23.237+0000] {processor.py:186} INFO - Started process (PID=260) to work on /home/airflow/.local/lib/python3.12/site-packages/airflow/example_dags/example_branch_labels.py
[2025-01-27T11:31:23.239+0000] {processor.py:914} INFO - Processing file /home/airflow/.local/lib/python3.12/site-packages/airflow/example_dags/example_branch_labels.py for tasks to queue
[2025-01-27T11:31:23.244+0000] {logging_mixin.py:190} INFO - [2025-01-27T11:31:23.244+0000] {dagbag.py:588} INFO - Filling up the DagBag from /home/airflow/.local/lib/python3.12/site-packages/airflow/example_dags/example_branch_labels.py
[2025-01-27T11:31:23.257+0000] {processor.py:925} INFO - DAG(s) 'example_branch_labels' retrieved from /home/airflow/.local/lib/python3.12/site-packages/airflow/example_dags/example_branch_labels.py
[2025-01-27T11:31:23.292+0000] {logging_mixin.py:190} INFO - [2025-01-27T11:31:23.291+0000] {dag.py:3239} INFO - Sync 1 DAGs
[2025-01-27T11:31:23.327+0000] {logging_mixin.py:190} INFO - [2025-01-27T11:31:23.326+0000] {dag.py:4180} INFO - Setting next_dagrun for example_branch_labels to 2025-01-26 00:00:00+00:00, run_after=2025-01-27 00:00:00+00:00
[2025-01-27T11:31:23.348+0000] {processor.py:208} INFO - Processing /home/airflow/.local/lib/python3.12/site-packages/airflow/example_dags/example_branch_labels.py took 0.118 seconds
[2025-01-27T11:31:53.874+0000] {processor.py:186} INFO - Started process (PID=322) to work on /home/airflow/.local/lib/python3.12/site-packages/airflow/example_dags/example_branch_labels.py
[2025-01-27T11:31:53.876+0000] {processor.py:914} INFO - Processing file /home/airflow/.local/lib/python3.12/site-packages/airflow/example_dags/example_branch_labels.py for tasks to queue
[2025-01-27T11:31:53.879+0000] {logging_mixin.py:190} INFO - [2025-01-27T11:31:53.878+0000] {dagbag.py:588} INFO - Filling up the DagBag from /home/airflow/.local/lib/python3.12/site-packages/airflow/example_dags/example_branch_labels.py
[2025-01-27T11:31:53.895+0000] {processor.py:925} INFO - DAG(s) 'example_branch_labels' retrieved from /home/airflow/.local/lib/python3.12/site-packages/airflow/example_dags/example_branch_labels.py
[2025-01-27T11:31:53.923+0000] {logging_mixin.py:190} INFO - [2025-01-27T11:31:53.922+0000] {dag.py:3239} INFO - Sync 1 DAGs
[2025-01-27T11:31:53.956+0000] {logging_mixin.py:190} INFO - [2025-01-27T11:31:53.955+0000] {dag.py:4180} INFO - Setting next_dagrun for example_branch_labels to 2025-01-26 00:00:00+00:00, run_after=2025-01-27 00:00:00+00:00
[2025-01-27T11:31:53.980+0000] {processor.py:208} INFO - Processing /home/airflow/.local/lib/python3.12/site-packages/airflow/example_dags/example_branch_labels.py took 0.113 seconds
[2025-01-27T11:37:30.273+0000] {processor.py:186} INFO - Started process (PID=313) to work on /home/airflow/.local/lib/python3.12/site-packages/airflow/example_dags/example_branch_labels.py
[2025-01-27T11:37:30.275+0000] {processor.py:914} INFO - Processing file /home/airflow/.local/lib/python3.12/site-packages/airflow/example_dags/example_branch_labels.py for tasks to queue
[2025-01-27T11:37:30.280+0000] {logging_mixin.py:190} INFO - [2025-01-27T11:37:30.279+0000] {dagbag.py:588} INFO - Filling up the DagBag from /home/airflow/.local/lib/python3.12/site-packages/airflow/example_dags/example_branch_labels.py
[2025-01-27T11:37:30.302+0000] {processor.py:925} INFO - DAG(s) 'example_branch_labels' retrieved from /home/airflow/.local/lib/python3.12/site-packages/airflow/example_dags/example_branch_labels.py
[2025-01-27T11:37:30.364+0000] {logging_mixin.py:190} INFO - [2025-01-27T11:37:30.364+0000] {dag.py:3239} INFO - Sync 1 DAGs
[2025-01-27T11:37:30.433+0000] {logging_mixin.py:190} INFO - [2025-01-27T11:37:30.432+0000] {dag.py:4180} INFO - Setting next_dagrun for example_branch_labels to 2025-01-26 00:00:00+00:00, run_after=2025-01-27 00:00:00+00:00
[2025-01-27T11:37:30.473+0000] {processor.py:208} INFO - Processing /home/airflow/.local/lib/python3.12/site-packages/airflow/example_dags/example_branch_labels.py took 0.211 seconds
[2025-01-27T11:38:01.336+0000] {processor.py:186} INFO - Started process (PID=606) to work on /home/airflow/.local/lib/python3.12/site-packages/airflow/example_dags/example_branch_labels.py
[2025-01-27T11:38:01.337+0000] {processor.py:914} INFO - Processing file /home/airflow/.local/lib/python3.12/site-packages/airflow/example_dags/example_branch_labels.py for tasks to queue
[2025-01-27T11:38:01.340+0000] {logging_mixin.py:190} INFO - [2025-01-27T11:38:01.340+0000] {dagbag.py:588} INFO - Filling up the DagBag from /home/airflow/.local/lib/python3.12/site-packages/airflow/example_dags/example_branch_labels.py
[2025-01-27T11:38:01.354+0000] {processor.py:925} INFO - DAG(s) 'example_branch_labels' retrieved from /home/airflow/.local/lib/python3.12/site-packages/airflow/example_dags/example_branch_labels.py
[2025-01-27T11:38:01.386+0000] {logging_mixin.py:190} INFO - [2025-01-27T11:38:01.386+0000] {dag.py:3239} INFO - Sync 1 DAGs
[2025-01-27T11:38:01.439+0000] {logging_mixin.py:190} INFO - [2025-01-27T11:38:01.439+0000] {dag.py:4180} INFO - Setting next_dagrun for example_branch_labels to 2025-01-26 00:00:00+00:00, run_after=2025-01-27 00:00:00+00:00
[2025-01-27T11:38:01.493+0000] {processor.py:208} INFO - Processing /home/airflow/.local/lib/python3.12/site-packages/airflow/example_dags/example_branch_labels.py took 0.168 seconds
[2025-01-27T11:38:34.265+0000] {processor.py:186} INFO - Started process (PID=895) to work on /home/airflow/.local/lib/python3.12/site-packages/airflow/example_dags/example_branch_labels.py
[2025-01-27T11:38:34.266+0000] {processor.py:914} INFO - Processing file /home/airflow/.local/lib/python3.12/site-packages/airflow/example_dags/example_branch_labels.py for tasks to queue
[2025-01-27T11:38:34.271+0000] {logging_mixin.py:190} INFO - [2025-01-27T11:38:34.270+0000] {dagbag.py:588} INFO - Filling up the DagBag from /home/airflow/.local/lib/python3.12/site-packages/airflow/example_dags/example_branch_labels.py
[2025-01-27T11:38:34.295+0000] {processor.py:925} INFO - DAG(s) 'example_branch_labels' retrieved from /home/airflow/.local/lib/python3.12/site-packages/airflow/example_dags/example_branch_labels.py
[2025-01-27T11:38:34.341+0000] {logging_mixin.py:190} INFO - [2025-01-27T11:38:34.340+0000] {dag.py:3239} INFO - Sync 1 DAGs
[2025-01-27T11:38:34.411+0000] {logging_mixin.py:190} INFO - [2025-01-27T11:38:34.410+0000] {dag.py:4180} INFO - Setting next_dagrun for example_branch_labels to 2025-01-26 00:00:00+00:00, run_after=2025-01-27 00:00:00+00:00
[2025-01-27T11:38:34.467+0000] {processor.py:208} INFO - Processing /home/airflow/.local/lib/python3.12/site-packages/airflow/example_dags/example_branch_labels.py took 0.216 seconds
[2025-01-27T11:39:06.712+0000] {processor.py:186} INFO - Started process (PID=1186) to work on /home/airflow/.local/lib/python3.12/site-packages/airflow/example_dags/example_branch_labels.py
[2025-01-27T11:39:06.715+0000] {processor.py:914} INFO - Processing file /home/airflow/.local/lib/python3.12/site-packages/airflow/example_dags/example_branch_labels.py for tasks to queue
[2025-01-27T11:39:06.722+0000] {logging_mixin.py:190} INFO - [2025-01-27T11:39:06.721+0000] {dagbag.py:588} INFO - Filling up the DagBag from /home/airflow/.local/lib/python3.12/site-packages/airflow/example_dags/example_branch_labels.py
[2025-01-27T11:39:06.747+0000] {processor.py:925} INFO - DAG(s) 'example_branch_labels' retrieved from /home/airflow/.local/lib/python3.12/site-packages/airflow/example_dags/example_branch_labels.py
[2025-01-27T11:39:06.802+0000] {logging_mixin.py:190} INFO - [2025-01-27T11:39:06.801+0000] {dag.py:3239} INFO - Sync 1 DAGs
[2025-01-27T11:39:06.875+0000] {logging_mixin.py:190} INFO - [2025-01-27T11:39:06.874+0000] {dag.py:4180} INFO - Setting next_dagrun for example_branch_labels to 2025-01-26 00:00:00+00:00, run_after=2025-01-27 00:00:00+00:00
[2025-01-27T11:39:06.942+0000] {processor.py:208} INFO - Processing /home/airflow/.local/lib/python3.12/site-packages/airflow/example_dags/example_branch_labels.py took 0.248 seconds
[2025-01-27T11:39:37.511+0000] {processor.py:186} INFO - Started process (PID=1478) to work on /home/airflow/.local/lib/python3.12/site-packages/airflow/example_dags/example_branch_labels.py
[2025-01-27T11:39:37.513+0000] {processor.py:914} INFO - Processing file /home/airflow/.local/lib/python3.12/site-packages/airflow/example_dags/example_branch_labels.py for tasks to queue
[2025-01-27T11:39:37.517+0000] {logging_mixin.py:190} INFO - [2025-01-27T11:39:37.516+0000] {dagbag.py:588} INFO - Filling up the DagBag from /home/airflow/.local/lib/python3.12/site-packages/airflow/example_dags/example_branch_labels.py
[2025-01-27T11:39:37.533+0000] {processor.py:925} INFO - DAG(s) 'example_branch_labels' retrieved from /home/airflow/.local/lib/python3.12/site-packages/airflow/example_dags/example_branch_labels.py
[2025-01-27T11:39:37.561+0000] {logging_mixin.py:190} INFO - [2025-01-27T11:39:37.561+0000] {dag.py:3239} INFO - Sync 1 DAGs
[2025-01-27T11:39:37.597+0000] {logging_mixin.py:190} INFO - [2025-01-27T11:39:37.596+0000] {dag.py:4180} INFO - Setting next_dagrun for example_branch_labels to 2025-01-26 00:00:00+00:00, run_after=2025-01-27 00:00:00+00:00
[2025-01-27T11:39:37.624+0000] {processor.py:208} INFO - Processing /home/airflow/.local/lib/python3.12/site-packages/airflow/example_dags/example_branch_labels.py took 0.122 seconds
[2025-01-27T11:40:09.007+0000] {processor.py:186} INFO - Started process (PID=1773) to work on /home/airflow/.local/lib/python3.12/site-packages/airflow/example_dags/example_branch_labels.py
[2025-01-27T11:40:09.010+0000] {processor.py:914} INFO - Processing file /home/airflow/.local/lib/python3.12/site-packages/airflow/example_dags/example_branch_labels.py for tasks to queue
[2025-01-27T11:40:09.016+0000] {logging_mixin.py:190} INFO - [2025-01-27T11:40:09.015+0000] {dagbag.py:588} INFO - Filling up the DagBag from /home/airflow/.local/lib/python3.12/site-packages/airflow/example_dags/example_branch_labels.py
[2025-01-27T11:40:09.034+0000] {processor.py:925} INFO - DAG(s) 'example_branch_labels' retrieved from /home/airflow/.local/lib/python3.12/site-packages/airflow/example_dags/example_branch_labels.py
[2025-01-27T11:40:09.074+0000] {logging_mixin.py:190} INFO - [2025-01-27T11:40:09.073+0000] {dag.py:3239} INFO - Sync 1 DAGs
[2025-01-27T11:40:09.139+0000] {logging_mixin.py:190} INFO - [2025-01-27T11:40:09.139+0000] {dag.py:4180} INFO - Setting next_dagrun for example_branch_labels to 2025-01-26 00:00:00+00:00, run_after=2025-01-27 00:00:00+00:00
[2025-01-27T11:40:09.175+0000] {processor.py:208} INFO - Processing /home/airflow/.local/lib/python3.12/site-packages/airflow/example_dags/example_branch_labels.py took 0.183 seconds
[2025-01-27T11:40:40.092+0000] {processor.py:186} INFO - Started process (PID=2064) to work on /home/airflow/.local/lib/python3.12/site-packages/airflow/example_dags/example_branch_labels.py
[2025-01-27T11:40:40.093+0000] {processor.py:914} INFO - Processing file /home/airflow/.local/lib/python3.12/site-packages/airflow/example_dags/example_branch_labels.py for tasks to queue
[2025-01-27T11:40:40.097+0000] {logging_mixin.py:190} INFO - [2025-01-27T11:40:40.096+0000] {dagbag.py:588} INFO - Filling up the DagBag from /home/airflow/.local/lib/python3.12/site-packages/airflow/example_dags/example_branch_labels.py
[2025-01-27T11:40:40.111+0000] {processor.py:925} INFO - DAG(s) 'example_branch_labels' retrieved from /home/airflow/.local/lib/python3.12/site-packages/airflow/example_dags/example_branch_labels.py
[2025-01-27T11:40:40.144+0000] {logging_mixin.py:190} INFO - [2025-01-27T11:40:40.143+0000] {dag.py:3239} INFO - Sync 1 DAGs
[2025-01-27T11:40:40.192+0000] {logging_mixin.py:190} INFO - [2025-01-27T11:40:40.192+0000] {dag.py:4180} INFO - Setting next_dagrun for example_branch_labels to 2025-01-26 00:00:00+00:00, run_after=2025-01-27 00:00:00+00:00
[2025-01-27T11:40:40.222+0000] {processor.py:208} INFO - Processing /home/airflow/.local/lib/python3.12/site-packages/airflow/example_dags/example_branch_labels.py took 0.142 seconds
[2025-01-27T11:41:10.338+0000] {processor.py:186} INFO - Started process (PID=2352) to work on /home/airflow/.local/lib/python3.12/site-packages/airflow/example_dags/example_branch_labels.py
[2025-01-27T11:41:10.339+0000] {processor.py:914} INFO - Processing file /home/airflow/.local/lib/python3.12/site-packages/airflow/example_dags/example_branch_labels.py for tasks to queue
[2025-01-27T11:41:10.342+0000] {logging_mixin.py:190} INFO - [2025-01-27T11:41:10.342+0000] {dagbag.py:588} INFO - Filling up the DagBag from /home/airflow/.local/lib/python3.12/site-packages/airflow/example_dags/example_branch_labels.py
[2025-01-27T11:41:10.353+0000] {processor.py:925} INFO - DAG(s) 'example_branch_labels' retrieved from /home/airflow/.local/lib/python3.12/site-packages/airflow/example_dags/example_branch_labels.py
[2025-01-27T11:41:10.377+0000] {logging_mixin.py:190} INFO - [2025-01-27T11:41:10.377+0000] {dag.py:3239} INFO - Sync 1 DAGs
[2025-01-27T11:41:10.412+0000] {logging_mixin.py:190} INFO - [2025-01-27T11:41:10.412+0000] {dag.py:4180} INFO - Setting next_dagrun for example_branch_labels to 2025-01-26 00:00:00+00:00, run_after=2025-01-27 00:00:00+00:00
[2025-01-27T11:41:10.437+0000] {processor.py:208} INFO - Processing /home/airflow/.local/lib/python3.12/site-packages/airflow/example_dags/example_branch_labels.py took 0.106 seconds
[2025-01-27T11:41:41.731+0000] {processor.py:186} INFO - Started process (PID=2641) to work on /home/airflow/.local/lib/python3.12/site-packages/airflow/example_dags/example_branch_labels.py
[2025-01-27T11:41:41.734+0000] {processor.py:914} INFO - Processing file /home/airflow/.local/lib/python3.12/site-packages/airflow/example_dags/example_branch_labels.py for tasks to queue
[2025-01-27T11:41:41.742+0000] {logging_mixin.py:190} INFO - [2025-01-27T11:41:41.740+0000] {dagbag.py:588} INFO - Filling up the DagBag from /home/airflow/.local/lib/python3.12/site-packages/airflow/example_dags/example_branch_labels.py
[2025-01-27T11:41:41.774+0000] {processor.py:925} INFO - DAG(s) 'example_branch_labels' retrieved from /home/airflow/.local/lib/python3.12/site-packages/airflow/example_dags/example_branch_labels.py
[2025-01-27T11:41:41.850+0000] {logging_mixin.py:190} INFO - [2025-01-27T11:41:41.849+0000] {dag.py:3239} INFO - Sync 1 DAGs
[2025-01-27T11:41:41.952+0000] {logging_mixin.py:190} INFO - [2025-01-27T11:41:41.951+0000] {dag.py:4180} INFO - Setting next_dagrun for example_branch_labels to 2025-01-26 00:00:00+00:00, run_after=2025-01-27 00:00:00+00:00
[2025-01-27T11:41:42.017+0000] {processor.py:208} INFO - Processing /home/airflow/.local/lib/python3.12/site-packages/airflow/example_dags/example_branch_labels.py took 0.305 seconds
[2025-01-27T11:42:12.925+0000] {processor.py:186} INFO - Started process (PID=2932) to work on /home/airflow/.local/lib/python3.12/site-packages/airflow/example_dags/example_branch_labels.py
[2025-01-27T11:42:12.927+0000] {processor.py:914} INFO - Processing file /home/airflow/.local/lib/python3.12/site-packages/airflow/example_dags/example_branch_labels.py for tasks to queue
[2025-01-27T11:42:12.934+0000] {logging_mixin.py:190} INFO - [2025-01-27T11:42:12.933+0000] {dagbag.py:588} INFO - Filling up the DagBag from /home/airflow/.local/lib/python3.12/site-packages/airflow/example_dags/example_branch_labels.py
[2025-01-27T11:42:12.963+0000] {processor.py:925} INFO - DAG(s) 'example_branch_labels' retrieved from /home/airflow/.local/lib/python3.12/site-packages/airflow/example_dags/example_branch_labels.py
[2025-01-27T11:42:13.005+0000] {logging_mixin.py:190} INFO - [2025-01-27T11:42:13.004+0000] {dag.py:3239} INFO - Sync 1 DAGs
[2025-01-27T11:42:13.078+0000] {logging_mixin.py:190} INFO - [2025-01-27T11:42:13.077+0000] {dag.py:4180} INFO - Setting next_dagrun for example_branch_labels to 2025-01-26 00:00:00+00:00, run_after=2025-01-27 00:00:00+00:00
[2025-01-27T11:42:13.108+0000] {processor.py:208} INFO - Processing /home/airflow/.local/lib/python3.12/site-packages/airflow/example_dags/example_branch_labels.py took 0.204 seconds
[2025-01-27T11:42:43.720+0000] {processor.py:186} INFO - Started process (PID=3218) to work on /home/airflow/.local/lib/python3.12/site-packages/airflow/example_dags/example_branch_labels.py
[2025-01-27T11:42:43.721+0000] {processor.py:914} INFO - Processing file /home/airflow/.local/lib/python3.12/site-packages/airflow/example_dags/example_branch_labels.py for tasks to queue
[2025-01-27T11:42:43.724+0000] {logging_mixin.py:190} INFO - [2025-01-27T11:42:43.724+0000] {dagbag.py:588} INFO - Filling up the DagBag from /home/airflow/.local/lib/python3.12/site-packages/airflow/example_dags/example_branch_labels.py
[2025-01-27T11:42:43.735+0000] {processor.py:925} INFO - DAG(s) 'example_branch_labels' retrieved from /home/airflow/.local/lib/python3.12/site-packages/airflow/example_dags/example_branch_labels.py
[2025-01-27T11:42:43.759+0000] {logging_mixin.py:190} INFO - [2025-01-27T11:42:43.758+0000] {dag.py:3239} INFO - Sync 1 DAGs
[2025-01-27T11:42:43.787+0000] {logging_mixin.py:190} INFO - [2025-01-27T11:42:43.786+0000] {dag.py:4180} INFO - Setting next_dagrun for example_branch_labels to 2025-01-26 00:00:00+00:00, run_after=2025-01-27 00:00:00+00:00
[2025-01-27T11:42:43.809+0000] {processor.py:208} INFO - Processing /home/airflow/.local/lib/python3.12/site-packages/airflow/example_dags/example_branch_labels.py took 0.097 seconds
[2025-01-27T11:43:14.374+0000] {processor.py:186} INFO - Started process (PID=3509) to work on /home/airflow/.local/lib/python3.12/site-packages/airflow/example_dags/example_branch_labels.py
[2025-01-27T11:43:14.375+0000] {processor.py:914} INFO - Processing file /home/airflow/.local/lib/python3.12/site-packages/airflow/example_dags/example_branch_labels.py for tasks to queue
[2025-01-27T11:43:14.378+0000] {logging_mixin.py:190} INFO - [2025-01-27T11:43:14.378+0000] {dagbag.py:588} INFO - Filling up the DagBag from /home/airflow/.local/lib/python3.12/site-packages/airflow/example_dags/example_branch_labels.py
[2025-01-27T11:43:14.388+0000] {processor.py:925} INFO - DAG(s) 'example_branch_labels' retrieved from /home/airflow/.local/lib/python3.12/site-packages/airflow/example_dags/example_branch_labels.py
[2025-01-27T11:43:14.409+0000] {logging_mixin.py:190} INFO - [2025-01-27T11:43:14.408+0000] {dag.py:3239} INFO - Sync 1 DAGs
[2025-01-27T11:43:14.434+0000] {logging_mixin.py:190} INFO - [2025-01-27T11:43:14.434+0000] {dag.py:4180} INFO - Setting next_dagrun for example_branch_labels to 2025-01-26 00:00:00+00:00, run_after=2025-01-27 00:00:00+00:00
[2025-01-27T11:43:14.454+0000] {processor.py:208} INFO - Processing /home/airflow/.local/lib/python3.12/site-packages/airflow/example_dags/example_branch_labels.py took 0.089 seconds
[2025-01-27T11:43:44.930+0000] {processor.py:186} INFO - Started process (PID=3802) to work on /home/airflow/.local/lib/python3.12/site-packages/airflow/example_dags/example_branch_labels.py
[2025-01-27T11:43:44.932+0000] {processor.py:914} INFO - Processing file /home/airflow/.local/lib/python3.12/site-packages/airflow/example_dags/example_branch_labels.py for tasks to queue
[2025-01-27T11:43:44.937+0000] {logging_mixin.py:190} INFO - [2025-01-27T11:43:44.937+0000] {dagbag.py:588} INFO - Filling up the DagBag from /home/airflow/.local/lib/python3.12/site-packages/airflow/example_dags/example_branch_labels.py
[2025-01-27T11:43:44.959+0000] {processor.py:925} INFO - DAG(s) 'example_branch_labels' retrieved from /home/airflow/.local/lib/python3.12/site-packages/airflow/example_dags/example_branch_labels.py
[2025-01-27T11:43:44.991+0000] {logging_mixin.py:190} INFO - [2025-01-27T11:43:44.990+0000] {dag.py:3239} INFO - Sync 1 DAGs
[2025-01-27T11:43:45.033+0000] {logging_mixin.py:190} INFO - [2025-01-27T11:43:45.032+0000] {dag.py:4180} INFO - Setting next_dagrun for example_branch_labels to 2025-01-26 00:00:00+00:00, run_after=2025-01-27 00:00:00+00:00
[2025-01-27T11:43:45.062+0000] {processor.py:208} INFO - Processing /home/airflow/.local/lib/python3.12/site-packages/airflow/example_dags/example_branch_labels.py took 0.145 seconds
[2025-01-27T11:44:15.614+0000] {processor.py:186} INFO - Started process (PID=4093) to work on /home/airflow/.local/lib/python3.12/site-packages/airflow/example_dags/example_branch_labels.py
[2025-01-27T11:44:15.616+0000] {processor.py:914} INFO - Processing file /home/airflow/.local/lib/python3.12/site-packages/airflow/example_dags/example_branch_labels.py for tasks to queue
[2025-01-27T11:44:15.625+0000] {logging_mixin.py:190} INFO - [2025-01-27T11:44:15.622+0000] {dagbag.py:588} INFO - Filling up the DagBag from /home/airflow/.local/lib/python3.12/site-packages/airflow/example_dags/example_branch_labels.py
[2025-01-27T11:44:15.641+0000] {processor.py:925} INFO - DAG(s) 'example_branch_labels' retrieved from /home/airflow/.local/lib/python3.12/site-packages/airflow/example_dags/example_branch_labels.py
[2025-01-27T11:44:15.670+0000] {logging_mixin.py:190} INFO - [2025-01-27T11:44:15.669+0000] {dag.py:3239} INFO - Sync 1 DAGs
[2025-01-27T11:44:15.702+0000] {logging_mixin.py:190} INFO - [2025-01-27T11:44:15.701+0000] {dag.py:4180} INFO - Setting next_dagrun for example_branch_labels to 2025-01-26 00:00:00+00:00, run_after=2025-01-27 00:00:00+00:00
[2025-01-27T11:44:15.724+0000] {processor.py:208} INFO - Processing /home/airflow/.local/lib/python3.12/site-packages/airflow/example_dags/example_branch_labels.py took 0.117 seconds
[2025-01-27T11:44:45.834+0000] {processor.py:186} INFO - Started process (PID=4384) to work on /home/airflow/.local/lib/python3.12/site-packages/airflow/example_dags/example_branch_labels.py
[2025-01-27T11:44:45.836+0000] {processor.py:914} INFO - Processing file /home/airflow/.local/lib/python3.12/site-packages/airflow/example_dags/example_branch_labels.py for tasks to queue
[2025-01-27T11:44:45.841+0000] {logging_mixin.py:190} INFO - [2025-01-27T11:44:45.840+0000] {dagbag.py:588} INFO - Filling up the DagBag from /home/airflow/.local/lib/python3.12/site-packages/airflow/example_dags/example_branch_labels.py
[2025-01-27T11:44:45.857+0000] {processor.py:925} INFO - DAG(s) 'example_branch_labels' retrieved from /home/airflow/.local/lib/python3.12/site-packages/airflow/example_dags/example_branch_labels.py
[2025-01-27T11:44:45.899+0000] {logging_mixin.py:190} INFO - [2025-01-27T11:44:45.898+0000] {dag.py:3239} INFO - Sync 1 DAGs
[2025-01-27T11:44:45.961+0000] {logging_mixin.py:190} INFO - [2025-01-27T11:44:45.960+0000] {dag.py:4180} INFO - Setting next_dagrun for example_branch_labels to 2025-01-26 00:00:00+00:00, run_after=2025-01-27 00:00:00+00:00
[2025-01-27T11:44:46.019+0000] {processor.py:208} INFO - Processing /home/airflow/.local/lib/python3.12/site-packages/airflow/example_dags/example_branch_labels.py took 0.197 seconds
[2025-01-27T11:45:16.451+0000] {processor.py:186} INFO - Started process (PID=4675) to work on /home/airflow/.local/lib/python3.12/site-packages/airflow/example_dags/example_branch_labels.py
[2025-01-27T11:45:16.452+0000] {processor.py:914} INFO - Processing file /home/airflow/.local/lib/python3.12/site-packages/airflow/example_dags/example_branch_labels.py for tasks to queue
[2025-01-27T11:45:16.455+0000] {logging_mixin.py:190} INFO - [2025-01-27T11:45:16.454+0000] {dagbag.py:588} INFO - Filling up the DagBag from /home/airflow/.local/lib/python3.12/site-packages/airflow/example_dags/example_branch_labels.py
[2025-01-27T11:45:16.468+0000] {processor.py:925} INFO - DAG(s) 'example_branch_labels' retrieved from /home/airflow/.local/lib/python3.12/site-packages/airflow/example_dags/example_branch_labels.py
[2025-01-27T11:45:16.493+0000] {logging_mixin.py:190} INFO - [2025-01-27T11:45:16.493+0000] {dag.py:3239} INFO - Sync 1 DAGs
[2025-01-27T11:45:16.527+0000] {logging_mixin.py:190} INFO - [2025-01-27T11:45:16.527+0000] {dag.py:4180} INFO - Setting next_dagrun for example_branch_labels to 2025-01-26 00:00:00+00:00, run_after=2025-01-27 00:00:00+00:00
[2025-01-27T11:45:16.553+0000] {processor.py:208} INFO - Processing /home/airflow/.local/lib/python3.12/site-packages/airflow/example_dags/example_branch_labels.py took 0.111 seconds
[2025-01-27T11:45:46.695+0000] {processor.py:186} INFO - Started process (PID=4966) to work on /home/airflow/.local/lib/python3.12/site-packages/airflow/example_dags/example_branch_labels.py
[2025-01-27T11:45:46.696+0000] {processor.py:914} INFO - Processing file /home/airflow/.local/lib/python3.12/site-packages/airflow/example_dags/example_branch_labels.py for tasks to queue
[2025-01-27T11:45:46.700+0000] {logging_mixin.py:190} INFO - [2025-01-27T11:45:46.699+0000] {dagbag.py:588} INFO - Filling up the DagBag from /home/airflow/.local/lib/python3.12/site-packages/airflow/example_dags/example_branch_labels.py
[2025-01-27T11:45:46.718+0000] {processor.py:925} INFO - DAG(s) 'example_branch_labels' retrieved from /home/airflow/.local/lib/python3.12/site-packages/airflow/example_dags/example_branch_labels.py
[2025-01-27T11:45:46.747+0000] {logging_mixin.py:190} INFO - [2025-01-27T11:45:46.747+0000] {dag.py:3239} INFO - Sync 1 DAGs
[2025-01-27T11:45:46.780+0000] {logging_mixin.py:190} INFO - [2025-01-27T11:45:46.780+0000] {dag.py:4180} INFO - Setting next_dagrun for example_branch_labels to 2025-01-26 00:00:00+00:00, run_after=2025-01-27 00:00:00+00:00
[2025-01-27T11:45:46.804+0000] {processor.py:208} INFO - Processing /home/airflow/.local/lib/python3.12/site-packages/airflow/example_dags/example_branch_labels.py took 0.118 seconds
[2025-01-27T11:46:17.588+0000] {processor.py:186} INFO - Started process (PID=5261) to work on /home/airflow/.local/lib/python3.12/site-packages/airflow/example_dags/example_branch_labels.py
[2025-01-27T11:46:17.589+0000] {processor.py:914} INFO - Processing file /home/airflow/.local/lib/python3.12/site-packages/airflow/example_dags/example_branch_labels.py for tasks to queue
[2025-01-27T11:46:17.599+0000] {logging_mixin.py:190} INFO - [2025-01-27T11:46:17.598+0000] {dagbag.py:588} INFO - Filling up the DagBag from /home/airflow/.local/lib/python3.12/site-packages/airflow/example_dags/example_branch_labels.py
[2025-01-27T11:46:17.618+0000] {processor.py:925} INFO - DAG(s) 'example_branch_labels' retrieved from /home/airflow/.local/lib/python3.12/site-packages/airflow/example_dags/example_branch_labels.py
[2025-01-27T11:46:17.651+0000] {logging_mixin.py:190} INFO - [2025-01-27T11:46:17.650+0000] {dag.py:3239} INFO - Sync 1 DAGs
[2025-01-27T11:46:17.696+0000] {logging_mixin.py:190} INFO - [2025-01-27T11:46:17.695+0000] {dag.py:4180} INFO - Setting next_dagrun for example_branch_labels to 2025-01-26 00:00:00+00:00, run_after=2025-01-27 00:00:00+00:00
[2025-01-27T11:46:17.731+0000] {processor.py:208} INFO - Processing /home/airflow/.local/lib/python3.12/site-packages/airflow/example_dags/example_branch_labels.py took 0.151 seconds
[2025-01-27T11:46:48.326+0000] {processor.py:186} INFO - Started process (PID=5552) to work on /home/airflow/.local/lib/python3.12/site-packages/airflow/example_dags/example_branch_labels.py
[2025-01-27T11:46:48.327+0000] {processor.py:914} INFO - Processing file /home/airflow/.local/lib/python3.12/site-packages/airflow/example_dags/example_branch_labels.py for tasks to queue
[2025-01-27T11:46:48.331+0000] {logging_mixin.py:190} INFO - [2025-01-27T11:46:48.330+0000] {dagbag.py:588} INFO - Filling up the DagBag from /home/airflow/.local/lib/python3.12/site-packages/airflow/example_dags/example_branch_labels.py
[2025-01-27T11:46:48.348+0000] {processor.py:925} INFO - DAG(s) 'example_branch_labels' retrieved from /home/airflow/.local/lib/python3.12/site-packages/airflow/example_dags/example_branch_labels.py
[2025-01-27T11:46:48.381+0000] {logging_mixin.py:190} INFO - [2025-01-27T11:46:48.381+0000] {dag.py:3239} INFO - Sync 1 DAGs
[2025-01-27T11:46:48.425+0000] {logging_mixin.py:190} INFO - [2025-01-27T11:46:48.424+0000] {dag.py:4180} INFO - Setting next_dagrun for example_branch_labels to 2025-01-26 00:00:00+00:00, run_after=2025-01-27 00:00:00+00:00
[2025-01-27T11:46:48.455+0000] {processor.py:208} INFO - Processing /home/airflow/.local/lib/python3.12/site-packages/airflow/example_dags/example_branch_labels.py took 0.140 seconds
[2025-01-27T11:47:18.858+0000] {processor.py:186} INFO - Started process (PID=5840) to work on /home/airflow/.local/lib/python3.12/site-packages/airflow/example_dags/example_branch_labels.py
[2025-01-27T11:47:18.860+0000] {processor.py:914} INFO - Processing file /home/airflow/.local/lib/python3.12/site-packages/airflow/example_dags/example_branch_labels.py for tasks to queue
[2025-01-27T11:47:18.865+0000] {logging_mixin.py:190} INFO - [2025-01-27T11:47:18.864+0000] {dagbag.py:588} INFO - Filling up the DagBag from /home/airflow/.local/lib/python3.12/site-packages/airflow/example_dags/example_branch_labels.py
[2025-01-27T11:47:18.883+0000] {processor.py:925} INFO - DAG(s) 'example_branch_labels' retrieved from /home/airflow/.local/lib/python3.12/site-packages/airflow/example_dags/example_branch_labels.py
[2025-01-27T11:47:18.917+0000] {logging_mixin.py:190} INFO - [2025-01-27T11:47:18.917+0000] {dag.py:3239} INFO - Sync 1 DAGs
[2025-01-27T11:47:18.955+0000] {logging_mixin.py:190} INFO - [2025-01-27T11:47:18.954+0000] {dag.py:4180} INFO - Setting next_dagrun for example_branch_labels to 2025-01-26 00:00:00+00:00, run_after=2025-01-27 00:00:00+00:00
[2025-01-27T11:47:18.985+0000] {processor.py:208} INFO - Processing /home/airflow/.local/lib/python3.12/site-packages/airflow/example_dags/example_branch_labels.py took 0.135 seconds
[2025-01-27T11:47:49.140+0000] {processor.py:186} INFO - Started process (PID=6131) to work on /home/airflow/.local/lib/python3.12/site-packages/airflow/example_dags/example_branch_labels.py
[2025-01-27T11:47:49.142+0000] {processor.py:914} INFO - Processing file /home/airflow/.local/lib/python3.12/site-packages/airflow/example_dags/example_branch_labels.py for tasks to queue
[2025-01-27T11:47:49.146+0000] {logging_mixin.py:190} INFO - [2025-01-27T11:47:49.145+0000] {dagbag.py:588} INFO - Filling up the DagBag from /home/airflow/.local/lib/python3.12/site-packages/airflow/example_dags/example_branch_labels.py
[2025-01-27T11:47:49.163+0000] {processor.py:925} INFO - DAG(s) 'example_branch_labels' retrieved from /home/airflow/.local/lib/python3.12/site-packages/airflow/example_dags/example_branch_labels.py
[2025-01-27T11:47:49.196+0000] {logging_mixin.py:190} INFO - [2025-01-27T11:47:49.196+0000] {dag.py:3239} INFO - Sync 1 DAGs
[2025-01-27T11:47:49.240+0000] {logging_mixin.py:190} INFO - [2025-01-27T11:47:49.240+0000] {dag.py:4180} INFO - Setting next_dagrun for example_branch_labels to 2025-01-26 00:00:00+00:00, run_after=2025-01-27 00:00:00+00:00
[2025-01-27T11:47:49.275+0000] {processor.py:208} INFO - Processing /home/airflow/.local/lib/python3.12/site-packages/airflow/example_dags/example_branch_labels.py took 0.145 seconds
[2025-01-27T11:48:20.208+0000] {processor.py:186} INFO - Started process (PID=6422) to work on /home/airflow/.local/lib/python3.12/site-packages/airflow/example_dags/example_branch_labels.py
[2025-01-27T11:48:20.211+0000] {processor.py:914} INFO - Processing file /home/airflow/.local/lib/python3.12/site-packages/airflow/example_dags/example_branch_labels.py for tasks to queue
[2025-01-27T11:48:20.220+0000] {logging_mixin.py:190} INFO - [2025-01-27T11:48:20.216+0000] {dagbag.py:588} INFO - Filling up the DagBag from /home/airflow/.local/lib/python3.12/site-packages/airflow/example_dags/example_branch_labels.py
[2025-01-27T11:48:20.250+0000] {processor.py:925} INFO - DAG(s) 'example_branch_labels' retrieved from /home/airflow/.local/lib/python3.12/site-packages/airflow/example_dags/example_branch_labels.py
[2025-01-27T11:48:20.307+0000] {logging_mixin.py:190} INFO - [2025-01-27T11:48:20.307+0000] {dag.py:3239} INFO - Sync 1 DAGs
[2025-01-27T11:48:20.372+0000] {logging_mixin.py:190} INFO - [2025-01-27T11:48:20.371+0000] {dag.py:4180} INFO - Setting next_dagrun for example_branch_labels to 2025-01-26 00:00:00+00:00, run_after=2025-01-27 00:00:00+00:00
[2025-01-27T11:48:20.410+0000] {processor.py:208} INFO - Processing /home/airflow/.local/lib/python3.12/site-packages/airflow/example_dags/example_branch_labels.py took 0.221 seconds
[2025-01-27T11:48:51.237+0000] {processor.py:186} INFO - Started process (PID=6713) to work on /home/airflow/.local/lib/python3.12/site-packages/airflow/example_dags/example_branch_labels.py
[2025-01-27T11:48:51.238+0000] {processor.py:914} INFO - Processing file /home/airflow/.local/lib/python3.12/site-packages/airflow/example_dags/example_branch_labels.py for tasks to queue
[2025-01-27T11:48:51.242+0000] {logging_mixin.py:190} INFO - [2025-01-27T11:48:51.242+0000] {dagbag.py:588} INFO - Filling up the DagBag from /home/airflow/.local/lib/python3.12/site-packages/airflow/example_dags/example_branch_labels.py
[2025-01-27T11:48:51.255+0000] {processor.py:925} INFO - DAG(s) 'example_branch_labels' retrieved from /home/airflow/.local/lib/python3.12/site-packages/airflow/example_dags/example_branch_labels.py
[2025-01-27T11:48:51.285+0000] {logging_mixin.py:190} INFO - [2025-01-27T11:48:51.285+0000] {dag.py:3239} INFO - Sync 1 DAGs
[2025-01-27T11:48:51.319+0000] {logging_mixin.py:190} INFO - [2025-01-27T11:48:51.319+0000] {dag.py:4180} INFO - Setting next_dagrun for example_branch_labels to 2025-01-26 00:00:00+00:00, run_after=2025-01-27 00:00:00+00:00
[2025-01-27T11:48:51.344+0000] {processor.py:208} INFO - Processing /home/airflow/.local/lib/python3.12/site-packages/airflow/example_dags/example_branch_labels.py took 0.115 seconds
[2025-01-27T11:49:21.790+0000] {processor.py:186} INFO - Started process (PID=7004) to work on /home/airflow/.local/lib/python3.12/site-packages/airflow/example_dags/example_branch_labels.py
[2025-01-27T11:49:21.791+0000] {processor.py:914} INFO - Processing file /home/airflow/.local/lib/python3.12/site-packages/airflow/example_dags/example_branch_labels.py for tasks to queue
[2025-01-27T11:49:21.795+0000] {logging_mixin.py:190} INFO - [2025-01-27T11:49:21.794+0000] {dagbag.py:588} INFO - Filling up the DagBag from /home/airflow/.local/lib/python3.12/site-packages/airflow/example_dags/example_branch_labels.py
[2025-01-27T11:49:21.809+0000] {processor.py:925} INFO - DAG(s) 'example_branch_labels' retrieved from /home/airflow/.local/lib/python3.12/site-packages/airflow/example_dags/example_branch_labels.py
[2025-01-27T11:49:21.845+0000] {logging_mixin.py:190} INFO - [2025-01-27T11:49:21.844+0000] {dag.py:3239} INFO - Sync 1 DAGs
[2025-01-27T11:49:21.894+0000] {logging_mixin.py:190} INFO - [2025-01-27T11:49:21.893+0000] {dag.py:4180} INFO - Setting next_dagrun for example_branch_labels to 2025-01-26 00:00:00+00:00, run_after=2025-01-27 00:00:00+00:00
[2025-01-27T11:49:21.922+0000] {processor.py:208} INFO - Processing /home/airflow/.local/lib/python3.12/site-packages/airflow/example_dags/example_branch_labels.py took 0.143 seconds
[2025-01-27T11:49:52.024+0000] {processor.py:186} INFO - Started process (PID=7295) to work on /home/airflow/.local/lib/python3.12/site-packages/airflow/example_dags/example_branch_labels.py
[2025-01-27T11:49:52.026+0000] {processor.py:914} INFO - Processing file /home/airflow/.local/lib/python3.12/site-packages/airflow/example_dags/example_branch_labels.py for tasks to queue
[2025-01-27T11:49:52.032+0000] {logging_mixin.py:190} INFO - [2025-01-27T11:49:52.032+0000] {dagbag.py:588} INFO - Filling up the DagBag from /home/airflow/.local/lib/python3.12/site-packages/airflow/example_dags/example_branch_labels.py
[2025-01-27T11:49:52.048+0000] {processor.py:925} INFO - DAG(s) 'example_branch_labels' retrieved from /home/airflow/.local/lib/python3.12/site-packages/airflow/example_dags/example_branch_labels.py
[2025-01-27T11:49:52.083+0000] {logging_mixin.py:190} INFO - [2025-01-27T11:49:52.083+0000] {dag.py:3239} INFO - Sync 1 DAGs
[2025-01-27T11:49:52.124+0000] {logging_mixin.py:190} INFO - [2025-01-27T11:49:52.123+0000] {dag.py:4180} INFO - Setting next_dagrun for example_branch_labels to 2025-01-26 00:00:00+00:00, run_after=2025-01-27 00:00:00+00:00
[2025-01-27T11:49:52.154+0000] {processor.py:208} INFO - Processing /home/airflow/.local/lib/python3.12/site-packages/airflow/example_dags/example_branch_labels.py took 0.140 seconds
[2025-01-27T11:50:23.329+0000] {processor.py:186} INFO - Started process (PID=7579) to work on /home/airflow/.local/lib/python3.12/site-packages/airflow/example_dags/example_branch_labels.py
[2025-01-27T11:50:23.331+0000] {processor.py:914} INFO - Processing file /home/airflow/.local/lib/python3.12/site-packages/airflow/example_dags/example_branch_labels.py for tasks to queue
[2025-01-27T11:50:23.343+0000] {logging_mixin.py:190} INFO - [2025-01-27T11:50:23.342+0000] {dagbag.py:588} INFO - Filling up the DagBag from /home/airflow/.local/lib/python3.12/site-packages/airflow/example_dags/example_branch_labels.py
[2025-01-27T11:50:23.371+0000] {processor.py:925} INFO - DAG(s) 'example_branch_labels' retrieved from /home/airflow/.local/lib/python3.12/site-packages/airflow/example_dags/example_branch_labels.py
[2025-01-27T11:50:23.428+0000] {logging_mixin.py:190} INFO - [2025-01-27T11:50:23.427+0000] {dag.py:3239} INFO - Sync 1 DAGs
[2025-01-27T11:50:23.500+0000] {logging_mixin.py:190} INFO - [2025-01-27T11:50:23.499+0000] {dag.py:4180} INFO - Setting next_dagrun for example_branch_labels to 2025-01-26 00:00:00+00:00, run_after=2025-01-27 00:00:00+00:00
[2025-01-27T11:50:23.547+0000] {processor.py:208} INFO - Processing /home/airflow/.local/lib/python3.12/site-packages/airflow/example_dags/example_branch_labels.py took 0.235 seconds
[2025-01-27T11:50:54.117+0000] {processor.py:186} INFO - Started process (PID=7867) to work on /home/airflow/.local/lib/python3.12/site-packages/airflow/example_dags/example_branch_labels.py
[2025-01-27T11:50:54.118+0000] {processor.py:914} INFO - Processing file /home/airflow/.local/lib/python3.12/site-packages/airflow/example_dags/example_branch_labels.py for tasks to queue
[2025-01-27T11:50:54.123+0000] {logging_mixin.py:190} INFO - [2025-01-27T11:50:54.123+0000] {dagbag.py:588} INFO - Filling up the DagBag from /home/airflow/.local/lib/python3.12/site-packages/airflow/example_dags/example_branch_labels.py
[2025-01-27T11:50:54.141+0000] {processor.py:925} INFO - DAG(s) 'example_branch_labels' retrieved from /home/airflow/.local/lib/python3.12/site-packages/airflow/example_dags/example_branch_labels.py
[2025-01-27T11:50:54.177+0000] {logging_mixin.py:190} INFO - [2025-01-27T11:50:54.176+0000] {dag.py:3239} INFO - Sync 1 DAGs
[2025-01-27T11:50:54.217+0000] {logging_mixin.py:190} INFO - [2025-01-27T11:50:54.217+0000] {dag.py:4180} INFO - Setting next_dagrun for example_branch_labels to 2025-01-26 00:00:00+00:00, run_after=2025-01-27 00:00:00+00:00
[2025-01-27T11:50:54.247+0000] {processor.py:208} INFO - Processing /home/airflow/.local/lib/python3.12/site-packages/airflow/example_dags/example_branch_labels.py took 0.141 seconds
[2025-01-27T11:51:24.728+0000] {processor.py:186} INFO - Started process (PID=8158) to work on /home/airflow/.local/lib/python3.12/site-packages/airflow/example_dags/example_branch_labels.py
[2025-01-27T11:51:24.730+0000] {processor.py:914} INFO - Processing file /home/airflow/.local/lib/python3.12/site-packages/airflow/example_dags/example_branch_labels.py for tasks to queue
[2025-01-27T11:51:24.736+0000] {logging_mixin.py:190} INFO - [2025-01-27T11:51:24.736+0000] {dagbag.py:588} INFO - Filling up the DagBag from /home/airflow/.local/lib/python3.12/site-packages/airflow/example_dags/example_branch_labels.py
[2025-01-27T11:51:24.757+0000] {processor.py:925} INFO - DAG(s) 'example_branch_labels' retrieved from /home/airflow/.local/lib/python3.12/site-packages/airflow/example_dags/example_branch_labels.py
[2025-01-27T11:51:24.803+0000] {logging_mixin.py:190} INFO - [2025-01-27T11:51:24.802+0000] {dag.py:3239} INFO - Sync 1 DAGs
[2025-01-27T11:51:24.838+0000] {logging_mixin.py:190} INFO - [2025-01-27T11:51:24.838+0000] {dag.py:4180} INFO - Setting next_dagrun for example_branch_labels to 2025-01-26 00:00:00+00:00, run_after=2025-01-27 00:00:00+00:00
[2025-01-27T11:51:24.861+0000] {processor.py:208} INFO - Processing /home/airflow/.local/lib/python3.12/site-packages/airflow/example_dags/example_branch_labels.py took 0.143 seconds
[2025-01-27T11:51:55.034+0000] {processor.py:186} INFO - Started process (PID=8449) to work on /home/airflow/.local/lib/python3.12/site-packages/airflow/example_dags/example_branch_labels.py
[2025-01-27T11:51:55.036+0000] {processor.py:914} INFO - Processing file /home/airflow/.local/lib/python3.12/site-packages/airflow/example_dags/example_branch_labels.py for tasks to queue
[2025-01-27T11:51:55.042+0000] {logging_mixin.py:190} INFO - [2025-01-27T11:51:55.041+0000] {dagbag.py:588} INFO - Filling up the DagBag from /home/airflow/.local/lib/python3.12/site-packages/airflow/example_dags/example_branch_labels.py
[2025-01-27T11:51:55.062+0000] {processor.py:925} INFO - DAG(s) 'example_branch_labels' retrieved from /home/airflow/.local/lib/python3.12/site-packages/airflow/example_dags/example_branch_labels.py
[2025-01-27T11:51:55.098+0000] {logging_mixin.py:190} INFO - [2025-01-27T11:51:55.097+0000] {dag.py:3239} INFO - Sync 1 DAGs
[2025-01-27T11:51:55.144+0000] {logging_mixin.py:190} INFO - [2025-01-27T11:51:55.144+0000] {dag.py:4180} INFO - Setting next_dagrun for example_branch_labels to 2025-01-26 00:00:00+00:00, run_after=2025-01-27 00:00:00+00:00
[2025-01-27T11:51:55.185+0000] {processor.py:208} INFO - Processing /home/airflow/.local/lib/python3.12/site-packages/airflow/example_dags/example_branch_labels.py took 0.162 seconds
[2025-01-27T11:52:25.547+0000] {processor.py:186} INFO - Started process (PID=8740) to work on /home/airflow/.local/lib/python3.12/site-packages/airflow/example_dags/example_branch_labels.py
[2025-01-27T11:52:25.549+0000] {processor.py:914} INFO - Processing file /home/airflow/.local/lib/python3.12/site-packages/airflow/example_dags/example_branch_labels.py for tasks to queue
[2025-01-27T11:52:25.554+0000] {logging_mixin.py:190} INFO - [2025-01-27T11:52:25.554+0000] {dagbag.py:588} INFO - Filling up the DagBag from /home/airflow/.local/lib/python3.12/site-packages/airflow/example_dags/example_branch_labels.py
[2025-01-27T11:52:25.576+0000] {processor.py:925} INFO - DAG(s) 'example_branch_labels' retrieved from /home/airflow/.local/lib/python3.12/site-packages/airflow/example_dags/example_branch_labels.py
[2025-01-27T11:52:25.610+0000] {logging_mixin.py:190} INFO - [2025-01-27T11:52:25.610+0000] {dag.py:3239} INFO - Sync 1 DAGs
[2025-01-27T11:52:25.651+0000] {logging_mixin.py:190} INFO - [2025-01-27T11:52:25.650+0000] {dag.py:4180} INFO - Setting next_dagrun for example_branch_labels to 2025-01-26 00:00:00+00:00, run_after=2025-01-27 00:00:00+00:00
[2025-01-27T11:52:25.678+0000] {processor.py:208} INFO - Processing /home/airflow/.local/lib/python3.12/site-packages/airflow/example_dags/example_branch_labels.py took 0.144 seconds
[2025-01-27T11:52:56.815+0000] {processor.py:186} INFO - Started process (PID=9031) to work on /home/airflow/.local/lib/python3.12/site-packages/airflow/example_dags/example_branch_labels.py
[2025-01-27T11:52:56.817+0000] {processor.py:914} INFO - Processing file /home/airflow/.local/lib/python3.12/site-packages/airflow/example_dags/example_branch_labels.py for tasks to queue
[2025-01-27T11:52:56.824+0000] {logging_mixin.py:190} INFO - [2025-01-27T11:52:56.823+0000] {dagbag.py:588} INFO - Filling up the DagBag from /home/airflow/.local/lib/python3.12/site-packages/airflow/example_dags/example_branch_labels.py
[2025-01-27T11:52:56.846+0000] {processor.py:925} INFO - DAG(s) 'example_branch_labels' retrieved from /home/airflow/.local/lib/python3.12/site-packages/airflow/example_dags/example_branch_labels.py
[2025-01-27T11:52:56.887+0000] {logging_mixin.py:190} INFO - [2025-01-27T11:52:56.886+0000] {dag.py:3239} INFO - Sync 1 DAGs
[2025-01-27T11:52:56.930+0000] {logging_mixin.py:190} INFO - [2025-01-27T11:52:56.929+0000] {dag.py:4180} INFO - Setting next_dagrun for example_branch_labels to 2025-01-26 00:00:00+00:00, run_after=2025-01-27 00:00:00+00:00
[2025-01-27T11:52:56.977+0000] {processor.py:208} INFO - Processing /home/airflow/.local/lib/python3.12/site-packages/airflow/example_dags/example_branch_labels.py took 0.179 seconds
