[2025-01-27T12:19:31.416+0000] {processor.py:186} INFO - Started process (PID=253) to work on /home/airflow/.local/lib/python3.12/site-packages/airflow/example_dags/example_datasets.py
[2025-01-27T12:19:31.421+0000] {processor.py:914} INFO - Processing file /home/airflow/.local/lib/python3.12/site-packages/airflow/example_dags/example_datasets.py for tasks to queue
[2025-01-27T12:19:31.431+0000] {logging_mixin.py:190} INFO - [2025-01-27T12:19:31.430+0000] {dagbag.py:588} INFO - Filling up the DagBag from /home/airflow/.local/lib/python3.12/site-packages/airflow/example_dags/example_datasets.py
[2025-01-27T12:19:33.480+0000] {processor.py:925} INFO - DAG(s) 'dataset_consumes_1_and_2', 'dataset_consumes_unknown_never_scheduled', 'consume_1_or_both_2_and_3_with_dataset_expressions', 'consume_1_or_2_with_dataset_expressions', 'conditional_dataset_and_time_based_timetable', 'dataset_produces_1', 'consume_1_and_2_with_dataset_expressions', 'dataset_consumes_1_never_scheduled', 'dataset_produces_2', 'dataset_consumes_1' retrieved from /home/airflow/.local/lib/python3.12/site-packages/airflow/example_dags/example_datasets.py
[2025-01-27T12:19:34.105+0000] {logging_mixin.py:190} INFO - [2025-01-27T12:19:34.103+0000] {override.py:1911} INFO - Created Permission View: can read on DAG:dataset_consumes_1_and_2
[2025-01-27T12:19:34.189+0000] {logging_mixin.py:190} INFO - [2025-01-27T12:19:34.189+0000] {override.py:1911} INFO - Created Permission View: can delete on DAG:dataset_consumes_1_and_2
[2025-01-27T12:19:34.255+0000] {logging_mixin.py:190} INFO - [2025-01-27T12:19:34.254+0000] {override.py:1911} INFO - Created Permission View: can edit on DAG:dataset_consumes_1_and_2
[2025-01-27T12:19:34.310+0000] {logging_mixin.py:190} INFO - [2025-01-27T12:19:34.309+0000] {override.py:1911} INFO - Created Permission View: can read on DAG Run:dataset_consumes_1_and_2
[2025-01-27T12:19:34.389+0000] {logging_mixin.py:190} INFO - [2025-01-27T12:19:34.388+0000] {override.py:1911} INFO - Created Permission View: can create on DAG Run:dataset_consumes_1_and_2
[2025-01-27T12:19:34.423+0000] {logging_mixin.py:190} INFO - [2025-01-27T12:19:34.422+0000] {override.py:1911} INFO - Created Permission View: menu access on DAG Run:dataset_consumes_1_and_2
[2025-01-27T12:19:34.478+0000] {logging_mixin.py:190} INFO - [2025-01-27T12:19:34.477+0000] {override.py:1911} INFO - Created Permission View: can delete on DAG Run:dataset_consumes_1_and_2
[2025-01-27T12:19:34.556+0000] {logging_mixin.py:190} INFO - [2025-01-27T12:19:34.555+0000] {override.py:1911} INFO - Created Permission View: can read on DAG:dataset_consumes_unknown_never_scheduled
[2025-01-27T12:19:34.643+0000] {logging_mixin.py:190} INFO - [2025-01-27T12:19:34.643+0000] {override.py:1911} INFO - Created Permission View: can delete on DAG:dataset_consumes_unknown_never_scheduled
[2025-01-27T12:19:34.691+0000] {logging_mixin.py:190} INFO - [2025-01-27T12:19:34.690+0000] {override.py:1911} INFO - Created Permission View: can edit on DAG:dataset_consumes_unknown_never_scheduled
[2025-01-27T12:19:34.752+0000] {logging_mixin.py:190} INFO - [2025-01-27T12:19:34.750+0000] {override.py:1911} INFO - Created Permission View: can read on DAG Run:dataset_consumes_unknown_never_scheduled
[2025-01-27T12:19:34.805+0000] {logging_mixin.py:190} INFO - [2025-01-27T12:19:34.805+0000] {override.py:1911} INFO - Created Permission View: can create on DAG Run:dataset_consumes_unknown_never_scheduled
[2025-01-27T12:19:34.838+0000] {logging_mixin.py:190} INFO - [2025-01-27T12:19:34.837+0000] {override.py:1911} INFO - Created Permission View: menu access on DAG Run:dataset_consumes_unknown_never_scheduled
[2025-01-27T12:19:34.861+0000] {logging_mixin.py:190} INFO - [2025-01-27T12:19:34.860+0000] {override.py:1911} INFO - Created Permission View: can delete on DAG Run:dataset_consumes_unknown_never_scheduled
[2025-01-27T12:19:34.896+0000] {logging_mixin.py:190} INFO - [2025-01-27T12:19:34.896+0000] {override.py:1911} INFO - Created Permission View: can read on DAG:consume_1_or_both_2_and_3_with_dataset_expressions
[2025-01-27T12:19:34.922+0000] {logging_mixin.py:190} INFO - [2025-01-27T12:19:34.921+0000] {override.py:1911} INFO - Created Permission View: can delete on DAG:consume_1_or_both_2_and_3_with_dataset_expressions
[2025-01-27T12:19:34.944+0000] {logging_mixin.py:190} INFO - [2025-01-27T12:19:34.943+0000] {override.py:1911} INFO - Created Permission View: can edit on DAG:consume_1_or_both_2_and_3_with_dataset_expressions
[2025-01-27T12:19:34.965+0000] {logging_mixin.py:190} INFO - [2025-01-27T12:19:34.964+0000] {override.py:1911} INFO - Created Permission View: can read on DAG Run:consume_1_or_both_2_and_3_with_dataset_expressions
[2025-01-27T12:19:34.985+0000] {logging_mixin.py:190} INFO - [2025-01-27T12:19:34.984+0000] {override.py:1911} INFO - Created Permission View: can create on DAG Run:consume_1_or_both_2_and_3_with_dataset_expressions
[2025-01-27T12:19:35.000+0000] {logging_mixin.py:190} INFO - [2025-01-27T12:19:35.000+0000] {override.py:1911} INFO - Created Permission View: menu access on DAG Run:consume_1_or_both_2_and_3_with_dataset_expressions
[2025-01-27T12:19:35.015+0000] {logging_mixin.py:190} INFO - [2025-01-27T12:19:35.014+0000] {override.py:1911} INFO - Created Permission View: can delete on DAG Run:consume_1_or_both_2_and_3_with_dataset_expressions
[2025-01-27T12:19:35.048+0000] {logging_mixin.py:190} INFO - [2025-01-27T12:19:35.047+0000] {override.py:1911} INFO - Created Permission View: can read on DAG:consume_1_or_2_with_dataset_expressions
[2025-01-27T12:19:35.067+0000] {logging_mixin.py:190} INFO - [2025-01-27T12:19:35.067+0000] {override.py:1911} INFO - Created Permission View: can delete on DAG:consume_1_or_2_with_dataset_expressions
[2025-01-27T12:19:35.107+0000] {logging_mixin.py:190} INFO - [2025-01-27T12:19:35.106+0000] {override.py:1911} INFO - Created Permission View: can edit on DAG:consume_1_or_2_with_dataset_expressions
[2025-01-27T12:19:35.138+0000] {logging_mixin.py:190} INFO - [2025-01-27T12:19:35.137+0000] {override.py:1911} INFO - Created Permission View: can read on DAG Run:consume_1_or_2_with_dataset_expressions
[2025-01-27T12:19:35.171+0000] {logging_mixin.py:190} INFO - [2025-01-27T12:19:35.170+0000] {override.py:1911} INFO - Created Permission View: can create on DAG Run:consume_1_or_2_with_dataset_expressions
[2025-01-27T12:19:35.247+0000] {logging_mixin.py:190} INFO - [2025-01-27T12:19:35.246+0000] {override.py:1911} INFO - Created Permission View: menu access on DAG Run:consume_1_or_2_with_dataset_expressions
[2025-01-27T12:19:35.292+0000] {logging_mixin.py:190} INFO - [2025-01-27T12:19:35.291+0000] {override.py:1911} INFO - Created Permission View: can delete on DAG Run:consume_1_or_2_with_dataset_expressions
[2025-01-27T12:19:35.397+0000] {logging_mixin.py:190} INFO - [2025-01-27T12:19:35.396+0000] {override.py:1911} INFO - Created Permission View: can read on DAG:conditional_dataset_and_time_based_timetable
[2025-01-27T12:19:35.429+0000] {logging_mixin.py:190} INFO - [2025-01-27T12:19:35.428+0000] {override.py:1911} INFO - Created Permission View: can delete on DAG:conditional_dataset_and_time_based_timetable
[2025-01-27T12:19:35.471+0000] {logging_mixin.py:190} INFO - [2025-01-27T12:19:35.470+0000] {override.py:1911} INFO - Created Permission View: can edit on DAG:conditional_dataset_and_time_based_timetable
[2025-01-27T12:19:35.535+0000] {logging_mixin.py:190} INFO - [2025-01-27T12:19:35.534+0000] {override.py:1911} INFO - Created Permission View: can read on DAG Run:conditional_dataset_and_time_based_timetable
[2025-01-27T12:19:35.661+0000] {logging_mixin.py:190} INFO - [2025-01-27T12:19:35.660+0000] {override.py:1911} INFO - Created Permission View: can create on DAG Run:conditional_dataset_and_time_based_timetable
[2025-01-27T12:19:35.718+0000] {logging_mixin.py:190} INFO - [2025-01-27T12:19:35.717+0000] {override.py:1911} INFO - Created Permission View: menu access on DAG Run:conditional_dataset_and_time_based_timetable
[2025-01-27T12:19:35.816+0000] {logging_mixin.py:190} INFO - [2025-01-27T12:19:35.815+0000] {override.py:1911} INFO - Created Permission View: can delete on DAG Run:conditional_dataset_and_time_based_timetable
[2025-01-27T12:19:35.901+0000] {logging_mixin.py:190} INFO - [2025-01-27T12:19:35.897+0000] {override.py:1911} INFO - Created Permission View: can read on DAG:dataset_produces_1
[2025-01-27T12:19:35.975+0000] {logging_mixin.py:190} INFO - [2025-01-27T12:19:35.974+0000] {override.py:1911} INFO - Created Permission View: can delete on DAG:dataset_produces_1
[2025-01-27T12:19:36.037+0000] {logging_mixin.py:190} INFO - [2025-01-27T12:19:36.036+0000] {override.py:1911} INFO - Created Permission View: can edit on DAG:dataset_produces_1
[2025-01-27T12:19:36.111+0000] {logging_mixin.py:190} INFO - [2025-01-27T12:19:36.109+0000] {override.py:1911} INFO - Created Permission View: can read on DAG Run:dataset_produces_1
[2025-01-27T12:19:36.201+0000] {logging_mixin.py:190} INFO - [2025-01-27T12:19:36.201+0000] {override.py:1911} INFO - Created Permission View: can create on DAG Run:dataset_produces_1
[2025-01-27T12:19:36.238+0000] {logging_mixin.py:190} INFO - [2025-01-27T12:19:36.234+0000] {override.py:1911} INFO - Created Permission View: menu access on DAG Run:dataset_produces_1
[2025-01-27T12:19:36.303+0000] {logging_mixin.py:190} INFO - [2025-01-27T12:19:36.302+0000] {override.py:1911} INFO - Created Permission View: can delete on DAG Run:dataset_produces_1
[2025-01-27T12:19:36.380+0000] {logging_mixin.py:190} INFO - [2025-01-27T12:19:36.380+0000] {override.py:1911} INFO - Created Permission View: can read on DAG:consume_1_and_2_with_dataset_expressions
[2025-01-27T12:19:36.460+0000] {logging_mixin.py:190} INFO - [2025-01-27T12:19:36.459+0000] {override.py:1911} INFO - Created Permission View: can delete on DAG:consume_1_and_2_with_dataset_expressions
[2025-01-27T12:19:36.607+0000] {logging_mixin.py:190} INFO - [2025-01-27T12:19:36.606+0000] {override.py:1911} INFO - Created Permission View: can edit on DAG:consume_1_and_2_with_dataset_expressions
[2025-01-27T12:19:36.701+0000] {logging_mixin.py:190} INFO - [2025-01-27T12:19:36.700+0000] {override.py:1911} INFO - Created Permission View: can read on DAG Run:consume_1_and_2_with_dataset_expressions
[2025-01-27T12:19:36.741+0000] {logging_mixin.py:190} INFO - [2025-01-27T12:19:36.740+0000] {override.py:1911} INFO - Created Permission View: can create on DAG Run:consume_1_and_2_with_dataset_expressions
[2025-01-27T12:19:36.789+0000] {logging_mixin.py:190} INFO - [2025-01-27T12:19:36.788+0000] {override.py:1911} INFO - Created Permission View: menu access on DAG Run:consume_1_and_2_with_dataset_expressions
[2025-01-27T12:19:36.847+0000] {logging_mixin.py:190} INFO - [2025-01-27T12:19:36.845+0000] {override.py:1911} INFO - Created Permission View: can delete on DAG Run:consume_1_and_2_with_dataset_expressions
[2025-01-27T12:19:37.031+0000] {logging_mixin.py:190} INFO - [2025-01-27T12:19:37.030+0000] {override.py:1911} INFO - Created Permission View: can read on DAG:dataset_consumes_1_never_scheduled
[2025-01-27T12:19:37.128+0000] {logging_mixin.py:190} INFO - [2025-01-27T12:19:37.127+0000] {override.py:1911} INFO - Created Permission View: can delete on DAG:dataset_consumes_1_never_scheduled
[2025-01-27T12:19:37.195+0000] {logging_mixin.py:190} INFO - [2025-01-27T12:19:37.194+0000] {override.py:1911} INFO - Created Permission View: can edit on DAG:dataset_consumes_1_never_scheduled
[2025-01-27T12:19:37.319+0000] {logging_mixin.py:190} INFO - [2025-01-27T12:19:37.318+0000] {override.py:1911} INFO - Created Permission View: can read on DAG Run:dataset_consumes_1_never_scheduled
[2025-01-27T12:19:37.365+0000] {logging_mixin.py:190} INFO - [2025-01-27T12:19:37.364+0000] {override.py:1911} INFO - Created Permission View: can create on DAG Run:dataset_consumes_1_never_scheduled
[2025-01-27T12:19:37.464+0000] {logging_mixin.py:190} INFO - [2025-01-27T12:19:37.463+0000] {override.py:1911} INFO - Created Permission View: menu access on DAG Run:dataset_consumes_1_never_scheduled
[2025-01-27T12:19:37.547+0000] {logging_mixin.py:190} INFO - [2025-01-27T12:19:37.546+0000] {override.py:1911} INFO - Created Permission View: can delete on DAG Run:dataset_consumes_1_never_scheduled
[2025-01-27T12:19:37.722+0000] {logging_mixin.py:190} INFO - [2025-01-27T12:19:37.721+0000] {override.py:1911} INFO - Created Permission View: can read on DAG:dataset_produces_2
[2025-01-27T12:19:37.785+0000] {logging_mixin.py:190} INFO - [2025-01-27T12:19:37.784+0000] {override.py:1911} INFO - Created Permission View: can delete on DAG:dataset_produces_2
[2025-01-27T12:19:37.847+0000] {logging_mixin.py:190} INFO - [2025-01-27T12:19:37.846+0000] {override.py:1911} INFO - Created Permission View: can edit on DAG:dataset_produces_2
[2025-01-27T12:19:37.962+0000] {logging_mixin.py:190} INFO - [2025-01-27T12:19:37.961+0000] {override.py:1911} INFO - Created Permission View: can read on DAG Run:dataset_produces_2
[2025-01-27T12:19:38.033+0000] {logging_mixin.py:190} INFO - [2025-01-27T12:19:38.032+0000] {override.py:1911} INFO - Created Permission View: can create on DAG Run:dataset_produces_2
[2025-01-27T12:19:38.069+0000] {logging_mixin.py:190} INFO - [2025-01-27T12:19:38.063+0000] {override.py:1911} INFO - Created Permission View: menu access on DAG Run:dataset_produces_2
[2025-01-27T12:19:38.113+0000] {logging_mixin.py:190} INFO - [2025-01-27T12:19:38.112+0000] {override.py:1911} INFO - Created Permission View: can delete on DAG Run:dataset_produces_2
[2025-01-27T12:19:38.200+0000] {logging_mixin.py:190} INFO - [2025-01-27T12:19:38.199+0000] {override.py:1911} INFO - Created Permission View: can read on DAG:dataset_consumes_1
[2025-01-27T12:19:38.259+0000] {logging_mixin.py:190} INFO - [2025-01-27T12:19:38.258+0000] {override.py:1911} INFO - Created Permission View: can delete on DAG:dataset_consumes_1
[2025-01-27T12:19:38.312+0000] {logging_mixin.py:190} INFO - [2025-01-27T12:19:38.311+0000] {override.py:1911} INFO - Created Permission View: can edit on DAG:dataset_consumes_1
[2025-01-27T12:19:38.349+0000] {logging_mixin.py:190} INFO - [2025-01-27T12:19:38.348+0000] {override.py:1911} INFO - Created Permission View: can read on DAG Run:dataset_consumes_1
[2025-01-27T12:19:38.406+0000] {logging_mixin.py:190} INFO - [2025-01-27T12:19:38.405+0000] {override.py:1911} INFO - Created Permission View: can create on DAG Run:dataset_consumes_1
[2025-01-27T12:19:38.461+0000] {logging_mixin.py:190} INFO - [2025-01-27T12:19:38.460+0000] {override.py:1911} INFO - Created Permission View: menu access on DAG Run:dataset_consumes_1
[2025-01-27T12:19:38.538+0000] {logging_mixin.py:190} INFO - [2025-01-27T12:19:38.537+0000] {override.py:1911} INFO - Created Permission View: can delete on DAG Run:dataset_consumes_1
[2025-01-27T12:19:38.553+0000] {logging_mixin.py:190} INFO - [2025-01-27T12:19:38.553+0000] {dag.py:3239} INFO - Sync 10 DAGs
[2025-01-27T12:19:38.699+0000] {logging_mixin.py:190} INFO - [2025-01-27T12:19:38.697+0000] {dag.py:3262} INFO - Creating ORM DAG for dataset_consumes_unknown_never_scheduled
[2025-01-27T12:19:38.738+0000] {logging_mixin.py:190} INFO - [2025-01-27T12:19:38.736+0000] {dag.py:3262} INFO - Creating ORM DAG for dataset_produces_1
[2025-01-27T12:19:38.750+0000] {logging_mixin.py:190} INFO - [2025-01-27T12:19:38.750+0000] {dag.py:3262} INFO - Creating ORM DAG for dataset_produces_2
[2025-01-27T12:19:38.757+0000] {logging_mixin.py:190} INFO - [2025-01-27T12:19:38.756+0000] {dag.py:3262} INFO - Creating ORM DAG for dataset_consumes_1_and_2
[2025-01-27T12:19:38.767+0000] {logging_mixin.py:190} INFO - [2025-01-27T12:19:38.767+0000] {dag.py:3262} INFO - Creating ORM DAG for consume_1_or_both_2_and_3_with_dataset_expressions
[2025-01-27T12:19:38.780+0000] {logging_mixin.py:190} INFO - [2025-01-27T12:19:38.779+0000] {dag.py:3262} INFO - Creating ORM DAG for conditional_dataset_and_time_based_timetable
[2025-01-27T12:19:38.800+0000] {logging_mixin.py:190} INFO - [2025-01-27T12:19:38.800+0000] {dag.py:3262} INFO - Creating ORM DAG for consume_1_and_2_with_dataset_expressions
[2025-01-27T12:19:38.815+0000] {logging_mixin.py:190} INFO - [2025-01-27T12:19:38.815+0000] {dag.py:3262} INFO - Creating ORM DAG for dataset_consumes_1_never_scheduled
[2025-01-27T12:19:38.819+0000] {logging_mixin.py:190} INFO - [2025-01-27T12:19:38.818+0000] {dag.py:3262} INFO - Creating ORM DAG for consume_1_or_2_with_dataset_expressions
[2025-01-27T12:19:38.834+0000] {logging_mixin.py:190} INFO - [2025-01-27T12:19:38.834+0000] {dag.py:3262} INFO - Creating ORM DAG for dataset_consumes_1
[2025-01-27T12:19:38.882+0000] {logging_mixin.py:190} INFO - [2025-01-27T12:19:38.881+0000] {dag.py:4180} INFO - Setting next_dagrun for conditional_dataset_and_time_based_timetable to 2025-01-22 01:00:00+00:00, run_after=2025-01-22 01:00:00+00:00
[2025-01-27T12:19:38.892+0000] {logging_mixin.py:190} INFO - [2025-01-27T12:19:38.892+0000] {dag.py:4180} INFO - Setting next_dagrun for consume_1_and_2_with_dataset_expressions to None, run_after=None
[2025-01-27T12:19:38.900+0000] {logging_mixin.py:190} INFO - [2025-01-27T12:19:38.899+0000] {dag.py:4180} INFO - Setting next_dagrun for consume_1_or_2_with_dataset_expressions to None, run_after=None
[2025-01-27T12:19:38.904+0000] {logging_mixin.py:190} INFO - [2025-01-27T12:19:38.904+0000] {dag.py:4180} INFO - Setting next_dagrun for consume_1_or_both_2_and_3_with_dataset_expressions to None, run_after=None
[2025-01-27T12:19:38.927+0000] {logging_mixin.py:190} INFO - [2025-01-27T12:19:38.927+0000] {dag.py:4180} INFO - Setting next_dagrun for dataset_consumes_1 to None, run_after=None
[2025-01-27T12:19:38.945+0000] {logging_mixin.py:190} INFO - [2025-01-27T12:19:38.945+0000] {dag.py:4180} INFO - Setting next_dagrun for dataset_consumes_1_and_2 to None, run_after=None
[2025-01-27T12:19:38.954+0000] {logging_mixin.py:190} INFO - [2025-01-27T12:19:38.953+0000] {dag.py:4180} INFO - Setting next_dagrun for dataset_consumes_1_never_scheduled to None, run_after=None
[2025-01-27T12:19:38.956+0000] {logging_mixin.py:190} INFO - [2025-01-27T12:19:38.956+0000] {dag.py:4180} INFO - Setting next_dagrun for dataset_consumes_unknown_never_scheduled to None, run_after=None
[2025-01-27T12:19:38.971+0000] {logging_mixin.py:190} INFO - [2025-01-27T12:19:38.970+0000] {dag.py:4180} INFO - Setting next_dagrun for dataset_produces_1 to 2025-01-26 00:00:00+00:00, run_after=2025-01-27 00:00:00+00:00
[2025-01-27T12:19:38.978+0000] {logging_mixin.py:190} INFO - [2025-01-27T12:19:38.977+0000] {dag.py:4180} INFO - Setting next_dagrun for dataset_produces_2 to None, run_after=None
[2025-01-27T12:19:39.281+0000] {processor.py:208} INFO - Processing /home/airflow/.local/lib/python3.12/site-packages/airflow/example_dags/example_datasets.py took 7.887 seconds
[2025-01-27T12:20:09.565+0000] {processor.py:186} INFO - Started process (PID=561) to work on /home/airflow/.local/lib/python3.12/site-packages/airflow/example_dags/example_datasets.py
[2025-01-27T12:20:09.568+0000] {processor.py:914} INFO - Processing file /home/airflow/.local/lib/python3.12/site-packages/airflow/example_dags/example_datasets.py for tasks to queue
[2025-01-27T12:20:09.573+0000] {logging_mixin.py:190} INFO - [2025-01-27T12:20:09.572+0000] {dagbag.py:588} INFO - Filling up the DagBag from /home/airflow/.local/lib/python3.12/site-packages/airflow/example_dags/example_datasets.py
[2025-01-27T12:20:11.447+0000] {processor.py:925} INFO - DAG(s) 'dataset_consumes_1', 'consume_1_or_both_2_and_3_with_dataset_expressions', 'consume_1_and_2_with_dataset_expressions', 'dataset_consumes_1_never_scheduled', 'consume_1_or_2_with_dataset_expressions', 'dataset_produces_2', 'dataset_produces_1', 'dataset_consumes_1_and_2', 'dataset_consumes_unknown_never_scheduled', 'conditional_dataset_and_time_based_timetable' retrieved from /home/airflow/.local/lib/python3.12/site-packages/airflow/example_dags/example_datasets.py
[2025-01-27T12:20:11.628+0000] {logging_mixin.py:190} INFO - [2025-01-27T12:20:11.628+0000] {dag.py:3239} INFO - Sync 10 DAGs
[2025-01-27T12:20:11.836+0000] {logging_mixin.py:190} INFO - [2025-01-27T12:20:11.827+0000] {dag.py:4180} INFO - Setting next_dagrun for conditional_dataset_and_time_based_timetable to 2025-01-22 01:00:00+00:00, run_after=2025-01-22 01:00:00+00:00
[2025-01-27T12:20:11.859+0000] {logging_mixin.py:190} INFO - [2025-01-27T12:20:11.858+0000] {dag.py:4180} INFO - Setting next_dagrun for consume_1_and_2_with_dataset_expressions to None, run_after=None
[2025-01-27T12:20:11.872+0000] {logging_mixin.py:190} INFO - [2025-01-27T12:20:11.872+0000] {dag.py:4180} INFO - Setting next_dagrun for consume_1_or_2_with_dataset_expressions to None, run_after=None
[2025-01-27T12:20:11.885+0000] {logging_mixin.py:190} INFO - [2025-01-27T12:20:11.884+0000] {dag.py:4180} INFO - Setting next_dagrun for consume_1_or_both_2_and_3_with_dataset_expressions to None, run_after=None
[2025-01-27T12:20:11.900+0000] {logging_mixin.py:190} INFO - [2025-01-27T12:20:11.899+0000] {dag.py:4180} INFO - Setting next_dagrun for dataset_consumes_1 to None, run_after=None
[2025-01-27T12:20:11.905+0000] {logging_mixin.py:190} INFO - [2025-01-27T12:20:11.904+0000] {dag.py:4180} INFO - Setting next_dagrun for dataset_consumes_1_and_2 to None, run_after=None
[2025-01-27T12:20:11.910+0000] {logging_mixin.py:190} INFO - [2025-01-27T12:20:11.910+0000] {dag.py:4180} INFO - Setting next_dagrun for dataset_consumes_1_never_scheduled to None, run_after=None
[2025-01-27T12:20:11.924+0000] {logging_mixin.py:190} INFO - [2025-01-27T12:20:11.924+0000] {dag.py:4180} INFO - Setting next_dagrun for dataset_consumes_unknown_never_scheduled to None, run_after=None
[2025-01-27T12:20:11.938+0000] {logging_mixin.py:190} INFO - [2025-01-27T12:20:11.938+0000] {dag.py:4180} INFO - Setting next_dagrun for dataset_produces_1 to 2025-01-26 00:00:00+00:00, run_after=2025-01-27 00:00:00+00:00
[2025-01-27T12:20:11.952+0000] {logging_mixin.py:190} INFO - [2025-01-27T12:20:11.952+0000] {dag.py:4180} INFO - Setting next_dagrun for dataset_produces_2 to None, run_after=None
[2025-01-27T12:20:12.219+0000] {processor.py:208} INFO - Processing /home/airflow/.local/lib/python3.12/site-packages/airflow/example_dags/example_datasets.py took 2.675 seconds
[2025-01-27T12:20:42.522+0000] {processor.py:186} INFO - Started process (PID=852) to work on /home/airflow/.local/lib/python3.12/site-packages/airflow/example_dags/example_datasets.py
[2025-01-27T12:20:42.524+0000] {processor.py:914} INFO - Processing file /home/airflow/.local/lib/python3.12/site-packages/airflow/example_dags/example_datasets.py for tasks to queue
[2025-01-27T12:20:42.528+0000] {logging_mixin.py:190} INFO - [2025-01-27T12:20:42.527+0000] {dagbag.py:588} INFO - Filling up the DagBag from /home/airflow/.local/lib/python3.12/site-packages/airflow/example_dags/example_datasets.py
[2025-01-27T12:20:44.200+0000] {processor.py:925} INFO - DAG(s) 'dataset_consumes_1_never_scheduled', 'dataset_consumes_1', 'consume_1_or_2_with_dataset_expressions', 'dataset_consumes_unknown_never_scheduled', 'dataset_produces_1', 'consume_1_and_2_with_dataset_expressions', 'consume_1_or_both_2_and_3_with_dataset_expressions', 'conditional_dataset_and_time_based_timetable', 'dataset_produces_2', 'dataset_consumes_1_and_2' retrieved from /home/airflow/.local/lib/python3.12/site-packages/airflow/example_dags/example_datasets.py
[2025-01-27T12:20:44.384+0000] {logging_mixin.py:190} INFO - [2025-01-27T12:20:44.384+0000] {dag.py:3239} INFO - Sync 10 DAGs
[2025-01-27T12:20:44.507+0000] {logging_mixin.py:190} INFO - [2025-01-27T12:20:44.507+0000] {dag.py:4180} INFO - Setting next_dagrun for conditional_dataset_and_time_based_timetable to 2025-01-22 01:00:00+00:00, run_after=2025-01-22 01:00:00+00:00
[2025-01-27T12:20:44.517+0000] {logging_mixin.py:190} INFO - [2025-01-27T12:20:44.517+0000] {dag.py:4180} INFO - Setting next_dagrun for consume_1_and_2_with_dataset_expressions to None, run_after=None
[2025-01-27T12:20:44.522+0000] {logging_mixin.py:190} INFO - [2025-01-27T12:20:44.522+0000] {dag.py:4180} INFO - Setting next_dagrun for consume_1_or_2_with_dataset_expressions to None, run_after=None
[2025-01-27T12:20:44.525+0000] {logging_mixin.py:190} INFO - [2025-01-27T12:20:44.525+0000] {dag.py:4180} INFO - Setting next_dagrun for consume_1_or_both_2_and_3_with_dataset_expressions to None, run_after=None
[2025-01-27T12:20:44.529+0000] {logging_mixin.py:190} INFO - [2025-01-27T12:20:44.528+0000] {dag.py:4180} INFO - Setting next_dagrun for dataset_consumes_1 to None, run_after=None
[2025-01-27T12:20:44.532+0000] {logging_mixin.py:190} INFO - [2025-01-27T12:20:44.532+0000] {dag.py:4180} INFO - Setting next_dagrun for dataset_consumes_1_and_2 to None, run_after=None
[2025-01-27T12:20:44.536+0000] {logging_mixin.py:190} INFO - [2025-01-27T12:20:44.536+0000] {dag.py:4180} INFO - Setting next_dagrun for dataset_consumes_1_never_scheduled to None, run_after=None
[2025-01-27T12:20:44.541+0000] {logging_mixin.py:190} INFO - [2025-01-27T12:20:44.540+0000] {dag.py:4180} INFO - Setting next_dagrun for dataset_consumes_unknown_never_scheduled to None, run_after=None
[2025-01-27T12:20:44.547+0000] {logging_mixin.py:190} INFO - [2025-01-27T12:20:44.546+0000] {dag.py:4180} INFO - Setting next_dagrun for dataset_produces_1 to 2025-01-26 00:00:00+00:00, run_after=2025-01-27 00:00:00+00:00
[2025-01-27T12:20:44.550+0000] {logging_mixin.py:190} INFO - [2025-01-27T12:20:44.549+0000] {dag.py:4180} INFO - Setting next_dagrun for dataset_produces_2 to None, run_after=None
[2025-01-27T12:20:44.648+0000] {processor.py:208} INFO - Processing /home/airflow/.local/lib/python3.12/site-packages/airflow/example_dags/example_datasets.py took 2.144 seconds
[2025-01-27T12:21:15.067+0000] {processor.py:186} INFO - Started process (PID=1143) to work on /home/airflow/.local/lib/python3.12/site-packages/airflow/example_dags/example_datasets.py
[2025-01-27T12:21:15.069+0000] {processor.py:914} INFO - Processing file /home/airflow/.local/lib/python3.12/site-packages/airflow/example_dags/example_datasets.py for tasks to queue
[2025-01-27T12:21:15.073+0000] {logging_mixin.py:190} INFO - [2025-01-27T12:21:15.072+0000] {dagbag.py:588} INFO - Filling up the DagBag from /home/airflow/.local/lib/python3.12/site-packages/airflow/example_dags/example_datasets.py
[2025-01-27T12:21:16.193+0000] {processor.py:925} INFO - DAG(s) 'consume_1_and_2_with_dataset_expressions', 'dataset_consumes_1', 'dataset_produces_1', 'dataset_consumes_1_and_2', 'consume_1_or_both_2_and_3_with_dataset_expressions', 'dataset_produces_2', 'consume_1_or_2_with_dataset_expressions', 'conditional_dataset_and_time_based_timetable', 'dataset_consumes_1_never_scheduled', 'dataset_consumes_unknown_never_scheduled' retrieved from /home/airflow/.local/lib/python3.12/site-packages/airflow/example_dags/example_datasets.py
[2025-01-27T12:21:16.282+0000] {logging_mixin.py:190} INFO - [2025-01-27T12:21:16.282+0000] {dag.py:3239} INFO - Sync 10 DAGs
[2025-01-27T12:21:16.339+0000] {logging_mixin.py:190} INFO - [2025-01-27T12:21:16.339+0000] {dag.py:4180} INFO - Setting next_dagrun for conditional_dataset_and_time_based_timetable to 2025-01-22 01:00:00+00:00, run_after=2025-01-22 01:00:00+00:00
[2025-01-27T12:21:16.348+0000] {logging_mixin.py:190} INFO - [2025-01-27T12:21:16.347+0000] {dag.py:4180} INFO - Setting next_dagrun for consume_1_and_2_with_dataset_expressions to None, run_after=None
[2025-01-27T12:21:16.351+0000] {logging_mixin.py:190} INFO - [2025-01-27T12:21:16.351+0000] {dag.py:4180} INFO - Setting next_dagrun for consume_1_or_2_with_dataset_expressions to None, run_after=None
[2025-01-27T12:21:16.355+0000] {logging_mixin.py:190} INFO - [2025-01-27T12:21:16.354+0000] {dag.py:4180} INFO - Setting next_dagrun for consume_1_or_both_2_and_3_with_dataset_expressions to None, run_after=None
[2025-01-27T12:21:16.358+0000] {logging_mixin.py:190} INFO - [2025-01-27T12:21:16.357+0000] {dag.py:4180} INFO - Setting next_dagrun for dataset_consumes_1 to None, run_after=None
[2025-01-27T12:21:16.362+0000] {logging_mixin.py:190} INFO - [2025-01-27T12:21:16.361+0000] {dag.py:4180} INFO - Setting next_dagrun for dataset_consumes_1_and_2 to None, run_after=None
[2025-01-27T12:21:16.366+0000] {logging_mixin.py:190} INFO - [2025-01-27T12:21:16.366+0000] {dag.py:4180} INFO - Setting next_dagrun for dataset_consumes_1_never_scheduled to None, run_after=None
[2025-01-27T12:21:16.370+0000] {logging_mixin.py:190} INFO - [2025-01-27T12:21:16.370+0000] {dag.py:4180} INFO - Setting next_dagrun for dataset_consumes_unknown_never_scheduled to None, run_after=None
[2025-01-27T12:21:16.375+0000] {logging_mixin.py:190} INFO - [2025-01-27T12:21:16.375+0000] {dag.py:4180} INFO - Setting next_dagrun for dataset_produces_1 to 2025-01-26 00:00:00+00:00, run_after=2025-01-27 00:00:00+00:00
[2025-01-27T12:21:16.380+0000] {logging_mixin.py:190} INFO - [2025-01-27T12:21:16.379+0000] {dag.py:4180} INFO - Setting next_dagrun for dataset_produces_2 to None, run_after=None
[2025-01-27T12:21:16.458+0000] {processor.py:208} INFO - Processing /home/airflow/.local/lib/python3.12/site-packages/airflow/example_dags/example_datasets.py took 1.406 seconds
[2025-01-27T12:21:46.684+0000] {processor.py:186} INFO - Started process (PID=1445) to work on /home/airflow/.local/lib/python3.12/site-packages/airflow/example_dags/example_datasets.py
[2025-01-27T12:21:46.686+0000] {processor.py:914} INFO - Processing file /home/airflow/.local/lib/python3.12/site-packages/airflow/example_dags/example_datasets.py for tasks to queue
[2025-01-27T12:21:46.691+0000] {logging_mixin.py:190} INFO - [2025-01-27T12:21:46.690+0000] {dagbag.py:588} INFO - Filling up the DagBag from /home/airflow/.local/lib/python3.12/site-packages/airflow/example_dags/example_datasets.py
[2025-01-27T12:21:48.388+0000] {processor.py:925} INFO - DAG(s) 'dataset_consumes_1', 'conditional_dataset_and_time_based_timetable', 'dataset_produces_2', 'dataset_consumes_unknown_never_scheduled', 'dataset_produces_1', 'consume_1_and_2_with_dataset_expressions', 'consume_1_or_both_2_and_3_with_dataset_expressions', 'dataset_consumes_1_and_2', 'consume_1_or_2_with_dataset_expressions', 'dataset_consumes_1_never_scheduled' retrieved from /home/airflow/.local/lib/python3.12/site-packages/airflow/example_dags/example_datasets.py
[2025-01-27T12:21:48.478+0000] {logging_mixin.py:190} INFO - [2025-01-27T12:21:48.478+0000] {dag.py:3239} INFO - Sync 10 DAGs
[2025-01-27T12:21:48.535+0000] {logging_mixin.py:190} INFO - [2025-01-27T12:21:48.534+0000] {dag.py:4180} INFO - Setting next_dagrun for conditional_dataset_and_time_based_timetable to 2025-01-22 01:00:00+00:00, run_after=2025-01-22 01:00:00+00:00
[2025-01-27T12:21:48.544+0000] {logging_mixin.py:190} INFO - [2025-01-27T12:21:48.544+0000] {dag.py:4180} INFO - Setting next_dagrun for consume_1_and_2_with_dataset_expressions to None, run_after=None
[2025-01-27T12:21:48.547+0000] {logging_mixin.py:190} INFO - [2025-01-27T12:21:48.547+0000] {dag.py:4180} INFO - Setting next_dagrun for consume_1_or_2_with_dataset_expressions to None, run_after=None
[2025-01-27T12:21:48.550+0000] {logging_mixin.py:190} INFO - [2025-01-27T12:21:48.549+0000] {dag.py:4180} INFO - Setting next_dagrun for consume_1_or_both_2_and_3_with_dataset_expressions to None, run_after=None
[2025-01-27T12:21:48.555+0000] {logging_mixin.py:190} INFO - [2025-01-27T12:21:48.555+0000] {dag.py:4180} INFO - Setting next_dagrun for dataset_consumes_1 to None, run_after=None
[2025-01-27T12:21:48.558+0000] {logging_mixin.py:190} INFO - [2025-01-27T12:21:48.557+0000] {dag.py:4180} INFO - Setting next_dagrun for dataset_consumes_1_and_2 to None, run_after=None
[2025-01-27T12:21:48.560+0000] {logging_mixin.py:190} INFO - [2025-01-27T12:21:48.560+0000] {dag.py:4180} INFO - Setting next_dagrun for dataset_consumes_1_never_scheduled to None, run_after=None
[2025-01-27T12:21:48.563+0000] {logging_mixin.py:190} INFO - [2025-01-27T12:21:48.563+0000] {dag.py:4180} INFO - Setting next_dagrun for dataset_consumes_unknown_never_scheduled to None, run_after=None
[2025-01-27T12:21:48.569+0000] {logging_mixin.py:190} INFO - [2025-01-27T12:21:48.568+0000] {dag.py:4180} INFO - Setting next_dagrun for dataset_produces_1 to 2025-01-26 00:00:00+00:00, run_after=2025-01-27 00:00:00+00:00
[2025-01-27T12:21:48.572+0000] {logging_mixin.py:190} INFO - [2025-01-27T12:21:48.572+0000] {dag.py:4180} INFO - Setting next_dagrun for dataset_produces_2 to None, run_after=None
[2025-01-27T12:21:48.701+0000] {processor.py:208} INFO - Processing /home/airflow/.local/lib/python3.12/site-packages/airflow/example_dags/example_datasets.py took 2.033 seconds
[2025-01-27T12:22:18.828+0000] {processor.py:186} INFO - Started process (PID=1745) to work on /home/airflow/.local/lib/python3.12/site-packages/airflow/example_dags/example_datasets.py
[2025-01-27T12:22:18.831+0000] {processor.py:914} INFO - Processing file /home/airflow/.local/lib/python3.12/site-packages/airflow/example_dags/example_datasets.py for tasks to queue
[2025-01-27T12:22:18.836+0000] {logging_mixin.py:190} INFO - [2025-01-27T12:22:18.835+0000] {dagbag.py:588} INFO - Filling up the DagBag from /home/airflow/.local/lib/python3.12/site-packages/airflow/example_dags/example_datasets.py
[2025-01-27T12:22:20.147+0000] {processor.py:925} INFO - DAG(s) 'consume_1_or_both_2_and_3_with_dataset_expressions', 'consume_1_and_2_with_dataset_expressions', 'consume_1_or_2_with_dataset_expressions', 'dataset_produces_2', 'dataset_consumes_1_never_scheduled', 'dataset_produces_1', 'dataset_consumes_unknown_never_scheduled', 'conditional_dataset_and_time_based_timetable', 'dataset_consumes_1_and_2', 'dataset_consumes_1' retrieved from /home/airflow/.local/lib/python3.12/site-packages/airflow/example_dags/example_datasets.py
[2025-01-27T12:22:20.223+0000] {logging_mixin.py:190} INFO - [2025-01-27T12:22:20.223+0000] {dag.py:3239} INFO - Sync 10 DAGs
[2025-01-27T12:22:20.272+0000] {logging_mixin.py:190} INFO - [2025-01-27T12:22:20.272+0000] {dag.py:4180} INFO - Setting next_dagrun for conditional_dataset_and_time_based_timetable to 2025-01-29 01:00:00+00:00, run_after=2025-01-29 01:00:00+00:00
[2025-01-27T12:22:20.284+0000] {logging_mixin.py:190} INFO - [2025-01-27T12:22:20.283+0000] {dag.py:4180} INFO - Setting next_dagrun for consume_1_and_2_with_dataset_expressions to None, run_after=None
[2025-01-27T12:22:20.286+0000] {logging_mixin.py:190} INFO - [2025-01-27T12:22:20.286+0000] {dag.py:4180} INFO - Setting next_dagrun for consume_1_or_2_with_dataset_expressions to None, run_after=None
[2025-01-27T12:22:20.288+0000] {logging_mixin.py:190} INFO - [2025-01-27T12:22:20.288+0000] {dag.py:4180} INFO - Setting next_dagrun for consume_1_or_both_2_and_3_with_dataset_expressions to None, run_after=None
[2025-01-27T12:22:20.293+0000] {logging_mixin.py:190} INFO - [2025-01-27T12:22:20.293+0000] {dag.py:4180} INFO - Setting next_dagrun for dataset_consumes_1 to None, run_after=None
[2025-01-27T12:22:20.295+0000] {logging_mixin.py:190} INFO - [2025-01-27T12:22:20.295+0000] {dag.py:4180} INFO - Setting next_dagrun for dataset_consumes_1_and_2 to None, run_after=None
[2025-01-27T12:22:20.297+0000] {logging_mixin.py:190} INFO - [2025-01-27T12:22:20.297+0000] {dag.py:4180} INFO - Setting next_dagrun for dataset_consumes_1_never_scheduled to None, run_after=None
[2025-01-27T12:22:20.300+0000] {logging_mixin.py:190} INFO - [2025-01-27T12:22:20.299+0000] {dag.py:4180} INFO - Setting next_dagrun for dataset_consumes_unknown_never_scheduled to None, run_after=None
[2025-01-27T12:22:20.304+0000] {logging_mixin.py:190} INFO - [2025-01-27T12:22:20.303+0000] {dag.py:4180} INFO - Setting next_dagrun for dataset_produces_1 to 2025-01-26 00:00:00+00:00, run_after=2025-01-27 00:00:00+00:00
[2025-01-27T12:22:20.308+0000] {logging_mixin.py:190} INFO - [2025-01-27T12:22:20.307+0000] {dag.py:4180} INFO - Setting next_dagrun for dataset_produces_2 to None, run_after=None
[2025-01-27T12:22:20.370+0000] {processor.py:208} INFO - Processing /home/airflow/.local/lib/python3.12/site-packages/airflow/example_dags/example_datasets.py took 1.552 seconds
[2025-01-27T12:22:24.401+0000] {processor.py:186} INFO - Started process (PID=1810) to work on /home/airflow/.local/lib/python3.12/site-packages/airflow/example_dags/example_datasets.py
[2025-01-27T12:22:24.402+0000] {processor.py:914} INFO - Processing file /home/airflow/.local/lib/python3.12/site-packages/airflow/example_dags/example_datasets.py for tasks to queue
[2025-01-27T12:22:24.406+0000] {logging_mixin.py:190} INFO - [2025-01-27T12:22:24.405+0000] {dagbag.py:588} INFO - Filling up the DagBag from /home/airflow/.local/lib/python3.12/site-packages/airflow/example_dags/example_datasets.py
[2025-01-27T12:22:26.008+0000] {processor.py:925} INFO - DAG(s) 'conditional_dataset_and_time_based_timetable', 'consume_1_or_2_with_dataset_expressions', 'dataset_consumes_unknown_never_scheduled', 'dataset_produces_2', 'dataset_produces_1', 'dataset_consumes_1', 'consume_1_and_2_with_dataset_expressions', 'consume_1_or_both_2_and_3_with_dataset_expressions', 'dataset_consumes_1_never_scheduled', 'dataset_consumes_1_and_2' retrieved from /home/airflow/.local/lib/python3.12/site-packages/airflow/example_dags/example_datasets.py
[2025-01-27T12:22:26.166+0000] {logging_mixin.py:190} INFO - [2025-01-27T12:22:26.165+0000] {dag.py:3239} INFO - Sync 10 DAGs
[2025-01-27T12:22:26.319+0000] {logging_mixin.py:190} INFO - [2025-01-27T12:22:26.318+0000] {dag.py:4180} INFO - Setting next_dagrun for conditional_dataset_and_time_based_timetable to 2025-01-29 01:00:00+00:00, run_after=2025-01-29 01:00:00+00:00
[2025-01-27T12:22:26.339+0000] {logging_mixin.py:190} INFO - [2025-01-27T12:22:26.339+0000] {dag.py:4180} INFO - Setting next_dagrun for consume_1_and_2_with_dataset_expressions to None, run_after=None
[2025-01-27T12:22:26.345+0000] {logging_mixin.py:190} INFO - [2025-01-27T12:22:26.344+0000] {dag.py:4180} INFO - Setting next_dagrun for consume_1_or_2_with_dataset_expressions to None, run_after=None
[2025-01-27T12:22:26.350+0000] {logging_mixin.py:190} INFO - [2025-01-27T12:22:26.348+0000] {dag.py:4180} INFO - Setting next_dagrun for consume_1_or_both_2_and_3_with_dataset_expressions to None, run_after=None
[2025-01-27T12:22:26.357+0000] {logging_mixin.py:190} INFO - [2025-01-27T12:22:26.356+0000] {dag.py:4180} INFO - Setting next_dagrun for dataset_consumes_1 to None, run_after=None
[2025-01-27T12:22:26.362+0000] {logging_mixin.py:190} INFO - [2025-01-27T12:22:26.361+0000] {dag.py:4180} INFO - Setting next_dagrun for dataset_consumes_1_and_2 to None, run_after=None
[2025-01-27T12:22:26.366+0000] {logging_mixin.py:190} INFO - [2025-01-27T12:22:26.365+0000] {dag.py:4180} INFO - Setting next_dagrun for dataset_consumes_1_never_scheduled to None, run_after=None
[2025-01-27T12:22:26.369+0000] {logging_mixin.py:190} INFO - [2025-01-27T12:22:26.369+0000] {dag.py:4180} INFO - Setting next_dagrun for dataset_consumes_unknown_never_scheduled to None, run_after=None
[2025-01-27T12:22:26.383+0000] {logging_mixin.py:190} INFO - [2025-01-27T12:22:26.382+0000] {dag.py:4180} INFO - Setting next_dagrun for dataset_produces_1 to 2025-01-26 00:00:00+00:00, run_after=2025-01-27 00:00:00+00:00
[2025-01-27T12:22:26.395+0000] {logging_mixin.py:190} INFO - [2025-01-27T12:22:26.394+0000] {dag.py:4180} INFO - Setting next_dagrun for dataset_produces_2 to None, run_after=None
[2025-01-27T12:22:26.535+0000] {processor.py:208} INFO - Processing /home/airflow/.local/lib/python3.12/site-packages/airflow/example_dags/example_datasets.py took 2.150 seconds
[2025-01-27T12:22:56.813+0000] {processor.py:186} INFO - Started process (PID=2124) to work on /home/airflow/.local/lib/python3.12/site-packages/airflow/example_dags/example_datasets.py
[2025-01-27T12:22:56.818+0000] {processor.py:914} INFO - Processing file /home/airflow/.local/lib/python3.12/site-packages/airflow/example_dags/example_datasets.py for tasks to queue
[2025-01-27T12:22:56.826+0000] {logging_mixin.py:190} INFO - [2025-01-27T12:22:56.825+0000] {dagbag.py:588} INFO - Filling up the DagBag from /home/airflow/.local/lib/python3.12/site-packages/airflow/example_dags/example_datasets.py
[2025-01-27T12:22:59.909+0000] {processor.py:925} INFO - DAG(s) 'dataset_consumes_1_and_2', 'consume_1_or_2_with_dataset_expressions', 'consume_1_or_both_2_and_3_with_dataset_expressions', 'dataset_produces_1', 'dataset_consumes_unknown_never_scheduled', 'dataset_consumes_1_never_scheduled', 'conditional_dataset_and_time_based_timetable', 'consume_1_and_2_with_dataset_expressions', 'dataset_produces_2', 'dataset_consumes_1' retrieved from /home/airflow/.local/lib/python3.12/site-packages/airflow/example_dags/example_datasets.py
[2025-01-27T12:23:00.016+0000] {logging_mixin.py:190} INFO - [2025-01-27T12:23:00.015+0000] {dag.py:3239} INFO - Sync 10 DAGs
[2025-01-27T12:23:00.108+0000] {logging_mixin.py:190} INFO - [2025-01-27T12:23:00.108+0000] {dag.py:4180} INFO - Setting next_dagrun for conditional_dataset_and_time_based_timetable to 2025-01-29 01:00:00+00:00, run_after=2025-01-29 01:00:00+00:00
[2025-01-27T12:23:00.124+0000] {logging_mixin.py:190} INFO - [2025-01-27T12:23:00.124+0000] {dag.py:4180} INFO - Setting next_dagrun for consume_1_and_2_with_dataset_expressions to None, run_after=None
[2025-01-27T12:23:00.129+0000] {logging_mixin.py:190} INFO - [2025-01-27T12:23:00.128+0000] {dag.py:4180} INFO - Setting next_dagrun for consume_1_or_2_with_dataset_expressions to None, run_after=None
[2025-01-27T12:23:00.132+0000] {logging_mixin.py:190} INFO - [2025-01-27T12:23:00.132+0000] {dag.py:4180} INFO - Setting next_dagrun for consume_1_or_both_2_and_3_with_dataset_expressions to None, run_after=None
[2025-01-27T12:23:00.135+0000] {logging_mixin.py:190} INFO - [2025-01-27T12:23:00.135+0000] {dag.py:4180} INFO - Setting next_dagrun for dataset_consumes_1 to None, run_after=None
[2025-01-27T12:23:00.138+0000] {logging_mixin.py:190} INFO - [2025-01-27T12:23:00.137+0000] {dag.py:4180} INFO - Setting next_dagrun for dataset_consumes_1_and_2 to None, run_after=None
[2025-01-27T12:23:00.140+0000] {logging_mixin.py:190} INFO - [2025-01-27T12:23:00.140+0000] {dag.py:4180} INFO - Setting next_dagrun for dataset_consumes_1_never_scheduled to None, run_after=None
[2025-01-27T12:23:00.143+0000] {logging_mixin.py:190} INFO - [2025-01-27T12:23:00.142+0000] {dag.py:4180} INFO - Setting next_dagrun for dataset_consumes_unknown_never_scheduled to None, run_after=None
[2025-01-27T12:23:00.153+0000] {logging_mixin.py:190} INFO - [2025-01-27T12:23:00.153+0000] {dag.py:4180} INFO - Setting next_dagrun for dataset_produces_1 to 2025-01-26 00:00:00+00:00, run_after=2025-01-27 00:00:00+00:00
[2025-01-27T12:23:00.156+0000] {logging_mixin.py:190} INFO - [2025-01-27T12:23:00.155+0000] {dag.py:4180} INFO - Setting next_dagrun for dataset_produces_2 to None, run_after=None
[2025-01-27T12:23:00.232+0000] {processor.py:208} INFO - Processing /home/airflow/.local/lib/python3.12/site-packages/airflow/example_dags/example_datasets.py took 3.431 seconds
[2025-01-27T12:23:30.548+0000] {processor.py:186} INFO - Started process (PID=2432) to work on /home/airflow/.local/lib/python3.12/site-packages/airflow/example_dags/example_datasets.py
[2025-01-27T12:23:30.550+0000] {processor.py:914} INFO - Processing file /home/airflow/.local/lib/python3.12/site-packages/airflow/example_dags/example_datasets.py for tasks to queue
[2025-01-27T12:23:30.557+0000] {logging_mixin.py:190} INFO - [2025-01-27T12:23:30.557+0000] {dagbag.py:588} INFO - Filling up the DagBag from /home/airflow/.local/lib/python3.12/site-packages/airflow/example_dags/example_datasets.py
[2025-01-27T12:23:31.537+0000] {processor.py:925} INFO - DAG(s) 'consume_1_or_2_with_dataset_expressions', 'consume_1_or_both_2_and_3_with_dataset_expressions', 'dataset_produces_1', 'dataset_consumes_1_and_2', 'dataset_consumes_1_never_scheduled', 'dataset_consumes_1', 'consume_1_and_2_with_dataset_expressions', 'dataset_consumes_unknown_never_scheduled', 'dataset_produces_2', 'conditional_dataset_and_time_based_timetable' retrieved from /home/airflow/.local/lib/python3.12/site-packages/airflow/example_dags/example_datasets.py
[2025-01-27T12:23:31.618+0000] {logging_mixin.py:190} INFO - [2025-01-27T12:23:31.617+0000] {dag.py:3239} INFO - Sync 10 DAGs
[2025-01-27T12:23:31.660+0000] {logging_mixin.py:190} INFO - [2025-01-27T12:23:31.659+0000] {dag.py:4180} INFO - Setting next_dagrun for conditional_dataset_and_time_based_timetable to 2025-01-29 01:00:00+00:00, run_after=2025-01-29 01:00:00+00:00
[2025-01-27T12:23:31.666+0000] {logging_mixin.py:190} INFO - [2025-01-27T12:23:31.665+0000] {dag.py:4180} INFO - Setting next_dagrun for consume_1_and_2_with_dataset_expressions to None, run_after=None
[2025-01-27T12:23:31.670+0000] {logging_mixin.py:190} INFO - [2025-01-27T12:23:31.670+0000] {dag.py:4180} INFO - Setting next_dagrun for consume_1_or_2_with_dataset_expressions to None, run_after=None
[2025-01-27T12:23:31.673+0000] {logging_mixin.py:190} INFO - [2025-01-27T12:23:31.672+0000] {dag.py:4180} INFO - Setting next_dagrun for consume_1_or_both_2_and_3_with_dataset_expressions to None, run_after=None
[2025-01-27T12:23:31.675+0000] {logging_mixin.py:190} INFO - [2025-01-27T12:23:31.675+0000] {dag.py:4180} INFO - Setting next_dagrun for dataset_consumes_1 to None, run_after=None
[2025-01-27T12:23:31.678+0000] {logging_mixin.py:190} INFO - [2025-01-27T12:23:31.677+0000] {dag.py:4180} INFO - Setting next_dagrun for dataset_consumes_1_and_2 to None, run_after=None
[2025-01-27T12:23:31.680+0000] {logging_mixin.py:190} INFO - [2025-01-27T12:23:31.680+0000] {dag.py:4180} INFO - Setting next_dagrun for dataset_consumes_1_never_scheduled to None, run_after=None
[2025-01-27T12:23:31.683+0000] {logging_mixin.py:190} INFO - [2025-01-27T12:23:31.683+0000] {dag.py:4180} INFO - Setting next_dagrun for dataset_consumes_unknown_never_scheduled to None, run_after=None
[2025-01-27T12:23:31.688+0000] {logging_mixin.py:190} INFO - [2025-01-27T12:23:31.688+0000] {dag.py:4180} INFO - Setting next_dagrun for dataset_produces_1 to 2025-01-26 00:00:00+00:00, run_after=2025-01-27 00:00:00+00:00
[2025-01-27T12:23:31.691+0000] {logging_mixin.py:190} INFO - [2025-01-27T12:23:31.691+0000] {dag.py:4180} INFO - Setting next_dagrun for dataset_produces_2 to None, run_after=None
[2025-01-27T12:23:31.747+0000] {processor.py:208} INFO - Processing /home/airflow/.local/lib/python3.12/site-packages/airflow/example_dags/example_datasets.py took 1.213 seconds
[2025-01-27T12:24:02.168+0000] {processor.py:186} INFO - Started process (PID=2742) to work on /home/airflow/.local/lib/python3.12/site-packages/airflow/example_dags/example_datasets.py
[2025-01-27T12:24:02.169+0000] {processor.py:914} INFO - Processing file /home/airflow/.local/lib/python3.12/site-packages/airflow/example_dags/example_datasets.py for tasks to queue
[2025-01-27T12:24:02.173+0000] {logging_mixin.py:190} INFO - [2025-01-27T12:24:02.172+0000] {dagbag.py:588} INFO - Filling up the DagBag from /home/airflow/.local/lib/python3.12/site-packages/airflow/example_dags/example_datasets.py
[2025-01-27T12:24:02.945+0000] {processor.py:925} INFO - DAG(s) 'dataset_produces_2', 'dataset_consumes_1_and_2', 'dataset_consumes_1', 'consume_1_or_2_with_dataset_expressions', 'consume_1_or_both_2_and_3_with_dataset_expressions', 'consume_1_and_2_with_dataset_expressions', 'dataset_consumes_unknown_never_scheduled', 'dataset_produces_1', 'conditional_dataset_and_time_based_timetable', 'dataset_consumes_1_never_scheduled' retrieved from /home/airflow/.local/lib/python3.12/site-packages/airflow/example_dags/example_datasets.py
[2025-01-27T12:24:03.037+0000] {logging_mixin.py:190} INFO - [2025-01-27T12:24:03.036+0000] {dag.py:3239} INFO - Sync 10 DAGs
[2025-01-27T12:24:03.102+0000] {logging_mixin.py:190} INFO - [2025-01-27T12:24:03.101+0000] {dag.py:4180} INFO - Setting next_dagrun for conditional_dataset_and_time_based_timetable to 2025-01-29 01:00:00+00:00, run_after=2025-01-29 01:00:00+00:00
[2025-01-27T12:24:03.110+0000] {logging_mixin.py:190} INFO - [2025-01-27T12:24:03.110+0000] {dag.py:4180} INFO - Setting next_dagrun for consume_1_and_2_with_dataset_expressions to None, run_after=None
[2025-01-27T12:24:03.114+0000] {logging_mixin.py:190} INFO - [2025-01-27T12:24:03.114+0000] {dag.py:4180} INFO - Setting next_dagrun for consume_1_or_2_with_dataset_expressions to None, run_after=None
[2025-01-27T12:24:03.119+0000] {logging_mixin.py:190} INFO - [2025-01-27T12:24:03.118+0000] {dag.py:4180} INFO - Setting next_dagrun for consume_1_or_both_2_and_3_with_dataset_expressions to None, run_after=None
[2025-01-27T12:24:03.124+0000] {logging_mixin.py:190} INFO - [2025-01-27T12:24:03.123+0000] {dag.py:4180} INFO - Setting next_dagrun for dataset_consumes_1 to None, run_after=None
[2025-01-27T12:24:03.128+0000] {logging_mixin.py:190} INFO - [2025-01-27T12:24:03.127+0000] {dag.py:4180} INFO - Setting next_dagrun for dataset_consumes_1_and_2 to None, run_after=None
[2025-01-27T12:24:03.131+0000] {logging_mixin.py:190} INFO - [2025-01-27T12:24:03.130+0000] {dag.py:4180} INFO - Setting next_dagrun for dataset_consumes_1_never_scheduled to None, run_after=None
[2025-01-27T12:24:03.135+0000] {logging_mixin.py:190} INFO - [2025-01-27T12:24:03.134+0000] {dag.py:4180} INFO - Setting next_dagrun for dataset_consumes_unknown_never_scheduled to None, run_after=None
[2025-01-27T12:24:03.140+0000] {logging_mixin.py:190} INFO - [2025-01-27T12:24:03.140+0000] {dag.py:4180} INFO - Setting next_dagrun for dataset_produces_1 to 2025-01-26 00:00:00+00:00, run_after=2025-01-27 00:00:00+00:00
[2025-01-27T12:24:03.143+0000] {logging_mixin.py:190} INFO - [2025-01-27T12:24:03.143+0000] {dag.py:4180} INFO - Setting next_dagrun for dataset_produces_2 to None, run_after=None
[2025-01-27T12:24:03.227+0000] {processor.py:208} INFO - Processing /home/airflow/.local/lib/python3.12/site-packages/airflow/example_dags/example_datasets.py took 1.068 seconds
