[2025-01-27T11:29:51.904+0000] {processor.py:186} INFO - Started process (PID=85) to work on /home/airflow/.local/lib/python3.12/site-packages/airflow/example_dags/example_setup_teardown.py
[2025-01-27T11:29:51.906+0000] {processor.py:914} INFO - Processing file /home/airflow/.local/lib/python3.12/site-packages/airflow/example_dags/example_setup_teardown.py for tasks to queue
[2025-01-27T11:29:51.909+0000] {logging_mixin.py:190} INFO - [2025-01-27T11:29:51.909+0000] {dagbag.py:588} INFO - Filling up the DagBag from /home/airflow/.local/lib/python3.12/site-packages/airflow/example_dags/example_setup_teardown.py
[2025-01-27T11:29:51.925+0000] {processor.py:925} INFO - DAG(s) 'example_setup_teardown' retrieved from /home/airflow/.local/lib/python3.12/site-packages/airflow/example_dags/example_setup_teardown.py
[2025-01-27T11:29:51.970+0000] {logging_mixin.py:190} INFO - [2025-01-27T11:29:51.969+0000] {dag.py:3239} INFO - Sync 1 DAGs
[2025-01-27T11:29:52.006+0000] {logging_mixin.py:190} INFO - [2025-01-27T11:29:52.006+0000] {dag.py:4180} INFO - Setting next_dagrun for example_setup_teardown to None, run_after=None
[2025-01-27T11:29:52.032+0000] {processor.py:208} INFO - Processing /home/airflow/.local/lib/python3.12/site-packages/airflow/example_dags/example_setup_teardown.py took 0.142 seconds
[2025-01-27T11:30:23.261+0000] {processor.py:186} INFO - Started process (PID=149) to work on /home/airflow/.local/lib/python3.12/site-packages/airflow/example_dags/example_setup_teardown.py
[2025-01-27T11:30:23.263+0000] {processor.py:914} INFO - Processing file /home/airflow/.local/lib/python3.12/site-packages/airflow/example_dags/example_setup_teardown.py for tasks to queue
[2025-01-27T11:30:23.268+0000] {logging_mixin.py:190} INFO - [2025-01-27T11:30:23.267+0000] {dagbag.py:588} INFO - Filling up the DagBag from /home/airflow/.local/lib/python3.12/site-packages/airflow/example_dags/example_setup_teardown.py
[2025-01-27T11:30:23.289+0000] {processor.py:925} INFO - DAG(s) 'example_setup_teardown' retrieved from /home/airflow/.local/lib/python3.12/site-packages/airflow/example_dags/example_setup_teardown.py
[2025-01-27T11:30:23.346+0000] {logging_mixin.py:190} INFO - [2025-01-27T11:30:23.346+0000] {dag.py:3239} INFO - Sync 1 DAGs
[2025-01-27T11:30:23.389+0000] {logging_mixin.py:190} INFO - [2025-01-27T11:30:23.388+0000] {dag.py:4180} INFO - Setting next_dagrun for example_setup_teardown to None, run_after=None
[2025-01-27T11:30:23.443+0000] {processor.py:208} INFO - Processing /home/airflow/.local/lib/python3.12/site-packages/airflow/example_dags/example_setup_teardown.py took 0.198 seconds
[2025-01-27T11:30:55.497+0000] {processor.py:186} INFO - Started process (PID=211) to work on /home/airflow/.local/lib/python3.12/site-packages/airflow/example_dags/example_setup_teardown.py
[2025-01-27T11:30:55.500+0000] {processor.py:914} INFO - Processing file /home/airflow/.local/lib/python3.12/site-packages/airflow/example_dags/example_setup_teardown.py for tasks to queue
[2025-01-27T11:30:55.505+0000] {logging_mixin.py:190} INFO - [2025-01-27T11:30:55.505+0000] {dagbag.py:588} INFO - Filling up the DagBag from /home/airflow/.local/lib/python3.12/site-packages/airflow/example_dags/example_setup_teardown.py
[2025-01-27T11:30:55.536+0000] {processor.py:925} INFO - DAG(s) 'example_setup_teardown' retrieved from /home/airflow/.local/lib/python3.12/site-packages/airflow/example_dags/example_setup_teardown.py
[2025-01-27T11:30:55.603+0000] {logging_mixin.py:190} INFO - [2025-01-27T11:30:55.602+0000] {dag.py:3239} INFO - Sync 1 DAGs
[2025-01-27T11:30:55.657+0000] {logging_mixin.py:190} INFO - [2025-01-27T11:30:55.657+0000] {dag.py:4180} INFO - Setting next_dagrun for example_setup_teardown to None, run_after=None
[2025-01-27T11:30:55.718+0000] {processor.py:208} INFO - Processing /home/airflow/.local/lib/python3.12/site-packages/airflow/example_dags/example_setup_teardown.py took 0.242 seconds
[2025-01-27T11:31:25.834+0000] {processor.py:186} INFO - Started process (PID=274) to work on /home/airflow/.local/lib/python3.12/site-packages/airflow/example_dags/example_setup_teardown.py
[2025-01-27T11:31:25.836+0000] {processor.py:914} INFO - Processing file /home/airflow/.local/lib/python3.12/site-packages/airflow/example_dags/example_setup_teardown.py for tasks to queue
[2025-01-27T11:31:25.840+0000] {logging_mixin.py:190} INFO - [2025-01-27T11:31:25.840+0000] {dagbag.py:588} INFO - Filling up the DagBag from /home/airflow/.local/lib/python3.12/site-packages/airflow/example_dags/example_setup_teardown.py
[2025-01-27T11:31:25.851+0000] {processor.py:925} INFO - DAG(s) 'example_setup_teardown' retrieved from /home/airflow/.local/lib/python3.12/site-packages/airflow/example_dags/example_setup_teardown.py
[2025-01-27T11:31:25.877+0000] {logging_mixin.py:190} INFO - [2025-01-27T11:31:25.877+0000] {dag.py:3239} INFO - Sync 1 DAGs
[2025-01-27T11:31:25.897+0000] {logging_mixin.py:190} INFO - [2025-01-27T11:31:25.896+0000] {dag.py:4180} INFO - Setting next_dagrun for example_setup_teardown to None, run_after=None
[2025-01-27T11:31:25.921+0000] {processor.py:208} INFO - Processing /home/airflow/.local/lib/python3.12/site-packages/airflow/example_dags/example_setup_teardown.py took 0.094 seconds
[2025-01-27T11:31:57.512+0000] {processor.py:186} INFO - Started process (PID=343) to work on /home/airflow/.local/lib/python3.12/site-packages/airflow/example_dags/example_setup_teardown.py
[2025-01-27T11:31:57.523+0000] {processor.py:914} INFO - Processing file /home/airflow/.local/lib/python3.12/site-packages/airflow/example_dags/example_setup_teardown.py for tasks to queue
[2025-01-27T11:31:57.536+0000] {logging_mixin.py:190} INFO - [2025-01-27T11:31:57.535+0000] {dagbag.py:588} INFO - Filling up the DagBag from /home/airflow/.local/lib/python3.12/site-packages/airflow/example_dags/example_setup_teardown.py
[2025-01-27T11:31:57.558+0000] {processor.py:925} INFO - DAG(s) 'example_setup_teardown' retrieved from /home/airflow/.local/lib/python3.12/site-packages/airflow/example_dags/example_setup_teardown.py
[2025-01-27T11:31:57.617+0000] {logging_mixin.py:190} INFO - [2025-01-27T11:31:57.616+0000] {dag.py:3239} INFO - Sync 1 DAGs
[2025-01-27T11:31:57.664+0000] {logging_mixin.py:190} INFO - [2025-01-27T11:31:57.663+0000] {dag.py:4180} INFO - Setting next_dagrun for example_setup_teardown to None, run_after=None
[2025-01-27T11:31:57.743+0000] {processor.py:208} INFO - Processing /home/airflow/.local/lib/python3.12/site-packages/airflow/example_dags/example_setup_teardown.py took 0.243 seconds
[2025-01-27T11:37:32.835+0000] {processor.py:186} INFO - Started process (PID=383) to work on /home/airflow/.local/lib/python3.12/site-packages/airflow/example_dags/example_setup_teardown.py
[2025-01-27T11:37:32.837+0000] {processor.py:914} INFO - Processing file /home/airflow/.local/lib/python3.12/site-packages/airflow/example_dags/example_setup_teardown.py for tasks to queue
[2025-01-27T11:37:32.844+0000] {logging_mixin.py:190} INFO - [2025-01-27T11:37:32.843+0000] {dagbag.py:588} INFO - Filling up the DagBag from /home/airflow/.local/lib/python3.12/site-packages/airflow/example_dags/example_setup_teardown.py
[2025-01-27T11:37:32.861+0000] {processor.py:925} INFO - DAG(s) 'example_setup_teardown' retrieved from /home/airflow/.local/lib/python3.12/site-packages/airflow/example_dags/example_setup_teardown.py
[2025-01-27T11:37:32.898+0000] {logging_mixin.py:190} INFO - [2025-01-27T11:37:32.898+0000] {dag.py:3239} INFO - Sync 1 DAGs
[2025-01-27T11:37:32.930+0000] {logging_mixin.py:190} INFO - [2025-01-27T11:37:32.930+0000] {dag.py:4180} INFO - Setting next_dagrun for example_setup_teardown to None, run_after=None
[2025-01-27T11:37:32.962+0000] {processor.py:208} INFO - Processing /home/airflow/.local/lib/python3.12/site-packages/airflow/example_dags/example_setup_teardown.py took 0.145 seconds
[2025-01-27T11:38:03.447+0000] {processor.py:186} INFO - Started process (PID=671) to work on /home/airflow/.local/lib/python3.12/site-packages/airflow/example_dags/example_setup_teardown.py
[2025-01-27T11:38:03.448+0000] {processor.py:914} INFO - Processing file /home/airflow/.local/lib/python3.12/site-packages/airflow/example_dags/example_setup_teardown.py for tasks to queue
[2025-01-27T11:38:03.452+0000] {logging_mixin.py:190} INFO - [2025-01-27T11:38:03.452+0000] {dagbag.py:588} INFO - Filling up the DagBag from /home/airflow/.local/lib/python3.12/site-packages/airflow/example_dags/example_setup_teardown.py
[2025-01-27T11:38:03.467+0000] {processor.py:925} INFO - DAG(s) 'example_setup_teardown' retrieved from /home/airflow/.local/lib/python3.12/site-packages/airflow/example_dags/example_setup_teardown.py
[2025-01-27T11:38:03.502+0000] {logging_mixin.py:190} INFO - [2025-01-27T11:38:03.501+0000] {dag.py:3239} INFO - Sync 1 DAGs
[2025-01-27T11:38:03.528+0000] {logging_mixin.py:190} INFO - [2025-01-27T11:38:03.527+0000] {dag.py:4180} INFO - Setting next_dagrun for example_setup_teardown to None, run_after=None
[2025-01-27T11:38:03.554+0000] {processor.py:208} INFO - Processing /home/airflow/.local/lib/python3.12/site-packages/airflow/example_dags/example_setup_teardown.py took 0.118 seconds
[2025-01-27T11:38:35.933+0000] {processor.py:186} INFO - Started process (PID=960) to work on /home/airflow/.local/lib/python3.12/site-packages/airflow/example_dags/example_setup_teardown.py
[2025-01-27T11:38:35.938+0000] {processor.py:914} INFO - Processing file /home/airflow/.local/lib/python3.12/site-packages/airflow/example_dags/example_setup_teardown.py for tasks to queue
[2025-01-27T11:38:35.945+0000] {logging_mixin.py:190} INFO - [2025-01-27T11:38:35.945+0000] {dagbag.py:588} INFO - Filling up the DagBag from /home/airflow/.local/lib/python3.12/site-packages/airflow/example_dags/example_setup_teardown.py
[2025-01-27T11:38:35.983+0000] {processor.py:925} INFO - DAG(s) 'example_setup_teardown' retrieved from /home/airflow/.local/lib/python3.12/site-packages/airflow/example_dags/example_setup_teardown.py
[2025-01-27T11:38:36.044+0000] {logging_mixin.py:190} INFO - [2025-01-27T11:38:36.043+0000] {dag.py:3239} INFO - Sync 1 DAGs
[2025-01-27T11:38:36.097+0000] {logging_mixin.py:190} INFO - [2025-01-27T11:38:36.096+0000] {dag.py:4180} INFO - Setting next_dagrun for example_setup_teardown to None, run_after=None
[2025-01-27T11:38:36.164+0000] {processor.py:208} INFO - Processing /home/airflow/.local/lib/python3.12/site-packages/airflow/example_dags/example_setup_teardown.py took 0.246 seconds
[2025-01-27T11:39:08.346+0000] {processor.py:186} INFO - Started process (PID=1251) to work on /home/airflow/.local/lib/python3.12/site-packages/airflow/example_dags/example_setup_teardown.py
[2025-01-27T11:39:08.349+0000] {processor.py:914} INFO - Processing file /home/airflow/.local/lib/python3.12/site-packages/airflow/example_dags/example_setup_teardown.py for tasks to queue
[2025-01-27T11:39:08.357+0000] {logging_mixin.py:190} INFO - [2025-01-27T11:39:08.356+0000] {dagbag.py:588} INFO - Filling up the DagBag from /home/airflow/.local/lib/python3.12/site-packages/airflow/example_dags/example_setup_teardown.py
[2025-01-27T11:39:08.379+0000] {processor.py:925} INFO - DAG(s) 'example_setup_teardown' retrieved from /home/airflow/.local/lib/python3.12/site-packages/airflow/example_dags/example_setup_teardown.py
[2025-01-27T11:39:08.424+0000] {logging_mixin.py:190} INFO - [2025-01-27T11:39:08.424+0000] {dag.py:3239} INFO - Sync 1 DAGs
[2025-01-27T11:39:08.450+0000] {logging_mixin.py:190} INFO - [2025-01-27T11:39:08.449+0000] {dag.py:4180} INFO - Setting next_dagrun for example_setup_teardown to None, run_after=None
[2025-01-27T11:39:08.477+0000] {processor.py:208} INFO - Processing /home/airflow/.local/lib/python3.12/site-packages/airflow/example_dags/example_setup_teardown.py took 0.148 seconds
[2025-01-27T11:39:38.822+0000] {processor.py:186} INFO - Started process (PID=1543) to work on /home/airflow/.local/lib/python3.12/site-packages/airflow/example_dags/example_setup_teardown.py
[2025-01-27T11:39:38.823+0000] {processor.py:914} INFO - Processing file /home/airflow/.local/lib/python3.12/site-packages/airflow/example_dags/example_setup_teardown.py for tasks to queue
[2025-01-27T11:39:38.826+0000] {logging_mixin.py:190} INFO - [2025-01-27T11:39:38.826+0000] {dagbag.py:588} INFO - Filling up the DagBag from /home/airflow/.local/lib/python3.12/site-packages/airflow/example_dags/example_setup_teardown.py
[2025-01-27T11:39:38.843+0000] {processor.py:925} INFO - DAG(s) 'example_setup_teardown' retrieved from /home/airflow/.local/lib/python3.12/site-packages/airflow/example_dags/example_setup_teardown.py
[2025-01-27T11:39:38.889+0000] {logging_mixin.py:190} INFO - [2025-01-27T11:39:38.888+0000] {dag.py:3239} INFO - Sync 1 DAGs
[2025-01-27T11:39:38.914+0000] {logging_mixin.py:190} INFO - [2025-01-27T11:39:38.914+0000] {dag.py:4180} INFO - Setting next_dagrun for example_setup_teardown to None, run_after=None
[2025-01-27T11:39:38.943+0000] {processor.py:208} INFO - Processing /home/airflow/.local/lib/python3.12/site-packages/airflow/example_dags/example_setup_teardown.py took 0.134 seconds
[2025-01-27T11:40:10.584+0000] {processor.py:186} INFO - Started process (PID=1838) to work on /home/airflow/.local/lib/python3.12/site-packages/airflow/example_dags/example_setup_teardown.py
[2025-01-27T11:40:10.587+0000] {processor.py:914} INFO - Processing file /home/airflow/.local/lib/python3.12/site-packages/airflow/example_dags/example_setup_teardown.py for tasks to queue
[2025-01-27T11:40:10.594+0000] {logging_mixin.py:190} INFO - [2025-01-27T11:40:10.593+0000] {dagbag.py:588} INFO - Filling up the DagBag from /home/airflow/.local/lib/python3.12/site-packages/airflow/example_dags/example_setup_teardown.py
[2025-01-27T11:40:10.613+0000] {processor.py:925} INFO - DAG(s) 'example_setup_teardown' retrieved from /home/airflow/.local/lib/python3.12/site-packages/airflow/example_dags/example_setup_teardown.py
[2025-01-27T11:40:10.663+0000] {logging_mixin.py:190} INFO - [2025-01-27T11:40:10.663+0000] {dag.py:3239} INFO - Sync 1 DAGs
[2025-01-27T11:40:10.701+0000] {logging_mixin.py:190} INFO - [2025-01-27T11:40:10.701+0000] {dag.py:4180} INFO - Setting next_dagrun for example_setup_teardown to None, run_after=None
[2025-01-27T11:40:10.734+0000] {processor.py:208} INFO - Processing /home/airflow/.local/lib/python3.12/site-packages/airflow/example_dags/example_setup_teardown.py took 0.165 seconds
[2025-01-27T11:40:41.550+0000] {processor.py:186} INFO - Started process (PID=2129) to work on /home/airflow/.local/lib/python3.12/site-packages/airflow/example_dags/example_setup_teardown.py
[2025-01-27T11:40:41.551+0000] {processor.py:914} INFO - Processing file /home/airflow/.local/lib/python3.12/site-packages/airflow/example_dags/example_setup_teardown.py for tasks to queue
[2025-01-27T11:40:41.554+0000] {logging_mixin.py:190} INFO - [2025-01-27T11:40:41.554+0000] {dagbag.py:588} INFO - Filling up the DagBag from /home/airflow/.local/lib/python3.12/site-packages/airflow/example_dags/example_setup_teardown.py
[2025-01-27T11:40:41.565+0000] {processor.py:925} INFO - DAG(s) 'example_setup_teardown' retrieved from /home/airflow/.local/lib/python3.12/site-packages/airflow/example_dags/example_setup_teardown.py
[2025-01-27T11:40:41.592+0000] {logging_mixin.py:190} INFO - [2025-01-27T11:40:41.591+0000] {dag.py:3239} INFO - Sync 1 DAGs
[2025-01-27T11:40:41.618+0000] {logging_mixin.py:190} INFO - [2025-01-27T11:40:41.617+0000] {dag.py:4180} INFO - Setting next_dagrun for example_setup_teardown to None, run_after=None
[2025-01-27T11:40:41.656+0000] {processor.py:208} INFO - Processing /home/airflow/.local/lib/python3.12/site-packages/airflow/example_dags/example_setup_teardown.py took 0.115 seconds
[2025-01-27T11:41:13.334+0000] {processor.py:186} INFO - Started process (PID=2420) to work on /home/airflow/.local/lib/python3.12/site-packages/airflow/example_dags/example_setup_teardown.py
[2025-01-27T11:41:13.335+0000] {processor.py:914} INFO - Processing file /home/airflow/.local/lib/python3.12/site-packages/airflow/example_dags/example_setup_teardown.py for tasks to queue
[2025-01-27T11:41:13.338+0000] {logging_mixin.py:190} INFO - [2025-01-27T11:41:13.337+0000] {dagbag.py:588} INFO - Filling up the DagBag from /home/airflow/.local/lib/python3.12/site-packages/airflow/example_dags/example_setup_teardown.py
[2025-01-27T11:41:13.352+0000] {processor.py:925} INFO - DAG(s) 'example_setup_teardown' retrieved from /home/airflow/.local/lib/python3.12/site-packages/airflow/example_dags/example_setup_teardown.py
[2025-01-27T11:41:13.383+0000] {logging_mixin.py:190} INFO - [2025-01-27T11:41:13.383+0000] {dag.py:3239} INFO - Sync 1 DAGs
[2025-01-27T11:41:13.406+0000] {logging_mixin.py:190} INFO - [2025-01-27T11:41:13.406+0000] {dag.py:4180} INFO - Setting next_dagrun for example_setup_teardown to None, run_after=None
[2025-01-27T11:41:13.436+0000] {processor.py:208} INFO - Processing /home/airflow/.local/lib/python3.12/site-packages/airflow/example_dags/example_setup_teardown.py took 0.109 seconds
[2025-01-27T11:41:44.615+0000] {processor.py:186} INFO - Started process (PID=2711) to work on /home/airflow/.local/lib/python3.12/site-packages/airflow/example_dags/example_setup_teardown.py
[2025-01-27T11:41:44.617+0000] {processor.py:914} INFO - Processing file /home/airflow/.local/lib/python3.12/site-packages/airflow/example_dags/example_setup_teardown.py for tasks to queue
[2025-01-27T11:41:44.623+0000] {logging_mixin.py:190} INFO - [2025-01-27T11:41:44.622+0000] {dagbag.py:588} INFO - Filling up the DagBag from /home/airflow/.local/lib/python3.12/site-packages/airflow/example_dags/example_setup_teardown.py
[2025-01-27T11:41:44.642+0000] {processor.py:925} INFO - DAG(s) 'example_setup_teardown' retrieved from /home/airflow/.local/lib/python3.12/site-packages/airflow/example_dags/example_setup_teardown.py
[2025-01-27T11:41:44.690+0000] {logging_mixin.py:190} INFO - [2025-01-27T11:41:44.689+0000] {dag.py:3239} INFO - Sync 1 DAGs
[2025-01-27T11:41:44.744+0000] {logging_mixin.py:190} INFO - [2025-01-27T11:41:44.743+0000] {dag.py:4180} INFO - Setting next_dagrun for example_setup_teardown to None, run_after=None
[2025-01-27T11:41:44.808+0000] {processor.py:208} INFO - Processing /home/airflow/.local/lib/python3.12/site-packages/airflow/example_dags/example_setup_teardown.py took 0.207 seconds
