[2025-01-27T12:19:50.079+0000] {processor.py:186} INFO - Started process (PID=359) to work on /home/airflow/.local/lib/python3.12/site-packages/airflow/example_dags/example_dynamic_task_mapping.py
[2025-01-27T12:19:50.083+0000] {processor.py:914} INFO - Processing file /home/airflow/.local/lib/python3.12/site-packages/airflow/example_dags/example_dynamic_task_mapping.py for tasks to queue
[2025-01-27T12:19:50.091+0000] {logging_mixin.py:190} INFO - [2025-01-27T12:19:50.090+0000] {dagbag.py:588} INFO - Filling up the DagBag from /home/airflow/.local/lib/python3.12/site-packages/airflow/example_dags/example_dynamic_task_mapping.py
[2025-01-27T12:19:50.115+0000] {processor.py:925} INFO - DAG(s) 'example_dynamic_task_mapping' retrieved from /home/airflow/.local/lib/python3.12/site-packages/airflow/example_dags/example_dynamic_task_mapping.py
[2025-01-27T12:19:50.431+0000] {logging_mixin.py:190} INFO - [2025-01-27T12:19:50.429+0000] {override.py:1911} INFO - Created Permission View: can read on DAG:example_dynamic_task_mapping
[2025-01-27T12:19:50.450+0000] {logging_mixin.py:190} INFO - [2025-01-27T12:19:50.450+0000] {override.py:1911} INFO - Created Permission View: can delete on DAG:example_dynamic_task_mapping
[2025-01-27T12:19:50.492+0000] {logging_mixin.py:190} INFO - [2025-01-27T12:19:50.491+0000] {override.py:1911} INFO - Created Permission View: can edit on DAG:example_dynamic_task_mapping
[2025-01-27T12:19:50.514+0000] {logging_mixin.py:190} INFO - [2025-01-27T12:19:50.513+0000] {override.py:1911} INFO - Created Permission View: can read on DAG Run:example_dynamic_task_mapping
[2025-01-27T12:19:50.537+0000] {logging_mixin.py:190} INFO - [2025-01-27T12:19:50.537+0000] {override.py:1911} INFO - Created Permission View: can create on DAG Run:example_dynamic_task_mapping
[2025-01-27T12:19:50.556+0000] {logging_mixin.py:190} INFO - [2025-01-27T12:19:50.556+0000] {override.py:1911} INFO - Created Permission View: menu access on DAG Run:example_dynamic_task_mapping
[2025-01-27T12:19:50.572+0000] {logging_mixin.py:190} INFO - [2025-01-27T12:19:50.571+0000] {override.py:1911} INFO - Created Permission View: can delete on DAG Run:example_dynamic_task_mapping
[2025-01-27T12:19:50.573+0000] {logging_mixin.py:190} INFO - [2025-01-27T12:19:50.572+0000] {dag.py:3239} INFO - Sync 1 DAGs
[2025-01-27T12:19:50.604+0000] {logging_mixin.py:190} INFO - [2025-01-27T12:19:50.603+0000] {dag.py:3262} INFO - Creating ORM DAG for example_dynamic_task_mapping
[2025-01-27T12:19:50.605+0000] {logging_mixin.py:190} INFO - [2025-01-27T12:19:50.605+0000] {dag.py:4180} INFO - Setting next_dagrun for example_dynamic_task_mapping to None, run_after=None
[2025-01-27T12:19:50.648+0000] {processor.py:208} INFO - Processing /home/airflow/.local/lib/python3.12/site-packages/airflow/example_dags/example_dynamic_task_mapping.py took 0.584 seconds
[2025-01-27T12:20:21.637+0000] {processor.py:186} INFO - Started process (PID=649) to work on /home/airflow/.local/lib/python3.12/site-packages/airflow/example_dags/example_dynamic_task_mapping.py
[2025-01-27T12:20:21.640+0000] {processor.py:914} INFO - Processing file /home/airflow/.local/lib/python3.12/site-packages/airflow/example_dags/example_dynamic_task_mapping.py for tasks to queue
[2025-01-27T12:20:21.663+0000] {logging_mixin.py:190} INFO - [2025-01-27T12:20:21.662+0000] {dagbag.py:588} INFO - Filling up the DagBag from /home/airflow/.local/lib/python3.12/site-packages/airflow/example_dags/example_dynamic_task_mapping.py
[2025-01-27T12:20:21.702+0000] {processor.py:925} INFO - DAG(s) 'example_dynamic_task_mapping' retrieved from /home/airflow/.local/lib/python3.12/site-packages/airflow/example_dags/example_dynamic_task_mapping.py
[2025-01-27T12:20:21.801+0000] {logging_mixin.py:190} INFO - [2025-01-27T12:20:21.800+0000] {dag.py:3239} INFO - Sync 1 DAGs
[2025-01-27T12:20:21.955+0000] {logging_mixin.py:190} INFO - [2025-01-27T12:20:21.955+0000] {dag.py:4180} INFO - Setting next_dagrun for example_dynamic_task_mapping to None, run_after=None
[2025-01-27T12:20:22.127+0000] {processor.py:208} INFO - Processing /home/airflow/.local/lib/python3.12/site-packages/airflow/example_dags/example_dynamic_task_mapping.py took 0.519 seconds
[2025-01-27T12:20:52.416+0000] {processor.py:186} INFO - Started process (PID=942) to work on /home/airflow/.local/lib/python3.12/site-packages/airflow/example_dags/example_dynamic_task_mapping.py
[2025-01-27T12:20:52.421+0000] {processor.py:914} INFO - Processing file /home/airflow/.local/lib/python3.12/site-packages/airflow/example_dags/example_dynamic_task_mapping.py for tasks to queue
[2025-01-27T12:20:52.434+0000] {logging_mixin.py:190} INFO - [2025-01-27T12:20:52.433+0000] {dagbag.py:588} INFO - Filling up the DagBag from /home/airflow/.local/lib/python3.12/site-packages/airflow/example_dags/example_dynamic_task_mapping.py
[2025-01-27T12:20:52.468+0000] {processor.py:925} INFO - DAG(s) 'example_dynamic_task_mapping' retrieved from /home/airflow/.local/lib/python3.12/site-packages/airflow/example_dags/example_dynamic_task_mapping.py
[2025-01-27T12:20:52.548+0000] {logging_mixin.py:190} INFO - [2025-01-27T12:20:52.547+0000] {dag.py:3239} INFO - Sync 1 DAGs
[2025-01-27T12:20:52.604+0000] {logging_mixin.py:190} INFO - [2025-01-27T12:20:52.604+0000] {dag.py:4180} INFO - Setting next_dagrun for example_dynamic_task_mapping to None, run_after=None
[2025-01-27T12:20:52.728+0000] {processor.py:208} INFO - Processing /home/airflow/.local/lib/python3.12/site-packages/airflow/example_dags/example_dynamic_task_mapping.py took 0.349 seconds
[2025-01-27T12:21:23.067+0000] {processor.py:186} INFO - Started process (PID=1233) to work on /home/airflow/.local/lib/python3.12/site-packages/airflow/example_dags/example_dynamic_task_mapping.py
[2025-01-27T12:21:23.070+0000] {processor.py:914} INFO - Processing file /home/airflow/.local/lib/python3.12/site-packages/airflow/example_dags/example_dynamic_task_mapping.py for tasks to queue
[2025-01-27T12:21:23.077+0000] {logging_mixin.py:190} INFO - [2025-01-27T12:21:23.077+0000] {dagbag.py:588} INFO - Filling up the DagBag from /home/airflow/.local/lib/python3.12/site-packages/airflow/example_dags/example_dynamic_task_mapping.py
[2025-01-27T12:21:23.100+0000] {processor.py:925} INFO - DAG(s) 'example_dynamic_task_mapping' retrieved from /home/airflow/.local/lib/python3.12/site-packages/airflow/example_dags/example_dynamic_task_mapping.py
[2025-01-27T12:21:23.166+0000] {logging_mixin.py:190} INFO - [2025-01-27T12:21:23.166+0000] {dag.py:3239} INFO - Sync 1 DAGs
[2025-01-27T12:21:23.212+0000] {logging_mixin.py:190} INFO - [2025-01-27T12:21:23.211+0000] {dag.py:4180} INFO - Setting next_dagrun for example_dynamic_task_mapping to None, run_after=None
[2025-01-27T12:21:23.273+0000] {processor.py:208} INFO - Processing /home/airflow/.local/lib/python3.12/site-packages/airflow/example_dags/example_dynamic_task_mapping.py took 0.240 seconds
[2025-01-27T12:21:53.778+0000] {processor.py:186} INFO - Started process (PID=1525) to work on /home/airflow/.local/lib/python3.12/site-packages/airflow/example_dags/example_dynamic_task_mapping.py
[2025-01-27T12:21:53.780+0000] {processor.py:914} INFO - Processing file /home/airflow/.local/lib/python3.12/site-packages/airflow/example_dags/example_dynamic_task_mapping.py for tasks to queue
[2025-01-27T12:21:53.785+0000] {logging_mixin.py:190} INFO - [2025-01-27T12:21:53.784+0000] {dagbag.py:588} INFO - Filling up the DagBag from /home/airflow/.local/lib/python3.12/site-packages/airflow/example_dags/example_dynamic_task_mapping.py
[2025-01-27T12:21:53.799+0000] {processor.py:925} INFO - DAG(s) 'example_dynamic_task_mapping' retrieved from /home/airflow/.local/lib/python3.12/site-packages/airflow/example_dags/example_dynamic_task_mapping.py
[2025-01-27T12:21:53.831+0000] {logging_mixin.py:190} INFO - [2025-01-27T12:21:53.831+0000] {dag.py:3239} INFO - Sync 1 DAGs
[2025-01-27T12:21:53.856+0000] {logging_mixin.py:190} INFO - [2025-01-27T12:21:53.856+0000] {dag.py:4180} INFO - Setting next_dagrun for example_dynamic_task_mapping to None, run_after=None
[2025-01-27T12:21:53.890+0000] {processor.py:208} INFO - Processing /home/airflow/.local/lib/python3.12/site-packages/airflow/example_dags/example_dynamic_task_mapping.py took 0.122 seconds
[2025-01-27T12:22:25.197+0000] {processor.py:186} INFO - Started process (PID=1823) to work on /home/airflow/.local/lib/python3.12/site-packages/airflow/example_dags/example_dynamic_task_mapping.py
[2025-01-27T12:22:25.216+0000] {processor.py:914} INFO - Processing file /home/airflow/.local/lib/python3.12/site-packages/airflow/example_dags/example_dynamic_task_mapping.py for tasks to queue
[2025-01-27T12:22:25.235+0000] {logging_mixin.py:190} INFO - [2025-01-27T12:22:25.235+0000] {dagbag.py:588} INFO - Filling up the DagBag from /home/airflow/.local/lib/python3.12/site-packages/airflow/example_dags/example_dynamic_task_mapping.py
[2025-01-27T12:22:25.259+0000] {processor.py:925} INFO - DAG(s) 'example_dynamic_task_mapping' retrieved from /home/airflow/.local/lib/python3.12/site-packages/airflow/example_dags/example_dynamic_task_mapping.py
[2025-01-27T12:22:25.313+0000] {logging_mixin.py:190} INFO - [2025-01-27T12:22:25.312+0000] {dag.py:3239} INFO - Sync 1 DAGs
[2025-01-27T12:22:25.352+0000] {logging_mixin.py:190} INFO - [2025-01-27T12:22:25.351+0000] {dag.py:4180} INFO - Setting next_dagrun for example_dynamic_task_mapping to None, run_after=None
[2025-01-27T12:22:25.385+0000] {processor.py:208} INFO - Processing /home/airflow/.local/lib/python3.12/site-packages/airflow/example_dags/example_dynamic_task_mapping.py took 0.209 seconds
[2025-01-27T12:22:56.281+0000] {processor.py:186} INFO - Started process (PID=2111) to work on /home/airflow/.local/lib/python3.12/site-packages/airflow/example_dags/example_dynamic_task_mapping.py
[2025-01-27T12:22:56.289+0000] {processor.py:914} INFO - Processing file /home/airflow/.local/lib/python3.12/site-packages/airflow/example_dags/example_dynamic_task_mapping.py for tasks to queue
[2025-01-27T12:22:56.296+0000] {logging_mixin.py:190} INFO - [2025-01-27T12:22:56.295+0000] {dagbag.py:588} INFO - Filling up the DagBag from /home/airflow/.local/lib/python3.12/site-packages/airflow/example_dags/example_dynamic_task_mapping.py
[2025-01-27T12:22:56.360+0000] {processor.py:925} INFO - DAG(s) 'example_dynamic_task_mapping' retrieved from /home/airflow/.local/lib/python3.12/site-packages/airflow/example_dags/example_dynamic_task_mapping.py
[2025-01-27T12:22:56.460+0000] {logging_mixin.py:190} INFO - [2025-01-27T12:22:56.460+0000] {dag.py:3239} INFO - Sync 1 DAGs
[2025-01-27T12:22:56.527+0000] {logging_mixin.py:190} INFO - [2025-01-27T12:22:56.526+0000] {dag.py:4180} INFO - Setting next_dagrun for example_dynamic_task_mapping to None, run_after=None
[2025-01-27T12:22:56.589+0000] {processor.py:208} INFO - Processing /home/airflow/.local/lib/python3.12/site-packages/airflow/example_dags/example_dynamic_task_mapping.py took 0.332 seconds
[2025-01-27T12:23:27.164+0000] {processor.py:186} INFO - Started process (PID=2402) to work on /home/airflow/.local/lib/python3.12/site-packages/airflow/example_dags/example_dynamic_task_mapping.py
[2025-01-27T12:23:27.166+0000] {processor.py:914} INFO - Processing file /home/airflow/.local/lib/python3.12/site-packages/airflow/example_dags/example_dynamic_task_mapping.py for tasks to queue
[2025-01-27T12:23:27.176+0000] {logging_mixin.py:190} INFO - [2025-01-27T12:23:27.174+0000] {dagbag.py:588} INFO - Filling up the DagBag from /home/airflow/.local/lib/python3.12/site-packages/airflow/example_dags/example_dynamic_task_mapping.py
[2025-01-27T12:23:27.199+0000] {processor.py:925} INFO - DAG(s) 'example_dynamic_task_mapping' retrieved from /home/airflow/.local/lib/python3.12/site-packages/airflow/example_dags/example_dynamic_task_mapping.py
[2025-01-27T12:23:27.244+0000] {logging_mixin.py:190} INFO - [2025-01-27T12:23:27.244+0000] {dag.py:3239} INFO - Sync 1 DAGs
[2025-01-27T12:23:27.282+0000] {logging_mixin.py:190} INFO - [2025-01-27T12:23:27.281+0000] {dag.py:4180} INFO - Setting next_dagrun for example_dynamic_task_mapping to None, run_after=None
[2025-01-27T12:23:27.431+0000] {processor.py:208} INFO - Processing /home/airflow/.local/lib/python3.12/site-packages/airflow/example_dags/example_dynamic_task_mapping.py took 0.285 seconds
[2025-01-27T12:23:57.743+0000] {processor.py:186} INFO - Started process (PID=2692) to work on /home/airflow/.local/lib/python3.12/site-packages/airflow/example_dags/example_dynamic_task_mapping.py
[2025-01-27T12:23:57.744+0000] {processor.py:914} INFO - Processing file /home/airflow/.local/lib/python3.12/site-packages/airflow/example_dags/example_dynamic_task_mapping.py for tasks to queue
[2025-01-27T12:23:57.748+0000] {logging_mixin.py:190} INFO - [2025-01-27T12:23:57.748+0000] {dagbag.py:588} INFO - Filling up the DagBag from /home/airflow/.local/lib/python3.12/site-packages/airflow/example_dags/example_dynamic_task_mapping.py
[2025-01-27T12:23:57.762+0000] {processor.py:925} INFO - DAG(s) 'example_dynamic_task_mapping' retrieved from /home/airflow/.local/lib/python3.12/site-packages/airflow/example_dags/example_dynamic_task_mapping.py
[2025-01-27T12:23:57.803+0000] {logging_mixin.py:190} INFO - [2025-01-27T12:23:57.802+0000] {dag.py:3239} INFO - Sync 1 DAGs
[2025-01-27T12:23:57.837+0000] {logging_mixin.py:190} INFO - [2025-01-27T12:23:57.836+0000] {dag.py:4180} INFO - Setting next_dagrun for example_dynamic_task_mapping to None, run_after=None
[2025-01-27T12:23:57.867+0000] {processor.py:208} INFO - Processing /home/airflow/.local/lib/python3.12/site-packages/airflow/example_dags/example_dynamic_task_mapping.py took 0.135 seconds
