[2025-01-27T11:29:49.597+0000] {processor.py:186} INFO - Started process (PID=68) to work on /home/airflow/.local/lib/python3.12/site-packages/airflow/example_dags/example_trigger_controller_dag.py
[2025-01-27T11:29:49.598+0000] {processor.py:914} INFO - Processing file /home/airflow/.local/lib/python3.12/site-packages/airflow/example_dags/example_trigger_controller_dag.py for tasks to queue
[2025-01-27T11:29:49.611+0000] {logging_mixin.py:190} INFO - [2025-01-27T11:29:49.610+0000] {dagbag.py:588} INFO - Filling up the DagBag from /home/airflow/.local/lib/python3.12/site-packages/airflow/example_dags/example_trigger_controller_dag.py
[2025-01-27T11:29:49.642+0000] {processor.py:925} INFO - DAG(s) 'example_trigger_controller_dag' retrieved from /home/airflow/.local/lib/python3.12/site-packages/airflow/example_dags/example_trigger_controller_dag.py
[2025-01-27T11:29:49.696+0000] {logging_mixin.py:190} INFO - [2025-01-27T11:29:49.696+0000] {dag.py:3239} INFO - Sync 1 DAGs
[2025-01-27T11:29:49.774+0000] {logging_mixin.py:190} INFO - [2025-01-27T11:29:49.772+0000] {dag.py:4180} INFO - Setting next_dagrun for example_trigger_controller_dag to 2021-01-01 00:00:00+00:00, run_after=2021-01-01 00:00:00+00:00
[2025-01-27T11:29:49.819+0000] {processor.py:208} INFO - Processing /home/airflow/.local/lib/python3.12/site-packages/airflow/example_dags/example_trigger_controller_dag.py took 0.240 seconds
[2025-01-27T11:30:20.081+0000] {processor.py:186} INFO - Started process (PID=132) to work on /home/airflow/.local/lib/python3.12/site-packages/airflow/example_dags/example_trigger_controller_dag.py
[2025-01-27T11:30:20.082+0000] {processor.py:914} INFO - Processing file /home/airflow/.local/lib/python3.12/site-packages/airflow/example_dags/example_trigger_controller_dag.py for tasks to queue
[2025-01-27T11:30:20.086+0000] {logging_mixin.py:190} INFO - [2025-01-27T11:30:20.085+0000] {dagbag.py:588} INFO - Filling up the DagBag from /home/airflow/.local/lib/python3.12/site-packages/airflow/example_dags/example_trigger_controller_dag.py
[2025-01-27T11:30:20.098+0000] {processor.py:925} INFO - DAG(s) 'example_trigger_controller_dag' retrieved from /home/airflow/.local/lib/python3.12/site-packages/airflow/example_dags/example_trigger_controller_dag.py
[2025-01-27T11:30:20.126+0000] {logging_mixin.py:190} INFO - [2025-01-27T11:30:20.125+0000] {dag.py:3239} INFO - Sync 1 DAGs
[2025-01-27T11:30:20.164+0000] {logging_mixin.py:190} INFO - [2025-01-27T11:30:20.163+0000] {dag.py:4180} INFO - Setting next_dagrun for example_trigger_controller_dag to 2021-01-01 00:00:00+00:00, run_after=2021-01-01 00:00:00+00:00
[2025-01-27T11:30:20.205+0000] {processor.py:208} INFO - Processing /home/airflow/.local/lib/python3.12/site-packages/airflow/example_dags/example_trigger_controller_dag.py took 0.134 seconds
[2025-01-27T11:30:50.861+0000] {processor.py:186} INFO - Started process (PID=194) to work on /home/airflow/.local/lib/python3.12/site-packages/airflow/example_dags/example_trigger_controller_dag.py
[2025-01-27T11:30:50.863+0000] {processor.py:914} INFO - Processing file /home/airflow/.local/lib/python3.12/site-packages/airflow/example_dags/example_trigger_controller_dag.py for tasks to queue
[2025-01-27T11:30:50.872+0000] {logging_mixin.py:190} INFO - [2025-01-27T11:30:50.871+0000] {dagbag.py:588} INFO - Filling up the DagBag from /home/airflow/.local/lib/python3.12/site-packages/airflow/example_dags/example_trigger_controller_dag.py
[2025-01-27T11:30:50.897+0000] {processor.py:925} INFO - DAG(s) 'example_trigger_controller_dag' retrieved from /home/airflow/.local/lib/python3.12/site-packages/airflow/example_dags/example_trigger_controller_dag.py
[2025-01-27T11:30:50.951+0000] {logging_mixin.py:190} INFO - [2025-01-27T11:30:50.950+0000] {dag.py:3239} INFO - Sync 1 DAGs
[2025-01-27T11:30:51.029+0000] {logging_mixin.py:190} INFO - [2025-01-27T11:30:51.028+0000] {dag.py:4180} INFO - Setting next_dagrun for example_trigger_controller_dag to 2021-01-01 00:00:00+00:00, run_after=2021-01-01 00:00:00+00:00
[2025-01-27T11:30:51.078+0000] {processor.py:208} INFO - Processing /home/airflow/.local/lib/python3.12/site-packages/airflow/example_dags/example_trigger_controller_dag.py took 0.239 seconds
[2025-01-27T11:31:21.213+0000] {processor.py:186} INFO - Started process (PID=256) to work on /home/airflow/.local/lib/python3.12/site-packages/airflow/example_dags/example_trigger_controller_dag.py
[2025-01-27T11:31:21.215+0000] {processor.py:914} INFO - Processing file /home/airflow/.local/lib/python3.12/site-packages/airflow/example_dags/example_trigger_controller_dag.py for tasks to queue
[2025-01-27T11:31:21.220+0000] {logging_mixin.py:190} INFO - [2025-01-27T11:31:21.219+0000] {dagbag.py:588} INFO - Filling up the DagBag from /home/airflow/.local/lib/python3.12/site-packages/airflow/example_dags/example_trigger_controller_dag.py
[2025-01-27T11:31:21.237+0000] {processor.py:925} INFO - DAG(s) 'example_trigger_controller_dag' retrieved from /home/airflow/.local/lib/python3.12/site-packages/airflow/example_dags/example_trigger_controller_dag.py
[2025-01-27T11:31:21.269+0000] {logging_mixin.py:190} INFO - [2025-01-27T11:31:21.269+0000] {dag.py:3239} INFO - Sync 1 DAGs
[2025-01-27T11:31:21.317+0000] {logging_mixin.py:190} INFO - [2025-01-27T11:31:21.316+0000] {dag.py:4180} INFO - Setting next_dagrun for example_trigger_controller_dag to 2021-01-01 00:00:00+00:00, run_after=2021-01-01 00:00:00+00:00
[2025-01-27T11:31:21.351+0000] {processor.py:208} INFO - Processing /home/airflow/.local/lib/python3.12/site-packages/airflow/example_dags/example_trigger_controller_dag.py took 0.149 seconds
[2025-01-27T11:31:52.430+0000] {processor.py:186} INFO - Started process (PID=319) to work on /home/airflow/.local/lib/python3.12/site-packages/airflow/example_dags/example_trigger_controller_dag.py
[2025-01-27T11:31:52.434+0000] {processor.py:914} INFO - Processing file /home/airflow/.local/lib/python3.12/site-packages/airflow/example_dags/example_trigger_controller_dag.py for tasks to queue
[2025-01-27T11:31:52.439+0000] {logging_mixin.py:190} INFO - [2025-01-27T11:31:52.438+0000] {dagbag.py:588} INFO - Filling up the DagBag from /home/airflow/.local/lib/python3.12/site-packages/airflow/example_dags/example_trigger_controller_dag.py
[2025-01-27T11:31:52.454+0000] {processor.py:925} INFO - DAG(s) 'example_trigger_controller_dag' retrieved from /home/airflow/.local/lib/python3.12/site-packages/airflow/example_dags/example_trigger_controller_dag.py
[2025-01-27T11:31:52.497+0000] {logging_mixin.py:190} INFO - [2025-01-27T11:31:52.497+0000] {dag.py:3239} INFO - Sync 1 DAGs
[2025-01-27T11:31:52.559+0000] {logging_mixin.py:190} INFO - [2025-01-27T11:31:52.559+0000] {dag.py:4180} INFO - Setting next_dagrun for example_trigger_controller_dag to 2021-01-01 00:00:00+00:00, run_after=2021-01-01 00:00:00+00:00
[2025-01-27T11:31:52.614+0000] {processor.py:208} INFO - Processing /home/airflow/.local/lib/python3.12/site-packages/airflow/example_dags/example_trigger_controller_dag.py took 0.208 seconds
[2025-01-27T11:37:29.643+0000] {processor.py:186} INFO - Started process (PID=298) to work on /home/airflow/.local/lib/python3.12/site-packages/airflow/example_dags/example_trigger_controller_dag.py
[2025-01-27T11:37:29.654+0000] {processor.py:914} INFO - Processing file /home/airflow/.local/lib/python3.12/site-packages/airflow/example_dags/example_trigger_controller_dag.py for tasks to queue
[2025-01-27T11:37:29.687+0000] {logging_mixin.py:190} INFO - [2025-01-27T11:37:29.686+0000] {dagbag.py:588} INFO - Filling up the DagBag from /home/airflow/.local/lib/python3.12/site-packages/airflow/example_dags/example_trigger_controller_dag.py
[2025-01-27T11:37:29.719+0000] {processor.py:925} INFO - DAG(s) 'example_trigger_controller_dag' retrieved from /home/airflow/.local/lib/python3.12/site-packages/airflow/example_dags/example_trigger_controller_dag.py
[2025-01-27T11:37:29.800+0000] {logging_mixin.py:190} INFO - [2025-01-27T11:37:29.800+0000] {dag.py:3239} INFO - Sync 1 DAGs
[2025-01-27T11:37:29.901+0000] {logging_mixin.py:190} INFO - [2025-01-27T11:37:29.899+0000] {dag.py:4180} INFO - Setting next_dagrun for example_trigger_controller_dag to 2021-01-01 00:00:00+00:00, run_after=2021-01-01 00:00:00+00:00
[2025-01-27T11:37:29.992+0000] {processor.py:208} INFO - Processing /home/airflow/.local/lib/python3.12/site-packages/airflow/example_dags/example_trigger_controller_dag.py took 0.398 seconds
[2025-01-27T11:38:00.826+0000] {processor.py:186} INFO - Started process (PID=589) to work on /home/airflow/.local/lib/python3.12/site-packages/airflow/example_dags/example_trigger_controller_dag.py
[2025-01-27T11:38:00.828+0000] {processor.py:914} INFO - Processing file /home/airflow/.local/lib/python3.12/site-packages/airflow/example_dags/example_trigger_controller_dag.py for tasks to queue
[2025-01-27T11:38:00.832+0000] {logging_mixin.py:190} INFO - [2025-01-27T11:38:00.831+0000] {dagbag.py:588} INFO - Filling up the DagBag from /home/airflow/.local/lib/python3.12/site-packages/airflow/example_dags/example_trigger_controller_dag.py
[2025-01-27T11:38:00.846+0000] {processor.py:925} INFO - DAG(s) 'example_trigger_controller_dag' retrieved from /home/airflow/.local/lib/python3.12/site-packages/airflow/example_dags/example_trigger_controller_dag.py
[2025-01-27T11:38:00.878+0000] {logging_mixin.py:190} INFO - [2025-01-27T11:38:00.878+0000] {dag.py:3239} INFO - Sync 1 DAGs
[2025-01-27T11:38:00.922+0000] {logging_mixin.py:190} INFO - [2025-01-27T11:38:00.921+0000] {dag.py:4180} INFO - Setting next_dagrun for example_trigger_controller_dag to 2021-01-01 00:00:00+00:00, run_after=2021-01-01 00:00:00+00:00
[2025-01-27T11:38:00.954+0000] {processor.py:208} INFO - Processing /home/airflow/.local/lib/python3.12/site-packages/airflow/example_dags/example_trigger_controller_dag.py took 0.140 seconds
[2025-01-27T11:38:33.867+0000] {processor.py:186} INFO - Started process (PID=880) to work on /home/airflow/.local/lib/python3.12/site-packages/airflow/example_dags/example_trigger_controller_dag.py
[2025-01-27T11:38:33.869+0000] {processor.py:914} INFO - Processing file /home/airflow/.local/lib/python3.12/site-packages/airflow/example_dags/example_trigger_controller_dag.py for tasks to queue
[2025-01-27T11:38:33.875+0000] {logging_mixin.py:190} INFO - [2025-01-27T11:38:33.874+0000] {dagbag.py:588} INFO - Filling up the DagBag from /home/airflow/.local/lib/python3.12/site-packages/airflow/example_dags/example_trigger_controller_dag.py
[2025-01-27T11:38:33.889+0000] {processor.py:925} INFO - DAG(s) 'example_trigger_controller_dag' retrieved from /home/airflow/.local/lib/python3.12/site-packages/airflow/example_dags/example_trigger_controller_dag.py
[2025-01-27T11:38:33.943+0000] {logging_mixin.py:190} INFO - [2025-01-27T11:38:33.943+0000] {dag.py:3239} INFO - Sync 1 DAGs
[2025-01-27T11:38:34.061+0000] {logging_mixin.py:190} INFO - [2025-01-27T11:38:34.060+0000] {dag.py:4180} INFO - Setting next_dagrun for example_trigger_controller_dag to 2021-01-01 00:00:00+00:00, run_after=2021-01-01 00:00:00+00:00
[2025-01-27T11:38:34.098+0000] {processor.py:208} INFO - Processing /home/airflow/.local/lib/python3.12/site-packages/airflow/example_dags/example_trigger_controller_dag.py took 0.242 seconds
[2025-01-27T11:39:06.227+0000] {processor.py:186} INFO - Started process (PID=1171) to work on /home/airflow/.local/lib/python3.12/site-packages/airflow/example_dags/example_trigger_controller_dag.py
[2025-01-27T11:39:06.229+0000] {processor.py:914} INFO - Processing file /home/airflow/.local/lib/python3.12/site-packages/airflow/example_dags/example_trigger_controller_dag.py for tasks to queue
[2025-01-27T11:39:06.235+0000] {logging_mixin.py:190} INFO - [2025-01-27T11:39:06.234+0000] {dagbag.py:588} INFO - Filling up the DagBag from /home/airflow/.local/lib/python3.12/site-packages/airflow/example_dags/example_trigger_controller_dag.py
[2025-01-27T11:39:06.250+0000] {processor.py:925} INFO - DAG(s) 'example_trigger_controller_dag' retrieved from /home/airflow/.local/lib/python3.12/site-packages/airflow/example_dags/example_trigger_controller_dag.py
[2025-01-27T11:39:06.292+0000] {logging_mixin.py:190} INFO - [2025-01-27T11:39:06.292+0000] {dag.py:3239} INFO - Sync 1 DAGs
[2025-01-27T11:39:06.357+0000] {logging_mixin.py:190} INFO - [2025-01-27T11:39:06.356+0000] {dag.py:4180} INFO - Setting next_dagrun for example_trigger_controller_dag to 2021-01-01 00:00:00+00:00, run_after=2021-01-01 00:00:00+00:00
[2025-01-27T11:39:06.405+0000] {processor.py:208} INFO - Processing /home/airflow/.local/lib/python3.12/site-packages/airflow/example_dags/example_trigger_controller_dag.py took 0.192 seconds
[2025-01-27T11:39:37.107+0000] {processor.py:186} INFO - Started process (PID=1463) to work on /home/airflow/.local/lib/python3.12/site-packages/airflow/example_dags/example_trigger_controller_dag.py
[2025-01-27T11:39:37.108+0000] {processor.py:914} INFO - Processing file /home/airflow/.local/lib/python3.12/site-packages/airflow/example_dags/example_trigger_controller_dag.py for tasks to queue
[2025-01-27T11:39:37.111+0000] {logging_mixin.py:190} INFO - [2025-01-27T11:39:37.111+0000] {dagbag.py:588} INFO - Filling up the DagBag from /home/airflow/.local/lib/python3.12/site-packages/airflow/example_dags/example_trigger_controller_dag.py
[2025-01-27T11:39:37.120+0000] {processor.py:925} INFO - DAG(s) 'example_trigger_controller_dag' retrieved from /home/airflow/.local/lib/python3.12/site-packages/airflow/example_dags/example_trigger_controller_dag.py
[2025-01-27T11:39:37.147+0000] {logging_mixin.py:190} INFO - [2025-01-27T11:39:37.147+0000] {dag.py:3239} INFO - Sync 1 DAGs
[2025-01-27T11:39:37.182+0000] {logging_mixin.py:190} INFO - [2025-01-27T11:39:37.182+0000] {dag.py:4180} INFO - Setting next_dagrun for example_trigger_controller_dag to 2021-01-01 00:00:00+00:00, run_after=2021-01-01 00:00:00+00:00
[2025-01-27T11:39:37.209+0000] {processor.py:208} INFO - Processing /home/airflow/.local/lib/python3.12/site-packages/airflow/example_dags/example_trigger_controller_dag.py took 0.113 seconds
[2025-01-27T11:40:08.431+0000] {processor.py:186} INFO - Started process (PID=1758) to work on /home/airflow/.local/lib/python3.12/site-packages/airflow/example_dags/example_trigger_controller_dag.py
[2025-01-27T11:40:08.433+0000] {processor.py:914} INFO - Processing file /home/airflow/.local/lib/python3.12/site-packages/airflow/example_dags/example_trigger_controller_dag.py for tasks to queue
[2025-01-27T11:40:08.439+0000] {logging_mixin.py:190} INFO - [2025-01-27T11:40:08.438+0000] {dagbag.py:588} INFO - Filling up the DagBag from /home/airflow/.local/lib/python3.12/site-packages/airflow/example_dags/example_trigger_controller_dag.py
[2025-01-27T11:40:08.457+0000] {processor.py:925} INFO - DAG(s) 'example_trigger_controller_dag' retrieved from /home/airflow/.local/lib/python3.12/site-packages/airflow/example_dags/example_trigger_controller_dag.py
[2025-01-27T11:40:08.494+0000] {logging_mixin.py:190} INFO - [2025-01-27T11:40:08.492+0000] {dag.py:3239} INFO - Sync 1 DAGs
[2025-01-27T11:40:08.543+0000] {logging_mixin.py:190} INFO - [2025-01-27T11:40:08.543+0000] {dag.py:4180} INFO - Setting next_dagrun for example_trigger_controller_dag to 2021-01-01 00:00:00+00:00, run_after=2021-01-01 00:00:00+00:00
[2025-01-27T11:40:08.580+0000] {processor.py:208} INFO - Processing /home/airflow/.local/lib/python3.12/site-packages/airflow/example_dags/example_trigger_controller_dag.py took 0.165 seconds
[2025-01-27T11:40:39.512+0000] {processor.py:186} INFO - Started process (PID=2049) to work on /home/airflow/.local/lib/python3.12/site-packages/airflow/example_dags/example_trigger_controller_dag.py
[2025-01-27T11:40:39.513+0000] {processor.py:914} INFO - Processing file /home/airflow/.local/lib/python3.12/site-packages/airflow/example_dags/example_trigger_controller_dag.py for tasks to queue
[2025-01-27T11:40:39.517+0000] {logging_mixin.py:190} INFO - [2025-01-27T11:40:39.517+0000] {dagbag.py:588} INFO - Filling up the DagBag from /home/airflow/.local/lib/python3.12/site-packages/airflow/example_dags/example_trigger_controller_dag.py
[2025-01-27T11:40:39.530+0000] {processor.py:925} INFO - DAG(s) 'example_trigger_controller_dag' retrieved from /home/airflow/.local/lib/python3.12/site-packages/airflow/example_dags/example_trigger_controller_dag.py
[2025-01-27T11:40:39.558+0000] {logging_mixin.py:190} INFO - [2025-01-27T11:40:39.557+0000] {dag.py:3239} INFO - Sync 1 DAGs
[2025-01-27T11:40:39.595+0000] {logging_mixin.py:190} INFO - [2025-01-27T11:40:39.595+0000] {dag.py:4180} INFO - Setting next_dagrun for example_trigger_controller_dag to 2021-01-01 00:00:00+00:00, run_after=2021-01-01 00:00:00+00:00
[2025-01-27T11:40:39.651+0000] {processor.py:208} INFO - Processing /home/airflow/.local/lib/python3.12/site-packages/airflow/example_dags/example_trigger_controller_dag.py took 0.151 seconds
[2025-01-27T11:41:09.818+0000] {processor.py:186} INFO - Started process (PID=2337) to work on /home/airflow/.local/lib/python3.12/site-packages/airflow/example_dags/example_trigger_controller_dag.py
[2025-01-27T11:41:09.819+0000] {processor.py:914} INFO - Processing file /home/airflow/.local/lib/python3.12/site-packages/airflow/example_dags/example_trigger_controller_dag.py for tasks to queue
[2025-01-27T11:41:09.824+0000] {logging_mixin.py:190} INFO - [2025-01-27T11:41:09.823+0000] {dagbag.py:588} INFO - Filling up the DagBag from /home/airflow/.local/lib/python3.12/site-packages/airflow/example_dags/example_trigger_controller_dag.py
[2025-01-27T11:41:09.837+0000] {processor.py:925} INFO - DAG(s) 'example_trigger_controller_dag' retrieved from /home/airflow/.local/lib/python3.12/site-packages/airflow/example_dags/example_trigger_controller_dag.py
[2025-01-27T11:41:09.869+0000] {logging_mixin.py:190} INFO - [2025-01-27T11:41:09.868+0000] {dag.py:3239} INFO - Sync 1 DAGs
[2025-01-27T11:41:09.935+0000] {logging_mixin.py:190} INFO - [2025-01-27T11:41:09.934+0000] {dag.py:4180} INFO - Setting next_dagrun for example_trigger_controller_dag to 2021-01-01 00:00:00+00:00, run_after=2021-01-01 00:00:00+00:00
[2025-01-27T11:41:09.980+0000] {processor.py:208} INFO - Processing /home/airflow/.local/lib/python3.12/site-packages/airflow/example_dags/example_trigger_controller_dag.py took 0.173 seconds
[2025-01-27T11:41:41.009+0000] {processor.py:186} INFO - Started process (PID=2626) to work on /home/airflow/.local/lib/python3.12/site-packages/airflow/example_dags/example_trigger_controller_dag.py
[2025-01-27T11:41:41.011+0000] {processor.py:914} INFO - Processing file /home/airflow/.local/lib/python3.12/site-packages/airflow/example_dags/example_trigger_controller_dag.py for tasks to queue
[2025-01-27T11:41:41.018+0000] {logging_mixin.py:190} INFO - [2025-01-27T11:41:41.017+0000] {dagbag.py:588} INFO - Filling up the DagBag from /home/airflow/.local/lib/python3.12/site-packages/airflow/example_dags/example_trigger_controller_dag.py
[2025-01-27T11:41:41.036+0000] {processor.py:925} INFO - DAG(s) 'example_trigger_controller_dag' retrieved from /home/airflow/.local/lib/python3.12/site-packages/airflow/example_dags/example_trigger_controller_dag.py
[2025-01-27T11:41:41.071+0000] {logging_mixin.py:190} INFO - [2025-01-27T11:41:41.070+0000] {dag.py:3239} INFO - Sync 1 DAGs
[2025-01-27T11:41:41.121+0000] {logging_mixin.py:190} INFO - [2025-01-27T11:41:41.121+0000] {dag.py:4180} INFO - Setting next_dagrun for example_trigger_controller_dag to 2021-01-01 00:00:00+00:00, run_after=2021-01-01 00:00:00+00:00
[2025-01-27T11:41:41.151+0000] {processor.py:208} INFO - Processing /home/airflow/.local/lib/python3.12/site-packages/airflow/example_dags/example_trigger_controller_dag.py took 0.163 seconds
