[2025-01-27T12:19:56.043+0000] {processor.py:186} INFO - Started process (PID=414) to work on /home/airflow/.local/lib/python3.12/site-packages/airflow/example_dags/example_dynamic_task_mapping_with_no_taskflow_operators.py
[2025-01-27T12:19:56.047+0000] {processor.py:914} INFO - Processing file /home/airflow/.local/lib/python3.12/site-packages/airflow/example_dags/example_dynamic_task_mapping_with_no_taskflow_operators.py for tasks to queue
[2025-01-27T12:19:56.056+0000] {logging_mixin.py:190} INFO - [2025-01-27T12:19:56.055+0000] {dagbag.py:588} INFO - Filling up the DagBag from /home/airflow/.local/lib/python3.12/site-packages/airflow/example_dags/example_dynamic_task_mapping_with_no_taskflow_operators.py
[2025-01-27T12:19:56.081+0000] {processor.py:925} INFO - DAG(s) 'example_dynamic_task_mapping_with_no_taskflow_operators' retrieved from /home/airflow/.local/lib/python3.12/site-packages/airflow/example_dags/example_dynamic_task_mapping_with_no_taskflow_operators.py
[2025-01-27T12:19:56.445+0000] {logging_mixin.py:190} INFO - [2025-01-27T12:19:56.443+0000] {override.py:1911} INFO - Created Permission View: can read on DAG:example_dynamic_task_mapping_with_no_taskflow_operators
[2025-01-27T12:19:56.479+0000] {logging_mixin.py:190} INFO - [2025-01-27T12:19:56.478+0000] {override.py:1911} INFO - Created Permission View: can delete on DAG:example_dynamic_task_mapping_with_no_taskflow_operators
[2025-01-27T12:19:56.501+0000] {logging_mixin.py:190} INFO - [2025-01-27T12:19:56.500+0000] {override.py:1911} INFO - Created Permission View: can edit on DAG:example_dynamic_task_mapping_with_no_taskflow_operators
[2025-01-27T12:19:56.565+0000] {logging_mixin.py:190} INFO - [2025-01-27T12:19:56.562+0000] {override.py:1911} INFO - Created Permission View: can read on DAG Run:example_dynamic_task_mapping_with_no_taskflow_operators
[2025-01-27T12:19:56.594+0000] {logging_mixin.py:190} INFO - [2025-01-27T12:19:56.593+0000] {override.py:1911} INFO - Created Permission View: can create on DAG Run:example_dynamic_task_mapping_with_no_taskflow_operators
[2025-01-27T12:19:56.614+0000] {logging_mixin.py:190} INFO - [2025-01-27T12:19:56.613+0000] {override.py:1911} INFO - Created Permission View: menu access on DAG Run:example_dynamic_task_mapping_with_no_taskflow_operators
[2025-01-27T12:19:56.634+0000] {logging_mixin.py:190} INFO - [2025-01-27T12:19:56.634+0000] {override.py:1911} INFO - Created Permission View: can delete on DAG Run:example_dynamic_task_mapping_with_no_taskflow_operators
[2025-01-27T12:19:56.636+0000] {logging_mixin.py:190} INFO - [2025-01-27T12:19:56.636+0000] {dag.py:3239} INFO - Sync 1 DAGs
[2025-01-27T12:19:56.679+0000] {logging_mixin.py:190} INFO - [2025-01-27T12:19:56.678+0000] {dag.py:3262} INFO - Creating ORM DAG for example_dynamic_task_mapping_with_no_taskflow_operators
[2025-01-27T12:19:56.681+0000] {logging_mixin.py:190} INFO - [2025-01-27T12:19:56.680+0000] {dag.py:4180} INFO - Setting next_dagrun for example_dynamic_task_mapping_with_no_taskflow_operators to None, run_after=None
[2025-01-27T12:19:56.727+0000] {processor.py:208} INFO - Processing /home/airflow/.local/lib/python3.12/site-packages/airflow/example_dags/example_dynamic_task_mapping_with_no_taskflow_operators.py took 0.699 seconds
[2025-01-27T12:20:27.283+0000] {processor.py:186} INFO - Started process (PID=699) to work on /home/airflow/.local/lib/python3.12/site-packages/airflow/example_dags/example_dynamic_task_mapping_with_no_taskflow_operators.py
[2025-01-27T12:20:27.285+0000] {processor.py:914} INFO - Processing file /home/airflow/.local/lib/python3.12/site-packages/airflow/example_dags/example_dynamic_task_mapping_with_no_taskflow_operators.py for tasks to queue
[2025-01-27T12:20:27.291+0000] {logging_mixin.py:190} INFO - [2025-01-27T12:20:27.290+0000] {dagbag.py:588} INFO - Filling up the DagBag from /home/airflow/.local/lib/python3.12/site-packages/airflow/example_dags/example_dynamic_task_mapping_with_no_taskflow_operators.py
[2025-01-27T12:20:27.323+0000] {processor.py:925} INFO - DAG(s) 'example_dynamic_task_mapping_with_no_taskflow_operators' retrieved from /home/airflow/.local/lib/python3.12/site-packages/airflow/example_dags/example_dynamic_task_mapping_with_no_taskflow_operators.py
[2025-01-27T12:20:27.405+0000] {logging_mixin.py:190} INFO - [2025-01-27T12:20:27.404+0000] {dag.py:3239} INFO - Sync 1 DAGs
[2025-01-27T12:20:27.450+0000] {logging_mixin.py:190} INFO - [2025-01-27T12:20:27.449+0000] {dag.py:4180} INFO - Setting next_dagrun for example_dynamic_task_mapping_with_no_taskflow_operators to None, run_after=None
[2025-01-27T12:20:27.536+0000] {processor.py:208} INFO - Processing /home/airflow/.local/lib/python3.12/site-packages/airflow/example_dags/example_dynamic_task_mapping_with_no_taskflow_operators.py took 0.282 seconds
[2025-01-27T12:20:58.473+0000] {processor.py:186} INFO - Started process (PID=990) to work on /home/airflow/.local/lib/python3.12/site-packages/airflow/example_dags/example_dynamic_task_mapping_with_no_taskflow_operators.py
[2025-01-27T12:20:58.476+0000] {processor.py:914} INFO - Processing file /home/airflow/.local/lib/python3.12/site-packages/airflow/example_dags/example_dynamic_task_mapping_with_no_taskflow_operators.py for tasks to queue
[2025-01-27T12:20:58.483+0000] {logging_mixin.py:190} INFO - [2025-01-27T12:20:58.482+0000] {dagbag.py:588} INFO - Filling up the DagBag from /home/airflow/.local/lib/python3.12/site-packages/airflow/example_dags/example_dynamic_task_mapping_with_no_taskflow_operators.py
[2025-01-27T12:20:58.512+0000] {processor.py:925} INFO - DAG(s) 'example_dynamic_task_mapping_with_no_taskflow_operators' retrieved from /home/airflow/.local/lib/python3.12/site-packages/airflow/example_dags/example_dynamic_task_mapping_with_no_taskflow_operators.py
[2025-01-27T12:20:58.551+0000] {logging_mixin.py:190} INFO - [2025-01-27T12:20:58.551+0000] {dag.py:3239} INFO - Sync 1 DAGs
[2025-01-27T12:20:58.588+0000] {logging_mixin.py:190} INFO - [2025-01-27T12:20:58.587+0000] {dag.py:4180} INFO - Setting next_dagrun for example_dynamic_task_mapping_with_no_taskflow_operators to None, run_after=None
[2025-01-27T12:20:58.625+0000] {processor.py:208} INFO - Processing /home/airflow/.local/lib/python3.12/site-packages/airflow/example_dags/example_dynamic_task_mapping_with_no_taskflow_operators.py took 0.174 seconds
[2025-01-27T12:21:28.764+0000] {processor.py:186} INFO - Started process (PID=1278) to work on /home/airflow/.local/lib/python3.12/site-packages/airflow/example_dags/example_dynamic_task_mapping_with_no_taskflow_operators.py
[2025-01-27T12:21:28.765+0000] {processor.py:914} INFO - Processing file /home/airflow/.local/lib/python3.12/site-packages/airflow/example_dags/example_dynamic_task_mapping_with_no_taskflow_operators.py for tasks to queue
[2025-01-27T12:21:28.769+0000] {logging_mixin.py:190} INFO - [2025-01-27T12:21:28.769+0000] {dagbag.py:588} INFO - Filling up the DagBag from /home/airflow/.local/lib/python3.12/site-packages/airflow/example_dags/example_dynamic_task_mapping_with_no_taskflow_operators.py
[2025-01-27T12:21:28.782+0000] {processor.py:925} INFO - DAG(s) 'example_dynamic_task_mapping_with_no_taskflow_operators' retrieved from /home/airflow/.local/lib/python3.12/site-packages/airflow/example_dags/example_dynamic_task_mapping_with_no_taskflow_operators.py
[2025-01-27T12:21:28.816+0000] {logging_mixin.py:190} INFO - [2025-01-27T12:21:28.816+0000] {dag.py:3239} INFO - Sync 1 DAGs
[2025-01-27T12:21:28.841+0000] {logging_mixin.py:190} INFO - [2025-01-27T12:21:28.841+0000] {dag.py:4180} INFO - Setting next_dagrun for example_dynamic_task_mapping_with_no_taskflow_operators to None, run_after=None
[2025-01-27T12:21:28.875+0000] {processor.py:208} INFO - Processing /home/airflow/.local/lib/python3.12/site-packages/airflow/example_dags/example_dynamic_task_mapping_with_no_taskflow_operators.py took 0.121 seconds
[2025-01-27T12:21:59.217+0000] {processor.py:186} INFO - Started process (PID=1570) to work on /home/airflow/.local/lib/python3.12/site-packages/airflow/example_dags/example_dynamic_task_mapping_with_no_taskflow_operators.py
[2025-01-27T12:21:59.221+0000] {processor.py:914} INFO - Processing file /home/airflow/.local/lib/python3.12/site-packages/airflow/example_dags/example_dynamic_task_mapping_with_no_taskflow_operators.py for tasks to queue
[2025-01-27T12:21:59.229+0000] {logging_mixin.py:190} INFO - [2025-01-27T12:21:59.228+0000] {dagbag.py:588} INFO - Filling up the DagBag from /home/airflow/.local/lib/python3.12/site-packages/airflow/example_dags/example_dynamic_task_mapping_with_no_taskflow_operators.py
[2025-01-27T12:21:59.260+0000] {processor.py:925} INFO - DAG(s) 'example_dynamic_task_mapping_with_no_taskflow_operators' retrieved from /home/airflow/.local/lib/python3.12/site-packages/airflow/example_dags/example_dynamic_task_mapping_with_no_taskflow_operators.py
[2025-01-27T12:21:59.328+0000] {logging_mixin.py:190} INFO - [2025-01-27T12:21:59.327+0000] {dag.py:3239} INFO - Sync 1 DAGs
[2025-01-27T12:21:59.375+0000] {logging_mixin.py:190} INFO - [2025-01-27T12:21:59.375+0000] {dag.py:4180} INFO - Setting next_dagrun for example_dynamic_task_mapping_with_no_taskflow_operators to None, run_after=None
[2025-01-27T12:21:59.415+0000] {processor.py:208} INFO - Processing /home/airflow/.local/lib/python3.12/site-packages/airflow/example_dags/example_dynamic_task_mapping_with_no_taskflow_operators.py took 0.217 seconds
[2025-01-27T12:22:29.594+0000] {processor.py:186} INFO - Started process (PID=1868) to work on /home/airflow/.local/lib/python3.12/site-packages/airflow/example_dags/example_dynamic_task_mapping_with_no_taskflow_operators.py
[2025-01-27T12:22:29.605+0000] {processor.py:914} INFO - Processing file /home/airflow/.local/lib/python3.12/site-packages/airflow/example_dags/example_dynamic_task_mapping_with_no_taskflow_operators.py for tasks to queue
[2025-01-27T12:22:29.613+0000] {logging_mixin.py:190} INFO - [2025-01-27T12:22:29.613+0000] {dagbag.py:588} INFO - Filling up the DagBag from /home/airflow/.local/lib/python3.12/site-packages/airflow/example_dags/example_dynamic_task_mapping_with_no_taskflow_operators.py
[2025-01-27T12:22:29.638+0000] {processor.py:925} INFO - DAG(s) 'example_dynamic_task_mapping_with_no_taskflow_operators' retrieved from /home/airflow/.local/lib/python3.12/site-packages/airflow/example_dags/example_dynamic_task_mapping_with_no_taskflow_operators.py
[2025-01-27T12:22:29.696+0000] {logging_mixin.py:190} INFO - [2025-01-27T12:22:29.695+0000] {dag.py:3239} INFO - Sync 1 DAGs
[2025-01-27T12:22:29.733+0000] {logging_mixin.py:190} INFO - [2025-01-27T12:22:29.733+0000] {dag.py:4180} INFO - Setting next_dagrun for example_dynamic_task_mapping_with_no_taskflow_operators to None, run_after=None
[2025-01-27T12:22:29.797+0000] {processor.py:208} INFO - Processing /home/airflow/.local/lib/python3.12/site-packages/airflow/example_dags/example_dynamic_task_mapping_with_no_taskflow_operators.py took 0.221 seconds
[2025-01-27T12:23:00.365+0000] {processor.py:186} INFO - Started process (PID=2159) to work on /home/airflow/.local/lib/python3.12/site-packages/airflow/example_dags/example_dynamic_task_mapping_with_no_taskflow_operators.py
[2025-01-27T12:23:00.370+0000] {processor.py:914} INFO - Processing file /home/airflow/.local/lib/python3.12/site-packages/airflow/example_dags/example_dynamic_task_mapping_with_no_taskflow_operators.py for tasks to queue
[2025-01-27T12:23:00.383+0000] {logging_mixin.py:190} INFO - [2025-01-27T12:23:00.382+0000] {dagbag.py:588} INFO - Filling up the DagBag from /home/airflow/.local/lib/python3.12/site-packages/airflow/example_dags/example_dynamic_task_mapping_with_no_taskflow_operators.py
[2025-01-27T12:23:00.405+0000] {processor.py:925} INFO - DAG(s) 'example_dynamic_task_mapping_with_no_taskflow_operators' retrieved from /home/airflow/.local/lib/python3.12/site-packages/airflow/example_dags/example_dynamic_task_mapping_with_no_taskflow_operators.py
[2025-01-27T12:23:00.480+0000] {logging_mixin.py:190} INFO - [2025-01-27T12:23:00.476+0000] {dag.py:3239} INFO - Sync 1 DAGs
[2025-01-27T12:23:00.559+0000] {logging_mixin.py:190} INFO - [2025-01-27T12:23:00.558+0000] {dag.py:4180} INFO - Setting next_dagrun for example_dynamic_task_mapping_with_no_taskflow_operators to None, run_after=None
[2025-01-27T12:23:00.640+0000] {processor.py:208} INFO - Processing /home/airflow/.local/lib/python3.12/site-packages/airflow/example_dags/example_dynamic_task_mapping_with_no_taskflow_operators.py took 0.311 seconds
[2025-01-27T12:23:31.110+0000] {processor.py:186} INFO - Started process (PID=2450) to work on /home/airflow/.local/lib/python3.12/site-packages/airflow/example_dags/example_dynamic_task_mapping_with_no_taskflow_operators.py
[2025-01-27T12:23:31.111+0000] {processor.py:914} INFO - Processing file /home/airflow/.local/lib/python3.12/site-packages/airflow/example_dags/example_dynamic_task_mapping_with_no_taskflow_operators.py for tasks to queue
[2025-01-27T12:23:31.115+0000] {logging_mixin.py:190} INFO - [2025-01-27T12:23:31.114+0000] {dagbag.py:588} INFO - Filling up the DagBag from /home/airflow/.local/lib/python3.12/site-packages/airflow/example_dags/example_dynamic_task_mapping_with_no_taskflow_operators.py
[2025-01-27T12:23:31.127+0000] {processor.py:925} INFO - DAG(s) 'example_dynamic_task_mapping_with_no_taskflow_operators' retrieved from /home/airflow/.local/lib/python3.12/site-packages/airflow/example_dags/example_dynamic_task_mapping_with_no_taskflow_operators.py
[2025-01-27T12:23:31.156+0000] {logging_mixin.py:190} INFO - [2025-01-27T12:23:31.156+0000] {dag.py:3239} INFO - Sync 1 DAGs
[2025-01-27T12:23:31.178+0000] {logging_mixin.py:190} INFO - [2025-01-27T12:23:31.178+0000] {dag.py:4180} INFO - Setting next_dagrun for example_dynamic_task_mapping_with_no_taskflow_operators to None, run_after=None
[2025-01-27T12:23:31.221+0000] {processor.py:208} INFO - Processing /home/airflow/.local/lib/python3.12/site-packages/airflow/example_dags/example_dynamic_task_mapping_with_no_taskflow_operators.py took 0.123 seconds
[2025-01-27T12:24:01.896+0000] {processor.py:186} INFO - Started process (PID=2735) to work on /home/airflow/.local/lib/python3.12/site-packages/airflow/example_dags/example_dynamic_task_mapping_with_no_taskflow_operators.py
[2025-01-27T12:24:01.900+0000] {processor.py:914} INFO - Processing file /home/airflow/.local/lib/python3.12/site-packages/airflow/example_dags/example_dynamic_task_mapping_with_no_taskflow_operators.py for tasks to queue
[2025-01-27T12:24:01.910+0000] {logging_mixin.py:190} INFO - [2025-01-27T12:24:01.909+0000] {dagbag.py:588} INFO - Filling up the DagBag from /home/airflow/.local/lib/python3.12/site-packages/airflow/example_dags/example_dynamic_task_mapping_with_no_taskflow_operators.py
[2025-01-27T12:24:01.932+0000] {processor.py:925} INFO - DAG(s) 'example_dynamic_task_mapping_with_no_taskflow_operators' retrieved from /home/airflow/.local/lib/python3.12/site-packages/airflow/example_dags/example_dynamic_task_mapping_with_no_taskflow_operators.py
[2025-01-27T12:24:01.975+0000] {logging_mixin.py:190} INFO - [2025-01-27T12:24:01.974+0000] {dag.py:3239} INFO - Sync 1 DAGs
[2025-01-27T12:24:02.013+0000] {logging_mixin.py:190} INFO - [2025-01-27T12:24:02.012+0000] {dag.py:4180} INFO - Setting next_dagrun for example_dynamic_task_mapping_with_no_taskflow_operators to None, run_after=None
[2025-01-27T12:24:02.053+0000] {processor.py:208} INFO - Processing /home/airflow/.local/lib/python3.12/site-packages/airflow/example_dags/example_dynamic_task_mapping_with_no_taskflow_operators.py took 0.171 seconds
