[2025-01-27T11:29:47.179+0000] {processor.py:186} INFO - Started process (PID=60) to work on /home/airflow/.local/lib/python3.12/site-packages/airflow/example_dags/example_display_name.py
[2025-01-27T11:29:47.181+0000] {processor.py:914} INFO - Processing file /home/airflow/.local/lib/python3.12/site-packages/airflow/example_dags/example_display_name.py for tasks to queue
[2025-01-27T11:29:47.186+0000] {logging_mixin.py:190} INFO - [2025-01-27T11:29:47.186+0000] {dagbag.py:588} INFO - Filling up the DagBag from /home/airflow/.local/lib/python3.12/site-packages/airflow/example_dags/example_display_name.py
[2025-01-27T11:29:47.208+0000] {processor.py:925} INFO - DAG(s) 'example_display_name' retrieved from /home/airflow/.local/lib/python3.12/site-packages/airflow/example_dags/example_display_name.py
[2025-01-27T11:29:47.249+0000] {logging_mixin.py:190} INFO - [2025-01-27T11:29:47.249+0000] {dag.py:3239} INFO - Sync 1 DAGs
[2025-01-27T11:29:47.285+0000] {logging_mixin.py:190} INFO - [2025-01-27T11:29:47.284+0000] {dag.py:4180} INFO - Setting next_dagrun for example_display_name to None, run_after=None
[2025-01-27T11:29:47.321+0000] {processor.py:208} INFO - Processing /home/airflow/.local/lib/python3.12/site-packages/airflow/example_dags/example_display_name.py took 0.159 seconds
[2025-01-27T11:30:17.416+0000] {processor.py:186} INFO - Started process (PID=123) to work on /home/airflow/.local/lib/python3.12/site-packages/airflow/example_dags/example_display_name.py
[2025-01-27T11:30:17.418+0000] {processor.py:914} INFO - Processing file /home/airflow/.local/lib/python3.12/site-packages/airflow/example_dags/example_display_name.py for tasks to queue
[2025-01-27T11:30:17.421+0000] {logging_mixin.py:190} INFO - [2025-01-27T11:30:17.421+0000] {dagbag.py:588} INFO - Filling up the DagBag from /home/airflow/.local/lib/python3.12/site-packages/airflow/example_dags/example_display_name.py
[2025-01-27T11:30:17.434+0000] {processor.py:925} INFO - DAG(s) 'example_display_name' retrieved from /home/airflow/.local/lib/python3.12/site-packages/airflow/example_dags/example_display_name.py
[2025-01-27T11:30:17.468+0000] {logging_mixin.py:190} INFO - [2025-01-27T11:30:17.468+0000] {dag.py:3239} INFO - Sync 1 DAGs
[2025-01-27T11:30:17.498+0000] {logging_mixin.py:190} INFO - [2025-01-27T11:30:17.497+0000] {dag.py:4180} INFO - Setting next_dagrun for example_display_name to None, run_after=None
[2025-01-27T11:30:17.526+0000] {processor.py:208} INFO - Processing /home/airflow/.local/lib/python3.12/site-packages/airflow/example_dags/example_display_name.py took 0.121 seconds
[2025-01-27T11:30:48.146+0000] {processor.py:186} INFO - Started process (PID=186) to work on /home/airflow/.local/lib/python3.12/site-packages/airflow/example_dags/example_display_name.py
[2025-01-27T11:30:48.148+0000] {processor.py:914} INFO - Processing file /home/airflow/.local/lib/python3.12/site-packages/airflow/example_dags/example_display_name.py for tasks to queue
[2025-01-27T11:30:48.158+0000] {logging_mixin.py:190} INFO - [2025-01-27T11:30:48.157+0000] {dagbag.py:588} INFO - Filling up the DagBag from /home/airflow/.local/lib/python3.12/site-packages/airflow/example_dags/example_display_name.py
[2025-01-27T11:30:48.178+0000] {processor.py:925} INFO - DAG(s) 'example_display_name' retrieved from /home/airflow/.local/lib/python3.12/site-packages/airflow/example_dags/example_display_name.py
[2025-01-27T11:30:48.233+0000] {logging_mixin.py:190} INFO - [2025-01-27T11:30:48.232+0000] {dag.py:3239} INFO - Sync 1 DAGs
[2025-01-27T11:30:48.276+0000] {logging_mixin.py:190} INFO - [2025-01-27T11:30:48.276+0000] {dag.py:4180} INFO - Setting next_dagrun for example_display_name to None, run_after=None
[2025-01-27T11:30:48.330+0000] {processor.py:208} INFO - Processing /home/airflow/.local/lib/python3.12/site-packages/airflow/example_dags/example_display_name.py took 0.195 seconds
[2025-01-27T11:31:18.573+0000] {processor.py:186} INFO - Started process (PID=248) to work on /home/airflow/.local/lib/python3.12/site-packages/airflow/example_dags/example_display_name.py
[2025-01-27T11:31:18.575+0000] {processor.py:914} INFO - Processing file /home/airflow/.local/lib/python3.12/site-packages/airflow/example_dags/example_display_name.py for tasks to queue
[2025-01-27T11:31:18.578+0000] {logging_mixin.py:190} INFO - [2025-01-27T11:31:18.578+0000] {dagbag.py:588} INFO - Filling up the DagBag from /home/airflow/.local/lib/python3.12/site-packages/airflow/example_dags/example_display_name.py
[2025-01-27T11:31:18.590+0000] {processor.py:925} INFO - DAG(s) 'example_display_name' retrieved from /home/airflow/.local/lib/python3.12/site-packages/airflow/example_dags/example_display_name.py
[2025-01-27T11:31:18.624+0000] {logging_mixin.py:190} INFO - [2025-01-27T11:31:18.624+0000] {dag.py:3239} INFO - Sync 1 DAGs
[2025-01-27T11:31:18.647+0000] {logging_mixin.py:190} INFO - [2025-01-27T11:31:18.647+0000] {dag.py:4180} INFO - Setting next_dagrun for example_display_name to None, run_after=None
[2025-01-27T11:31:18.671+0000] {processor.py:208} INFO - Processing /home/airflow/.local/lib/python3.12/site-packages/airflow/example_dags/example_display_name.py took 0.105 seconds
[2025-01-27T11:31:48.874+0000] {processor.py:186} INFO - Started process (PID=311) to work on /home/airflow/.local/lib/python3.12/site-packages/airflow/example_dags/example_display_name.py
[2025-01-27T11:31:48.876+0000] {processor.py:914} INFO - Processing file /home/airflow/.local/lib/python3.12/site-packages/airflow/example_dags/example_display_name.py for tasks to queue
[2025-01-27T11:31:48.878+0000] {logging_mixin.py:190} INFO - [2025-01-27T11:31:48.878+0000] {dagbag.py:588} INFO - Filling up the DagBag from /home/airflow/.local/lib/python3.12/site-packages/airflow/example_dags/example_display_name.py
[2025-01-27T11:31:48.890+0000] {processor.py:925} INFO - DAG(s) 'example_display_name' retrieved from /home/airflow/.local/lib/python3.12/site-packages/airflow/example_dags/example_display_name.py
[2025-01-27T11:31:48.918+0000] {logging_mixin.py:190} INFO - [2025-01-27T11:31:48.918+0000] {dag.py:3239} INFO - Sync 1 DAGs
[2025-01-27T11:31:48.940+0000] {logging_mixin.py:190} INFO - [2025-01-27T11:31:48.940+0000] {dag.py:4180} INFO - Setting next_dagrun for example_display_name to None, run_after=None
[2025-01-27T11:31:48.964+0000] {processor.py:208} INFO - Processing /home/airflow/.local/lib/python3.12/site-packages/airflow/example_dags/example_display_name.py took 0.103 seconds
[2025-01-27T11:37:25.658+0000] {processor.py:186} INFO - Started process (PID=258) to work on /home/airflow/.local/lib/python3.12/site-packages/airflow/example_dags/example_display_name.py
[2025-01-27T11:37:25.668+0000] {processor.py:914} INFO - Processing file /home/airflow/.local/lib/python3.12/site-packages/airflow/example_dags/example_display_name.py for tasks to queue
[2025-01-27T11:37:25.673+0000] {logging_mixin.py:190} INFO - [2025-01-27T11:37:25.673+0000] {dagbag.py:588} INFO - Filling up the DagBag from /home/airflow/.local/lib/python3.12/site-packages/airflow/example_dags/example_display_name.py
[2025-01-27T11:37:25.699+0000] {processor.py:925} INFO - DAG(s) 'example_display_name' retrieved from /home/airflow/.local/lib/python3.12/site-packages/airflow/example_dags/example_display_name.py
[2025-01-27T11:37:25.741+0000] {logging_mixin.py:190} INFO - [2025-01-27T11:37:25.740+0000] {dag.py:3239} INFO - Sync 1 DAGs
[2025-01-27T11:37:25.800+0000] {logging_mixin.py:190} INFO - [2025-01-27T11:37:25.799+0000] {dag.py:4180} INFO - Setting next_dagrun for example_display_name to None, run_after=None
[2025-01-27T11:37:25.903+0000] {processor.py:208} INFO - Processing /home/airflow/.local/lib/python3.12/site-packages/airflow/example_dags/example_display_name.py took 0.269 seconds
[2025-01-27T11:37:57.937+0000] {processor.py:186} INFO - Started process (PID=549) to work on /home/airflow/.local/lib/python3.12/site-packages/airflow/example_dags/example_display_name.py
[2025-01-27T11:37:57.939+0000] {processor.py:914} INFO - Processing file /home/airflow/.local/lib/python3.12/site-packages/airflow/example_dags/example_display_name.py for tasks to queue
[2025-01-27T11:37:57.943+0000] {logging_mixin.py:190} INFO - [2025-01-27T11:37:57.942+0000] {dagbag.py:588} INFO - Filling up the DagBag from /home/airflow/.local/lib/python3.12/site-packages/airflow/example_dags/example_display_name.py
[2025-01-27T11:37:57.958+0000] {processor.py:925} INFO - DAG(s) 'example_display_name' retrieved from /home/airflow/.local/lib/python3.12/site-packages/airflow/example_dags/example_display_name.py
[2025-01-27T11:37:58.002+0000] {logging_mixin.py:190} INFO - [2025-01-27T11:37:58.002+0000] {dag.py:3239} INFO - Sync 1 DAGs
[2025-01-27T11:37:58.054+0000] {logging_mixin.py:190} INFO - [2025-01-27T11:37:58.054+0000] {dag.py:4180} INFO - Setting next_dagrun for example_display_name to None, run_after=None
[2025-01-27T11:37:58.175+0000] {processor.py:208} INFO - Processing /home/airflow/.local/lib/python3.12/site-packages/airflow/example_dags/example_display_name.py took 0.253 seconds
[2025-01-27T11:38:28.681+0000] {processor.py:186} INFO - Started process (PID=835) to work on /home/airflow/.local/lib/python3.12/site-packages/airflow/example_dags/example_display_name.py
[2025-01-27T11:38:28.682+0000] {processor.py:914} INFO - Processing file /home/airflow/.local/lib/python3.12/site-packages/airflow/example_dags/example_display_name.py for tasks to queue
[2025-01-27T11:38:28.686+0000] {logging_mixin.py:190} INFO - [2025-01-27T11:38:28.686+0000] {dagbag.py:588} INFO - Filling up the DagBag from /home/airflow/.local/lib/python3.12/site-packages/airflow/example_dags/example_display_name.py
[2025-01-27T11:38:28.698+0000] {processor.py:925} INFO - DAG(s) 'example_display_name' retrieved from /home/airflow/.local/lib/python3.12/site-packages/airflow/example_dags/example_display_name.py
[2025-01-27T11:38:28.726+0000] {logging_mixin.py:190} INFO - [2025-01-27T11:38:28.726+0000] {dag.py:3239} INFO - Sync 1 DAGs
[2025-01-27T11:38:28.749+0000] {logging_mixin.py:190} INFO - [2025-01-27T11:38:28.748+0000] {dag.py:4180} INFO - Setting next_dagrun for example_display_name to None, run_after=None
[2025-01-27T11:38:28.782+0000] {processor.py:208} INFO - Processing /home/airflow/.local/lib/python3.12/site-packages/airflow/example_dags/example_display_name.py took 0.109 seconds
[2025-01-27T11:38:58.966+0000] {processor.py:186} INFO - Started process (PID=1123) to work on /home/airflow/.local/lib/python3.12/site-packages/airflow/example_dags/example_display_name.py
[2025-01-27T11:38:58.972+0000] {processor.py:914} INFO - Processing file /home/airflow/.local/lib/python3.12/site-packages/airflow/example_dags/example_display_name.py for tasks to queue
[2025-01-27T11:38:58.976+0000] {logging_mixin.py:190} INFO - [2025-01-27T11:38:58.975+0000] {dagbag.py:588} INFO - Filling up the DagBag from /home/airflow/.local/lib/python3.12/site-packages/airflow/example_dags/example_display_name.py
[2025-01-27T11:38:58.997+0000] {processor.py:925} INFO - DAG(s) 'example_display_name' retrieved from /home/airflow/.local/lib/python3.12/site-packages/airflow/example_dags/example_display_name.py
[2025-01-27T11:38:59.077+0000] {logging_mixin.py:190} INFO - [2025-01-27T11:38:59.076+0000] {dag.py:3239} INFO - Sync 1 DAGs
[2025-01-27T11:38:59.139+0000] {logging_mixin.py:190} INFO - [2025-01-27T11:38:59.138+0000] {dag.py:4180} INFO - Setting next_dagrun for example_display_name to None, run_after=None
[2025-01-27T11:38:59.227+0000] {processor.py:208} INFO - Processing /home/airflow/.local/lib/python3.12/site-packages/airflow/example_dags/example_display_name.py took 0.279 seconds
[2025-01-27T11:39:29.662+0000] {processor.py:186} INFO - Started process (PID=1415) to work on /home/airflow/.local/lib/python3.12/site-packages/airflow/example_dags/example_display_name.py
[2025-01-27T11:39:29.664+0000] {processor.py:914} INFO - Processing file /home/airflow/.local/lib/python3.12/site-packages/airflow/example_dags/example_display_name.py for tasks to queue
[2025-01-27T11:39:29.668+0000] {logging_mixin.py:190} INFO - [2025-01-27T11:39:29.668+0000] {dagbag.py:588} INFO - Filling up the DagBag from /home/airflow/.local/lib/python3.12/site-packages/airflow/example_dags/example_display_name.py
[2025-01-27T11:39:29.681+0000] {processor.py:925} INFO - DAG(s) 'example_display_name' retrieved from /home/airflow/.local/lib/python3.12/site-packages/airflow/example_dags/example_display_name.py
[2025-01-27T11:39:29.712+0000] {logging_mixin.py:190} INFO - [2025-01-27T11:39:29.711+0000] {dag.py:3239} INFO - Sync 1 DAGs
[2025-01-27T11:39:29.739+0000] {logging_mixin.py:190} INFO - [2025-01-27T11:39:29.738+0000] {dag.py:4180} INFO - Setting next_dagrun for example_display_name to None, run_after=None
[2025-01-27T11:39:29.772+0000] {processor.py:208} INFO - Processing /home/airflow/.local/lib/python3.12/site-packages/airflow/example_dags/example_display_name.py took 0.121 seconds
[2025-01-27T11:39:59.970+0000] {processor.py:186} INFO - Started process (PID=1710) to work on /home/airflow/.local/lib/python3.12/site-packages/airflow/example_dags/example_display_name.py
[2025-01-27T11:39:59.972+0000] {processor.py:914} INFO - Processing file /home/airflow/.local/lib/python3.12/site-packages/airflow/example_dags/example_display_name.py for tasks to queue
[2025-01-27T11:39:59.976+0000] {logging_mixin.py:190} INFO - [2025-01-27T11:39:59.976+0000] {dagbag.py:588} INFO - Filling up the DagBag from /home/airflow/.local/lib/python3.12/site-packages/airflow/example_dags/example_display_name.py
[2025-01-27T11:39:59.990+0000] {processor.py:925} INFO - DAG(s) 'example_display_name' retrieved from /home/airflow/.local/lib/python3.12/site-packages/airflow/example_dags/example_display_name.py
[2025-01-27T11:40:00.024+0000] {logging_mixin.py:190} INFO - [2025-01-27T11:40:00.023+0000] {dag.py:3239} INFO - Sync 1 DAGs
[2025-01-27T11:40:00.054+0000] {logging_mixin.py:190} INFO - [2025-01-27T11:40:00.053+0000] {dag.py:4180} INFO - Setting next_dagrun for example_display_name to None, run_after=None
[2025-01-27T11:40:00.091+0000] {processor.py:208} INFO - Processing /home/airflow/.local/lib/python3.12/site-packages/airflow/example_dags/example_display_name.py took 0.134 seconds
[2025-01-27T11:40:30.743+0000] {processor.py:186} INFO - Started process (PID=2006) to work on /home/airflow/.local/lib/python3.12/site-packages/airflow/example_dags/example_display_name.py
[2025-01-27T11:40:30.745+0000] {processor.py:914} INFO - Processing file /home/airflow/.local/lib/python3.12/site-packages/airflow/example_dags/example_display_name.py for tasks to queue
[2025-01-27T11:40:30.749+0000] {logging_mixin.py:190} INFO - [2025-01-27T11:40:30.748+0000] {dagbag.py:588} INFO - Filling up the DagBag from /home/airflow/.local/lib/python3.12/site-packages/airflow/example_dags/example_display_name.py
[2025-01-27T11:40:30.763+0000] {processor.py:925} INFO - DAG(s) 'example_display_name' retrieved from /home/airflow/.local/lib/python3.12/site-packages/airflow/example_dags/example_display_name.py
[2025-01-27T11:40:30.809+0000] {logging_mixin.py:190} INFO - [2025-01-27T11:40:30.808+0000] {dag.py:3239} INFO - Sync 1 DAGs
[2025-01-27T11:40:30.841+0000] {logging_mixin.py:190} INFO - [2025-01-27T11:40:30.841+0000] {dag.py:4180} INFO - Setting next_dagrun for example_display_name to None, run_after=None
[2025-01-27T11:40:30.879+0000] {processor.py:208} INFO - Processing /home/airflow/.local/lib/python3.12/site-packages/airflow/example_dags/example_display_name.py took 0.148 seconds
[2025-01-27T11:41:01.013+0000] {processor.py:186} INFO - Started process (PID=2297) to work on /home/airflow/.local/lib/python3.12/site-packages/airflow/example_dags/example_display_name.py
[2025-01-27T11:41:01.015+0000] {processor.py:914} INFO - Processing file /home/airflow/.local/lib/python3.12/site-packages/airflow/example_dags/example_display_name.py for tasks to queue
[2025-01-27T11:41:01.018+0000] {logging_mixin.py:190} INFO - [2025-01-27T11:41:01.017+0000] {dagbag.py:588} INFO - Filling up the DagBag from /home/airflow/.local/lib/python3.12/site-packages/airflow/example_dags/example_display_name.py
[2025-01-27T11:41:01.029+0000] {processor.py:925} INFO - DAG(s) 'example_display_name' retrieved from /home/airflow/.local/lib/python3.12/site-packages/airflow/example_dags/example_display_name.py
[2025-01-27T11:41:01.057+0000] {logging_mixin.py:190} INFO - [2025-01-27T11:41:01.057+0000] {dag.py:3239} INFO - Sync 1 DAGs
[2025-01-27T11:41:01.078+0000] {logging_mixin.py:190} INFO - [2025-01-27T11:41:01.077+0000] {dag.py:4180} INFO - Setting next_dagrun for example_display_name to None, run_after=None
[2025-01-27T11:41:01.103+0000] {processor.py:208} INFO - Processing /home/airflow/.local/lib/python3.12/site-packages/airflow/example_dags/example_display_name.py took 0.100 seconds
[2025-01-27T11:41:31.294+0000] {processor.py:186} INFO - Started process (PID=2586) to work on /home/airflow/.local/lib/python3.12/site-packages/airflow/example_dags/example_display_name.py
[2025-01-27T11:41:31.296+0000] {processor.py:914} INFO - Processing file /home/airflow/.local/lib/python3.12/site-packages/airflow/example_dags/example_display_name.py for tasks to queue
[2025-01-27T11:41:31.299+0000] {logging_mixin.py:190} INFO - [2025-01-27T11:41:31.298+0000] {dagbag.py:588} INFO - Filling up the DagBag from /home/airflow/.local/lib/python3.12/site-packages/airflow/example_dags/example_display_name.py
[2025-01-27T11:41:31.308+0000] {processor.py:925} INFO - DAG(s) 'example_display_name' retrieved from /home/airflow/.local/lib/python3.12/site-packages/airflow/example_dags/example_display_name.py
[2025-01-27T11:41:31.333+0000] {logging_mixin.py:190} INFO - [2025-01-27T11:41:31.333+0000] {dag.py:3239} INFO - Sync 1 DAGs
[2025-01-27T11:41:31.351+0000] {logging_mixin.py:190} INFO - [2025-01-27T11:41:31.351+0000] {dag.py:4180} INFO - Setting next_dagrun for example_display_name to None, run_after=None
[2025-01-27T11:41:31.381+0000] {processor.py:208} INFO - Processing /home/airflow/.local/lib/python3.12/site-packages/airflow/example_dags/example_display_name.py took 0.094 seconds
