[2025-01-27T11:29:52.227+0000] {processor.py:186} INFO - Started process (PID=87) to work on /home/airflow/.local/lib/python3.12/site-packages/airflow/example_dags/example_latest_only.py
[2025-01-27T11:29:52.228+0000] {processor.py:914} INFO - Processing file /home/airflow/.local/lib/python3.12/site-packages/airflow/example_dags/example_latest_only.py for tasks to queue
[2025-01-27T11:29:52.232+0000] {logging_mixin.py:190} INFO - [2025-01-27T11:29:52.232+0000] {dagbag.py:588} INFO - Filling up the DagBag from /home/airflow/.local/lib/python3.12/site-packages/airflow/example_dags/example_latest_only.py
[2025-01-27T11:29:52.245+0000] {processor.py:925} INFO - DAG(s) 'latest_only' retrieved from /home/airflow/.local/lib/python3.12/site-packages/airflow/example_dags/example_latest_only.py
[2025-01-27T11:29:52.271+0000] {logging_mixin.py:190} INFO - [2025-01-27T11:29:52.271+0000] {dag.py:3239} INFO - Sync 1 DAGs
[2025-01-27T11:29:52.308+0000] {logging_mixin.py:190} INFO - [2025-01-27T11:29:52.307+0000] {dag.py:4180} INFO - Setting next_dagrun for latest_only to 2025-01-27 04:00:00+00:00, run_after=2025-01-27 08:00:00+00:00
[2025-01-27T11:29:52.339+0000] {processor.py:208} INFO - Processing /home/airflow/.local/lib/python3.12/site-packages/airflow/example_dags/example_latest_only.py took 0.119 seconds
[2025-01-27T11:30:23.743+0000] {processor.py:186} INFO - Started process (PID=151) to work on /home/airflow/.local/lib/python3.12/site-packages/airflow/example_dags/example_latest_only.py
[2025-01-27T11:30:23.744+0000] {processor.py:914} INFO - Processing file /home/airflow/.local/lib/python3.12/site-packages/airflow/example_dags/example_latest_only.py for tasks to queue
[2025-01-27T11:30:23.749+0000] {logging_mixin.py:190} INFO - [2025-01-27T11:30:23.749+0000] {dagbag.py:588} INFO - Filling up the DagBag from /home/airflow/.local/lib/python3.12/site-packages/airflow/example_dags/example_latest_only.py
[2025-01-27T11:30:23.765+0000] {processor.py:925} INFO - DAG(s) 'latest_only' retrieved from /home/airflow/.local/lib/python3.12/site-packages/airflow/example_dags/example_latest_only.py
[2025-01-27T11:30:23.799+0000] {logging_mixin.py:190} INFO - [2025-01-27T11:30:23.799+0000] {dag.py:3239} INFO - Sync 1 DAGs
[2025-01-27T11:30:23.847+0000] {logging_mixin.py:190} INFO - [2025-01-27T11:30:23.847+0000] {dag.py:4180} INFO - Setting next_dagrun for latest_only to 2025-01-27 04:00:00+00:00, run_after=2025-01-27 08:00:00+00:00
[2025-01-27T11:30:23.882+0000] {processor.py:208} INFO - Processing /home/airflow/.local/lib/python3.12/site-packages/airflow/example_dags/example_latest_only.py took 0.152 seconds
[2025-01-27T11:30:55.788+0000] {processor.py:186} INFO - Started process (PID=213) to work on /home/airflow/.local/lib/python3.12/site-packages/airflow/example_dags/example_latest_only.py
[2025-01-27T11:30:55.789+0000] {processor.py:914} INFO - Processing file /home/airflow/.local/lib/python3.12/site-packages/airflow/example_dags/example_latest_only.py for tasks to queue
[2025-01-27T11:30:55.794+0000] {logging_mixin.py:190} INFO - [2025-01-27T11:30:55.794+0000] {dagbag.py:588} INFO - Filling up the DagBag from /home/airflow/.local/lib/python3.12/site-packages/airflow/example_dags/example_latest_only.py
[2025-01-27T11:30:55.810+0000] {processor.py:925} INFO - DAG(s) 'latest_only' retrieved from /home/airflow/.local/lib/python3.12/site-packages/airflow/example_dags/example_latest_only.py
[2025-01-27T11:30:55.847+0000] {logging_mixin.py:190} INFO - [2025-01-27T11:30:55.846+0000] {dag.py:3239} INFO - Sync 1 DAGs
[2025-01-27T11:30:55.902+0000] {logging_mixin.py:190} INFO - [2025-01-27T11:30:55.901+0000] {dag.py:4180} INFO - Setting next_dagrun for latest_only to 2025-01-27 04:00:00+00:00, run_after=2025-01-27 08:00:00+00:00
[2025-01-27T11:30:55.962+0000] {processor.py:208} INFO - Processing /home/airflow/.local/lib/python3.12/site-packages/airflow/example_dags/example_latest_only.py took 0.187 seconds
[2025-01-27T11:31:26.190+0000] {processor.py:186} INFO - Started process (PID=276) to work on /home/airflow/.local/lib/python3.12/site-packages/airflow/example_dags/example_latest_only.py
[2025-01-27T11:31:26.195+0000] {processor.py:914} INFO - Processing file /home/airflow/.local/lib/python3.12/site-packages/airflow/example_dags/example_latest_only.py for tasks to queue
[2025-01-27T11:31:26.199+0000] {logging_mixin.py:190} INFO - [2025-01-27T11:31:26.198+0000] {dagbag.py:588} INFO - Filling up the DagBag from /home/airflow/.local/lib/python3.12/site-packages/airflow/example_dags/example_latest_only.py
[2025-01-27T11:31:26.214+0000] {processor.py:925} INFO - DAG(s) 'latest_only' retrieved from /home/airflow/.local/lib/python3.12/site-packages/airflow/example_dags/example_latest_only.py
[2025-01-27T11:31:26.247+0000] {logging_mixin.py:190} INFO - [2025-01-27T11:31:26.247+0000] {dag.py:3239} INFO - Sync 1 DAGs
[2025-01-27T11:31:26.284+0000] {logging_mixin.py:190} INFO - [2025-01-27T11:31:26.283+0000] {dag.py:4180} INFO - Setting next_dagrun for latest_only to 2025-01-27 04:00:00+00:00, run_after=2025-01-27 08:00:00+00:00
[2025-01-27T11:31:26.312+0000] {processor.py:208} INFO - Processing /home/airflow/.local/lib/python3.12/site-packages/airflow/example_dags/example_latest_only.py took 0.137 seconds
[2025-01-27T11:31:57.815+0000] {processor.py:186} INFO - Started process (PID=345) to work on /home/airflow/.local/lib/python3.12/site-packages/airflow/example_dags/example_latest_only.py
[2025-01-27T11:31:57.817+0000] {processor.py:914} INFO - Processing file /home/airflow/.local/lib/python3.12/site-packages/airflow/example_dags/example_latest_only.py for tasks to queue
[2025-01-27T11:31:57.826+0000] {logging_mixin.py:190} INFO - [2025-01-27T11:31:57.825+0000] {dagbag.py:588} INFO - Filling up the DagBag from /home/airflow/.local/lib/python3.12/site-packages/airflow/example_dags/example_latest_only.py
[2025-01-27T11:31:57.850+0000] {processor.py:925} INFO - DAG(s) 'latest_only' retrieved from /home/airflow/.local/lib/python3.12/site-packages/airflow/example_dags/example_latest_only.py
[2025-01-27T11:31:57.901+0000] {logging_mixin.py:190} INFO - [2025-01-27T11:31:57.900+0000] {dag.py:3239} INFO - Sync 1 DAGs
[2025-01-27T11:31:57.961+0000] {logging_mixin.py:190} INFO - [2025-01-27T11:31:57.961+0000] {dag.py:4180} INFO - Setting next_dagrun for latest_only to 2025-01-27 04:00:00+00:00, run_after=2025-01-27 08:00:00+00:00
[2025-01-27T11:31:58.010+0000] {processor.py:208} INFO - Processing /home/airflow/.local/lib/python3.12/site-packages/airflow/example_dags/example_latest_only.py took 0.210 seconds
[2025-01-27T11:37:33.211+0000] {processor.py:186} INFO - Started process (PID=393) to work on /home/airflow/.local/lib/python3.12/site-packages/airflow/example_dags/example_latest_only.py
[2025-01-27T11:37:33.218+0000] {processor.py:914} INFO - Processing file /home/airflow/.local/lib/python3.12/site-packages/airflow/example_dags/example_latest_only.py for tasks to queue
[2025-01-27T11:37:33.223+0000] {logging_mixin.py:190} INFO - [2025-01-27T11:37:33.223+0000] {dagbag.py:588} INFO - Filling up the DagBag from /home/airflow/.local/lib/python3.12/site-packages/airflow/example_dags/example_latest_only.py
[2025-01-27T11:37:33.242+0000] {processor.py:925} INFO - DAG(s) 'latest_only' retrieved from /home/airflow/.local/lib/python3.12/site-packages/airflow/example_dags/example_latest_only.py
[2025-01-27T11:37:33.273+0000] {logging_mixin.py:190} INFO - [2025-01-27T11:37:33.273+0000] {dag.py:3239} INFO - Sync 1 DAGs
[2025-01-27T11:37:33.310+0000] {logging_mixin.py:190} INFO - [2025-01-27T11:37:33.310+0000] {dag.py:4180} INFO - Setting next_dagrun for latest_only to 2025-01-27 04:00:00+00:00, run_after=2025-01-27 08:00:00+00:00
[2025-01-27T11:37:33.338+0000] {processor.py:208} INFO - Processing /home/airflow/.local/lib/python3.12/site-packages/airflow/example_dags/example_latest_only.py took 0.137 seconds
[2025-01-27T11:38:04.457+0000] {processor.py:186} INFO - Started process (PID=684) to work on /home/airflow/.local/lib/python3.12/site-packages/airflow/example_dags/example_latest_only.py
[2025-01-27T11:38:04.458+0000] {processor.py:914} INFO - Processing file /home/airflow/.local/lib/python3.12/site-packages/airflow/example_dags/example_latest_only.py for tasks to queue
[2025-01-27T11:38:04.461+0000] {logging_mixin.py:190} INFO - [2025-01-27T11:38:04.461+0000] {dagbag.py:588} INFO - Filling up the DagBag from /home/airflow/.local/lib/python3.12/site-packages/airflow/example_dags/example_latest_only.py
[2025-01-27T11:38:04.472+0000] {processor.py:925} INFO - DAG(s) 'latest_only' retrieved from /home/airflow/.local/lib/python3.12/site-packages/airflow/example_dags/example_latest_only.py
[2025-01-27T11:38:04.496+0000] {logging_mixin.py:190} INFO - [2025-01-27T11:38:04.496+0000] {dag.py:3239} INFO - Sync 1 DAGs
[2025-01-27T11:38:04.530+0000] {logging_mixin.py:190} INFO - [2025-01-27T11:38:04.529+0000] {dag.py:4180} INFO - Setting next_dagrun for latest_only to 2025-01-27 04:00:00+00:00, run_after=2025-01-27 08:00:00+00:00
[2025-01-27T11:38:04.553+0000] {processor.py:208} INFO - Processing /home/airflow/.local/lib/python3.12/site-packages/airflow/example_dags/example_latest_only.py took 0.103 seconds
[2025-01-27T11:38:36.430+0000] {processor.py:186} INFO - Started process (PID=975) to work on /home/airflow/.local/lib/python3.12/site-packages/airflow/example_dags/example_latest_only.py
[2025-01-27T11:38:36.431+0000] {processor.py:914} INFO - Processing file /home/airflow/.local/lib/python3.12/site-packages/airflow/example_dags/example_latest_only.py for tasks to queue
[2025-01-27T11:38:36.435+0000] {logging_mixin.py:190} INFO - [2025-01-27T11:38:36.434+0000] {dagbag.py:588} INFO - Filling up the DagBag from /home/airflow/.local/lib/python3.12/site-packages/airflow/example_dags/example_latest_only.py
[2025-01-27T11:38:36.451+0000] {processor.py:925} INFO - DAG(s) 'latest_only' retrieved from /home/airflow/.local/lib/python3.12/site-packages/airflow/example_dags/example_latest_only.py
[2025-01-27T11:38:36.491+0000] {logging_mixin.py:190} INFO - [2025-01-27T11:38:36.491+0000] {dag.py:3239} INFO - Sync 1 DAGs
[2025-01-27T11:38:36.542+0000] {logging_mixin.py:190} INFO - [2025-01-27T11:38:36.542+0000] {dag.py:4180} INFO - Setting next_dagrun for latest_only to 2025-01-27 04:00:00+00:00, run_after=2025-01-27 08:00:00+00:00
[2025-01-27T11:38:36.588+0000] {processor.py:208} INFO - Processing /home/airflow/.local/lib/python3.12/site-packages/airflow/example_dags/example_latest_only.py took 0.170 seconds
[2025-01-27T11:39:08.715+0000] {processor.py:186} INFO - Started process (PID=1263) to work on /home/airflow/.local/lib/python3.12/site-packages/airflow/example_dags/example_latest_only.py
[2025-01-27T11:39:08.717+0000] {processor.py:914} INFO - Processing file /home/airflow/.local/lib/python3.12/site-packages/airflow/example_dags/example_latest_only.py for tasks to queue
[2025-01-27T11:39:08.720+0000] {logging_mixin.py:190} INFO - [2025-01-27T11:39:08.719+0000] {dagbag.py:588} INFO - Filling up the DagBag from /home/airflow/.local/lib/python3.12/site-packages/airflow/example_dags/example_latest_only.py
[2025-01-27T11:39:08.730+0000] {processor.py:925} INFO - DAG(s) 'latest_only' retrieved from /home/airflow/.local/lib/python3.12/site-packages/airflow/example_dags/example_latest_only.py
[2025-01-27T11:39:08.759+0000] {logging_mixin.py:190} INFO - [2025-01-27T11:39:08.758+0000] {dag.py:3239} INFO - Sync 1 DAGs
[2025-01-27T11:39:08.805+0000] {logging_mixin.py:190} INFO - [2025-01-27T11:39:08.805+0000] {dag.py:4180} INFO - Setting next_dagrun for latest_only to 2025-01-27 04:00:00+00:00, run_after=2025-01-27 08:00:00+00:00
[2025-01-27T11:39:08.855+0000] {processor.py:208} INFO - Processing /home/airflow/.local/lib/python3.12/site-packages/airflow/example_dags/example_latest_only.py took 0.148 seconds
[2025-01-27T11:39:39.009+0000] {processor.py:186} INFO - Started process (PID=1553) to work on /home/airflow/.local/lib/python3.12/site-packages/airflow/example_dags/example_latest_only.py
[2025-01-27T11:39:39.011+0000] {processor.py:914} INFO - Processing file /home/airflow/.local/lib/python3.12/site-packages/airflow/example_dags/example_latest_only.py for tasks to queue
[2025-01-27T11:39:39.016+0000] {logging_mixin.py:190} INFO - [2025-01-27T11:39:39.015+0000] {dagbag.py:588} INFO - Filling up the DagBag from /home/airflow/.local/lib/python3.12/site-packages/airflow/example_dags/example_latest_only.py
[2025-01-27T11:39:39.039+0000] {processor.py:925} INFO - DAG(s) 'latest_only' retrieved from /home/airflow/.local/lib/python3.12/site-packages/airflow/example_dags/example_latest_only.py
[2025-01-27T11:39:39.082+0000] {logging_mixin.py:190} INFO - [2025-01-27T11:39:39.082+0000] {dag.py:3239} INFO - Sync 1 DAGs
[2025-01-27T11:39:39.122+0000] {logging_mixin.py:190} INFO - [2025-01-27T11:39:39.121+0000] {dag.py:4180} INFO - Setting next_dagrun for latest_only to 2025-01-27 04:00:00+00:00, run_after=2025-01-27 08:00:00+00:00
[2025-01-27T11:39:39.148+0000] {processor.py:208} INFO - Processing /home/airflow/.local/lib/python3.12/site-packages/airflow/example_dags/example_latest_only.py took 0.152 seconds
[2025-01-27T11:40:10.789+0000] {processor.py:186} INFO - Started process (PID=1848) to work on /home/airflow/.local/lib/python3.12/site-packages/airflow/example_dags/example_latest_only.py
[2025-01-27T11:40:10.790+0000] {processor.py:914} INFO - Processing file /home/airflow/.local/lib/python3.12/site-packages/airflow/example_dags/example_latest_only.py for tasks to queue
[2025-01-27T11:40:10.795+0000] {logging_mixin.py:190} INFO - [2025-01-27T11:40:10.794+0000] {dagbag.py:588} INFO - Filling up the DagBag from /home/airflow/.local/lib/python3.12/site-packages/airflow/example_dags/example_latest_only.py
[2025-01-27T11:40:10.809+0000] {processor.py:925} INFO - DAG(s) 'latest_only' retrieved from /home/airflow/.local/lib/python3.12/site-packages/airflow/example_dags/example_latest_only.py
[2025-01-27T11:40:10.840+0000] {logging_mixin.py:190} INFO - [2025-01-27T11:40:10.839+0000] {dag.py:3239} INFO - Sync 1 DAGs
[2025-01-27T11:40:10.886+0000] {logging_mixin.py:190} INFO - [2025-01-27T11:40:10.886+0000] {dag.py:4180} INFO - Setting next_dagrun for latest_only to 2025-01-27 04:00:00+00:00, run_after=2025-01-27 08:00:00+00:00
[2025-01-27T11:40:10.922+0000] {processor.py:208} INFO - Processing /home/airflow/.local/lib/python3.12/site-packages/airflow/example_dags/example_latest_only.py took 0.143 seconds
[2025-01-27T11:40:41.719+0000] {processor.py:186} INFO - Started process (PID=2139) to work on /home/airflow/.local/lib/python3.12/site-packages/airflow/example_dags/example_latest_only.py
[2025-01-27T11:40:41.721+0000] {processor.py:914} INFO - Processing file /home/airflow/.local/lib/python3.12/site-packages/airflow/example_dags/example_latest_only.py for tasks to queue
[2025-01-27T11:40:41.725+0000] {logging_mixin.py:190} INFO - [2025-01-27T11:40:41.724+0000] {dagbag.py:588} INFO - Filling up the DagBag from /home/airflow/.local/lib/python3.12/site-packages/airflow/example_dags/example_latest_only.py
[2025-01-27T11:40:41.743+0000] {processor.py:925} INFO - DAG(s) 'latest_only' retrieved from /home/airflow/.local/lib/python3.12/site-packages/airflow/example_dags/example_latest_only.py
[2025-01-27T11:40:41.785+0000] {logging_mixin.py:190} INFO - [2025-01-27T11:40:41.783+0000] {dag.py:3239} INFO - Sync 1 DAGs
[2025-01-27T11:40:41.842+0000] {logging_mixin.py:190} INFO - [2025-01-27T11:40:41.842+0000] {dag.py:4180} INFO - Setting next_dagrun for latest_only to 2025-01-27 04:00:00+00:00, run_after=2025-01-27 08:00:00+00:00
[2025-01-27T11:40:41.888+0000] {processor.py:208} INFO - Processing /home/airflow/.local/lib/python3.12/site-packages/airflow/example_dags/example_latest_only.py took 0.180 seconds
[2025-01-27T11:41:13.504+0000] {processor.py:186} INFO - Started process (PID=2430) to work on /home/airflow/.local/lib/python3.12/site-packages/airflow/example_dags/example_latest_only.py
[2025-01-27T11:41:13.505+0000] {processor.py:914} INFO - Processing file /home/airflow/.local/lib/python3.12/site-packages/airflow/example_dags/example_latest_only.py for tasks to queue
[2025-01-27T11:41:13.509+0000] {logging_mixin.py:190} INFO - [2025-01-27T11:41:13.509+0000] {dagbag.py:588} INFO - Filling up the DagBag from /home/airflow/.local/lib/python3.12/site-packages/airflow/example_dags/example_latest_only.py
[2025-01-27T11:41:13.519+0000] {processor.py:925} INFO - DAG(s) 'latest_only' retrieved from /home/airflow/.local/lib/python3.12/site-packages/airflow/example_dags/example_latest_only.py
[2025-01-27T11:41:13.547+0000] {logging_mixin.py:190} INFO - [2025-01-27T11:41:13.547+0000] {dag.py:3239} INFO - Sync 1 DAGs
[2025-01-27T11:41:13.580+0000] {logging_mixin.py:190} INFO - [2025-01-27T11:41:13.580+0000] {dag.py:4180} INFO - Setting next_dagrun for latest_only to 2025-01-27 04:00:00+00:00, run_after=2025-01-27 08:00:00+00:00
[2025-01-27T11:41:13.610+0000] {processor.py:208} INFO - Processing /home/airflow/.local/lib/python3.12/site-packages/airflow/example_dags/example_latest_only.py took 0.117 seconds
[2025-01-27T11:41:45.180+0000] {processor.py:186} INFO - Started process (PID=2723) to work on /home/airflow/.local/lib/python3.12/site-packages/airflow/example_dags/example_latest_only.py
[2025-01-27T11:41:45.182+0000] {processor.py:914} INFO - Processing file /home/airflow/.local/lib/python3.12/site-packages/airflow/example_dags/example_latest_only.py for tasks to queue
[2025-01-27T11:41:45.187+0000] {logging_mixin.py:190} INFO - [2025-01-27T11:41:45.186+0000] {dagbag.py:588} INFO - Filling up the DagBag from /home/airflow/.local/lib/python3.12/site-packages/airflow/example_dags/example_latest_only.py
[2025-01-27T11:41:45.199+0000] {processor.py:925} INFO - DAG(s) 'latest_only' retrieved from /home/airflow/.local/lib/python3.12/site-packages/airflow/example_dags/example_latest_only.py
[2025-01-27T11:41:45.233+0000] {logging_mixin.py:190} INFO - [2025-01-27T11:41:45.233+0000] {dag.py:3239} INFO - Sync 1 DAGs
[2025-01-27T11:41:45.277+0000] {logging_mixin.py:190} INFO - [2025-01-27T11:41:45.277+0000] {dag.py:4180} INFO - Setting next_dagrun for latest_only to 2025-01-27 04:00:00+00:00, run_after=2025-01-27 08:00:00+00:00
[2025-01-27T11:41:45.306+0000] {processor.py:208} INFO - Processing /home/airflow/.local/lib/python3.12/site-packages/airflow/example_dags/example_latest_only.py took 0.137 seconds
