[2025-01-27T11:29:42.709+0000] {processor.py:186} INFO - Started process (PID=46) to work on /home/airflow/.local/lib/python3.12/site-packages/airflow/example_dags/example_skip_dag.py
[2025-01-27T11:29:42.710+0000] {processor.py:914} INFO - Processing file /home/airflow/.local/lib/python3.12/site-packages/airflow/example_dags/example_skip_dag.py for tasks to queue
[2025-01-27T11:29:42.715+0000] {logging_mixin.py:190} INFO - [2025-01-27T11:29:42.714+0000] {dagbag.py:588} INFO - Filling up the DagBag from /home/airflow/.local/lib/python3.12/site-packages/airflow/example_dags/example_skip_dag.py
[2025-01-27T11:29:42.734+0000] {processor.py:925} INFO - DAG(s) 'example_skip_dag' retrieved from /home/airflow/.local/lib/python3.12/site-packages/airflow/example_dags/example_skip_dag.py
[2025-01-27T11:29:42.868+0000] {logging_mixin.py:190} INFO - [2025-01-27T11:29:42.867+0000] {dag.py:3239} INFO - Sync 1 DAGs
[2025-01-27T11:29:42.965+0000] {logging_mixin.py:190} INFO - [2025-01-27T11:29:42.965+0000] {dag.py:4180} INFO - Setting next_dagrun for example_skip_dag to 2025-01-26 00:00:00+00:00, run_after=2025-01-27 00:00:00+00:00
[2025-01-27T11:29:43.077+0000] {processor.py:208} INFO - Processing /home/airflow/.local/lib/python3.12/site-packages/airflow/example_dags/example_skip_dag.py took 0.382 seconds
[2025-01-27T11:30:14.087+0000] {processor.py:186} INFO - Started process (PID=110) to work on /home/airflow/.local/lib/python3.12/site-packages/airflow/example_dags/example_skip_dag.py
[2025-01-27T11:30:14.088+0000] {processor.py:914} INFO - Processing file /home/airflow/.local/lib/python3.12/site-packages/airflow/example_dags/example_skip_dag.py for tasks to queue
[2025-01-27T11:30:14.093+0000] {logging_mixin.py:190} INFO - [2025-01-27T11:30:14.092+0000] {dagbag.py:588} INFO - Filling up the DagBag from /home/airflow/.local/lib/python3.12/site-packages/airflow/example_dags/example_skip_dag.py
[2025-01-27T11:30:14.111+0000] {processor.py:925} INFO - DAG(s) 'example_skip_dag' retrieved from /home/airflow/.local/lib/python3.12/site-packages/airflow/example_dags/example_skip_dag.py
[2025-01-27T11:30:14.167+0000] {logging_mixin.py:190} INFO - [2025-01-27T11:30:14.167+0000] {dag.py:3239} INFO - Sync 1 DAGs
[2025-01-27T11:30:14.220+0000] {logging_mixin.py:190} INFO - [2025-01-27T11:30:14.219+0000] {dag.py:4180} INFO - Setting next_dagrun for example_skip_dag to 2025-01-26 00:00:00+00:00, run_after=2025-01-27 00:00:00+00:00
[2025-01-27T11:30:14.267+0000] {processor.py:208} INFO - Processing /home/airflow/.local/lib/python3.12/site-packages/airflow/example_dags/example_skip_dag.py took 0.192 seconds
[2025-01-27T11:30:45.024+0000] {processor.py:186} INFO - Started process (PID=173) to work on /home/airflow/.local/lib/python3.12/site-packages/airflow/example_dags/example_skip_dag.py
[2025-01-27T11:30:45.025+0000] {processor.py:914} INFO - Processing file /home/airflow/.local/lib/python3.12/site-packages/airflow/example_dags/example_skip_dag.py for tasks to queue
[2025-01-27T11:30:45.029+0000] {logging_mixin.py:190} INFO - [2025-01-27T11:30:45.028+0000] {dagbag.py:588} INFO - Filling up the DagBag from /home/airflow/.local/lib/python3.12/site-packages/airflow/example_dags/example_skip_dag.py
[2025-01-27T11:30:45.046+0000] {processor.py:925} INFO - DAG(s) 'example_skip_dag' retrieved from /home/airflow/.local/lib/python3.12/site-packages/airflow/example_dags/example_skip_dag.py
[2025-01-27T11:30:45.097+0000] {logging_mixin.py:190} INFO - [2025-01-27T11:30:45.097+0000] {dag.py:3239} INFO - Sync 1 DAGs
[2025-01-27T11:30:45.162+0000] {logging_mixin.py:190} INFO - [2025-01-27T11:30:45.162+0000] {dag.py:4180} INFO - Setting next_dagrun for example_skip_dag to 2025-01-26 00:00:00+00:00, run_after=2025-01-27 00:00:00+00:00
[2025-01-27T11:30:45.216+0000] {processor.py:208} INFO - Processing /home/airflow/.local/lib/python3.12/site-packages/airflow/example_dags/example_skip_dag.py took 0.202 seconds
[2025-01-27T11:31:15.359+0000] {processor.py:186} INFO - Started process (PID=236) to work on /home/airflow/.local/lib/python3.12/site-packages/airflow/example_dags/example_skip_dag.py
[2025-01-27T11:31:15.361+0000] {processor.py:914} INFO - Processing file /home/airflow/.local/lib/python3.12/site-packages/airflow/example_dags/example_skip_dag.py for tasks to queue
[2025-01-27T11:31:15.365+0000] {logging_mixin.py:190} INFO - [2025-01-27T11:31:15.364+0000] {dagbag.py:588} INFO - Filling up the DagBag from /home/airflow/.local/lib/python3.12/site-packages/airflow/example_dags/example_skip_dag.py
[2025-01-27T11:31:15.373+0000] {processor.py:925} INFO - DAG(s) 'example_skip_dag' retrieved from /home/airflow/.local/lib/python3.12/site-packages/airflow/example_dags/example_skip_dag.py
[2025-01-27T11:31:15.399+0000] {logging_mixin.py:190} INFO - [2025-01-27T11:31:15.399+0000] {dag.py:3239} INFO - Sync 1 DAGs
[2025-01-27T11:31:15.433+0000] {logging_mixin.py:190} INFO - [2025-01-27T11:31:15.433+0000] {dag.py:4180} INFO - Setting next_dagrun for example_skip_dag to 2025-01-26 00:00:00+00:00, run_after=2025-01-27 00:00:00+00:00
[2025-01-27T11:31:15.464+0000] {processor.py:208} INFO - Processing /home/airflow/.local/lib/python3.12/site-packages/airflow/example_dags/example_skip_dag.py took 0.113 seconds
[2025-01-27T11:31:45.739+0000] {processor.py:186} INFO - Started process (PID=299) to work on /home/airflow/.local/lib/python3.12/site-packages/airflow/example_dags/example_skip_dag.py
[2025-01-27T11:31:45.740+0000] {processor.py:914} INFO - Processing file /home/airflow/.local/lib/python3.12/site-packages/airflow/example_dags/example_skip_dag.py for tasks to queue
[2025-01-27T11:31:45.743+0000] {logging_mixin.py:190} INFO - [2025-01-27T11:31:45.743+0000] {dagbag.py:588} INFO - Filling up the DagBag from /home/airflow/.local/lib/python3.12/site-packages/airflow/example_dags/example_skip_dag.py
[2025-01-27T11:31:45.756+0000] {processor.py:925} INFO - DAG(s) 'example_skip_dag' retrieved from /home/airflow/.local/lib/python3.12/site-packages/airflow/example_dags/example_skip_dag.py
[2025-01-27T11:31:45.789+0000] {logging_mixin.py:190} INFO - [2025-01-27T11:31:45.789+0000] {dag.py:3239} INFO - Sync 1 DAGs
[2025-01-27T11:31:45.826+0000] {logging_mixin.py:190} INFO - [2025-01-27T11:31:45.825+0000] {dag.py:4180} INFO - Setting next_dagrun for example_skip_dag to 2025-01-26 00:00:00+00:00, run_after=2025-01-27 00:00:00+00:00
[2025-01-27T11:31:45.854+0000] {processor.py:208} INFO - Processing /home/airflow/.local/lib/python3.12/site-packages/airflow/example_dags/example_skip_dag.py took 0.126 seconds
[2025-01-27T11:37:20.319+0000] {processor.py:186} INFO - Started process (PID=190) to work on /home/airflow/.local/lib/python3.12/site-packages/airflow/example_dags/example_skip_dag.py
[2025-01-27T11:37:20.321+0000] {processor.py:914} INFO - Processing file /home/airflow/.local/lib/python3.12/site-packages/airflow/example_dags/example_skip_dag.py for tasks to queue
[2025-01-27T11:37:20.326+0000] {logging_mixin.py:190} INFO - [2025-01-27T11:37:20.325+0000] {dagbag.py:588} INFO - Filling up the DagBag from /home/airflow/.local/lib/python3.12/site-packages/airflow/example_dags/example_skip_dag.py
[2025-01-27T11:37:20.344+0000] {processor.py:925} INFO - DAG(s) 'example_skip_dag' retrieved from /home/airflow/.local/lib/python3.12/site-packages/airflow/example_dags/example_skip_dag.py
[2025-01-27T11:37:20.416+0000] {logging_mixin.py:190} INFO - [2025-01-27T11:37:20.416+0000] {dag.py:3239} INFO - Sync 1 DAGs
[2025-01-27T11:37:20.493+0000] {logging_mixin.py:190} INFO - [2025-01-27T11:37:20.493+0000] {dag.py:4180} INFO - Setting next_dagrun for example_skip_dag to 2025-01-26 00:00:00+00:00, run_after=2025-01-27 00:00:00+00:00
[2025-01-27T11:37:20.526+0000] {processor.py:208} INFO - Processing /home/airflow/.local/lib/python3.12/site-packages/airflow/example_dags/example_skip_dag.py took 0.217 seconds
[2025-01-27T11:37:51.292+0000] {processor.py:186} INFO - Started process (PID=479) to work on /home/airflow/.local/lib/python3.12/site-packages/airflow/example_dags/example_skip_dag.py
[2025-01-27T11:37:51.294+0000] {processor.py:914} INFO - Processing file /home/airflow/.local/lib/python3.12/site-packages/airflow/example_dags/example_skip_dag.py for tasks to queue
[2025-01-27T11:37:51.299+0000] {logging_mixin.py:190} INFO - [2025-01-27T11:37:51.298+0000] {dagbag.py:588} INFO - Filling up the DagBag from /home/airflow/.local/lib/python3.12/site-packages/airflow/example_dags/example_skip_dag.py
[2025-01-27T11:37:51.316+0000] {processor.py:925} INFO - DAG(s) 'example_skip_dag' retrieved from /home/airflow/.local/lib/python3.12/site-packages/airflow/example_dags/example_skip_dag.py
[2025-01-27T11:37:51.371+0000] {logging_mixin.py:190} INFO - [2025-01-27T11:37:51.371+0000] {dag.py:3239} INFO - Sync 1 DAGs
[2025-01-27T11:37:51.442+0000] {logging_mixin.py:190} INFO - [2025-01-27T11:37:51.441+0000] {dag.py:4180} INFO - Setting next_dagrun for example_skip_dag to 2025-01-26 00:00:00+00:00, run_after=2025-01-27 00:00:00+00:00
[2025-01-27T11:37:51.528+0000] {processor.py:208} INFO - Processing /home/airflow/.local/lib/python3.12/site-packages/airflow/example_dags/example_skip_dag.py took 0.253 seconds
[2025-01-27T11:38:21.838+0000] {processor.py:186} INFO - Started process (PID=770) to work on /home/airflow/.local/lib/python3.12/site-packages/airflow/example_dags/example_skip_dag.py
[2025-01-27T11:38:21.839+0000] {processor.py:914} INFO - Processing file /home/airflow/.local/lib/python3.12/site-packages/airflow/example_dags/example_skip_dag.py for tasks to queue
[2025-01-27T11:38:21.843+0000] {logging_mixin.py:190} INFO - [2025-01-27T11:38:21.843+0000] {dagbag.py:588} INFO - Filling up the DagBag from /home/airflow/.local/lib/python3.12/site-packages/airflow/example_dags/example_skip_dag.py
[2025-01-27T11:38:21.857+0000] {processor.py:925} INFO - DAG(s) 'example_skip_dag' retrieved from /home/airflow/.local/lib/python3.12/site-packages/airflow/example_dags/example_skip_dag.py
[2025-01-27T11:38:21.885+0000] {logging_mixin.py:190} INFO - [2025-01-27T11:38:21.885+0000] {dag.py:3239} INFO - Sync 1 DAGs
[2025-01-27T11:38:21.913+0000] {logging_mixin.py:190} INFO - [2025-01-27T11:38:21.913+0000] {dag.py:4180} INFO - Setting next_dagrun for example_skip_dag to 2025-01-26 00:00:00+00:00, run_after=2025-01-27 00:00:00+00:00
[2025-01-27T11:38:21.937+0000] {processor.py:208} INFO - Processing /home/airflow/.local/lib/python3.12/site-packages/airflow/example_dags/example_skip_dag.py took 0.106 seconds
[2025-01-27T11:38:52.721+0000] {processor.py:186} INFO - Started process (PID=1061) to work on /home/airflow/.local/lib/python3.12/site-packages/airflow/example_dags/example_skip_dag.py
[2025-01-27T11:38:52.722+0000] {processor.py:914} INFO - Processing file /home/airflow/.local/lib/python3.12/site-packages/airflow/example_dags/example_skip_dag.py for tasks to queue
[2025-01-27T11:38:52.725+0000] {logging_mixin.py:190} INFO - [2025-01-27T11:38:52.725+0000] {dagbag.py:588} INFO - Filling up the DagBag from /home/airflow/.local/lib/python3.12/site-packages/airflow/example_dags/example_skip_dag.py
[2025-01-27T11:38:52.737+0000] {processor.py:925} INFO - DAG(s) 'example_skip_dag' retrieved from /home/airflow/.local/lib/python3.12/site-packages/airflow/example_dags/example_skip_dag.py
[2025-01-27T11:38:52.768+0000] {logging_mixin.py:190} INFO - [2025-01-27T11:38:52.766+0000] {dag.py:3239} INFO - Sync 1 DAGs
[2025-01-27T11:38:52.817+0000] {logging_mixin.py:190} INFO - [2025-01-27T11:38:52.817+0000] {dag.py:4180} INFO - Setting next_dagrun for example_skip_dag to 2025-01-26 00:00:00+00:00, run_after=2025-01-27 00:00:00+00:00
[2025-01-27T11:38:52.852+0000] {processor.py:208} INFO - Processing /home/airflow/.local/lib/python3.12/site-packages/airflow/example_dags/example_skip_dag.py took 0.141 seconds
[2025-01-27T11:39:23.708+0000] {processor.py:186} INFO - Started process (PID=1355) to work on /home/airflow/.local/lib/python3.12/site-packages/airflow/example_dags/example_skip_dag.py
[2025-01-27T11:39:23.710+0000] {processor.py:914} INFO - Processing file /home/airflow/.local/lib/python3.12/site-packages/airflow/example_dags/example_skip_dag.py for tasks to queue
[2025-01-27T11:39:23.713+0000] {logging_mixin.py:190} INFO - [2025-01-27T11:39:23.712+0000] {dagbag.py:588} INFO - Filling up the DagBag from /home/airflow/.local/lib/python3.12/site-packages/airflow/example_dags/example_skip_dag.py
[2025-01-27T11:39:23.725+0000] {processor.py:925} INFO - DAG(s) 'example_skip_dag' retrieved from /home/airflow/.local/lib/python3.12/site-packages/airflow/example_dags/example_skip_dag.py
[2025-01-27T11:39:23.756+0000] {logging_mixin.py:190} INFO - [2025-01-27T11:39:23.755+0000] {dag.py:3239} INFO - Sync 1 DAGs
[2025-01-27T11:39:23.790+0000] {logging_mixin.py:190} INFO - [2025-01-27T11:39:23.790+0000] {dag.py:4180} INFO - Setting next_dagrun for example_skip_dag to 2025-01-26 00:00:00+00:00, run_after=2025-01-27 00:00:00+00:00
[2025-01-27T11:39:23.819+0000] {processor.py:208} INFO - Processing /home/airflow/.local/lib/python3.12/site-packages/airflow/example_dags/example_skip_dag.py took 0.120 seconds
[2025-01-27T11:39:54.798+0000] {processor.py:186} INFO - Started process (PID=1644) to work on /home/airflow/.local/lib/python3.12/site-packages/airflow/example_dags/example_skip_dag.py
[2025-01-27T11:39:54.800+0000] {processor.py:914} INFO - Processing file /home/airflow/.local/lib/python3.12/site-packages/airflow/example_dags/example_skip_dag.py for tasks to queue
[2025-01-27T11:39:54.804+0000] {logging_mixin.py:190} INFO - [2025-01-27T11:39:54.803+0000] {dagbag.py:588} INFO - Filling up the DagBag from /home/airflow/.local/lib/python3.12/site-packages/airflow/example_dags/example_skip_dag.py
[2025-01-27T11:39:54.815+0000] {processor.py:925} INFO - DAG(s) 'example_skip_dag' retrieved from /home/airflow/.local/lib/python3.12/site-packages/airflow/example_dags/example_skip_dag.py
[2025-01-27T11:39:54.852+0000] {logging_mixin.py:190} INFO - [2025-01-27T11:39:54.851+0000] {dag.py:3239} INFO - Sync 1 DAGs
[2025-01-27T11:39:54.893+0000] {logging_mixin.py:190} INFO - [2025-01-27T11:39:54.893+0000] {dag.py:4180} INFO - Setting next_dagrun for example_skip_dag to 2025-01-26 00:00:00+00:00, run_after=2025-01-27 00:00:00+00:00
[2025-01-27T11:39:54.922+0000] {processor.py:208} INFO - Processing /home/airflow/.local/lib/python3.12/site-packages/airflow/example_dags/example_skip_dag.py took 0.135 seconds
[2025-01-27T11:40:26.101+0000] {processor.py:186} INFO - Started process (PID=1944) to work on /home/airflow/.local/lib/python3.12/site-packages/airflow/example_dags/example_skip_dag.py
[2025-01-27T11:40:26.103+0000] {processor.py:914} INFO - Processing file /home/airflow/.local/lib/python3.12/site-packages/airflow/example_dags/example_skip_dag.py for tasks to queue
[2025-01-27T11:40:26.109+0000] {logging_mixin.py:190} INFO - [2025-01-27T11:40:26.108+0000] {dagbag.py:588} INFO - Filling up the DagBag from /home/airflow/.local/lib/python3.12/site-packages/airflow/example_dags/example_skip_dag.py
[2025-01-27T11:40:26.131+0000] {processor.py:925} INFO - DAG(s) 'example_skip_dag' retrieved from /home/airflow/.local/lib/python3.12/site-packages/airflow/example_dags/example_skip_dag.py
[2025-01-27T11:40:26.215+0000] {logging_mixin.py:190} INFO - [2025-01-27T11:40:26.214+0000] {dag.py:3239} INFO - Sync 1 DAGs
[2025-01-27T11:40:26.315+0000] {logging_mixin.py:190} INFO - [2025-01-27T11:40:26.315+0000] {dag.py:4180} INFO - Setting next_dagrun for example_skip_dag to 2025-01-26 00:00:00+00:00, run_after=2025-01-27 00:00:00+00:00
[2025-01-27T11:40:26.382+0000] {processor.py:208} INFO - Processing /home/airflow/.local/lib/python3.12/site-packages/airflow/example_dags/example_skip_dag.py took 0.299 seconds
[2025-01-27T11:40:56.519+0000] {processor.py:186} INFO - Started process (PID=2232) to work on /home/airflow/.local/lib/python3.12/site-packages/airflow/example_dags/example_skip_dag.py
[2025-01-27T11:40:56.521+0000] {processor.py:914} INFO - Processing file /home/airflow/.local/lib/python3.12/site-packages/airflow/example_dags/example_skip_dag.py for tasks to queue
[2025-01-27T11:40:56.524+0000] {logging_mixin.py:190} INFO - [2025-01-27T11:40:56.523+0000] {dagbag.py:588} INFO - Filling up the DagBag from /home/airflow/.local/lib/python3.12/site-packages/airflow/example_dags/example_skip_dag.py
[2025-01-27T11:40:56.537+0000] {processor.py:925} INFO - DAG(s) 'example_skip_dag' retrieved from /home/airflow/.local/lib/python3.12/site-packages/airflow/example_dags/example_skip_dag.py
[2025-01-27T11:40:56.569+0000] {logging_mixin.py:190} INFO - [2025-01-27T11:40:56.569+0000] {dag.py:3239} INFO - Sync 1 DAGs
[2025-01-27T11:40:56.608+0000] {logging_mixin.py:190} INFO - [2025-01-27T11:40:56.608+0000] {dag.py:4180} INFO - Setting next_dagrun for example_skip_dag to 2025-01-26 00:00:00+00:00, run_after=2025-01-27 00:00:00+00:00
[2025-01-27T11:40:56.636+0000] {processor.py:208} INFO - Processing /home/airflow/.local/lib/python3.12/site-packages/airflow/example_dags/example_skip_dag.py took 0.127 seconds
[2025-01-27T11:41:27.138+0000] {processor.py:186} INFO - Started process (PID=2521) to work on /home/airflow/.local/lib/python3.12/site-packages/airflow/example_dags/example_skip_dag.py
[2025-01-27T11:41:27.152+0000] {processor.py:914} INFO - Processing file /home/airflow/.local/lib/python3.12/site-packages/airflow/example_dags/example_skip_dag.py for tasks to queue
[2025-01-27T11:41:27.157+0000] {logging_mixin.py:190} INFO - [2025-01-27T11:41:27.156+0000] {dagbag.py:588} INFO - Filling up the DagBag from /home/airflow/.local/lib/python3.12/site-packages/airflow/example_dags/example_skip_dag.py
[2025-01-27T11:41:27.173+0000] {processor.py:925} INFO - DAG(s) 'example_skip_dag' retrieved from /home/airflow/.local/lib/python3.12/site-packages/airflow/example_dags/example_skip_dag.py
[2025-01-27T11:41:27.211+0000] {logging_mixin.py:190} INFO - [2025-01-27T11:41:27.210+0000] {dag.py:3239} INFO - Sync 1 DAGs
[2025-01-27T11:41:27.247+0000] {logging_mixin.py:190} INFO - [2025-01-27T11:41:27.246+0000] {dag.py:4180} INFO - Setting next_dagrun for example_skip_dag to 2025-01-26 00:00:00+00:00, run_after=2025-01-27 00:00:00+00:00
[2025-01-27T11:41:27.279+0000] {processor.py:208} INFO - Processing /home/airflow/.local/lib/python3.12/site-packages/airflow/example_dags/example_skip_dag.py took 0.154 seconds
