[2025-01-27T11:29:52.073+0000] {processor.py:186} INFO - Started process (PID=86) to work on /home/airflow/.local/lib/python3.12/site-packages/airflow/example_dags/example_sla_dag.py
[2025-01-27T11:29:52.074+0000] {processor.py:914} INFO - Processing file /home/airflow/.local/lib/python3.12/site-packages/airflow/example_dags/example_sla_dag.py for tasks to queue
[2025-01-27T11:29:52.078+0000] {logging_mixin.py:190} INFO - [2025-01-27T11:29:52.077+0000] {dagbag.py:588} INFO - Filling up the DagBag from /home/airflow/.local/lib/python3.12/site-packages/airflow/example_dags/example_sla_dag.py
[2025-01-27T11:29:52.091+0000] {processor.py:925} INFO - DAG(s) 'example_sla_dag' retrieved from /home/airflow/.local/lib/python3.12/site-packages/airflow/example_dags/example_sla_dag.py
[2025-01-27T11:29:52.118+0000] {logging_mixin.py:190} INFO - [2025-01-27T11:29:52.117+0000] {dag.py:3239} INFO - Sync 1 DAGs
[2025-01-27T11:29:52.156+0000] {logging_mixin.py:190} INFO - [2025-01-27T11:29:52.156+0000] {dag.py:4180} INFO - Setting next_dagrun for example_sla_dag to 2025-01-27 11:26:00+00:00, run_after=2025-01-27 11:28:00+00:00
[2025-01-27T11:29:52.183+0000] {processor.py:208} INFO - Processing /home/airflow/.local/lib/python3.12/site-packages/airflow/example_dags/example_sla_dag.py took 0.120 seconds
[2025-01-27T11:30:23.529+0000] {processor.py:186} INFO - Started process (PID=150) to work on /home/airflow/.local/lib/python3.12/site-packages/airflow/example_dags/example_sla_dag.py
[2025-01-27T11:30:23.531+0000] {processor.py:914} INFO - Processing file /home/airflow/.local/lib/python3.12/site-packages/airflow/example_dags/example_sla_dag.py for tasks to queue
[2025-01-27T11:30:23.535+0000] {logging_mixin.py:190} INFO - [2025-01-27T11:30:23.534+0000] {dagbag.py:588} INFO - Filling up the DagBag from /home/airflow/.local/lib/python3.12/site-packages/airflow/example_dags/example_sla_dag.py
[2025-01-27T11:30:23.555+0000] {processor.py:925} INFO - DAG(s) 'example_sla_dag' retrieved from /home/airflow/.local/lib/python3.12/site-packages/airflow/example_dags/example_sla_dag.py
[2025-01-27T11:30:23.600+0000] {logging_mixin.py:190} INFO - [2025-01-27T11:30:23.600+0000] {dag.py:3239} INFO - Sync 1 DAGs
[2025-01-27T11:30:23.654+0000] {logging_mixin.py:190} INFO - [2025-01-27T11:30:23.654+0000] {dag.py:4180} INFO - Setting next_dagrun for example_sla_dag to 2025-01-27 11:28:00+00:00, run_after=2025-01-27 11:30:00+00:00
[2025-01-27T11:30:23.689+0000] {processor.py:208} INFO - Processing /home/airflow/.local/lib/python3.12/site-packages/airflow/example_dags/example_sla_dag.py took 0.175 seconds
[2025-01-27T11:30:55.678+0000] {processor.py:186} INFO - Started process (PID=212) to work on /home/airflow/.local/lib/python3.12/site-packages/airflow/example_dags/example_sla_dag.py
[2025-01-27T11:30:55.684+0000] {processor.py:914} INFO - Processing file /home/airflow/.local/lib/python3.12/site-packages/airflow/example_dags/example_sla_dag.py for tasks to queue
[2025-01-27T11:30:55.691+0000] {logging_mixin.py:190} INFO - [2025-01-27T11:30:55.690+0000] {dagbag.py:588} INFO - Filling up the DagBag from /home/airflow/.local/lib/python3.12/site-packages/airflow/example_dags/example_sla_dag.py
[2025-01-27T11:30:55.721+0000] {processor.py:925} INFO - DAG(s) 'example_sla_dag' retrieved from /home/airflow/.local/lib/python3.12/site-packages/airflow/example_dags/example_sla_dag.py
[2025-01-27T11:30:55.778+0000] {logging_mixin.py:190} INFO - [2025-01-27T11:30:55.778+0000] {dag.py:3239} INFO - Sync 1 DAGs
[2025-01-27T11:30:55.836+0000] {logging_mixin.py:190} INFO - [2025-01-27T11:30:55.835+0000] {dag.py:4180} INFO - Setting next_dagrun for example_sla_dag to 2025-01-27 11:28:00+00:00, run_after=2025-01-27 11:30:00+00:00
[2025-01-27T11:30:55.870+0000] {processor.py:208} INFO - Processing /home/airflow/.local/lib/python3.12/site-packages/airflow/example_dags/example_sla_dag.py took 0.207 seconds
[2025-01-27T11:31:25.975+0000] {processor.py:186} INFO - Started process (PID=275) to work on /home/airflow/.local/lib/python3.12/site-packages/airflow/example_dags/example_sla_dag.py
[2025-01-27T11:31:25.976+0000] {processor.py:914} INFO - Processing file /home/airflow/.local/lib/python3.12/site-packages/airflow/example_dags/example_sla_dag.py for tasks to queue
[2025-01-27T11:31:25.980+0000] {logging_mixin.py:190} INFO - [2025-01-27T11:31:25.979+0000] {dagbag.py:588} INFO - Filling up the DagBag from /home/airflow/.local/lib/python3.12/site-packages/airflow/example_dags/example_sla_dag.py
[2025-01-27T11:31:25.997+0000] {processor.py:925} INFO - DAG(s) 'example_sla_dag' retrieved from /home/airflow/.local/lib/python3.12/site-packages/airflow/example_dags/example_sla_dag.py
[2025-01-27T11:31:26.026+0000] {logging_mixin.py:190} INFO - [2025-01-27T11:31:26.026+0000] {dag.py:3239} INFO - Sync 1 DAGs
[2025-01-27T11:31:26.081+0000] {logging_mixin.py:190} INFO - [2025-01-27T11:31:26.080+0000] {dag.py:4180} INFO - Setting next_dagrun for example_sla_dag to 2025-01-27 11:28:00+00:00, run_after=2025-01-27 11:30:00+00:00
[2025-01-27T11:31:26.115+0000] {processor.py:208} INFO - Processing /home/airflow/.local/lib/python3.12/site-packages/airflow/example_dags/example_sla_dag.py took 0.150 seconds
[2025-01-27T11:31:57.659+0000] {processor.py:186} INFO - Started process (PID=344) to work on /home/airflow/.local/lib/python3.12/site-packages/airflow/example_dags/example_sla_dag.py
[2025-01-27T11:31:57.662+0000] {processor.py:914} INFO - Processing file /home/airflow/.local/lib/python3.12/site-packages/airflow/example_dags/example_sla_dag.py for tasks to queue
[2025-01-27T11:31:57.667+0000] {logging_mixin.py:190} INFO - [2025-01-27T11:31:57.666+0000] {dagbag.py:588} INFO - Filling up the DagBag from /home/airflow/.local/lib/python3.12/site-packages/airflow/example_dags/example_sla_dag.py
[2025-01-27T11:31:57.703+0000] {processor.py:925} INFO - DAG(s) 'example_sla_dag' retrieved from /home/airflow/.local/lib/python3.12/site-packages/airflow/example_dags/example_sla_dag.py
[2025-01-27T11:31:57.756+0000] {logging_mixin.py:190} INFO - [2025-01-27T11:31:57.756+0000] {dag.py:3239} INFO - Sync 1 DAGs
[2025-01-27T11:31:57.835+0000] {logging_mixin.py:190} INFO - [2025-01-27T11:31:57.835+0000] {dag.py:4180} INFO - Setting next_dagrun for example_sla_dag to 2025-01-27 11:28:00+00:00, run_after=2025-01-27 11:30:00+00:00
[2025-01-27T11:31:57.886+0000] {processor.py:208} INFO - Processing /home/airflow/.local/lib/python3.12/site-packages/airflow/example_dags/example_sla_dag.py took 0.246 seconds
[2025-01-27T11:37:33.020+0000] {processor.py:186} INFO - Started process (PID=388) to work on /home/airflow/.local/lib/python3.12/site-packages/airflow/example_dags/example_sla_dag.py
[2025-01-27T11:37:33.022+0000] {processor.py:914} INFO - Processing file /home/airflow/.local/lib/python3.12/site-packages/airflow/example_dags/example_sla_dag.py for tasks to queue
[2025-01-27T11:37:33.030+0000] {logging_mixin.py:190} INFO - [2025-01-27T11:37:33.029+0000] {dagbag.py:588} INFO - Filling up the DagBag from /home/airflow/.local/lib/python3.12/site-packages/airflow/example_dags/example_sla_dag.py
[2025-01-27T11:37:33.051+0000] {processor.py:925} INFO - DAG(s) 'example_sla_dag' retrieved from /home/airflow/.local/lib/python3.12/site-packages/airflow/example_dags/example_sla_dag.py
[2025-01-27T11:37:33.081+0000] {logging_mixin.py:190} INFO - [2025-01-27T11:37:33.081+0000] {dag.py:3239} INFO - Sync 1 DAGs
[2025-01-27T11:37:33.126+0000] {logging_mixin.py:190} INFO - [2025-01-27T11:37:33.126+0000] {dag.py:4180} INFO - Setting next_dagrun for example_sla_dag to 2025-01-27 11:34:00+00:00, run_after=2025-01-27 11:36:00+00:00
[2025-01-27T11:37:33.154+0000] {processor.py:208} INFO - Processing /home/airflow/.local/lib/python3.12/site-packages/airflow/example_dags/example_sla_dag.py took 0.148 seconds
[2025-01-27T11:38:03.445+0000] {processor.py:186} INFO - Started process (PID=674) to work on /home/airflow/.local/lib/python3.12/site-packages/airflow/example_dags/example_sla_dag.py
[2025-01-27T11:38:03.447+0000] {processor.py:914} INFO - Processing file /home/airflow/.local/lib/python3.12/site-packages/airflow/example_dags/example_sla_dag.py for tasks to queue
[2025-01-27T11:38:03.450+0000] {logging_mixin.py:190} INFO - [2025-01-27T11:38:03.450+0000] {dagbag.py:588} INFO - Filling up the DagBag from /home/airflow/.local/lib/python3.12/site-packages/airflow/example_dags/example_sla_dag.py
[2025-01-27T11:38:03.466+0000] {processor.py:925} INFO - DAG(s) 'example_sla_dag' retrieved from /home/airflow/.local/lib/python3.12/site-packages/airflow/example_dags/example_sla_dag.py
[2025-01-27T11:38:03.494+0000] {logging_mixin.py:190} INFO - [2025-01-27T11:38:03.493+0000] {dag.py:3239} INFO - Sync 1 DAGs
[2025-01-27T11:38:03.538+0000] {logging_mixin.py:190} INFO - [2025-01-27T11:38:03.538+0000] {dag.py:4180} INFO - Setting next_dagrun for example_sla_dag to 2025-01-27 11:36:00+00:00, run_after=2025-01-27 11:38:00+00:00
[2025-01-27T11:38:03.563+0000] {processor.py:208} INFO - Processing /home/airflow/.local/lib/python3.12/site-packages/airflow/example_dags/example_sla_dag.py took 0.127 seconds
[2025-01-27T11:38:36.165+0000] {processor.py:186} INFO - Started process (PID=965) to work on /home/airflow/.local/lib/python3.12/site-packages/airflow/example_dags/example_sla_dag.py
[2025-01-27T11:38:36.166+0000] {processor.py:914} INFO - Processing file /home/airflow/.local/lib/python3.12/site-packages/airflow/example_dags/example_sla_dag.py for tasks to queue
[2025-01-27T11:38:36.171+0000] {logging_mixin.py:190} INFO - [2025-01-27T11:38:36.170+0000] {dagbag.py:588} INFO - Filling up the DagBag from /home/airflow/.local/lib/python3.12/site-packages/airflow/example_dags/example_sla_dag.py
[2025-01-27T11:38:36.197+0000] {processor.py:925} INFO - DAG(s) 'example_sla_dag' retrieved from /home/airflow/.local/lib/python3.12/site-packages/airflow/example_dags/example_sla_dag.py
[2025-01-27T11:38:36.237+0000] {logging_mixin.py:190} INFO - [2025-01-27T11:38:36.236+0000] {dag.py:3239} INFO - Sync 1 DAGs
[2025-01-27T11:38:36.300+0000] {logging_mixin.py:190} INFO - [2025-01-27T11:38:36.300+0000] {dag.py:4180} INFO - Setting next_dagrun for example_sla_dag to 2025-01-27 11:36:00+00:00, run_after=2025-01-27 11:38:00+00:00
[2025-01-27T11:38:36.356+0000] {processor.py:208} INFO - Processing /home/airflow/.local/lib/python3.12/site-packages/airflow/example_dags/example_sla_dag.py took 0.205 seconds
[2025-01-27T11:39:08.540+0000] {processor.py:186} INFO - Started process (PID=1258) to work on /home/airflow/.local/lib/python3.12/site-packages/airflow/example_dags/example_sla_dag.py
[2025-01-27T11:39:08.541+0000] {processor.py:914} INFO - Processing file /home/airflow/.local/lib/python3.12/site-packages/airflow/example_dags/example_sla_dag.py for tasks to queue
[2025-01-27T11:39:08.547+0000] {logging_mixin.py:190} INFO - [2025-01-27T11:39:08.546+0000] {dagbag.py:588} INFO - Filling up the DagBag from /home/airflow/.local/lib/python3.12/site-packages/airflow/example_dags/example_sla_dag.py
[2025-01-27T11:39:08.562+0000] {processor.py:925} INFO - DAG(s) 'example_sla_dag' retrieved from /home/airflow/.local/lib/python3.12/site-packages/airflow/example_dags/example_sla_dag.py
[2025-01-27T11:39:08.588+0000] {logging_mixin.py:190} INFO - [2025-01-27T11:39:08.588+0000] {dag.py:3239} INFO - Sync 1 DAGs
[2025-01-27T11:39:08.634+0000] {logging_mixin.py:190} INFO - [2025-01-27T11:39:08.633+0000] {dag.py:4180} INFO - Setting next_dagrun for example_sla_dag to 2025-01-27 11:36:00+00:00, run_after=2025-01-27 11:38:00+00:00
[2025-01-27T11:39:08.660+0000] {processor.py:208} INFO - Processing /home/airflow/.local/lib/python3.12/site-packages/airflow/example_dags/example_sla_dag.py took 0.129 seconds
[2025-01-27T11:39:38.969+0000] {processor.py:186} INFO - Started process (PID=1548) to work on /home/airflow/.local/lib/python3.12/site-packages/airflow/example_dags/example_sla_dag.py
[2025-01-27T11:39:38.970+0000] {processor.py:914} INFO - Processing file /home/airflow/.local/lib/python3.12/site-packages/airflow/example_dags/example_sla_dag.py for tasks to queue
[2025-01-27T11:39:38.975+0000] {logging_mixin.py:190} INFO - [2025-01-27T11:39:38.974+0000] {dagbag.py:588} INFO - Filling up the DagBag from /home/airflow/.local/lib/python3.12/site-packages/airflow/example_dags/example_sla_dag.py
[2025-01-27T11:39:39.002+0000] {processor.py:925} INFO - DAG(s) 'example_sla_dag' retrieved from /home/airflow/.local/lib/python3.12/site-packages/airflow/example_dags/example_sla_dag.py
[2025-01-27T11:39:39.057+0000] {logging_mixin.py:190} INFO - [2025-01-27T11:39:39.056+0000] {dag.py:3239} INFO - Sync 1 DAGs
[2025-01-27T11:39:39.109+0000] {logging_mixin.py:190} INFO - [2025-01-27T11:39:39.108+0000] {dag.py:4180} INFO - Setting next_dagrun for example_sla_dag to 2025-01-27 11:36:00+00:00, run_after=2025-01-27 11:38:00+00:00
[2025-01-27T11:39:39.138+0000] {processor.py:208} INFO - Processing /home/airflow/.local/lib/python3.12/site-packages/airflow/example_dags/example_sla_dag.py took 0.181 seconds
[2025-01-27T11:40:10.741+0000] {processor.py:186} INFO - Started process (PID=1843) to work on /home/airflow/.local/lib/python3.12/site-packages/airflow/example_dags/example_sla_dag.py
[2025-01-27T11:40:10.742+0000] {processor.py:914} INFO - Processing file /home/airflow/.local/lib/python3.12/site-packages/airflow/example_dags/example_sla_dag.py for tasks to queue
[2025-01-27T11:40:10.746+0000] {logging_mixin.py:190} INFO - [2025-01-27T11:40:10.746+0000] {dagbag.py:588} INFO - Filling up the DagBag from /home/airflow/.local/lib/python3.12/site-packages/airflow/example_dags/example_sla_dag.py
[2025-01-27T11:40:10.764+0000] {processor.py:925} INFO - DAG(s) 'example_sla_dag' retrieved from /home/airflow/.local/lib/python3.12/site-packages/airflow/example_dags/example_sla_dag.py
[2025-01-27T11:40:10.796+0000] {logging_mixin.py:190} INFO - [2025-01-27T11:40:10.795+0000] {dag.py:3239} INFO - Sync 1 DAGs
[2025-01-27T11:40:10.846+0000] {logging_mixin.py:190} INFO - [2025-01-27T11:40:10.846+0000] {dag.py:4180} INFO - Setting next_dagrun for example_sla_dag to 2025-01-27 11:38:00+00:00, run_after=2025-01-27 11:40:00+00:00
[2025-01-27T11:40:10.877+0000] {processor.py:208} INFO - Processing /home/airflow/.local/lib/python3.12/site-packages/airflow/example_dags/example_sla_dag.py took 0.148 seconds
[2025-01-27T11:40:41.670+0000] {processor.py:186} INFO - Started process (PID=2134) to work on /home/airflow/.local/lib/python3.12/site-packages/airflow/example_dags/example_sla_dag.py
[2025-01-27T11:40:41.673+0000] {processor.py:914} INFO - Processing file /home/airflow/.local/lib/python3.12/site-packages/airflow/example_dags/example_sla_dag.py for tasks to queue
[2025-01-27T11:40:41.680+0000] {logging_mixin.py:190} INFO - [2025-01-27T11:40:41.679+0000] {dagbag.py:588} INFO - Filling up the DagBag from /home/airflow/.local/lib/python3.12/site-packages/airflow/example_dags/example_sla_dag.py
[2025-01-27T11:40:41.703+0000] {processor.py:925} INFO - DAG(s) 'example_sla_dag' retrieved from /home/airflow/.local/lib/python3.12/site-packages/airflow/example_dags/example_sla_dag.py
[2025-01-27T11:40:41.744+0000] {logging_mixin.py:190} INFO - [2025-01-27T11:40:41.743+0000] {dag.py:3239} INFO - Sync 1 DAGs
[2025-01-27T11:40:41.809+0000] {logging_mixin.py:190} INFO - [2025-01-27T11:40:41.809+0000] {dag.py:4180} INFO - Setting next_dagrun for example_sla_dag to 2025-01-27 11:38:00+00:00, run_after=2025-01-27 11:40:00+00:00
[2025-01-27T11:40:41.847+0000] {processor.py:208} INFO - Processing /home/airflow/.local/lib/python3.12/site-packages/airflow/example_dags/example_sla_dag.py took 0.188 seconds
[2025-01-27T11:41:13.492+0000] {processor.py:186} INFO - Started process (PID=2427) to work on /home/airflow/.local/lib/python3.12/site-packages/airflow/example_dags/example_sla_dag.py
[2025-01-27T11:41:13.493+0000] {processor.py:914} INFO - Processing file /home/airflow/.local/lib/python3.12/site-packages/airflow/example_dags/example_sla_dag.py for tasks to queue
[2025-01-27T11:41:13.496+0000] {logging_mixin.py:190} INFO - [2025-01-27T11:41:13.495+0000] {dagbag.py:588} INFO - Filling up the DagBag from /home/airflow/.local/lib/python3.12/site-packages/airflow/example_dags/example_sla_dag.py
[2025-01-27T11:41:13.514+0000] {processor.py:925} INFO - DAG(s) 'example_sla_dag' retrieved from /home/airflow/.local/lib/python3.12/site-packages/airflow/example_dags/example_sla_dag.py
[2025-01-27T11:41:13.538+0000] {logging_mixin.py:190} INFO - [2025-01-27T11:41:13.538+0000] {dag.py:3239} INFO - Sync 1 DAGs
[2025-01-27T11:41:13.575+0000] {logging_mixin.py:190} INFO - [2025-01-27T11:41:13.575+0000] {dag.py:4180} INFO - Setting next_dagrun for example_sla_dag to 2025-01-27 11:38:00+00:00, run_after=2025-01-27 11:40:00+00:00
[2025-01-27T11:41:13.600+0000] {processor.py:208} INFO - Processing /home/airflow/.local/lib/python3.12/site-packages/airflow/example_dags/example_sla_dag.py took 0.117 seconds
[2025-01-27T11:41:44.928+0000] {processor.py:186} INFO - Started process (PID=2718) to work on /home/airflow/.local/lib/python3.12/site-packages/airflow/example_dags/example_sla_dag.py
[2025-01-27T11:41:44.930+0000] {processor.py:914} INFO - Processing file /home/airflow/.local/lib/python3.12/site-packages/airflow/example_dags/example_sla_dag.py for tasks to queue
[2025-01-27T11:41:44.934+0000] {logging_mixin.py:190} INFO - [2025-01-27T11:41:44.933+0000] {dagbag.py:588} INFO - Filling up the DagBag from /home/airflow/.local/lib/python3.12/site-packages/airflow/example_dags/example_sla_dag.py
[2025-01-27T11:41:44.958+0000] {processor.py:925} INFO - DAG(s) 'example_sla_dag' retrieved from /home/airflow/.local/lib/python3.12/site-packages/airflow/example_dags/example_sla_dag.py
[2025-01-27T11:41:45.001+0000] {logging_mixin.py:190} INFO - [2025-01-27T11:41:45.001+0000] {dag.py:3239} INFO - Sync 1 DAGs
[2025-01-27T11:41:45.072+0000] {logging_mixin.py:190} INFO - [2025-01-27T11:41:45.072+0000] {dag.py:4180} INFO - Setting next_dagrun for example_sla_dag to 2025-01-27 11:38:00+00:00, run_after=2025-01-27 11:40:00+00:00
[2025-01-27T11:41:45.113+0000] {processor.py:208} INFO - Processing /home/airflow/.local/lib/python3.12/site-packages/airflow/example_dags/example_sla_dag.py took 0.199 seconds
