[2025-01-27T12:19:49.890+0000] {processor.py:186} INFO - Started process (PID=354) to work on /home/airflow/.local/lib/python3.12/site-packages/airflow/example_dags/example_branch_operator.py
[2025-01-27T12:19:49.893+0000] {processor.py:914} INFO - Processing file /home/airflow/.local/lib/python3.12/site-packages/airflow/example_dags/example_branch_operator.py for tasks to queue
[2025-01-27T12:19:49.899+0000] {logging_mixin.py:190} INFO - [2025-01-27T12:19:49.898+0000] {dagbag.py:588} INFO - Filling up the DagBag from /home/airflow/.local/lib/python3.12/site-packages/airflow/example_dags/example_branch_operator.py
[2025-01-27T12:19:50.001+0000] {processor.py:925} INFO - DAG(s) 'example_branch_operator' retrieved from /home/airflow/.local/lib/python3.12/site-packages/airflow/example_dags/example_branch_operator.py
[2025-01-27T12:19:50.376+0000] {logging_mixin.py:190} INFO - [2025-01-27T12:19:50.375+0000] {override.py:1911} INFO - Created Permission View: can read on DAG:example_branch_operator
[2025-01-27T12:19:50.401+0000] {logging_mixin.py:190} INFO - [2025-01-27T12:19:50.400+0000] {override.py:1911} INFO - Created Permission View: can delete on DAG:example_branch_operator
[2025-01-27T12:19:50.417+0000] {logging_mixin.py:190} INFO - [2025-01-27T12:19:50.416+0000] {override.py:1911} INFO - Created Permission View: can edit on DAG:example_branch_operator
[2025-01-27T12:19:50.434+0000] {logging_mixin.py:190} INFO - [2025-01-27T12:19:50.434+0000] {override.py:1911} INFO - Created Permission View: can read on DAG Run:example_branch_operator
[2025-01-27T12:19:50.448+0000] {logging_mixin.py:190} INFO - [2025-01-27T12:19:50.447+0000] {override.py:1911} INFO - Created Permission View: can create on DAG Run:example_branch_operator
[2025-01-27T12:19:50.464+0000] {logging_mixin.py:190} INFO - [2025-01-27T12:19:50.463+0000] {override.py:1911} INFO - Created Permission View: menu access on DAG Run:example_branch_operator
[2025-01-27T12:19:50.509+0000] {logging_mixin.py:190} INFO - [2025-01-27T12:19:50.508+0000] {override.py:1911} INFO - Created Permission View: can delete on DAG Run:example_branch_operator
[2025-01-27T12:19:50.511+0000] {logging_mixin.py:190} INFO - [2025-01-27T12:19:50.511+0000] {dag.py:3239} INFO - Sync 1 DAGs
[2025-01-27T12:19:50.549+0000] {logging_mixin.py:190} INFO - [2025-01-27T12:19:50.549+0000] {dag.py:3262} INFO - Creating ORM DAG for example_branch_operator
[2025-01-27T12:19:50.577+0000] {logging_mixin.py:190} INFO - [2025-01-27T12:19:50.576+0000] {dag.py:4180} INFO - Setting next_dagrun for example_branch_operator to 2025-01-26 00:00:00+00:00, run_after=2025-01-27 00:00:00+00:00
[2025-01-27T12:19:50.623+0000] {processor.py:208} INFO - Processing /home/airflow/.local/lib/python3.12/site-packages/airflow/example_dags/example_branch_operator.py took 0.761 seconds
[2025-01-27T12:20:20.832+0000] {processor.py:186} INFO - Started process (PID=644) to work on /home/airflow/.local/lib/python3.12/site-packages/airflow/example_dags/example_branch_operator.py
[2025-01-27T12:20:20.835+0000] {processor.py:914} INFO - Processing file /home/airflow/.local/lib/python3.12/site-packages/airflow/example_dags/example_branch_operator.py for tasks to queue
[2025-01-27T12:20:20.841+0000] {logging_mixin.py:190} INFO - [2025-01-27T12:20:20.839+0000] {dagbag.py:588} INFO - Filling up the DagBag from /home/airflow/.local/lib/python3.12/site-packages/airflow/example_dags/example_branch_operator.py
[2025-01-27T12:20:20.945+0000] {processor.py:925} INFO - DAG(s) 'example_branch_operator' retrieved from /home/airflow/.local/lib/python3.12/site-packages/airflow/example_dags/example_branch_operator.py
[2025-01-27T12:20:21.246+0000] {logging_mixin.py:190} INFO - [2025-01-27T12:20:21.236+0000] {dag.py:3239} INFO - Sync 1 DAGs
[2025-01-27T12:20:21.396+0000] {logging_mixin.py:190} INFO - [2025-01-27T12:20:21.385+0000] {dag.py:4180} INFO - Setting next_dagrun for example_branch_operator to 2025-01-26 00:00:00+00:00, run_after=2025-01-27 00:00:00+00:00
[2025-01-27T12:20:21.607+0000] {processor.py:208} INFO - Processing /home/airflow/.local/lib/python3.12/site-packages/airflow/example_dags/example_branch_operator.py took 0.802 seconds
[2025-01-27T12:20:51.882+0000] {processor.py:186} INFO - Started process (PID=937) to work on /home/airflow/.local/lib/python3.12/site-packages/airflow/example_dags/example_branch_operator.py
[2025-01-27T12:20:51.891+0000] {processor.py:914} INFO - Processing file /home/airflow/.local/lib/python3.12/site-packages/airflow/example_dags/example_branch_operator.py for tasks to queue
[2025-01-27T12:20:51.900+0000] {logging_mixin.py:190} INFO - [2025-01-27T12:20:51.899+0000] {dagbag.py:588} INFO - Filling up the DagBag from /home/airflow/.local/lib/python3.12/site-packages/airflow/example_dags/example_branch_operator.py
[2025-01-27T12:20:51.976+0000] {processor.py:925} INFO - DAG(s) 'example_branch_operator' retrieved from /home/airflow/.local/lib/python3.12/site-packages/airflow/example_dags/example_branch_operator.py
[2025-01-27T12:20:52.081+0000] {logging_mixin.py:190} INFO - [2025-01-27T12:20:52.081+0000] {dag.py:3239} INFO - Sync 1 DAGs
[2025-01-27T12:20:52.167+0000] {logging_mixin.py:190} INFO - [2025-01-27T12:20:52.166+0000] {dag.py:4180} INFO - Setting next_dagrun for example_branch_operator to 2025-01-26 00:00:00+00:00, run_after=2025-01-27 00:00:00+00:00
[2025-01-27T12:20:52.246+0000] {processor.py:208} INFO - Processing /home/airflow/.local/lib/python3.12/site-packages/airflow/example_dags/example_branch_operator.py took 0.385 seconds
[2025-01-27T12:21:22.419+0000] {processor.py:186} INFO - Started process (PID=1226) to work on /home/airflow/.local/lib/python3.12/site-packages/airflow/example_dags/example_branch_operator.py
[2025-01-27T12:21:22.422+0000] {processor.py:914} INFO - Processing file /home/airflow/.local/lib/python3.12/site-packages/airflow/example_dags/example_branch_operator.py for tasks to queue
[2025-01-27T12:21:22.428+0000] {logging_mixin.py:190} INFO - [2025-01-27T12:21:22.427+0000] {dagbag.py:588} INFO - Filling up the DagBag from /home/airflow/.local/lib/python3.12/site-packages/airflow/example_dags/example_branch_operator.py
[2025-01-27T12:21:22.488+0000] {processor.py:925} INFO - DAG(s) 'example_branch_operator' retrieved from /home/airflow/.local/lib/python3.12/site-packages/airflow/example_dags/example_branch_operator.py
[2025-01-27T12:21:22.604+0000] {logging_mixin.py:190} INFO - [2025-01-27T12:21:22.603+0000] {dag.py:3239} INFO - Sync 1 DAGs
[2025-01-27T12:21:22.769+0000] {logging_mixin.py:190} INFO - [2025-01-27T12:21:22.768+0000] {dag.py:4180} INFO - Setting next_dagrun for example_branch_operator to 2025-01-26 00:00:00+00:00, run_after=2025-01-27 00:00:00+00:00
[2025-01-27T12:21:22.946+0000] {processor.py:208} INFO - Processing /home/airflow/.local/lib/python3.12/site-packages/airflow/example_dags/example_branch_operator.py took 0.544 seconds
[2025-01-27T12:21:53.507+0000] {processor.py:186} INFO - Started process (PID=1518) to work on /home/airflow/.local/lib/python3.12/site-packages/airflow/example_dags/example_branch_operator.py
[2025-01-27T12:21:53.510+0000] {processor.py:914} INFO - Processing file /home/airflow/.local/lib/python3.12/site-packages/airflow/example_dags/example_branch_operator.py for tasks to queue
[2025-01-27T12:21:53.516+0000] {logging_mixin.py:190} INFO - [2025-01-27T12:21:53.515+0000] {dagbag.py:588} INFO - Filling up the DagBag from /home/airflow/.local/lib/python3.12/site-packages/airflow/example_dags/example_branch_operator.py
[2025-01-27T12:21:53.570+0000] {processor.py:925} INFO - DAG(s) 'example_branch_operator' retrieved from /home/airflow/.local/lib/python3.12/site-packages/airflow/example_dags/example_branch_operator.py
[2025-01-27T12:21:53.627+0000] {logging_mixin.py:190} INFO - [2025-01-27T12:21:53.626+0000] {dag.py:3239} INFO - Sync 1 DAGs
[2025-01-27T12:21:53.678+0000] {logging_mixin.py:190} INFO - [2025-01-27T12:21:53.678+0000] {dag.py:4180} INFO - Setting next_dagrun for example_branch_operator to 2025-01-26 00:00:00+00:00, run_after=2025-01-27 00:00:00+00:00
[2025-01-27T12:21:53.713+0000] {processor.py:208} INFO - Processing /home/airflow/.local/lib/python3.12/site-packages/airflow/example_dags/example_branch_operator.py took 0.223 seconds
[2025-01-27T12:22:24.773+0000] {processor.py:186} INFO - Started process (PID=1818) to work on /home/airflow/.local/lib/python3.12/site-packages/airflow/example_dags/example_branch_operator.py
[2025-01-27T12:22:24.782+0000] {processor.py:914} INFO - Processing file /home/airflow/.local/lib/python3.12/site-packages/airflow/example_dags/example_branch_operator.py for tasks to queue
[2025-01-27T12:22:24.791+0000] {logging_mixin.py:190} INFO - [2025-01-27T12:22:24.790+0000] {dagbag.py:588} INFO - Filling up the DagBag from /home/airflow/.local/lib/python3.12/site-packages/airflow/example_dags/example_branch_operator.py
[2025-01-27T12:22:24.850+0000] {processor.py:925} INFO - DAG(s) 'example_branch_operator' retrieved from /home/airflow/.local/lib/python3.12/site-packages/airflow/example_dags/example_branch_operator.py
[2025-01-27T12:22:24.939+0000] {logging_mixin.py:190} INFO - [2025-01-27T12:22:24.938+0000] {dag.py:3239} INFO - Sync 1 DAGs
[2025-01-27T12:22:25.026+0000] {logging_mixin.py:190} INFO - [2025-01-27T12:22:25.025+0000] {dag.py:4180} INFO - Setting next_dagrun for example_branch_operator to 2025-01-26 00:00:00+00:00, run_after=2025-01-27 00:00:00+00:00
[2025-01-27T12:22:25.088+0000] {processor.py:208} INFO - Processing /home/airflow/.local/lib/python3.12/site-packages/airflow/example_dags/example_branch_operator.py took 0.335 seconds
[2025-01-27T12:22:55.346+0000] {processor.py:186} INFO - Started process (PID=2104) to work on /home/airflow/.local/lib/python3.12/site-packages/airflow/example_dags/example_branch_operator.py
[2025-01-27T12:22:55.353+0000] {processor.py:914} INFO - Processing file /home/airflow/.local/lib/python3.12/site-packages/airflow/example_dags/example_branch_operator.py for tasks to queue
[2025-01-27T12:22:55.361+0000] {logging_mixin.py:190} INFO - [2025-01-27T12:22:55.360+0000] {dagbag.py:588} INFO - Filling up the DagBag from /home/airflow/.local/lib/python3.12/site-packages/airflow/example_dags/example_branch_operator.py
[2025-01-27T12:22:55.447+0000] {processor.py:925} INFO - DAG(s) 'example_branch_operator' retrieved from /home/airflow/.local/lib/python3.12/site-packages/airflow/example_dags/example_branch_operator.py
[2025-01-27T12:22:55.743+0000] {logging_mixin.py:190} INFO - [2025-01-27T12:22:55.742+0000] {dag.py:3239} INFO - Sync 1 DAGs
[2025-01-27T12:22:55.908+0000] {logging_mixin.py:190} INFO - [2025-01-27T12:22:55.908+0000] {dag.py:4180} INFO - Setting next_dagrun for example_branch_operator to 2025-01-26 00:00:00+00:00, run_after=2025-01-27 00:00:00+00:00
[2025-01-27T12:22:56.080+0000] {processor.py:208} INFO - Processing /home/airflow/.local/lib/python3.12/site-packages/airflow/example_dags/example_branch_operator.py took 0.756 seconds
[2025-01-27T12:23:26.298+0000] {processor.py:186} INFO - Started process (PID=2395) to work on /home/airflow/.local/lib/python3.12/site-packages/airflow/example_dags/example_branch_operator.py
[2025-01-27T12:23:26.300+0000] {processor.py:914} INFO - Processing file /home/airflow/.local/lib/python3.12/site-packages/airflow/example_dags/example_branch_operator.py for tasks to queue
[2025-01-27T12:23:26.308+0000] {logging_mixin.py:190} INFO - [2025-01-27T12:23:26.308+0000] {dagbag.py:588} INFO - Filling up the DagBag from /home/airflow/.local/lib/python3.12/site-packages/airflow/example_dags/example_branch_operator.py
[2025-01-27T12:23:26.384+0000] {processor.py:925} INFO - DAG(s) 'example_branch_operator' retrieved from /home/airflow/.local/lib/python3.12/site-packages/airflow/example_dags/example_branch_operator.py
[2025-01-27T12:23:26.608+0000] {logging_mixin.py:190} INFO - [2025-01-27T12:23:26.607+0000] {dag.py:3239} INFO - Sync 1 DAGs
[2025-01-27T12:23:26.711+0000] {logging_mixin.py:190} INFO - [2025-01-27T12:23:26.710+0000] {dag.py:4180} INFO - Setting next_dagrun for example_branch_operator to 2025-01-26 00:00:00+00:00, run_after=2025-01-27 00:00:00+00:00
[2025-01-27T12:23:26.886+0000] {processor.py:208} INFO - Processing /home/airflow/.local/lib/python3.12/site-packages/airflow/example_dags/example_branch_operator.py took 0.602 seconds
[2025-01-27T12:23:57.415+0000] {processor.py:186} INFO - Started process (PID=2685) to work on /home/airflow/.local/lib/python3.12/site-packages/airflow/example_dags/example_branch_operator.py
[2025-01-27T12:23:57.421+0000] {processor.py:914} INFO - Processing file /home/airflow/.local/lib/python3.12/site-packages/airflow/example_dags/example_branch_operator.py for tasks to queue
[2025-01-27T12:23:57.427+0000] {logging_mixin.py:190} INFO - [2025-01-27T12:23:57.426+0000] {dagbag.py:588} INFO - Filling up the DagBag from /home/airflow/.local/lib/python3.12/site-packages/airflow/example_dags/example_branch_operator.py
[2025-01-27T12:23:57.473+0000] {processor.py:925} INFO - DAG(s) 'example_branch_operator' retrieved from /home/airflow/.local/lib/python3.12/site-packages/airflow/example_dags/example_branch_operator.py
[2025-01-27T12:23:57.563+0000] {logging_mixin.py:190} INFO - [2025-01-27T12:23:57.562+0000] {dag.py:3239} INFO - Sync 1 DAGs
[2025-01-27T12:23:57.637+0000] {logging_mixin.py:190} INFO - [2025-01-27T12:23:57.637+0000] {dag.py:4180} INFO - Setting next_dagrun for example_branch_operator to 2025-01-26 00:00:00+00:00, run_after=2025-01-27 00:00:00+00:00
[2025-01-27T12:23:57.671+0000] {processor.py:208} INFO - Processing /home/airflow/.local/lib/python3.12/site-packages/airflow/example_dags/example_branch_operator.py took 0.268 seconds
