[2025-01-27T12:19:26.064+0000] {processor.py:186} INFO - Started process (PID=223) to work on /home/airflow/.local/lib/python3.12/site-packages/airflow/example_dags/example_external_task_marker_dag.py
[2025-01-27T12:19:26.067+0000] {processor.py:914} INFO - Processing file /home/airflow/.local/lib/python3.12/site-packages/airflow/example_dags/example_external_task_marker_dag.py for tasks to queue
[2025-01-27T12:19:26.076+0000] {logging_mixin.py:190} INFO - [2025-01-27T12:19:26.075+0000] {dagbag.py:588} INFO - Filling up the DagBag from /home/airflow/.local/lib/python3.12/site-packages/airflow/example_dags/example_external_task_marker_dag.py
[2025-01-27T12:19:26.118+0000] {processor.py:925} INFO - DAG(s) 'example_external_task_marker_child', 'example_external_task_marker_parent' retrieved from /home/airflow/.local/lib/python3.12/site-packages/airflow/example_dags/example_external_task_marker_dag.py
[2025-01-27T12:19:26.440+0000] {logging_mixin.py:190} INFO - [2025-01-27T12:19:26.439+0000] {override.py:1911} INFO - Created Permission View: can read on DAG:example_external_task_marker_child
[2025-01-27T12:19:26.461+0000] {logging_mixin.py:190} INFO - [2025-01-27T12:19:26.460+0000] {override.py:1911} INFO - Created Permission View: can delete on DAG:example_external_task_marker_child
[2025-01-27T12:19:26.478+0000] {logging_mixin.py:190} INFO - [2025-01-27T12:19:26.476+0000] {override.py:1911} INFO - Created Permission View: can edit on DAG:example_external_task_marker_child
[2025-01-27T12:19:26.494+0000] {logging_mixin.py:190} INFO - [2025-01-27T12:19:26.493+0000] {override.py:1911} INFO - Created Permission View: can read on DAG Run:example_external_task_marker_child
[2025-01-27T12:19:26.511+0000] {logging_mixin.py:190} INFO - [2025-01-27T12:19:26.511+0000] {override.py:1911} INFO - Created Permission View: can create on DAG Run:example_external_task_marker_child
[2025-01-27T12:19:26.525+0000] {logging_mixin.py:190} INFO - [2025-01-27T12:19:26.524+0000] {override.py:1911} INFO - Created Permission View: menu access on DAG Run:example_external_task_marker_child
[2025-01-27T12:19:26.545+0000] {logging_mixin.py:190} INFO - [2025-01-27T12:19:26.544+0000] {override.py:1911} INFO - Created Permission View: can delete on DAG Run:example_external_task_marker_child
[2025-01-27T12:19:26.577+0000] {logging_mixin.py:190} INFO - [2025-01-27T12:19:26.576+0000] {override.py:1911} INFO - Created Permission View: can read on DAG:example_external_task_marker_parent
[2025-01-27T12:19:26.594+0000] {logging_mixin.py:190} INFO - [2025-01-27T12:19:26.594+0000] {override.py:1911} INFO - Created Permission View: can delete on DAG:example_external_task_marker_parent
[2025-01-27T12:19:26.613+0000] {logging_mixin.py:190} INFO - [2025-01-27T12:19:26.612+0000] {override.py:1911} INFO - Created Permission View: can edit on DAG:example_external_task_marker_parent
[2025-01-27T12:19:26.637+0000] {logging_mixin.py:190} INFO - [2025-01-27T12:19:26.636+0000] {override.py:1911} INFO - Created Permission View: can read on DAG Run:example_external_task_marker_parent
[2025-01-27T12:19:26.655+0000] {logging_mixin.py:190} INFO - [2025-01-27T12:19:26.654+0000] {override.py:1911} INFO - Created Permission View: can create on DAG Run:example_external_task_marker_parent
[2025-01-27T12:19:26.675+0000] {logging_mixin.py:190} INFO - [2025-01-27T12:19:26.674+0000] {override.py:1911} INFO - Created Permission View: menu access on DAG Run:example_external_task_marker_parent
[2025-01-27T12:19:26.693+0000] {logging_mixin.py:190} INFO - [2025-01-27T12:19:26.692+0000] {override.py:1911} INFO - Created Permission View: can delete on DAG Run:example_external_task_marker_parent
[2025-01-27T12:19:26.694+0000] {logging_mixin.py:190} INFO - [2025-01-27T12:19:26.694+0000] {dag.py:3239} INFO - Sync 2 DAGs
[2025-01-27T12:19:26.726+0000] {logging_mixin.py:190} INFO - [2025-01-27T12:19:26.725+0000] {dag.py:3262} INFO - Creating ORM DAG for example_external_task_marker_child
[2025-01-27T12:19:26.729+0000] {logging_mixin.py:190} INFO - [2025-01-27T12:19:26.728+0000] {dag.py:3262} INFO - Creating ORM DAG for example_external_task_marker_parent
[2025-01-27T12:19:26.731+0000] {logging_mixin.py:190} INFO - [2025-01-27T12:19:26.731+0000] {dag.py:4180} INFO - Setting next_dagrun for example_external_task_marker_child to None, run_after=None
[2025-01-27T12:19:26.733+0000] {logging_mixin.py:190} INFO - [2025-01-27T12:19:26.733+0000] {dag.py:4180} INFO - Setting next_dagrun for example_external_task_marker_parent to None, run_after=None
[2025-01-27T12:19:26.774+0000] {processor.py:208} INFO - Processing /home/airflow/.local/lib/python3.12/site-packages/airflow/example_dags/example_external_task_marker_dag.py took 0.731 seconds
[2025-01-27T12:20:05.366+0000] {processor.py:186} INFO - Started process (PID=519) to work on /home/airflow/.local/lib/python3.12/site-packages/airflow/example_dags/example_external_task_marker_dag.py
[2025-01-27T12:20:05.369+0000] {processor.py:914} INFO - Processing file /home/airflow/.local/lib/python3.12/site-packages/airflow/example_dags/example_external_task_marker_dag.py for tasks to queue
[2025-01-27T12:20:05.388+0000] {logging_mixin.py:190} INFO - [2025-01-27T12:20:05.377+0000] {dagbag.py:588} INFO - Filling up the DagBag from /home/airflow/.local/lib/python3.12/site-packages/airflow/example_dags/example_external_task_marker_dag.py
[2025-01-27T12:20:05.428+0000] {processor.py:925} INFO - DAG(s) 'example_external_task_marker_child', 'example_external_task_marker_parent' retrieved from /home/airflow/.local/lib/python3.12/site-packages/airflow/example_dags/example_external_task_marker_dag.py
[2025-01-27T12:20:05.667+0000] {logging_mixin.py:190} INFO - [2025-01-27T12:20:05.666+0000] {dag.py:3239} INFO - Sync 2 DAGs
[2025-01-27T12:20:05.757+0000] {logging_mixin.py:190} INFO - [2025-01-27T12:20:05.756+0000] {dag.py:4180} INFO - Setting next_dagrun for example_external_task_marker_child to None, run_after=None
[2025-01-27T12:20:05.777+0000] {logging_mixin.py:190} INFO - [2025-01-27T12:20:05.777+0000] {dag.py:4180} INFO - Setting next_dagrun for example_external_task_marker_parent to None, run_after=None
[2025-01-27T12:20:05.896+0000] {processor.py:208} INFO - Processing /home/airflow/.local/lib/python3.12/site-packages/airflow/example_dags/example_external_task_marker_dag.py took 0.568 seconds
[2025-01-27T12:20:36.145+0000] {processor.py:186} INFO - Started process (PID=805) to work on /home/airflow/.local/lib/python3.12/site-packages/airflow/example_dags/example_external_task_marker_dag.py
[2025-01-27T12:20:36.147+0000] {processor.py:914} INFO - Processing file /home/airflow/.local/lib/python3.12/site-packages/airflow/example_dags/example_external_task_marker_dag.py for tasks to queue
[2025-01-27T12:20:36.167+0000] {logging_mixin.py:190} INFO - [2025-01-27T12:20:36.159+0000] {dagbag.py:588} INFO - Filling up the DagBag from /home/airflow/.local/lib/python3.12/site-packages/airflow/example_dags/example_external_task_marker_dag.py
[2025-01-27T12:20:36.200+0000] {processor.py:925} INFO - DAG(s) 'example_external_task_marker_parent', 'example_external_task_marker_child' retrieved from /home/airflow/.local/lib/python3.12/site-packages/airflow/example_dags/example_external_task_marker_dag.py
[2025-01-27T12:20:36.296+0000] {logging_mixin.py:190} INFO - [2025-01-27T12:20:36.296+0000] {dag.py:3239} INFO - Sync 2 DAGs
[2025-01-27T12:20:36.341+0000] {logging_mixin.py:190} INFO - [2025-01-27T12:20:36.340+0000] {dag.py:4180} INFO - Setting next_dagrun for example_external_task_marker_child to None, run_after=None
[2025-01-27T12:20:36.351+0000] {logging_mixin.py:190} INFO - [2025-01-27T12:20:36.350+0000] {dag.py:4180} INFO - Setting next_dagrun for example_external_task_marker_parent to None, run_after=None
[2025-01-27T12:20:36.402+0000] {processor.py:208} INFO - Processing /home/airflow/.local/lib/python3.12/site-packages/airflow/example_dags/example_external_task_marker_dag.py took 0.275 seconds
[2025-01-27T12:21:06.572+0000] {processor.py:186} INFO - Started process (PID=1096) to work on /home/airflow/.local/lib/python3.12/site-packages/airflow/example_dags/example_external_task_marker_dag.py
[2025-01-27T12:21:06.577+0000] {processor.py:914} INFO - Processing file /home/airflow/.local/lib/python3.12/site-packages/airflow/example_dags/example_external_task_marker_dag.py for tasks to queue
[2025-01-27T12:21:06.587+0000] {logging_mixin.py:190} INFO - [2025-01-27T12:21:06.586+0000] {dagbag.py:588} INFO - Filling up the DagBag from /home/airflow/.local/lib/python3.12/site-packages/airflow/example_dags/example_external_task_marker_dag.py
[2025-01-27T12:21:06.614+0000] {processor.py:925} INFO - DAG(s) 'example_external_task_marker_parent', 'example_external_task_marker_child' retrieved from /home/airflow/.local/lib/python3.12/site-packages/airflow/example_dags/example_external_task_marker_dag.py
[2025-01-27T12:21:06.677+0000] {logging_mixin.py:190} INFO - [2025-01-27T12:21:06.676+0000] {dag.py:3239} INFO - Sync 2 DAGs
[2025-01-27T12:21:06.728+0000] {logging_mixin.py:190} INFO - [2025-01-27T12:21:06.728+0000] {dag.py:4180} INFO - Setting next_dagrun for example_external_task_marker_child to None, run_after=None
[2025-01-27T12:21:06.739+0000] {logging_mixin.py:190} INFO - [2025-01-27T12:21:06.738+0000] {dag.py:4180} INFO - Setting next_dagrun for example_external_task_marker_parent to None, run_after=None
[2025-01-27T12:21:06.775+0000] {processor.py:208} INFO - Processing /home/airflow/.local/lib/python3.12/site-packages/airflow/example_dags/example_external_task_marker_dag.py took 0.220 seconds
[2025-01-27T12:21:39.165+0000] {processor.py:186} INFO - Started process (PID=1390) to work on /home/airflow/.local/lib/python3.12/site-packages/airflow/example_dags/example_external_task_marker_dag.py
[2025-01-27T12:21:39.177+0000] {processor.py:914} INFO - Processing file /home/airflow/.local/lib/python3.12/site-packages/airflow/example_dags/example_external_task_marker_dag.py for tasks to queue
[2025-01-27T12:21:39.184+0000] {logging_mixin.py:190} INFO - [2025-01-27T12:21:39.183+0000] {dagbag.py:588} INFO - Filling up the DagBag from /home/airflow/.local/lib/python3.12/site-packages/airflow/example_dags/example_external_task_marker_dag.py
[2025-01-27T12:21:39.233+0000] {processor.py:925} INFO - DAG(s) 'example_external_task_marker_parent', 'example_external_task_marker_child' retrieved from /home/airflow/.local/lib/python3.12/site-packages/airflow/example_dags/example_external_task_marker_dag.py
[2025-01-27T12:21:39.374+0000] {logging_mixin.py:190} INFO - [2025-01-27T12:21:39.374+0000] {dag.py:3239} INFO - Sync 2 DAGs
[2025-01-27T12:21:39.602+0000] {logging_mixin.py:190} INFO - [2025-01-27T12:21:39.601+0000] {dag.py:4180} INFO - Setting next_dagrun for example_external_task_marker_child to None, run_after=None
[2025-01-27T12:21:39.634+0000] {logging_mixin.py:190} INFO - [2025-01-27T12:21:39.633+0000] {dag.py:4180} INFO - Setting next_dagrun for example_external_task_marker_parent to None, run_after=None
[2025-01-27T12:21:39.743+0000] {processor.py:208} INFO - Processing /home/airflow/.local/lib/python3.12/site-packages/airflow/example_dags/example_external_task_marker_dag.py took 0.602 seconds
[2025-01-27T12:22:10.331+0000] {processor.py:186} INFO - Started process (PID=1683) to work on /home/airflow/.local/lib/python3.12/site-packages/airflow/example_dags/example_external_task_marker_dag.py
[2025-01-27T12:22:10.332+0000] {processor.py:914} INFO - Processing file /home/airflow/.local/lib/python3.12/site-packages/airflow/example_dags/example_external_task_marker_dag.py for tasks to queue
[2025-01-27T12:22:10.336+0000] {logging_mixin.py:190} INFO - [2025-01-27T12:22:10.335+0000] {dagbag.py:588} INFO - Filling up the DagBag from /home/airflow/.local/lib/python3.12/site-packages/airflow/example_dags/example_external_task_marker_dag.py
[2025-01-27T12:22:10.348+0000] {processor.py:925} INFO - DAG(s) 'example_external_task_marker_child', 'example_external_task_marker_parent' retrieved from /home/airflow/.local/lib/python3.12/site-packages/airflow/example_dags/example_external_task_marker_dag.py
[2025-01-27T12:22:10.385+0000] {logging_mixin.py:190} INFO - [2025-01-27T12:22:10.385+0000] {dag.py:3239} INFO - Sync 2 DAGs
[2025-01-27T12:22:10.409+0000] {logging_mixin.py:190} INFO - [2025-01-27T12:22:10.408+0000] {dag.py:4180} INFO - Setting next_dagrun for example_external_task_marker_child to None, run_after=None
[2025-01-27T12:22:10.416+0000] {logging_mixin.py:190} INFO - [2025-01-27T12:22:10.416+0000] {dag.py:4180} INFO - Setting next_dagrun for example_external_task_marker_parent to None, run_after=None
[2025-01-27T12:22:10.454+0000] {processor.py:208} INFO - Processing /home/airflow/.local/lib/python3.12/site-packages/airflow/example_dags/example_external_task_marker_dag.py took 0.135 seconds
[2025-01-27T12:22:40.885+0000] {processor.py:186} INFO - Started process (PID=1976) to work on /home/airflow/.local/lib/python3.12/site-packages/airflow/example_dags/example_external_task_marker_dag.py
[2025-01-27T12:22:40.886+0000] {processor.py:914} INFO - Processing file /home/airflow/.local/lib/python3.12/site-packages/airflow/example_dags/example_external_task_marker_dag.py for tasks to queue
[2025-01-27T12:22:40.889+0000] {logging_mixin.py:190} INFO - [2025-01-27T12:22:40.889+0000] {dagbag.py:588} INFO - Filling up the DagBag from /home/airflow/.local/lib/python3.12/site-packages/airflow/example_dags/example_external_task_marker_dag.py
[2025-01-27T12:22:40.901+0000] {processor.py:925} INFO - DAG(s) 'example_external_task_marker_child', 'example_external_task_marker_parent' retrieved from /home/airflow/.local/lib/python3.12/site-packages/airflow/example_dags/example_external_task_marker_dag.py
[2025-01-27T12:22:40.939+0000] {logging_mixin.py:190} INFO - [2025-01-27T12:22:40.938+0000] {dag.py:3239} INFO - Sync 2 DAGs
[2025-01-27T12:22:40.966+0000] {logging_mixin.py:190} INFO - [2025-01-27T12:22:40.965+0000] {dag.py:4180} INFO - Setting next_dagrun for example_external_task_marker_child to None, run_after=None
[2025-01-27T12:22:40.973+0000] {logging_mixin.py:190} INFO - [2025-01-27T12:22:40.973+0000] {dag.py:4180} INFO - Setting next_dagrun for example_external_task_marker_parent to None, run_after=None
[2025-01-27T12:22:40.997+0000] {processor.py:208} INFO - Processing /home/airflow/.local/lib/python3.12/site-packages/airflow/example_dags/example_external_task_marker_dag.py took 0.121 seconds
[2025-01-27T12:23:11.717+0000] {processor.py:186} INFO - Started process (PID=2265) to work on /home/airflow/.local/lib/python3.12/site-packages/airflow/example_dags/example_external_task_marker_dag.py
[2025-01-27T12:23:11.729+0000] {processor.py:914} INFO - Processing file /home/airflow/.local/lib/python3.12/site-packages/airflow/example_dags/example_external_task_marker_dag.py for tasks to queue
[2025-01-27T12:23:11.750+0000] {logging_mixin.py:190} INFO - [2025-01-27T12:23:11.739+0000] {dagbag.py:588} INFO - Filling up the DagBag from /home/airflow/.local/lib/python3.12/site-packages/airflow/example_dags/example_external_task_marker_dag.py
[2025-01-27T12:23:11.806+0000] {processor.py:925} INFO - DAG(s) 'example_external_task_marker_child', 'example_external_task_marker_parent' retrieved from /home/airflow/.local/lib/python3.12/site-packages/airflow/example_dags/example_external_task_marker_dag.py
[2025-01-27T12:23:11.929+0000] {logging_mixin.py:190} INFO - [2025-01-27T12:23:11.928+0000] {dag.py:3239} INFO - Sync 2 DAGs
[2025-01-27T12:23:11.989+0000] {logging_mixin.py:190} INFO - [2025-01-27T12:23:11.988+0000] {dag.py:4180} INFO - Setting next_dagrun for example_external_task_marker_child to None, run_after=None
[2025-01-27T12:23:12.004+0000] {logging_mixin.py:190} INFO - [2025-01-27T12:23:12.003+0000] {dag.py:4180} INFO - Setting next_dagrun for example_external_task_marker_parent to None, run_after=None
[2025-01-27T12:23:12.073+0000] {processor.py:208} INFO - Processing /home/airflow/.local/lib/python3.12/site-packages/airflow/example_dags/example_external_task_marker_dag.py took 0.411 seconds
[2025-01-27T12:23:42.568+0000] {processor.py:186} INFO - Started process (PID=2555) to work on /home/airflow/.local/lib/python3.12/site-packages/airflow/example_dags/example_external_task_marker_dag.py
[2025-01-27T12:23:42.571+0000] {processor.py:914} INFO - Processing file /home/airflow/.local/lib/python3.12/site-packages/airflow/example_dags/example_external_task_marker_dag.py for tasks to queue
[2025-01-27T12:23:42.578+0000] {logging_mixin.py:190} INFO - [2025-01-27T12:23:42.577+0000] {dagbag.py:588} INFO - Filling up the DagBag from /home/airflow/.local/lib/python3.12/site-packages/airflow/example_dags/example_external_task_marker_dag.py
[2025-01-27T12:23:42.607+0000] {processor.py:925} INFO - DAG(s) 'example_external_task_marker_parent', 'example_external_task_marker_child' retrieved from /home/airflow/.local/lib/python3.12/site-packages/airflow/example_dags/example_external_task_marker_dag.py
[2025-01-27T12:23:42.673+0000] {logging_mixin.py:190} INFO - [2025-01-27T12:23:42.673+0000] {dag.py:3239} INFO - Sync 2 DAGs
[2025-01-27T12:23:42.714+0000] {logging_mixin.py:190} INFO - [2025-01-27T12:23:42.713+0000] {dag.py:4180} INFO - Setting next_dagrun for example_external_task_marker_child to None, run_after=None
[2025-01-27T12:23:42.728+0000] {logging_mixin.py:190} INFO - [2025-01-27T12:23:42.728+0000] {dag.py:4180} INFO - Setting next_dagrun for example_external_task_marker_parent to None, run_after=None
[2025-01-27T12:23:42.784+0000] {processor.py:208} INFO - Processing /home/airflow/.local/lib/python3.12/site-packages/airflow/example_dags/example_external_task_marker_dag.py took 0.238 seconds
