[2025-01-27T12:19:27.926+0000] {processor.py:186} INFO - Started process (PID=233) to work on /home/airflow/.local/lib/python3.12/site-packages/airflow/example_dags/example_branch_python_dop_operator_3.py
[2025-01-27T12:19:27.931+0000] {processor.py:914} INFO - Processing file /home/airflow/.local/lib/python3.12/site-packages/airflow/example_dags/example_branch_python_dop_operator_3.py for tasks to queue
[2025-01-27T12:19:27.945+0000] {logging_mixin.py:190} INFO - [2025-01-27T12:19:27.940+0000] {dagbag.py:588} INFO - Filling up the DagBag from /home/airflow/.local/lib/python3.12/site-packages/airflow/example_dags/example_branch_python_dop_operator_3.py
[2025-01-27T12:19:27.996+0000] {processor.py:925} INFO - DAG(s) 'example_branch_dop_operator_v3' retrieved from /home/airflow/.local/lib/python3.12/site-packages/airflow/example_dags/example_branch_python_dop_operator_3.py
[2025-01-27T12:19:28.670+0000] {logging_mixin.py:190} INFO - [2025-01-27T12:19:28.668+0000] {override.py:1911} INFO - Created Permission View: can read on DAG:example_branch_dop_operator_v3
[2025-01-27T12:19:28.739+0000] {logging_mixin.py:190} INFO - [2025-01-27T12:19:28.738+0000] {override.py:1911} INFO - Created Permission View: can delete on DAG:example_branch_dop_operator_v3
[2025-01-27T12:19:28.810+0000] {logging_mixin.py:190} INFO - [2025-01-27T12:19:28.809+0000] {override.py:1911} INFO - Created Permission View: can edit on DAG:example_branch_dop_operator_v3
[2025-01-27T12:19:28.856+0000] {logging_mixin.py:190} INFO - [2025-01-27T12:19:28.855+0000] {override.py:1911} INFO - Created Permission View: can read on DAG Run:example_branch_dop_operator_v3
[2025-01-27T12:19:28.884+0000] {logging_mixin.py:190} INFO - [2025-01-27T12:19:28.883+0000] {override.py:1911} INFO - Created Permission View: can create on DAG Run:example_branch_dop_operator_v3
[2025-01-27T12:19:28.912+0000] {logging_mixin.py:190} INFO - [2025-01-27T12:19:28.911+0000] {override.py:1911} INFO - Created Permission View: menu access on DAG Run:example_branch_dop_operator_v3
[2025-01-27T12:19:28.940+0000] {logging_mixin.py:190} INFO - [2025-01-27T12:19:28.939+0000] {override.py:1911} INFO - Created Permission View: can delete on DAG Run:example_branch_dop_operator_v3
[2025-01-27T12:19:28.942+0000] {logging_mixin.py:190} INFO - [2025-01-27T12:19:28.941+0000] {dag.py:3239} INFO - Sync 1 DAGs
[2025-01-27T12:19:28.999+0000] {logging_mixin.py:190} INFO - [2025-01-27T12:19:28.999+0000] {dag.py:3262} INFO - Creating ORM DAG for example_branch_dop_operator_v3
[2025-01-27T12:19:29.050+0000] {logging_mixin.py:190} INFO - [2025-01-27T12:19:29.049+0000] {dag.py:4180} INFO - Setting next_dagrun for example_branch_dop_operator_v3 to 2025-01-27 12:18:00+00:00, run_after=2025-01-27 12:19:00+00:00
[2025-01-27T12:19:29.112+0000] {processor.py:208} INFO - Processing /home/airflow/.local/lib/python3.12/site-packages/airflow/example_dags/example_branch_python_dop_operator_3.py took 1.207 seconds
[2025-01-27T12:20:06.437+0000] {processor.py:186} INFO - Started process (PID=529) to work on /home/airflow/.local/lib/python3.12/site-packages/airflow/example_dags/example_branch_python_dop_operator_3.py
[2025-01-27T12:20:06.440+0000] {processor.py:914} INFO - Processing file /home/airflow/.local/lib/python3.12/site-packages/airflow/example_dags/example_branch_python_dop_operator_3.py for tasks to queue
[2025-01-27T12:20:06.449+0000] {logging_mixin.py:190} INFO - [2025-01-27T12:20:06.448+0000] {dagbag.py:588} INFO - Filling up the DagBag from /home/airflow/.local/lib/python3.12/site-packages/airflow/example_dags/example_branch_python_dop_operator_3.py
[2025-01-27T12:20:06.484+0000] {processor.py:925} INFO - DAG(s) 'example_branch_dop_operator_v3' retrieved from /home/airflow/.local/lib/python3.12/site-packages/airflow/example_dags/example_branch_python_dop_operator_3.py
[2025-01-27T12:20:06.559+0000] {logging_mixin.py:190} INFO - [2025-01-27T12:20:06.558+0000] {dag.py:3239} INFO - Sync 1 DAGs
[2025-01-27T12:20:06.645+0000] {logging_mixin.py:190} INFO - [2025-01-27T12:20:06.645+0000] {dag.py:4180} INFO - Setting next_dagrun for example_branch_dop_operator_v3 to 2025-01-27 12:19:00+00:00, run_after=2025-01-27 12:20:00+00:00
[2025-01-27T12:20:06.686+0000] {processor.py:208} INFO - Processing /home/airflow/.local/lib/python3.12/site-packages/airflow/example_dags/example_branch_python_dop_operator_3.py took 0.266 seconds
[2025-01-27T12:20:36.909+0000] {processor.py:186} INFO - Started process (PID=820) to work on /home/airflow/.local/lib/python3.12/site-packages/airflow/example_dags/example_branch_python_dop_operator_3.py
[2025-01-27T12:20:36.912+0000] {processor.py:914} INFO - Processing file /home/airflow/.local/lib/python3.12/site-packages/airflow/example_dags/example_branch_python_dop_operator_3.py for tasks to queue
[2025-01-27T12:20:36.919+0000] {logging_mixin.py:190} INFO - [2025-01-27T12:20:36.918+0000] {dagbag.py:588} INFO - Filling up the DagBag from /home/airflow/.local/lib/python3.12/site-packages/airflow/example_dags/example_branch_python_dop_operator_3.py
[2025-01-27T12:20:36.952+0000] {processor.py:925} INFO - DAG(s) 'example_branch_dop_operator_v3' retrieved from /home/airflow/.local/lib/python3.12/site-packages/airflow/example_dags/example_branch_python_dop_operator_3.py
[2025-01-27T12:20:37.036+0000] {logging_mixin.py:190} INFO - [2025-01-27T12:20:37.036+0000] {dag.py:3239} INFO - Sync 1 DAGs
[2025-01-27T12:20:37.115+0000] {logging_mixin.py:190} INFO - [2025-01-27T12:20:37.114+0000] {dag.py:4180} INFO - Setting next_dagrun for example_branch_dop_operator_v3 to 2025-01-27 12:19:00+00:00, run_after=2025-01-27 12:20:00+00:00
[2025-01-27T12:20:37.196+0000] {processor.py:208} INFO - Processing /home/airflow/.local/lib/python3.12/site-packages/airflow/example_dags/example_branch_python_dop_operator_3.py took 0.310 seconds
[2025-01-27T12:21:07.802+0000] {processor.py:186} INFO - Started process (PID=1106) to work on /home/airflow/.local/lib/python3.12/site-packages/airflow/example_dags/example_branch_python_dop_operator_3.py
[2025-01-27T12:21:07.803+0000] {processor.py:914} INFO - Processing file /home/airflow/.local/lib/python3.12/site-packages/airflow/example_dags/example_branch_python_dop_operator_3.py for tasks to queue
[2025-01-27T12:21:07.807+0000] {logging_mixin.py:190} INFO - [2025-01-27T12:21:07.806+0000] {dagbag.py:588} INFO - Filling up the DagBag from /home/airflow/.local/lib/python3.12/site-packages/airflow/example_dags/example_branch_python_dop_operator_3.py
[2025-01-27T12:21:07.829+0000] {processor.py:925} INFO - DAG(s) 'example_branch_dop_operator_v3' retrieved from /home/airflow/.local/lib/python3.12/site-packages/airflow/example_dags/example_branch_python_dop_operator_3.py
[2025-01-27T12:21:07.874+0000] {logging_mixin.py:190} INFO - [2025-01-27T12:21:07.872+0000] {dag.py:3239} INFO - Sync 1 DAGs
[2025-01-27T12:21:07.954+0000] {logging_mixin.py:190} INFO - [2025-01-27T12:21:07.953+0000] {dag.py:4180} INFO - Setting next_dagrun for example_branch_dop_operator_v3 to 2025-01-27 12:20:00+00:00, run_after=2025-01-27 12:21:00+00:00
[2025-01-27T12:21:07.999+0000] {processor.py:208} INFO - Processing /home/airflow/.local/lib/python3.12/site-packages/airflow/example_dags/example_branch_python_dop_operator_3.py took 0.210 seconds
[2025-01-27T12:21:39.936+0000] {processor.py:186} INFO - Started process (PID=1398) to work on /home/airflow/.local/lib/python3.12/site-packages/airflow/example_dags/example_branch_python_dop_operator_3.py
[2025-01-27T12:21:39.939+0000] {processor.py:914} INFO - Processing file /home/airflow/.local/lib/python3.12/site-packages/airflow/example_dags/example_branch_python_dop_operator_3.py for tasks to queue
[2025-01-27T12:21:39.954+0000] {logging_mixin.py:190} INFO - [2025-01-27T12:21:39.950+0000] {dagbag.py:588} INFO - Filling up the DagBag from /home/airflow/.local/lib/python3.12/site-packages/airflow/example_dags/example_branch_python_dop_operator_3.py
[2025-01-27T12:21:40.028+0000] {processor.py:925} INFO - DAG(s) 'example_branch_dop_operator_v3' retrieved from /home/airflow/.local/lib/python3.12/site-packages/airflow/example_dags/example_branch_python_dop_operator_3.py
[2025-01-27T12:21:40.192+0000] {logging_mixin.py:190} INFO - [2025-01-27T12:21:40.192+0000] {dag.py:3239} INFO - Sync 1 DAGs
[2025-01-27T12:21:40.463+0000] {logging_mixin.py:190} INFO - [2025-01-27T12:21:40.462+0000] {dag.py:4180} INFO - Setting next_dagrun for example_branch_dop_operator_v3 to 2025-01-27 12:20:00+00:00, run_after=2025-01-27 12:21:00+00:00
[2025-01-27T12:21:40.823+0000] {processor.py:208} INFO - Processing /home/airflow/.local/lib/python3.12/site-packages/airflow/example_dags/example_branch_python_dop_operator_3.py took 0.922 seconds
[2025-01-27T12:22:11.582+0000] {processor.py:186} INFO - Started process (PID=1695) to work on /home/airflow/.local/lib/python3.12/site-packages/airflow/example_dags/example_branch_python_dop_operator_3.py
[2025-01-27T12:22:11.584+0000] {processor.py:914} INFO - Processing file /home/airflow/.local/lib/python3.12/site-packages/airflow/example_dags/example_branch_python_dop_operator_3.py for tasks to queue
[2025-01-27T12:22:11.587+0000] {logging_mixin.py:190} INFO - [2025-01-27T12:22:11.587+0000] {dagbag.py:588} INFO - Filling up the DagBag from /home/airflow/.local/lib/python3.12/site-packages/airflow/example_dags/example_branch_python_dop_operator_3.py
[2025-01-27T12:22:11.605+0000] {processor.py:925} INFO - DAG(s) 'example_branch_dop_operator_v3' retrieved from /home/airflow/.local/lib/python3.12/site-packages/airflow/example_dags/example_branch_python_dop_operator_3.py
[2025-01-27T12:22:11.637+0000] {logging_mixin.py:190} INFO - [2025-01-27T12:22:11.636+0000] {dag.py:3239} INFO - Sync 1 DAGs
[2025-01-27T12:22:11.681+0000] {logging_mixin.py:190} INFO - [2025-01-27T12:22:11.680+0000] {dag.py:4180} INFO - Setting next_dagrun for example_branch_dop_operator_v3 to 2025-01-27 12:21:00+00:00, run_after=2025-01-27 12:22:00+00:00
[2025-01-27T12:22:11.722+0000] {processor.py:208} INFO - Processing /home/airflow/.local/lib/python3.12/site-packages/airflow/example_dags/example_branch_python_dop_operator_3.py took 0.156 seconds
[2025-01-27T12:22:42.077+0000] {processor.py:186} INFO - Started process (PID=1989) to work on /home/airflow/.local/lib/python3.12/site-packages/airflow/example_dags/example_branch_python_dop_operator_3.py
[2025-01-27T12:22:42.079+0000] {processor.py:914} INFO - Processing file /home/airflow/.local/lib/python3.12/site-packages/airflow/example_dags/example_branch_python_dop_operator_3.py for tasks to queue
[2025-01-27T12:22:42.086+0000] {logging_mixin.py:190} INFO - [2025-01-27T12:22:42.083+0000] {dagbag.py:588} INFO - Filling up the DagBag from /home/airflow/.local/lib/python3.12/site-packages/airflow/example_dags/example_branch_python_dop_operator_3.py
[2025-01-27T12:22:42.110+0000] {processor.py:925} INFO - DAG(s) 'example_branch_dop_operator_v3' retrieved from /home/airflow/.local/lib/python3.12/site-packages/airflow/example_dags/example_branch_python_dop_operator_3.py
[2025-01-27T12:22:42.147+0000] {logging_mixin.py:190} INFO - [2025-01-27T12:22:42.146+0000] {dag.py:3239} INFO - Sync 1 DAGs
[2025-01-27T12:22:42.188+0000] {logging_mixin.py:190} INFO - [2025-01-27T12:22:42.187+0000] {dag.py:4180} INFO - Setting next_dagrun for example_branch_dop_operator_v3 to 2025-01-27 12:21:00+00:00, run_after=2025-01-27 12:22:00+00:00
[2025-01-27T12:22:42.258+0000] {processor.py:208} INFO - Processing /home/airflow/.local/lib/python3.12/site-packages/airflow/example_dags/example_branch_python_dop_operator_3.py took 0.190 seconds
[2025-01-27T12:23:12.695+0000] {processor.py:186} INFO - Started process (PID=2277) to work on /home/airflow/.local/lib/python3.12/site-packages/airflow/example_dags/example_branch_python_dop_operator_3.py
[2025-01-27T12:23:12.757+0000] {processor.py:914} INFO - Processing file /home/airflow/.local/lib/python3.12/site-packages/airflow/example_dags/example_branch_python_dop_operator_3.py for tasks to queue
[2025-01-27T12:23:12.775+0000] {logging_mixin.py:190} INFO - [2025-01-27T12:23:12.774+0000] {dagbag.py:588} INFO - Filling up the DagBag from /home/airflow/.local/lib/python3.12/site-packages/airflow/example_dags/example_branch_python_dop_operator_3.py
[2025-01-27T12:23:12.884+0000] {processor.py:925} INFO - DAG(s) 'example_branch_dop_operator_v3' retrieved from /home/airflow/.local/lib/python3.12/site-packages/airflow/example_dags/example_branch_python_dop_operator_3.py
[2025-01-27T12:23:13.060+0000] {logging_mixin.py:190} INFO - [2025-01-27T12:23:13.049+0000] {dag.py:3239} INFO - Sync 1 DAGs
[2025-01-27T12:23:13.252+0000] {logging_mixin.py:190} INFO - [2025-01-27T12:23:13.252+0000] {dag.py:4180} INFO - Setting next_dagrun for example_branch_dop_operator_v3 to 2025-01-27 12:22:00+00:00, run_after=2025-01-27 12:23:00+00:00
[2025-01-27T12:23:13.541+0000] {processor.py:208} INFO - Processing /home/airflow/.local/lib/python3.12/site-packages/airflow/example_dags/example_branch_python_dop_operator_3.py took 0.893 seconds
[2025-01-27T12:23:43.919+0000] {processor.py:186} INFO - Started process (PID=2567) to work on /home/airflow/.local/lib/python3.12/site-packages/airflow/example_dags/example_branch_python_dop_operator_3.py
[2025-01-27T12:23:43.922+0000] {processor.py:914} INFO - Processing file /home/airflow/.local/lib/python3.12/site-packages/airflow/example_dags/example_branch_python_dop_operator_3.py for tasks to queue
[2025-01-27T12:23:43.927+0000] {logging_mixin.py:190} INFO - [2025-01-27T12:23:43.927+0000] {dagbag.py:588} INFO - Filling up the DagBag from /home/airflow/.local/lib/python3.12/site-packages/airflow/example_dags/example_branch_python_dop_operator_3.py
[2025-01-27T12:23:43.961+0000] {processor.py:925} INFO - DAG(s) 'example_branch_dop_operator_v3' retrieved from /home/airflow/.local/lib/python3.12/site-packages/airflow/example_dags/example_branch_python_dop_operator_3.py
[2025-01-27T12:23:44.028+0000] {logging_mixin.py:190} INFO - [2025-01-27T12:23:44.028+0000] {dag.py:3239} INFO - Sync 1 DAGs
[2025-01-27T12:23:44.132+0000] {logging_mixin.py:190} INFO - [2025-01-27T12:23:44.129+0000] {dag.py:4180} INFO - Setting next_dagrun for example_branch_dop_operator_v3 to 2025-01-27 12:22:00+00:00, run_after=2025-01-27 12:23:00+00:00
[2025-01-27T12:23:44.173+0000] {processor.py:208} INFO - Processing /home/airflow/.local/lib/python3.12/site-packages/airflow/example_dags/example_branch_python_dop_operator_3.py took 0.277 seconds
