[2025-01-27T11:29:44.614+0000] {processor.py:186} INFO - Started process (PID=51) to work on /home/airflow/.local/lib/python3.12/site-packages/airflow/example_dags/example_complex.py
[2025-01-27T11:29:44.617+0000] {processor.py:914} INFO - Processing file /home/airflow/.local/lib/python3.12/site-packages/airflow/example_dags/example_complex.py for tasks to queue
[2025-01-27T11:29:44.621+0000] {logging_mixin.py:190} INFO - [2025-01-27T11:29:44.621+0000] {dagbag.py:588} INFO - Filling up the DagBag from /home/airflow/.local/lib/python3.12/site-packages/airflow/example_dags/example_complex.py
[2025-01-27T11:29:44.659+0000] {processor.py:925} INFO - DAG(s) 'example_complex' retrieved from /home/airflow/.local/lib/python3.12/site-packages/airflow/example_dags/example_complex.py
[2025-01-27T11:29:44.769+0000] {logging_mixin.py:190} INFO - [2025-01-27T11:29:44.768+0000] {dag.py:3239} INFO - Sync 1 DAGs
[2025-01-27T11:29:44.801+0000] {logging_mixin.py:190} INFO - [2025-01-27T11:29:44.800+0000] {dag.py:4180} INFO - Setting next_dagrun for example_complex to None, run_after=None
[2025-01-27T11:29:44.835+0000] {processor.py:208} INFO - Processing /home/airflow/.local/lib/python3.12/site-packages/airflow/example_dags/example_complex.py took 0.237 seconds
[2025-01-27T11:30:15.665+0000] {processor.py:186} INFO - Started process (PID=114) to work on /home/airflow/.local/lib/python3.12/site-packages/airflow/example_dags/example_complex.py
[2025-01-27T11:30:15.667+0000] {processor.py:914} INFO - Processing file /home/airflow/.local/lib/python3.12/site-packages/airflow/example_dags/example_complex.py for tasks to queue
[2025-01-27T11:30:15.672+0000] {logging_mixin.py:190} INFO - [2025-01-27T11:30:15.671+0000] {dagbag.py:588} INFO - Filling up the DagBag from /home/airflow/.local/lib/python3.12/site-packages/airflow/example_dags/example_complex.py
[2025-01-27T11:30:15.704+0000] {processor.py:925} INFO - DAG(s) 'example_complex' retrieved from /home/airflow/.local/lib/python3.12/site-packages/airflow/example_dags/example_complex.py
[2025-01-27T11:30:15.802+0000] {logging_mixin.py:190} INFO - [2025-01-27T11:30:15.801+0000] {dag.py:3239} INFO - Sync 1 DAGs
[2025-01-27T11:30:15.842+0000] {logging_mixin.py:190} INFO - [2025-01-27T11:30:15.841+0000] {dag.py:4180} INFO - Setting next_dagrun for example_complex to None, run_after=None
[2025-01-27T11:30:15.896+0000] {processor.py:208} INFO - Processing /home/airflow/.local/lib/python3.12/site-packages/airflow/example_dags/example_complex.py took 0.243 seconds
[2025-01-27T11:30:46.607+0000] {processor.py:186} INFO - Started process (PID=177) to work on /home/airflow/.local/lib/python3.12/site-packages/airflow/example_dags/example_complex.py
[2025-01-27T11:30:46.609+0000] {processor.py:914} INFO - Processing file /home/airflow/.local/lib/python3.12/site-packages/airflow/example_dags/example_complex.py for tasks to queue
[2025-01-27T11:30:46.613+0000] {logging_mixin.py:190} INFO - [2025-01-27T11:30:46.612+0000] {dagbag.py:588} INFO - Filling up the DagBag from /home/airflow/.local/lib/python3.12/site-packages/airflow/example_dags/example_complex.py
[2025-01-27T11:30:46.638+0000] {processor.py:925} INFO - DAG(s) 'example_complex' retrieved from /home/airflow/.local/lib/python3.12/site-packages/airflow/example_dags/example_complex.py
[2025-01-27T11:30:46.708+0000] {logging_mixin.py:190} INFO - [2025-01-27T11:30:46.707+0000] {dag.py:3239} INFO - Sync 1 DAGs
[2025-01-27T11:30:46.746+0000] {logging_mixin.py:190} INFO - [2025-01-27T11:30:46.746+0000] {dag.py:4180} INFO - Setting next_dagrun for example_complex to None, run_after=None
[2025-01-27T11:30:46.797+0000] {processor.py:208} INFO - Processing /home/airflow/.local/lib/python3.12/site-packages/airflow/example_dags/example_complex.py took 0.204 seconds
[2025-01-27T11:31:16.946+0000] {processor.py:186} INFO - Started process (PID=240) to work on /home/airflow/.local/lib/python3.12/site-packages/airflow/example_dags/example_complex.py
[2025-01-27T11:31:16.948+0000] {processor.py:914} INFO - Processing file /home/airflow/.local/lib/python3.12/site-packages/airflow/example_dags/example_complex.py for tasks to queue
[2025-01-27T11:31:16.951+0000] {logging_mixin.py:190} INFO - [2025-01-27T11:31:16.951+0000] {dagbag.py:588} INFO - Filling up the DagBag from /home/airflow/.local/lib/python3.12/site-packages/airflow/example_dags/example_complex.py
[2025-01-27T11:31:16.968+0000] {processor.py:925} INFO - DAG(s) 'example_complex' retrieved from /home/airflow/.local/lib/python3.12/site-packages/airflow/example_dags/example_complex.py
[2025-01-27T11:31:17.007+0000] {logging_mixin.py:190} INFO - [2025-01-27T11:31:17.007+0000] {dag.py:3239} INFO - Sync 1 DAGs
[2025-01-27T11:31:17.025+0000] {logging_mixin.py:190} INFO - [2025-01-27T11:31:17.024+0000] {dag.py:4180} INFO - Setting next_dagrun for example_complex to None, run_after=None
[2025-01-27T11:31:17.046+0000] {processor.py:208} INFO - Processing /home/airflow/.local/lib/python3.12/site-packages/airflow/example_dags/example_complex.py took 0.110 seconds
[2025-01-27T11:31:47.195+0000] {processor.py:186} INFO - Started process (PID=303) to work on /home/airflow/.local/lib/python3.12/site-packages/airflow/example_dags/example_complex.py
[2025-01-27T11:31:47.196+0000] {processor.py:914} INFO - Processing file /home/airflow/.local/lib/python3.12/site-packages/airflow/example_dags/example_complex.py for tasks to queue
[2025-01-27T11:31:47.199+0000] {logging_mixin.py:190} INFO - [2025-01-27T11:31:47.198+0000] {dagbag.py:588} INFO - Filling up the DagBag from /home/airflow/.local/lib/python3.12/site-packages/airflow/example_dags/example_complex.py
[2025-01-27T11:31:47.213+0000] {processor.py:925} INFO - DAG(s) 'example_complex' retrieved from /home/airflow/.local/lib/python3.12/site-packages/airflow/example_dags/example_complex.py
[2025-01-27T11:31:47.252+0000] {logging_mixin.py:190} INFO - [2025-01-27T11:31:47.251+0000] {dag.py:3239} INFO - Sync 1 DAGs
[2025-01-27T11:31:47.270+0000] {logging_mixin.py:190} INFO - [2025-01-27T11:31:47.270+0000] {dag.py:4180} INFO - Setting next_dagrun for example_complex to None, run_after=None
[2025-01-27T11:31:47.293+0000] {processor.py:208} INFO - Processing /home/airflow/.local/lib/python3.12/site-packages/airflow/example_dags/example_complex.py took 0.105 seconds
[2025-01-27T11:37:21.859+0000] {processor.py:186} INFO - Started process (PID=213) to work on /home/airflow/.local/lib/python3.12/site-packages/airflow/example_dags/example_complex.py
[2025-01-27T11:37:21.862+0000] {processor.py:914} INFO - Processing file /home/airflow/.local/lib/python3.12/site-packages/airflow/example_dags/example_complex.py for tasks to queue
[2025-01-27T11:37:21.871+0000] {logging_mixin.py:190} INFO - [2025-01-27T11:37:21.870+0000] {dagbag.py:588} INFO - Filling up the DagBag from /home/airflow/.local/lib/python3.12/site-packages/airflow/example_dags/example_complex.py
[2025-01-27T11:37:21.912+0000] {processor.py:925} INFO - DAG(s) 'example_complex' retrieved from /home/airflow/.local/lib/python3.12/site-packages/airflow/example_dags/example_complex.py
[2025-01-27T11:37:22.022+0000] {logging_mixin.py:190} INFO - [2025-01-27T11:37:22.021+0000] {dag.py:3239} INFO - Sync 1 DAGs
[2025-01-27T11:37:22.065+0000] {logging_mixin.py:190} INFO - [2025-01-27T11:37:22.064+0000] {dag.py:4180} INFO - Setting next_dagrun for example_complex to None, run_after=None
[2025-01-27T11:37:22.108+0000] {processor.py:208} INFO - Processing /home/airflow/.local/lib/python3.12/site-packages/airflow/example_dags/example_complex.py took 0.266 seconds
[2025-01-27T11:37:52.226+0000] {processor.py:186} INFO - Started process (PID=501) to work on /home/airflow/.local/lib/python3.12/site-packages/airflow/example_dags/example_complex.py
[2025-01-27T11:37:52.228+0000] {processor.py:914} INFO - Processing file /home/airflow/.local/lib/python3.12/site-packages/airflow/example_dags/example_complex.py for tasks to queue
[2025-01-27T11:37:52.231+0000] {logging_mixin.py:190} INFO - [2025-01-27T11:37:52.231+0000] {dagbag.py:588} INFO - Filling up the DagBag from /home/airflow/.local/lib/python3.12/site-packages/airflow/example_dags/example_complex.py
[2025-01-27T11:37:52.253+0000] {processor.py:925} INFO - DAG(s) 'example_complex' retrieved from /home/airflow/.local/lib/python3.12/site-packages/airflow/example_dags/example_complex.py
[2025-01-27T11:37:52.312+0000] {logging_mixin.py:190} INFO - [2025-01-27T11:37:52.312+0000] {dag.py:3239} INFO - Sync 1 DAGs
[2025-01-27T11:37:52.340+0000] {logging_mixin.py:190} INFO - [2025-01-27T11:37:52.340+0000] {dag.py:4180} INFO - Setting next_dagrun for example_complex to None, run_after=None
[2025-01-27T11:37:52.367+0000] {processor.py:208} INFO - Processing /home/airflow/.local/lib/python3.12/site-packages/airflow/example_dags/example_complex.py took 0.154 seconds
[2025-01-27T11:38:23.184+0000] {processor.py:186} INFO - Started process (PID=790) to work on /home/airflow/.local/lib/python3.12/site-packages/airflow/example_dags/example_complex.py
[2025-01-27T11:38:23.185+0000] {processor.py:914} INFO - Processing file /home/airflow/.local/lib/python3.12/site-packages/airflow/example_dags/example_complex.py for tasks to queue
[2025-01-27T11:38:23.189+0000] {logging_mixin.py:190} INFO - [2025-01-27T11:38:23.189+0000] {dagbag.py:588} INFO - Filling up the DagBag from /home/airflow/.local/lib/python3.12/site-packages/airflow/example_dags/example_complex.py
[2025-01-27T11:38:23.206+0000] {processor.py:925} INFO - DAG(s) 'example_complex' retrieved from /home/airflow/.local/lib/python3.12/site-packages/airflow/example_dags/example_complex.py
[2025-01-27T11:38:23.249+0000] {logging_mixin.py:190} INFO - [2025-01-27T11:38:23.249+0000] {dag.py:3239} INFO - Sync 1 DAGs
[2025-01-27T11:38:23.270+0000] {logging_mixin.py:190} INFO - [2025-01-27T11:38:23.270+0000] {dag.py:4180} INFO - Setting next_dagrun for example_complex to None, run_after=None
[2025-01-27T11:38:23.302+0000] {processor.py:208} INFO - Processing /home/airflow/.local/lib/python3.12/site-packages/airflow/example_dags/example_complex.py took 0.125 seconds
[2025-01-27T11:38:54.034+0000] {processor.py:186} INFO - Started process (PID=1081) to work on /home/airflow/.local/lib/python3.12/site-packages/airflow/example_dags/example_complex.py
[2025-01-27T11:38:54.035+0000] {processor.py:914} INFO - Processing file /home/airflow/.local/lib/python3.12/site-packages/airflow/example_dags/example_complex.py for tasks to queue
[2025-01-27T11:38:54.037+0000] {logging_mixin.py:190} INFO - [2025-01-27T11:38:54.037+0000] {dagbag.py:588} INFO - Filling up the DagBag from /home/airflow/.local/lib/python3.12/site-packages/airflow/example_dags/example_complex.py
[2025-01-27T11:38:54.052+0000] {processor.py:925} INFO - DAG(s) 'example_complex' retrieved from /home/airflow/.local/lib/python3.12/site-packages/airflow/example_dags/example_complex.py
[2025-01-27T11:38:54.105+0000] {logging_mixin.py:190} INFO - [2025-01-27T11:38:54.104+0000] {dag.py:3239} INFO - Sync 1 DAGs
[2025-01-27T11:38:54.124+0000] {logging_mixin.py:190} INFO - [2025-01-27T11:38:54.123+0000] {dag.py:4180} INFO - Setting next_dagrun for example_complex to None, run_after=None
[2025-01-27T11:38:54.150+0000] {processor.py:208} INFO - Processing /home/airflow/.local/lib/python3.12/site-packages/airflow/example_dags/example_complex.py took 0.123 seconds
[2025-01-27T11:39:24.914+0000] {processor.py:186} INFO - Started process (PID=1373) to work on /home/airflow/.local/lib/python3.12/site-packages/airflow/example_dags/example_complex.py
[2025-01-27T11:39:24.915+0000] {processor.py:914} INFO - Processing file /home/airflow/.local/lib/python3.12/site-packages/airflow/example_dags/example_complex.py for tasks to queue
[2025-01-27T11:39:24.919+0000] {logging_mixin.py:190} INFO - [2025-01-27T11:39:24.918+0000] {dagbag.py:588} INFO - Filling up the DagBag from /home/airflow/.local/lib/python3.12/site-packages/airflow/example_dags/example_complex.py
[2025-01-27T11:39:24.939+0000] {processor.py:925} INFO - DAG(s) 'example_complex' retrieved from /home/airflow/.local/lib/python3.12/site-packages/airflow/example_dags/example_complex.py
[2025-01-27T11:39:24.995+0000] {logging_mixin.py:190} INFO - [2025-01-27T11:39:24.994+0000] {dag.py:3239} INFO - Sync 1 DAGs
[2025-01-27T11:39:25.019+0000] {logging_mixin.py:190} INFO - [2025-01-27T11:39:25.018+0000] {dag.py:4180} INFO - Setting next_dagrun for example_complex to None, run_after=None
[2025-01-27T11:39:25.048+0000] {processor.py:208} INFO - Processing /home/airflow/.local/lib/python3.12/site-packages/airflow/example_dags/example_complex.py took 0.146 seconds
[2025-01-27T11:39:55.143+0000] {processor.py:186} INFO - Started process (PID=1664) to work on /home/airflow/.local/lib/python3.12/site-packages/airflow/example_dags/example_complex.py
[2025-01-27T11:39:55.144+0000] {processor.py:914} INFO - Processing file /home/airflow/.local/lib/python3.12/site-packages/airflow/example_dags/example_complex.py for tasks to queue
[2025-01-27T11:39:55.148+0000] {logging_mixin.py:190} INFO - [2025-01-27T11:39:55.147+0000] {dagbag.py:588} INFO - Filling up the DagBag from /home/airflow/.local/lib/python3.12/site-packages/airflow/example_dags/example_complex.py
[2025-01-27T11:39:55.167+0000] {processor.py:925} INFO - DAG(s) 'example_complex' retrieved from /home/airflow/.local/lib/python3.12/site-packages/airflow/example_dags/example_complex.py
[2025-01-27T11:39:55.217+0000] {logging_mixin.py:190} INFO - [2025-01-27T11:39:55.217+0000] {dag.py:3239} INFO - Sync 1 DAGs
[2025-01-27T11:39:55.240+0000] {logging_mixin.py:190} INFO - [2025-01-27T11:39:55.240+0000] {dag.py:4180} INFO - Setting next_dagrun for example_complex to None, run_after=None
[2025-01-27T11:39:55.271+0000] {processor.py:208} INFO - Processing /home/airflow/.local/lib/python3.12/site-packages/airflow/example_dags/example_complex.py took 0.138 seconds
[2025-01-27T11:40:27.095+0000] {processor.py:186} INFO - Started process (PID=1964) to work on /home/airflow/.local/lib/python3.12/site-packages/airflow/example_dags/example_complex.py
[2025-01-27T11:40:27.098+0000] {processor.py:914} INFO - Processing file /home/airflow/.local/lib/python3.12/site-packages/airflow/example_dags/example_complex.py for tasks to queue
[2025-01-27T11:40:27.103+0000] {logging_mixin.py:190} INFO - [2025-01-27T11:40:27.102+0000] {dagbag.py:588} INFO - Filling up the DagBag from /home/airflow/.local/lib/python3.12/site-packages/airflow/example_dags/example_complex.py
[2025-01-27T11:40:27.164+0000] {processor.py:925} INFO - DAG(s) 'example_complex' retrieved from /home/airflow/.local/lib/python3.12/site-packages/airflow/example_dags/example_complex.py
[2025-01-27T11:40:27.300+0000] {logging_mixin.py:190} INFO - [2025-01-27T11:40:27.299+0000] {dag.py:3239} INFO - Sync 1 DAGs
[2025-01-27T11:40:27.354+0000] {logging_mixin.py:190} INFO - [2025-01-27T11:40:27.353+0000] {dag.py:4180} INFO - Setting next_dagrun for example_complex to None, run_after=None
[2025-01-27T11:40:27.421+0000] {processor.py:208} INFO - Processing /home/airflow/.local/lib/python3.12/site-packages/airflow/example_dags/example_complex.py took 0.353 seconds
[2025-01-27T11:40:57.761+0000] {processor.py:186} INFO - Started process (PID=2255) to work on /home/airflow/.local/lib/python3.12/site-packages/airflow/example_dags/example_complex.py
[2025-01-27T11:40:57.762+0000] {processor.py:914} INFO - Processing file /home/airflow/.local/lib/python3.12/site-packages/airflow/example_dags/example_complex.py for tasks to queue
[2025-01-27T11:40:57.766+0000] {logging_mixin.py:190} INFO - [2025-01-27T11:40:57.765+0000] {dagbag.py:588} INFO - Filling up the DagBag from /home/airflow/.local/lib/python3.12/site-packages/airflow/example_dags/example_complex.py
[2025-01-27T11:40:57.785+0000] {processor.py:925} INFO - DAG(s) 'example_complex' retrieved from /home/airflow/.local/lib/python3.12/site-packages/airflow/example_dags/example_complex.py
[2025-01-27T11:40:57.831+0000] {logging_mixin.py:190} INFO - [2025-01-27T11:40:57.831+0000] {dag.py:3239} INFO - Sync 1 DAGs
[2025-01-27T11:40:57.850+0000] {logging_mixin.py:190} INFO - [2025-01-27T11:40:57.849+0000] {dag.py:4180} INFO - Setting next_dagrun for example_complex to None, run_after=None
[2025-01-27T11:40:57.874+0000] {processor.py:208} INFO - Processing /home/airflow/.local/lib/python3.12/site-packages/airflow/example_dags/example_complex.py took 0.122 seconds
[2025-01-27T11:41:28.953+0000] {processor.py:186} INFO - Started process (PID=2543) to work on /home/airflow/.local/lib/python3.12/site-packages/airflow/example_dags/example_complex.py
[2025-01-27T11:41:28.955+0000] {processor.py:914} INFO - Processing file /home/airflow/.local/lib/python3.12/site-packages/airflow/example_dags/example_complex.py for tasks to queue
[2025-01-27T11:41:28.959+0000] {logging_mixin.py:190} INFO - [2025-01-27T11:41:28.959+0000] {dagbag.py:588} INFO - Filling up the DagBag from /home/airflow/.local/lib/python3.12/site-packages/airflow/example_dags/example_complex.py
[2025-01-27T11:41:28.988+0000] {processor.py:925} INFO - DAG(s) 'example_complex' retrieved from /home/airflow/.local/lib/python3.12/site-packages/airflow/example_dags/example_complex.py
[2025-01-27T11:41:29.052+0000] {logging_mixin.py:190} INFO - [2025-01-27T11:41:29.051+0000] {dag.py:3239} INFO - Sync 1 DAGs
[2025-01-27T11:41:29.078+0000] {logging_mixin.py:190} INFO - [2025-01-27T11:41:29.077+0000] {dag.py:4180} INFO - Setting next_dagrun for example_complex to None, run_after=None
[2025-01-27T11:41:29.109+0000] {processor.py:208} INFO - Processing /home/airflow/.local/lib/python3.12/site-packages/airflow/example_dags/example_complex.py took 0.167 seconds
[2025-01-27T11:41:59.275+0000] {processor.py:186} INFO - Started process (PID=2834) to work on /home/airflow/.local/lib/python3.12/site-packages/airflow/example_dags/example_complex.py
[2025-01-27T11:41:59.276+0000] {processor.py:914} INFO - Processing file /home/airflow/.local/lib/python3.12/site-packages/airflow/example_dags/example_complex.py for tasks to queue
[2025-01-27T11:41:59.280+0000] {logging_mixin.py:190} INFO - [2025-01-27T11:41:59.279+0000] {dagbag.py:588} INFO - Filling up the DagBag from /home/airflow/.local/lib/python3.12/site-packages/airflow/example_dags/example_complex.py
[2025-01-27T11:41:59.300+0000] {processor.py:925} INFO - DAG(s) 'example_complex' retrieved from /home/airflow/.local/lib/python3.12/site-packages/airflow/example_dags/example_complex.py
[2025-01-27T11:41:59.360+0000] {logging_mixin.py:190} INFO - [2025-01-27T11:41:59.359+0000] {dag.py:3239} INFO - Sync 1 DAGs
[2025-01-27T11:41:59.382+0000] {logging_mixin.py:190} INFO - [2025-01-27T11:41:59.382+0000] {dag.py:4180} INFO - Setting next_dagrun for example_complex to None, run_after=None
[2025-01-27T11:41:59.414+0000] {processor.py:208} INFO - Processing /home/airflow/.local/lib/python3.12/site-packages/airflow/example_dags/example_complex.py took 0.149 seconds
[2025-01-27T11:42:29.924+0000] {processor.py:186} INFO - Started process (PID=3123) to work on /home/airflow/.local/lib/python3.12/site-packages/airflow/example_dags/example_complex.py
[2025-01-27T11:42:29.925+0000] {processor.py:914} INFO - Processing file /home/airflow/.local/lib/python3.12/site-packages/airflow/example_dags/example_complex.py for tasks to queue
[2025-01-27T11:42:29.928+0000] {logging_mixin.py:190} INFO - [2025-01-27T11:42:29.928+0000] {dagbag.py:588} INFO - Filling up the DagBag from /home/airflow/.local/lib/python3.12/site-packages/airflow/example_dags/example_complex.py
[2025-01-27T11:42:29.956+0000] {processor.py:925} INFO - DAG(s) 'example_complex' retrieved from /home/airflow/.local/lib/python3.12/site-packages/airflow/example_dags/example_complex.py
[2025-01-27T11:42:30.018+0000] {logging_mixin.py:190} INFO - [2025-01-27T11:42:30.018+0000] {dag.py:3239} INFO - Sync 1 DAGs
[2025-01-27T11:42:30.068+0000] {logging_mixin.py:190} INFO - [2025-01-27T11:42:30.067+0000] {dag.py:4180} INFO - Setting next_dagrun for example_complex to None, run_after=None
[2025-01-27T11:42:30.104+0000] {processor.py:208} INFO - Processing /home/airflow/.local/lib/python3.12/site-packages/airflow/example_dags/example_complex.py took 0.190 seconds
[2025-01-27T11:43:00.695+0000] {processor.py:186} INFO - Started process (PID=3416) to work on /home/airflow/.local/lib/python3.12/site-packages/airflow/example_dags/example_complex.py
[2025-01-27T11:43:00.697+0000] {processor.py:914} INFO - Processing file /home/airflow/.local/lib/python3.12/site-packages/airflow/example_dags/example_complex.py for tasks to queue
[2025-01-27T11:43:00.700+0000] {logging_mixin.py:190} INFO - [2025-01-27T11:43:00.699+0000] {dagbag.py:588} INFO - Filling up the DagBag from /home/airflow/.local/lib/python3.12/site-packages/airflow/example_dags/example_complex.py
[2025-01-27T11:43:00.715+0000] {processor.py:925} INFO - DAG(s) 'example_complex' retrieved from /home/airflow/.local/lib/python3.12/site-packages/airflow/example_dags/example_complex.py
[2025-01-27T11:43:00.758+0000] {logging_mixin.py:190} INFO - [2025-01-27T11:43:00.758+0000] {dag.py:3239} INFO - Sync 1 DAGs
[2025-01-27T11:43:00.778+0000] {logging_mixin.py:190} INFO - [2025-01-27T11:43:00.778+0000] {dag.py:4180} INFO - Setting next_dagrun for example_complex to None, run_after=None
[2025-01-27T11:43:00.800+0000] {processor.py:208} INFO - Processing /home/airflow/.local/lib/python3.12/site-packages/airflow/example_dags/example_complex.py took 0.115 seconds
[2025-01-27T11:43:31.054+0000] {processor.py:186} INFO - Started process (PID=3707) to work on /home/airflow/.local/lib/python3.12/site-packages/airflow/example_dags/example_complex.py
[2025-01-27T11:43:31.055+0000] {processor.py:914} INFO - Processing file /home/airflow/.local/lib/python3.12/site-packages/airflow/example_dags/example_complex.py for tasks to queue
[2025-01-27T11:43:31.060+0000] {logging_mixin.py:190} INFO - [2025-01-27T11:43:31.059+0000] {dagbag.py:588} INFO - Filling up the DagBag from /home/airflow/.local/lib/python3.12/site-packages/airflow/example_dags/example_complex.py
[2025-01-27T11:43:31.101+0000] {processor.py:925} INFO - DAG(s) 'example_complex' retrieved from /home/airflow/.local/lib/python3.12/site-packages/airflow/example_dags/example_complex.py
[2025-01-27T11:43:31.326+0000] {logging_mixin.py:190} INFO - [2025-01-27T11:43:31.325+0000] {dag.py:3239} INFO - Sync 1 DAGs
[2025-01-27T11:43:31.439+0000] {logging_mixin.py:190} INFO - [2025-01-27T11:43:31.439+0000] {dag.py:4180} INFO - Setting next_dagrun for example_complex to None, run_after=None
[2025-01-27T11:43:31.507+0000] {processor.py:208} INFO - Processing /home/airflow/.local/lib/python3.12/site-packages/airflow/example_dags/example_complex.py took 0.469 seconds
[2025-01-27T11:44:02.476+0000] {processor.py:186} INFO - Started process (PID=3996) to work on /home/airflow/.local/lib/python3.12/site-packages/airflow/example_dags/example_complex.py
[2025-01-27T11:44:02.478+0000] {processor.py:914} INFO - Processing file /home/airflow/.local/lib/python3.12/site-packages/airflow/example_dags/example_complex.py for tasks to queue
[2025-01-27T11:44:02.483+0000] {logging_mixin.py:190} INFO - [2025-01-27T11:44:02.482+0000] {dagbag.py:588} INFO - Filling up the DagBag from /home/airflow/.local/lib/python3.12/site-packages/airflow/example_dags/example_complex.py
[2025-01-27T11:44:02.516+0000] {processor.py:925} INFO - DAG(s) 'example_complex' retrieved from /home/airflow/.local/lib/python3.12/site-packages/airflow/example_dags/example_complex.py
[2025-01-27T11:44:02.615+0000] {logging_mixin.py:190} INFO - [2025-01-27T11:44:02.614+0000] {dag.py:3239} INFO - Sync 1 DAGs
[2025-01-27T11:44:02.649+0000] {logging_mixin.py:190} INFO - [2025-01-27T11:44:02.649+0000] {dag.py:4180} INFO - Setting next_dagrun for example_complex to None, run_after=None
[2025-01-27T11:44:02.722+0000] {processor.py:208} INFO - Processing /home/airflow/.local/lib/python3.12/site-packages/airflow/example_dags/example_complex.py took 0.268 seconds
[2025-01-27T11:44:32.819+0000] {processor.py:186} INFO - Started process (PID=4287) to work on /home/airflow/.local/lib/python3.12/site-packages/airflow/example_dags/example_complex.py
[2025-01-27T11:44:32.821+0000] {processor.py:914} INFO - Processing file /home/airflow/.local/lib/python3.12/site-packages/airflow/example_dags/example_complex.py for tasks to queue
[2025-01-27T11:44:32.824+0000] {logging_mixin.py:190} INFO - [2025-01-27T11:44:32.824+0000] {dagbag.py:588} INFO - Filling up the DagBag from /home/airflow/.local/lib/python3.12/site-packages/airflow/example_dags/example_complex.py
[2025-01-27T11:44:32.851+0000] {processor.py:925} INFO - DAG(s) 'example_complex' retrieved from /home/airflow/.local/lib/python3.12/site-packages/airflow/example_dags/example_complex.py
[2025-01-27T11:44:32.914+0000] {logging_mixin.py:190} INFO - [2025-01-27T11:44:32.913+0000] {dag.py:3239} INFO - Sync 1 DAGs
[2025-01-27T11:44:32.939+0000] {logging_mixin.py:190} INFO - [2025-01-27T11:44:32.939+0000] {dag.py:4180} INFO - Setting next_dagrun for example_complex to None, run_after=None
[2025-01-27T11:44:32.970+0000] {processor.py:208} INFO - Processing /home/airflow/.local/lib/python3.12/site-packages/airflow/example_dags/example_complex.py took 0.163 seconds
[2025-01-27T11:45:03.904+0000] {processor.py:186} INFO - Started process (PID=4575) to work on /home/airflow/.local/lib/python3.12/site-packages/airflow/example_dags/example_complex.py
[2025-01-27T11:45:03.905+0000] {processor.py:914} INFO - Processing file /home/airflow/.local/lib/python3.12/site-packages/airflow/example_dags/example_complex.py for tasks to queue
[2025-01-27T11:45:03.908+0000] {logging_mixin.py:190} INFO - [2025-01-27T11:45:03.908+0000] {dagbag.py:588} INFO - Filling up the DagBag from /home/airflow/.local/lib/python3.12/site-packages/airflow/example_dags/example_complex.py
[2025-01-27T11:45:03.925+0000] {processor.py:925} INFO - DAG(s) 'example_complex' retrieved from /home/airflow/.local/lib/python3.12/site-packages/airflow/example_dags/example_complex.py
[2025-01-27T11:45:03.970+0000] {logging_mixin.py:190} INFO - [2025-01-27T11:45:03.970+0000] {dag.py:3239} INFO - Sync 1 DAGs
[2025-01-27T11:45:04.004+0000] {logging_mixin.py:190} INFO - [2025-01-27T11:45:04.004+0000] {dag.py:4180} INFO - Setting next_dagrun for example_complex to None, run_after=None
[2025-01-27T11:45:04.048+0000] {processor.py:208} INFO - Processing /home/airflow/.local/lib/python3.12/site-packages/airflow/example_dags/example_complex.py took 0.153 seconds
[2025-01-27T11:45:35.337+0000] {processor.py:186} INFO - Started process (PID=4864) to work on /home/airflow/.local/lib/python3.12/site-packages/airflow/example_dags/example_complex.py
[2025-01-27T11:45:35.350+0000] {processor.py:914} INFO - Processing file /home/airflow/.local/lib/python3.12/site-packages/airflow/example_dags/example_complex.py for tasks to queue
[2025-01-27T11:45:35.354+0000] {logging_mixin.py:190} INFO - [2025-01-27T11:45:35.354+0000] {dagbag.py:588} INFO - Filling up the DagBag from /home/airflow/.local/lib/python3.12/site-packages/airflow/example_dags/example_complex.py
[2025-01-27T11:45:35.408+0000] {processor.py:925} INFO - DAG(s) 'example_complex' retrieved from /home/airflow/.local/lib/python3.12/site-packages/airflow/example_dags/example_complex.py
[2025-01-27T11:45:35.506+0000] {logging_mixin.py:190} INFO - [2025-01-27T11:45:35.506+0000] {dag.py:3239} INFO - Sync 1 DAGs
[2025-01-27T11:45:35.549+0000] {logging_mixin.py:190} INFO - [2025-01-27T11:45:35.548+0000] {dag.py:4180} INFO - Setting next_dagrun for example_complex to None, run_after=None
[2025-01-27T11:45:35.581+0000] {processor.py:208} INFO - Processing /home/airflow/.local/lib/python3.12/site-packages/airflow/example_dags/example_complex.py took 0.258 seconds
[2025-01-27T11:46:06.528+0000] {processor.py:186} INFO - Started process (PID=5152) to work on /home/airflow/.local/lib/python3.12/site-packages/airflow/example_dags/example_complex.py
[2025-01-27T11:46:06.529+0000] {processor.py:914} INFO - Processing file /home/airflow/.local/lib/python3.12/site-packages/airflow/example_dags/example_complex.py for tasks to queue
[2025-01-27T11:46:06.535+0000] {logging_mixin.py:190} INFO - [2025-01-27T11:46:06.534+0000] {dagbag.py:588} INFO - Filling up the DagBag from /home/airflow/.local/lib/python3.12/site-packages/airflow/example_dags/example_complex.py
[2025-01-27T11:46:06.565+0000] {processor.py:925} INFO - DAG(s) 'example_complex' retrieved from /home/airflow/.local/lib/python3.12/site-packages/airflow/example_dags/example_complex.py
[2025-01-27T11:46:06.652+0000] {logging_mixin.py:190} INFO - [2025-01-27T11:46:06.651+0000] {dag.py:3239} INFO - Sync 1 DAGs
[2025-01-27T11:46:06.687+0000] {logging_mixin.py:190} INFO - [2025-01-27T11:46:06.686+0000] {dag.py:4180} INFO - Setting next_dagrun for example_complex to None, run_after=None
[2025-01-27T11:46:06.730+0000] {processor.py:208} INFO - Processing /home/airflow/.local/lib/python3.12/site-packages/airflow/example_dags/example_complex.py took 0.219 seconds
[2025-01-27T11:46:37.006+0000] {processor.py:186} INFO - Started process (PID=5448) to work on /home/airflow/.local/lib/python3.12/site-packages/airflow/example_dags/example_complex.py
[2025-01-27T11:46:37.008+0000] {processor.py:914} INFO - Processing file /home/airflow/.local/lib/python3.12/site-packages/airflow/example_dags/example_complex.py for tasks to queue
[2025-01-27T11:46:37.013+0000] {logging_mixin.py:190} INFO - [2025-01-27T11:46:37.012+0000] {dagbag.py:588} INFO - Filling up the DagBag from /home/airflow/.local/lib/python3.12/site-packages/airflow/example_dags/example_complex.py
[2025-01-27T11:46:37.039+0000] {processor.py:925} INFO - DAG(s) 'example_complex' retrieved from /home/airflow/.local/lib/python3.12/site-packages/airflow/example_dags/example_complex.py
[2025-01-27T11:46:37.125+0000] {logging_mixin.py:190} INFO - [2025-01-27T11:46:37.124+0000] {dag.py:3239} INFO - Sync 1 DAGs
[2025-01-27T11:46:37.156+0000] {logging_mixin.py:190} INFO - [2025-01-27T11:46:37.155+0000] {dag.py:4180} INFO - Setting next_dagrun for example_complex to None, run_after=None
[2025-01-27T11:46:37.190+0000] {processor.py:208} INFO - Processing /home/airflow/.local/lib/python3.12/site-packages/airflow/example_dags/example_complex.py took 0.198 seconds
[2025-01-27T11:47:07.333+0000] {processor.py:186} INFO - Started process (PID=5739) to work on /home/airflow/.local/lib/python3.12/site-packages/airflow/example_dags/example_complex.py
[2025-01-27T11:47:07.335+0000] {processor.py:914} INFO - Processing file /home/airflow/.local/lib/python3.12/site-packages/airflow/example_dags/example_complex.py for tasks to queue
[2025-01-27T11:47:07.340+0000] {logging_mixin.py:190} INFO - [2025-01-27T11:47:07.340+0000] {dagbag.py:588} INFO - Filling up the DagBag from /home/airflow/.local/lib/python3.12/site-packages/airflow/example_dags/example_complex.py
[2025-01-27T11:47:07.376+0000] {processor.py:925} INFO - DAG(s) 'example_complex' retrieved from /home/airflow/.local/lib/python3.12/site-packages/airflow/example_dags/example_complex.py
[2025-01-27T11:47:07.441+0000] {logging_mixin.py:190} INFO - [2025-01-27T11:47:07.441+0000] {dag.py:3239} INFO - Sync 1 DAGs
[2025-01-27T11:47:07.469+0000] {logging_mixin.py:190} INFO - [2025-01-27T11:47:07.468+0000] {dag.py:4180} INFO - Setting next_dagrun for example_complex to None, run_after=None
[2025-01-27T11:47:07.500+0000] {processor.py:208} INFO - Processing /home/airflow/.local/lib/python3.12/site-packages/airflow/example_dags/example_complex.py took 0.188 seconds
[2025-01-27T11:47:38.407+0000] {processor.py:186} INFO - Started process (PID=6030) to work on /home/airflow/.local/lib/python3.12/site-packages/airflow/example_dags/example_complex.py
[2025-01-27T11:47:38.408+0000] {processor.py:914} INFO - Processing file /home/airflow/.local/lib/python3.12/site-packages/airflow/example_dags/example_complex.py for tasks to queue
[2025-01-27T11:47:38.411+0000] {logging_mixin.py:190} INFO - [2025-01-27T11:47:38.411+0000] {dagbag.py:588} INFO - Filling up the DagBag from /home/airflow/.local/lib/python3.12/site-packages/airflow/example_dags/example_complex.py
[2025-01-27T11:47:38.429+0000] {processor.py:925} INFO - DAG(s) 'example_complex' retrieved from /home/airflow/.local/lib/python3.12/site-packages/airflow/example_dags/example_complex.py
[2025-01-27T11:47:38.480+0000] {logging_mixin.py:190} INFO - [2025-01-27T11:47:38.480+0000] {dag.py:3239} INFO - Sync 1 DAGs
[2025-01-27T11:47:38.499+0000] {logging_mixin.py:190} INFO - [2025-01-27T11:47:38.499+0000] {dag.py:4180} INFO - Setting next_dagrun for example_complex to None, run_after=None
[2025-01-27T11:47:38.526+0000] {processor.py:208} INFO - Processing /home/airflow/.local/lib/python3.12/site-packages/airflow/example_dags/example_complex.py took 0.126 seconds
[2025-01-27T11:48:08.698+0000] {processor.py:186} INFO - Started process (PID=6321) to work on /home/airflow/.local/lib/python3.12/site-packages/airflow/example_dags/example_complex.py
[2025-01-27T11:48:08.701+0000] {processor.py:914} INFO - Processing file /home/airflow/.local/lib/python3.12/site-packages/airflow/example_dags/example_complex.py for tasks to queue
[2025-01-27T11:48:08.706+0000] {logging_mixin.py:190} INFO - [2025-01-27T11:48:08.705+0000] {dagbag.py:588} INFO - Filling up the DagBag from /home/airflow/.local/lib/python3.12/site-packages/airflow/example_dags/example_complex.py
[2025-01-27T11:48:08.736+0000] {processor.py:925} INFO - DAG(s) 'example_complex' retrieved from /home/airflow/.local/lib/python3.12/site-packages/airflow/example_dags/example_complex.py
[2025-01-27T11:48:08.857+0000] {logging_mixin.py:190} INFO - [2025-01-27T11:48:08.857+0000] {dag.py:3239} INFO - Sync 1 DAGs
[2025-01-27T11:48:08.912+0000] {logging_mixin.py:190} INFO - [2025-01-27T11:48:08.911+0000] {dag.py:4180} INFO - Setting next_dagrun for example_complex to None, run_after=None
[2025-01-27T11:48:08.989+0000] {processor.py:208} INFO - Processing /home/airflow/.local/lib/python3.12/site-packages/airflow/example_dags/example_complex.py took 0.304 seconds
[2025-01-27T11:48:39.386+0000] {processor.py:186} INFO - Started process (PID=6612) to work on /home/airflow/.local/lib/python3.12/site-packages/airflow/example_dags/example_complex.py
[2025-01-27T11:48:39.387+0000] {processor.py:914} INFO - Processing file /home/airflow/.local/lib/python3.12/site-packages/airflow/example_dags/example_complex.py for tasks to queue
[2025-01-27T11:48:39.390+0000] {logging_mixin.py:190} INFO - [2025-01-27T11:48:39.390+0000] {dagbag.py:588} INFO - Filling up the DagBag from /home/airflow/.local/lib/python3.12/site-packages/airflow/example_dags/example_complex.py
[2025-01-27T11:48:39.405+0000] {processor.py:925} INFO - DAG(s) 'example_complex' retrieved from /home/airflow/.local/lib/python3.12/site-packages/airflow/example_dags/example_complex.py
[2025-01-27T11:48:39.453+0000] {logging_mixin.py:190} INFO - [2025-01-27T11:48:39.453+0000] {dag.py:3239} INFO - Sync 1 DAGs
[2025-01-27T11:48:39.474+0000] {logging_mixin.py:190} INFO - [2025-01-27T11:48:39.473+0000] {dag.py:4180} INFO - Setting next_dagrun for example_complex to None, run_after=None
[2025-01-27T11:48:39.498+0000] {processor.py:208} INFO - Processing /home/airflow/.local/lib/python3.12/site-packages/airflow/example_dags/example_complex.py took 0.119 seconds
[2025-01-27T11:49:10.077+0000] {processor.py:186} INFO - Started process (PID=6903) to work on /home/airflow/.local/lib/python3.12/site-packages/airflow/example_dags/example_complex.py
[2025-01-27T11:49:10.078+0000] {processor.py:914} INFO - Processing file /home/airflow/.local/lib/python3.12/site-packages/airflow/example_dags/example_complex.py for tasks to queue
[2025-01-27T11:49:10.081+0000] {logging_mixin.py:190} INFO - [2025-01-27T11:49:10.081+0000] {dagbag.py:588} INFO - Filling up the DagBag from /home/airflow/.local/lib/python3.12/site-packages/airflow/example_dags/example_complex.py
[2025-01-27T11:49:10.099+0000] {processor.py:925} INFO - DAG(s) 'example_complex' retrieved from /home/airflow/.local/lib/python3.12/site-packages/airflow/example_dags/example_complex.py
[2025-01-27T11:49:10.153+0000] {logging_mixin.py:190} INFO - [2025-01-27T11:49:10.152+0000] {dag.py:3239} INFO - Sync 1 DAGs
[2025-01-27T11:49:10.176+0000] {logging_mixin.py:190} INFO - [2025-01-27T11:49:10.175+0000] {dag.py:4180} INFO - Setting next_dagrun for example_complex to None, run_after=None
[2025-01-27T11:49:10.204+0000] {processor.py:208} INFO - Processing /home/airflow/.local/lib/python3.12/site-packages/airflow/example_dags/example_complex.py took 0.138 seconds
[2025-01-27T11:49:40.952+0000] {processor.py:186} INFO - Started process (PID=7194) to work on /home/airflow/.local/lib/python3.12/site-packages/airflow/example_dags/example_complex.py
[2025-01-27T11:49:40.954+0000] {processor.py:914} INFO - Processing file /home/airflow/.local/lib/python3.12/site-packages/airflow/example_dags/example_complex.py for tasks to queue
[2025-01-27T11:49:40.958+0000] {logging_mixin.py:190} INFO - [2025-01-27T11:49:40.958+0000] {dagbag.py:588} INFO - Filling up the DagBag from /home/airflow/.local/lib/python3.12/site-packages/airflow/example_dags/example_complex.py
[2025-01-27T11:49:40.989+0000] {processor.py:925} INFO - DAG(s) 'example_complex' retrieved from /home/airflow/.local/lib/python3.12/site-packages/airflow/example_dags/example_complex.py
[2025-01-27T11:49:41.057+0000] {logging_mixin.py:190} INFO - [2025-01-27T11:49:41.056+0000] {dag.py:3239} INFO - Sync 1 DAGs
[2025-01-27T11:49:41.096+0000] {logging_mixin.py:190} INFO - [2025-01-27T11:49:41.095+0000] {dag.py:4180} INFO - Setting next_dagrun for example_complex to None, run_after=None
[2025-01-27T11:49:41.144+0000] {processor.py:208} INFO - Processing /home/airflow/.local/lib/python3.12/site-packages/airflow/example_dags/example_complex.py took 0.203 seconds
[2025-01-27T11:50:11.591+0000] {processor.py:186} INFO - Started process (PID=7485) to work on /home/airflow/.local/lib/python3.12/site-packages/airflow/example_dags/example_complex.py
[2025-01-27T11:50:11.592+0000] {processor.py:914} INFO - Processing file /home/airflow/.local/lib/python3.12/site-packages/airflow/example_dags/example_complex.py for tasks to queue
[2025-01-27T11:50:11.596+0000] {logging_mixin.py:190} INFO - [2025-01-27T11:50:11.596+0000] {dagbag.py:588} INFO - Filling up the DagBag from /home/airflow/.local/lib/python3.12/site-packages/airflow/example_dags/example_complex.py
[2025-01-27T11:50:11.617+0000] {processor.py:925} INFO - DAG(s) 'example_complex' retrieved from /home/airflow/.local/lib/python3.12/site-packages/airflow/example_dags/example_complex.py
[2025-01-27T11:50:11.666+0000] {logging_mixin.py:190} INFO - [2025-01-27T11:50:11.666+0000] {dag.py:3239} INFO - Sync 1 DAGs
[2025-01-27T11:50:11.690+0000] {logging_mixin.py:190} INFO - [2025-01-27T11:50:11.689+0000] {dag.py:4180} INFO - Setting next_dagrun for example_complex to None, run_after=None
[2025-01-27T11:50:11.723+0000] {processor.py:208} INFO - Processing /home/airflow/.local/lib/python3.12/site-packages/airflow/example_dags/example_complex.py took 0.143 seconds
[2025-01-27T11:50:41.881+0000] {processor.py:186} INFO - Started process (PID=7774) to work on /home/airflow/.local/lib/python3.12/site-packages/airflow/example_dags/example_complex.py
[2025-01-27T11:50:41.882+0000] {processor.py:914} INFO - Processing file /home/airflow/.local/lib/python3.12/site-packages/airflow/example_dags/example_complex.py for tasks to queue
[2025-01-27T11:50:41.886+0000] {logging_mixin.py:190} INFO - [2025-01-27T11:50:41.886+0000] {dagbag.py:588} INFO - Filling up the DagBag from /home/airflow/.local/lib/python3.12/site-packages/airflow/example_dags/example_complex.py
[2025-01-27T11:50:41.907+0000] {processor.py:925} INFO - DAG(s) 'example_complex' retrieved from /home/airflow/.local/lib/python3.12/site-packages/airflow/example_dags/example_complex.py
[2025-01-27T11:50:41.961+0000] {logging_mixin.py:190} INFO - [2025-01-27T11:50:41.961+0000] {dag.py:3239} INFO - Sync 1 DAGs
[2025-01-27T11:50:41.987+0000] {logging_mixin.py:190} INFO - [2025-01-27T11:50:41.987+0000] {dag.py:4180} INFO - Setting next_dagrun for example_complex to None, run_after=None
[2025-01-27T11:50:42.018+0000] {processor.py:208} INFO - Processing /home/airflow/.local/lib/python3.12/site-packages/airflow/example_dags/example_complex.py took 0.148 seconds
[2025-01-27T11:51:12.373+0000] {processor.py:186} INFO - Started process (PID=8060) to work on /home/airflow/.local/lib/python3.12/site-packages/airflow/example_dags/example_complex.py
[2025-01-27T11:51:12.375+0000] {processor.py:914} INFO - Processing file /home/airflow/.local/lib/python3.12/site-packages/airflow/example_dags/example_complex.py for tasks to queue
[2025-01-27T11:51:12.378+0000] {logging_mixin.py:190} INFO - [2025-01-27T11:51:12.378+0000] {dagbag.py:588} INFO - Filling up the DagBag from /home/airflow/.local/lib/python3.12/site-packages/airflow/example_dags/example_complex.py
[2025-01-27T11:51:12.403+0000] {processor.py:925} INFO - DAG(s) 'example_complex' retrieved from /home/airflow/.local/lib/python3.12/site-packages/airflow/example_dags/example_complex.py
[2025-01-27T11:51:12.463+0000] {logging_mixin.py:190} INFO - [2025-01-27T11:51:12.462+0000] {dag.py:3239} INFO - Sync 1 DAGs
[2025-01-27T11:51:12.497+0000] {logging_mixin.py:190} INFO - [2025-01-27T11:51:12.496+0000] {dag.py:4180} INFO - Setting next_dagrun for example_complex to None, run_after=None
[2025-01-27T11:51:12.528+0000] {processor.py:208} INFO - Processing /home/airflow/.local/lib/python3.12/site-packages/airflow/example_dags/example_complex.py took 0.167 seconds
[2025-01-27T11:51:42.923+0000] {processor.py:186} INFO - Started process (PID=8348) to work on /home/airflow/.local/lib/python3.12/site-packages/airflow/example_dags/example_complex.py
[2025-01-27T11:51:42.926+0000] {processor.py:914} INFO - Processing file /home/airflow/.local/lib/python3.12/site-packages/airflow/example_dags/example_complex.py for tasks to queue
[2025-01-27T11:51:42.935+0000] {logging_mixin.py:190} INFO - [2025-01-27T11:51:42.934+0000] {dagbag.py:588} INFO - Filling up the DagBag from /home/airflow/.local/lib/python3.12/site-packages/airflow/example_dags/example_complex.py
[2025-01-27T11:51:42.979+0000] {processor.py:925} INFO - DAG(s) 'example_complex' retrieved from /home/airflow/.local/lib/python3.12/site-packages/airflow/example_dags/example_complex.py
[2025-01-27T11:51:43.097+0000] {logging_mixin.py:190} INFO - [2025-01-27T11:51:43.097+0000] {dag.py:3239} INFO - Sync 1 DAGs
[2025-01-27T11:51:43.134+0000] {logging_mixin.py:190} INFO - [2025-01-27T11:51:43.134+0000] {dag.py:4180} INFO - Setting next_dagrun for example_complex to None, run_after=None
[2025-01-27T11:51:43.187+0000] {processor.py:208} INFO - Processing /home/airflow/.local/lib/python3.12/site-packages/airflow/example_dags/example_complex.py took 0.284 seconds
[2025-01-27T11:52:13.557+0000] {processor.py:186} INFO - Started process (PID=8639) to work on /home/airflow/.local/lib/python3.12/site-packages/airflow/example_dags/example_complex.py
[2025-01-27T11:52:13.559+0000] {processor.py:914} INFO - Processing file /home/airflow/.local/lib/python3.12/site-packages/airflow/example_dags/example_complex.py for tasks to queue
[2025-01-27T11:52:13.563+0000] {logging_mixin.py:190} INFO - [2025-01-27T11:52:13.562+0000] {dagbag.py:588} INFO - Filling up the DagBag from /home/airflow/.local/lib/python3.12/site-packages/airflow/example_dags/example_complex.py
[2025-01-27T11:52:13.602+0000] {processor.py:925} INFO - DAG(s) 'example_complex' retrieved from /home/airflow/.local/lib/python3.12/site-packages/airflow/example_dags/example_complex.py
[2025-01-27T11:52:13.687+0000] {logging_mixin.py:190} INFO - [2025-01-27T11:52:13.687+0000] {dag.py:3239} INFO - Sync 1 DAGs
[2025-01-27T11:52:13.713+0000] {logging_mixin.py:190} INFO - [2025-01-27T11:52:13.713+0000] {dag.py:4180} INFO - Setting next_dagrun for example_complex to None, run_after=None
[2025-01-27T11:52:13.744+0000] {processor.py:208} INFO - Processing /home/airflow/.local/lib/python3.12/site-packages/airflow/example_dags/example_complex.py took 0.205 seconds
[2025-01-27T11:52:44.052+0000] {processor.py:186} INFO - Started process (PID=8930) to work on /home/airflow/.local/lib/python3.12/site-packages/airflow/example_dags/example_complex.py
[2025-01-27T11:52:44.053+0000] {processor.py:914} INFO - Processing file /home/airflow/.local/lib/python3.12/site-packages/airflow/example_dags/example_complex.py for tasks to queue
[2025-01-27T11:52:44.056+0000] {logging_mixin.py:190} INFO - [2025-01-27T11:52:44.055+0000] {dagbag.py:588} INFO - Filling up the DagBag from /home/airflow/.local/lib/python3.12/site-packages/airflow/example_dags/example_complex.py
[2025-01-27T11:52:44.073+0000] {processor.py:925} INFO - DAG(s) 'example_complex' retrieved from /home/airflow/.local/lib/python3.12/site-packages/airflow/example_dags/example_complex.py
[2025-01-27T11:52:44.119+0000] {logging_mixin.py:190} INFO - [2025-01-27T11:52:44.118+0000] {dag.py:3239} INFO - Sync 1 DAGs
[2025-01-27T11:52:44.142+0000] {logging_mixin.py:190} INFO - [2025-01-27T11:52:44.141+0000] {dag.py:4180} INFO - Setting next_dagrun for example_complex to None, run_after=None
[2025-01-27T11:52:44.170+0000] {processor.py:208} INFO - Processing /home/airflow/.local/lib/python3.12/site-packages/airflow/example_dags/example_complex.py took 0.128 seconds
