[2025-01-27T12:19:39.838+0000] {processor.py:186} INFO - Started process (PID=284) to work on /home/airflow/.local/lib/python3.12/site-packages/airflow/example_dags/example_latest_only_with_trigger.py
[2025-01-27T12:19:39.850+0000] {processor.py:914} INFO - Processing file /home/airflow/.local/lib/python3.12/site-packages/airflow/example_dags/example_latest_only_with_trigger.py for tasks to queue
[2025-01-27T12:19:39.857+0000] {logging_mixin.py:190} INFO - [2025-01-27T12:19:39.856+0000] {dagbag.py:588} INFO - Filling up the DagBag from /home/airflow/.local/lib/python3.12/site-packages/airflow/example_dags/example_latest_only_with_trigger.py
[2025-01-27T12:19:39.911+0000] {processor.py:925} INFO - DAG(s) 'latest_only_with_trigger' retrieved from /home/airflow/.local/lib/python3.12/site-packages/airflow/example_dags/example_latest_only_with_trigger.py
[2025-01-27T12:19:40.882+0000] {logging_mixin.py:190} INFO - [2025-01-27T12:19:40.881+0000] {override.py:1911} INFO - Created Permission View: can read on DAG:latest_only_with_trigger
[2025-01-27T12:19:41.003+0000] {logging_mixin.py:190} INFO - [2025-01-27T12:19:41.002+0000] {override.py:1911} INFO - Created Permission View: can delete on DAG:latest_only_with_trigger
[2025-01-27T12:19:41.065+0000] {logging_mixin.py:190} INFO - [2025-01-27T12:19:41.064+0000] {override.py:1911} INFO - Created Permission View: can edit on DAG:latest_only_with_trigger
[2025-01-27T12:19:41.133+0000] {logging_mixin.py:190} INFO - [2025-01-27T12:19:41.133+0000] {override.py:1911} INFO - Created Permission View: can read on DAG Run:latest_only_with_trigger
[2025-01-27T12:19:41.206+0000] {logging_mixin.py:190} INFO - [2025-01-27T12:19:41.206+0000] {override.py:1911} INFO - Created Permission View: can create on DAG Run:latest_only_with_trigger
[2025-01-27T12:19:41.266+0000] {logging_mixin.py:190} INFO - [2025-01-27T12:19:41.265+0000] {override.py:1911} INFO - Created Permission View: menu access on DAG Run:latest_only_with_trigger
[2025-01-27T12:19:41.314+0000] {logging_mixin.py:190} INFO - [2025-01-27T12:19:41.313+0000] {override.py:1911} INFO - Created Permission View: can delete on DAG Run:latest_only_with_trigger
[2025-01-27T12:19:41.317+0000] {logging_mixin.py:190} INFO - [2025-01-27T12:19:41.316+0000] {dag.py:3239} INFO - Sync 1 DAGs
[2025-01-27T12:19:41.420+0000] {logging_mixin.py:190} INFO - [2025-01-27T12:19:41.419+0000] {dag.py:3262} INFO - Creating ORM DAG for latest_only_with_trigger
[2025-01-27T12:19:41.500+0000] {logging_mixin.py:190} INFO - [2025-01-27T12:19:41.499+0000] {dag.py:4180} INFO - Setting next_dagrun for latest_only_with_trigger to 2025-01-27 08:00:00+00:00, run_after=2025-01-27 12:00:00+00:00
[2025-01-27T12:19:41.646+0000] {processor.py:208} INFO - Processing /home/airflow/.local/lib/python3.12/site-packages/airflow/example_dags/example_latest_only_with_trigger.py took 1.848 seconds
[2025-01-27T12:20:12.633+0000] {processor.py:186} INFO - Started process (PID=574) to work on /home/airflow/.local/lib/python3.12/site-packages/airflow/example_dags/example_latest_only_with_trigger.py
[2025-01-27T12:20:12.635+0000] {processor.py:914} INFO - Processing file /home/airflow/.local/lib/python3.12/site-packages/airflow/example_dags/example_latest_only_with_trigger.py for tasks to queue
[2025-01-27T12:20:12.639+0000] {logging_mixin.py:190} INFO - [2025-01-27T12:20:12.639+0000] {dagbag.py:588} INFO - Filling up the DagBag from /home/airflow/.local/lib/python3.12/site-packages/airflow/example_dags/example_latest_only_with_trigger.py
[2025-01-27T12:20:12.657+0000] {processor.py:925} INFO - DAG(s) 'latest_only_with_trigger' retrieved from /home/airflow/.local/lib/python3.12/site-packages/airflow/example_dags/example_latest_only_with_trigger.py
[2025-01-27T12:20:12.695+0000] {logging_mixin.py:190} INFO - [2025-01-27T12:20:12.695+0000] {dag.py:3239} INFO - Sync 1 DAGs
[2025-01-27T12:20:12.747+0000] {logging_mixin.py:190} INFO - [2025-01-27T12:20:12.746+0000] {dag.py:4180} INFO - Setting next_dagrun for latest_only_with_trigger to 2025-01-27 08:00:00+00:00, run_after=2025-01-27 12:00:00+00:00
[2025-01-27T12:20:12.788+0000] {processor.py:208} INFO - Processing /home/airflow/.local/lib/python3.12/site-packages/airflow/example_dags/example_latest_only_with_trigger.py took 0.172 seconds
[2025-01-27T12:20:45.043+0000] {processor.py:186} INFO - Started process (PID=865) to work on /home/airflow/.local/lib/python3.12/site-packages/airflow/example_dags/example_latest_only_with_trigger.py
[2025-01-27T12:20:45.046+0000] {processor.py:914} INFO - Processing file /home/airflow/.local/lib/python3.12/site-packages/airflow/example_dags/example_latest_only_with_trigger.py for tasks to queue
[2025-01-27T12:20:45.051+0000] {logging_mixin.py:190} INFO - [2025-01-27T12:20:45.050+0000] {dagbag.py:588} INFO - Filling up the DagBag from /home/airflow/.local/lib/python3.12/site-packages/airflow/example_dags/example_latest_only_with_trigger.py
[2025-01-27T12:20:45.074+0000] {processor.py:925} INFO - DAG(s) 'latest_only_with_trigger' retrieved from /home/airflow/.local/lib/python3.12/site-packages/airflow/example_dags/example_latest_only_with_trigger.py
[2025-01-27T12:20:45.122+0000] {logging_mixin.py:190} INFO - [2025-01-27T12:20:45.121+0000] {dag.py:3239} INFO - Sync 1 DAGs
[2025-01-27T12:20:45.176+0000] {logging_mixin.py:190} INFO - [2025-01-27T12:20:45.176+0000] {dag.py:4180} INFO - Setting next_dagrun for latest_only_with_trigger to 2025-01-27 08:00:00+00:00, run_after=2025-01-27 12:00:00+00:00
[2025-01-27T12:20:45.215+0000] {processor.py:208} INFO - Processing /home/airflow/.local/lib/python3.12/site-packages/airflow/example_dags/example_latest_only_with_trigger.py took 0.190 seconds
[2025-01-27T12:21:15.287+0000] {processor.py:186} INFO - Started process (PID=1151) to work on /home/airflow/.local/lib/python3.12/site-packages/airflow/example_dags/example_latest_only_with_trigger.py
[2025-01-27T12:21:15.289+0000] {processor.py:914} INFO - Processing file /home/airflow/.local/lib/python3.12/site-packages/airflow/example_dags/example_latest_only_with_trigger.py for tasks to queue
[2025-01-27T12:21:15.293+0000] {logging_mixin.py:190} INFO - [2025-01-27T12:21:15.292+0000] {dagbag.py:588} INFO - Filling up the DagBag from /home/airflow/.local/lib/python3.12/site-packages/airflow/example_dags/example_latest_only_with_trigger.py
[2025-01-27T12:21:15.311+0000] {processor.py:925} INFO - DAG(s) 'latest_only_with_trigger' retrieved from /home/airflow/.local/lib/python3.12/site-packages/airflow/example_dags/example_latest_only_with_trigger.py
[2025-01-27T12:21:15.349+0000] {logging_mixin.py:190} INFO - [2025-01-27T12:21:15.349+0000] {dag.py:3239} INFO - Sync 1 DAGs
[2025-01-27T12:21:15.394+0000] {logging_mixin.py:190} INFO - [2025-01-27T12:21:15.394+0000] {dag.py:4180} INFO - Setting next_dagrun for latest_only_with_trigger to 2025-01-27 08:00:00+00:00, run_after=2025-01-27 12:00:00+00:00
[2025-01-27T12:21:15.430+0000] {processor.py:208} INFO - Processing /home/airflow/.local/lib/python3.12/site-packages/airflow/example_dags/example_latest_only_with_trigger.py took 0.155 seconds
[2025-01-27T12:21:45.637+0000] {processor.py:186} INFO - Started process (PID=1440) to work on /home/airflow/.local/lib/python3.12/site-packages/airflow/example_dags/example_latest_only_with_trigger.py
[2025-01-27T12:21:45.640+0000] {processor.py:914} INFO - Processing file /home/airflow/.local/lib/python3.12/site-packages/airflow/example_dags/example_latest_only_with_trigger.py for tasks to queue
[2025-01-27T12:21:45.645+0000] {logging_mixin.py:190} INFO - [2025-01-27T12:21:45.644+0000] {dagbag.py:588} INFO - Filling up the DagBag from /home/airflow/.local/lib/python3.12/site-packages/airflow/example_dags/example_latest_only_with_trigger.py
[2025-01-27T12:21:45.662+0000] {processor.py:925} INFO - DAG(s) 'latest_only_with_trigger' retrieved from /home/airflow/.local/lib/python3.12/site-packages/airflow/example_dags/example_latest_only_with_trigger.py
[2025-01-27T12:21:45.701+0000] {logging_mixin.py:190} INFO - [2025-01-27T12:21:45.700+0000] {dag.py:3239} INFO - Sync 1 DAGs
[2025-01-27T12:21:45.750+0000] {logging_mixin.py:190} INFO - [2025-01-27T12:21:45.749+0000] {dag.py:4180} INFO - Setting next_dagrun for latest_only_with_trigger to 2025-01-27 08:00:00+00:00, run_after=2025-01-27 12:00:00+00:00
[2025-01-27T12:21:45.787+0000] {processor.py:208} INFO - Processing /home/airflow/.local/lib/python3.12/site-packages/airflow/example_dags/example_latest_only_with_trigger.py took 0.165 seconds
[2025-01-27T12:22:16.568+0000] {processor.py:186} INFO - Started process (PID=1733) to work on /home/airflow/.local/lib/python3.12/site-packages/airflow/example_dags/example_latest_only_with_trigger.py
[2025-01-27T12:22:16.569+0000] {processor.py:914} INFO - Processing file /home/airflow/.local/lib/python3.12/site-packages/airflow/example_dags/example_latest_only_with_trigger.py for tasks to queue
[2025-01-27T12:22:16.573+0000] {logging_mixin.py:190} INFO - [2025-01-27T12:22:16.572+0000] {dagbag.py:588} INFO - Filling up the DagBag from /home/airflow/.local/lib/python3.12/site-packages/airflow/example_dags/example_latest_only_with_trigger.py
[2025-01-27T12:22:16.586+0000] {processor.py:925} INFO - DAG(s) 'latest_only_with_trigger' retrieved from /home/airflow/.local/lib/python3.12/site-packages/airflow/example_dags/example_latest_only_with_trigger.py
[2025-01-27T12:22:16.622+0000] {logging_mixin.py:190} INFO - [2025-01-27T12:22:16.621+0000] {dag.py:3239} INFO - Sync 1 DAGs
[2025-01-27T12:22:16.676+0000] {logging_mixin.py:190} INFO - [2025-01-27T12:22:16.675+0000] {dag.py:4180} INFO - Setting next_dagrun for latest_only_with_trigger to 2025-01-27 08:00:00+00:00, run_after=2025-01-27 12:00:00+00:00
[2025-01-27T12:22:16.708+0000] {processor.py:208} INFO - Processing /home/airflow/.local/lib/python3.12/site-packages/airflow/example_dags/example_latest_only_with_trigger.py took 0.150 seconds
[2025-01-27T12:22:47.227+0000] {processor.py:186} INFO - Started process (PID=2029) to work on /home/airflow/.local/lib/python3.12/site-packages/airflow/example_dags/example_latest_only_with_trigger.py
[2025-01-27T12:22:47.229+0000] {processor.py:914} INFO - Processing file /home/airflow/.local/lib/python3.12/site-packages/airflow/example_dags/example_latest_only_with_trigger.py for tasks to queue
[2025-01-27T12:22:47.233+0000] {logging_mixin.py:190} INFO - [2025-01-27T12:22:47.232+0000] {dagbag.py:588} INFO - Filling up the DagBag from /home/airflow/.local/lib/python3.12/site-packages/airflow/example_dags/example_latest_only_with_trigger.py
[2025-01-27T12:22:47.246+0000] {processor.py:925} INFO - DAG(s) 'latest_only_with_trigger' retrieved from /home/airflow/.local/lib/python3.12/site-packages/airflow/example_dags/example_latest_only_with_trigger.py
[2025-01-27T12:22:47.281+0000] {logging_mixin.py:190} INFO - [2025-01-27T12:22:47.281+0000] {dag.py:3239} INFO - Sync 1 DAGs
[2025-01-27T12:22:47.320+0000] {logging_mixin.py:190} INFO - [2025-01-27T12:22:47.319+0000] {dag.py:4180} INFO - Setting next_dagrun for latest_only_with_trigger to 2025-01-27 08:00:00+00:00, run_after=2025-01-27 12:00:00+00:00
[2025-01-27T12:22:47.343+0000] {processor.py:208} INFO - Processing /home/airflow/.local/lib/python3.12/site-packages/airflow/example_dags/example_latest_only_with_trigger.py took 0.131 seconds
[2025-01-27T12:23:17.848+0000] {processor.py:186} INFO - Started process (PID=2315) to work on /home/airflow/.local/lib/python3.12/site-packages/airflow/example_dags/example_latest_only_with_trigger.py
[2025-01-27T12:23:17.850+0000] {processor.py:914} INFO - Processing file /home/airflow/.local/lib/python3.12/site-packages/airflow/example_dags/example_latest_only_with_trigger.py for tasks to queue
[2025-01-27T12:23:17.854+0000] {logging_mixin.py:190} INFO - [2025-01-27T12:23:17.853+0000] {dagbag.py:588} INFO - Filling up the DagBag from /home/airflow/.local/lib/python3.12/site-packages/airflow/example_dags/example_latest_only_with_trigger.py
[2025-01-27T12:23:17.869+0000] {processor.py:925} INFO - DAG(s) 'latest_only_with_trigger' retrieved from /home/airflow/.local/lib/python3.12/site-packages/airflow/example_dags/example_latest_only_with_trigger.py
[2025-01-27T12:23:17.901+0000] {logging_mixin.py:190} INFO - [2025-01-27T12:23:17.901+0000] {dag.py:3239} INFO - Sync 1 DAGs
[2025-01-27T12:23:17.948+0000] {logging_mixin.py:190} INFO - [2025-01-27T12:23:17.948+0000] {dag.py:4180} INFO - Setting next_dagrun for latest_only_with_trigger to 2025-01-27 08:00:00+00:00, run_after=2025-01-27 12:00:00+00:00
[2025-01-27T12:23:17.984+0000] {processor.py:208} INFO - Processing /home/airflow/.local/lib/python3.12/site-packages/airflow/example_dags/example_latest_only_with_trigger.py took 0.147 seconds
[2025-01-27T12:23:48.787+0000] {processor.py:186} INFO - Started process (PID=2605) to work on /home/airflow/.local/lib/python3.12/site-packages/airflow/example_dags/example_latest_only_with_trigger.py
[2025-01-27T12:23:48.789+0000] {processor.py:914} INFO - Processing file /home/airflow/.local/lib/python3.12/site-packages/airflow/example_dags/example_latest_only_with_trigger.py for tasks to queue
[2025-01-27T12:23:48.794+0000] {logging_mixin.py:190} INFO - [2025-01-27T12:23:48.793+0000] {dagbag.py:588} INFO - Filling up the DagBag from /home/airflow/.local/lib/python3.12/site-packages/airflow/example_dags/example_latest_only_with_trigger.py
[2025-01-27T12:23:48.820+0000] {processor.py:925} INFO - DAG(s) 'latest_only_with_trigger' retrieved from /home/airflow/.local/lib/python3.12/site-packages/airflow/example_dags/example_latest_only_with_trigger.py
[2025-01-27T12:23:48.870+0000] {logging_mixin.py:190} INFO - [2025-01-27T12:23:48.870+0000] {dag.py:3239} INFO - Sync 1 DAGs
[2025-01-27T12:23:48.917+0000] {logging_mixin.py:190} INFO - [2025-01-27T12:23:48.916+0000] {dag.py:4180} INFO - Setting next_dagrun for latest_only_with_trigger to 2025-01-27 08:00:00+00:00, run_after=2025-01-27 12:00:00+00:00
[2025-01-27T12:23:48.957+0000] {processor.py:208} INFO - Processing /home/airflow/.local/lib/python3.12/site-packages/airflow/example_dags/example_latest_only_with_trigger.py took 0.187 seconds
