[2025-01-27T12:19:29.230+0000] {processor.py:186} INFO - Started process (PID=238) to work on /home/airflow/.local/lib/python3.12/site-packages/airflow/example_dags/example_dag_decorator.py
[2025-01-27T12:19:29.233+0000] {processor.py:914} INFO - Processing file /home/airflow/.local/lib/python3.12/site-packages/airflow/example_dags/example_dag_decorator.py for tasks to queue
[2025-01-27T12:19:29.247+0000] {logging_mixin.py:190} INFO - [2025-01-27T12:19:29.246+0000] {dagbag.py:588} INFO - Filling up the DagBag from /home/airflow/.local/lib/python3.12/site-packages/airflow/example_dags/example_dag_decorator.py
[2025-01-27T12:19:29.306+0000] {processor.py:925} INFO - DAG(s) 'example_dag_decorator' retrieved from /home/airflow/.local/lib/python3.12/site-packages/airflow/example_dags/example_dag_decorator.py
[2025-01-27T12:19:29.665+0000] {logging_mixin.py:190} INFO - [2025-01-27T12:19:29.664+0000] {override.py:1911} INFO - Created Permission View: can read on DAG:example_dag_decorator
[2025-01-27T12:19:29.689+0000] {logging_mixin.py:190} INFO - [2025-01-27T12:19:29.689+0000] {override.py:1911} INFO - Created Permission View: can delete on DAG:example_dag_decorator
[2025-01-27T12:19:29.717+0000] {logging_mixin.py:190} INFO - [2025-01-27T12:19:29.716+0000] {override.py:1911} INFO - Created Permission View: can edit on DAG:example_dag_decorator
[2025-01-27T12:19:29.745+0000] {logging_mixin.py:190} INFO - [2025-01-27T12:19:29.744+0000] {override.py:1911} INFO - Created Permission View: can read on DAG Run:example_dag_decorator
[2025-01-27T12:19:29.773+0000] {logging_mixin.py:190} INFO - [2025-01-27T12:19:29.773+0000] {override.py:1911} INFO - Created Permission View: can create on DAG Run:example_dag_decorator
[2025-01-27T12:19:29.788+0000] {logging_mixin.py:190} INFO - [2025-01-27T12:19:29.787+0000] {override.py:1911} INFO - Created Permission View: menu access on DAG Run:example_dag_decorator
[2025-01-27T12:19:29.803+0000] {logging_mixin.py:190} INFO - [2025-01-27T12:19:29.803+0000] {override.py:1911} INFO - Created Permission View: can delete on DAG Run:example_dag_decorator
[2025-01-27T12:19:29.805+0000] {logging_mixin.py:190} INFO - [2025-01-27T12:19:29.804+0000] {dag.py:3239} INFO - Sync 1 DAGs
[2025-01-27T12:19:29.856+0000] {logging_mixin.py:190} INFO - [2025-01-27T12:19:29.855+0000] {dag.py:3262} INFO - Creating ORM DAG for example_dag_decorator
[2025-01-27T12:19:29.858+0000] {logging_mixin.py:190} INFO - [2025-01-27T12:19:29.857+0000] {dag.py:4180} INFO - Setting next_dagrun for example_dag_decorator to None, run_after=None
[2025-01-27T12:19:29.905+0000] {processor.py:208} INFO - Processing /home/airflow/.local/lib/python3.12/site-packages/airflow/example_dags/example_dag_decorator.py took 0.700 seconds
[2025-01-27T12:20:06.780+0000] {processor.py:186} INFO - Started process (PID=536) to work on /home/airflow/.local/lib/python3.12/site-packages/airflow/example_dags/example_dag_decorator.py
[2025-01-27T12:20:06.782+0000] {processor.py:914} INFO - Processing file /home/airflow/.local/lib/python3.12/site-packages/airflow/example_dags/example_dag_decorator.py for tasks to queue
[2025-01-27T12:20:06.787+0000] {logging_mixin.py:190} INFO - [2025-01-27T12:20:06.787+0000] {dagbag.py:588} INFO - Filling up the DagBag from /home/airflow/.local/lib/python3.12/site-packages/airflow/example_dags/example_dag_decorator.py
[2025-01-27T12:20:06.822+0000] {processor.py:925} INFO - DAG(s) 'example_dag_decorator' retrieved from /home/airflow/.local/lib/python3.12/site-packages/airflow/example_dags/example_dag_decorator.py
[2025-01-27T12:20:07.152+0000] {logging_mixin.py:190} INFO - [2025-01-27T12:20:07.151+0000] {dag.py:3239} INFO - Sync 1 DAGs
[2025-01-27T12:20:07.177+0000] {logging_mixin.py:190} INFO - [2025-01-27T12:20:07.176+0000] {dag.py:4180} INFO - Setting next_dagrun for example_dag_decorator to None, run_after=None
[2025-01-27T12:20:07.213+0000] {processor.py:208} INFO - Processing /home/airflow/.local/lib/python3.12/site-packages/airflow/example_dags/example_dag_decorator.py took 0.452 seconds
[2025-01-27T12:20:37.322+0000] {processor.py:186} INFO - Started process (PID=825) to work on /home/airflow/.local/lib/python3.12/site-packages/airflow/example_dags/example_dag_decorator.py
[2025-01-27T12:20:37.329+0000] {processor.py:914} INFO - Processing file /home/airflow/.local/lib/python3.12/site-packages/airflow/example_dags/example_dag_decorator.py for tasks to queue
[2025-01-27T12:20:37.336+0000] {logging_mixin.py:190} INFO - [2025-01-27T12:20:37.335+0000] {dagbag.py:588} INFO - Filling up the DagBag from /home/airflow/.local/lib/python3.12/site-packages/airflow/example_dags/example_dag_decorator.py
[2025-01-27T12:20:37.381+0000] {processor.py:925} INFO - DAG(s) 'example_dag_decorator' retrieved from /home/airflow/.local/lib/python3.12/site-packages/airflow/example_dags/example_dag_decorator.py
[2025-01-27T12:20:37.906+0000] {logging_mixin.py:190} INFO - [2025-01-27T12:20:37.902+0000] {dag.py:3239} INFO - Sync 1 DAGs
[2025-01-27T12:20:37.968+0000] {logging_mixin.py:190} INFO - [2025-01-27T12:20:37.968+0000] {dag.py:4180} INFO - Setting next_dagrun for example_dag_decorator to None, run_after=None
[2025-01-27T12:20:38.100+0000] {processor.py:208} INFO - Processing /home/airflow/.local/lib/python3.12/site-packages/airflow/example_dags/example_dag_decorator.py took 0.804 seconds
[2025-01-27T12:21:09.150+0000] {processor.py:186} INFO - Started process (PID=1113) to work on /home/airflow/.local/lib/python3.12/site-packages/airflow/example_dags/example_dag_decorator.py
[2025-01-27T12:21:09.166+0000] {processor.py:914} INFO - Processing file /home/airflow/.local/lib/python3.12/site-packages/airflow/example_dags/example_dag_decorator.py for tasks to queue
[2025-01-27T12:21:09.174+0000] {logging_mixin.py:190} INFO - [2025-01-27T12:21:09.173+0000] {dagbag.py:588} INFO - Filling up the DagBag from /home/airflow/.local/lib/python3.12/site-packages/airflow/example_dags/example_dag_decorator.py
[2025-01-27T12:21:09.229+0000] {processor.py:925} INFO - DAG(s) 'example_dag_decorator' retrieved from /home/airflow/.local/lib/python3.12/site-packages/airflow/example_dags/example_dag_decorator.py
[2025-01-27T12:21:09.859+0000] {logging_mixin.py:190} INFO - [2025-01-27T12:21:09.858+0000] {dag.py:3239} INFO - Sync 1 DAGs
[2025-01-27T12:21:09.883+0000] {logging_mixin.py:190} INFO - [2025-01-27T12:21:09.883+0000] {dag.py:4180} INFO - Setting next_dagrun for example_dag_decorator to None, run_after=None
[2025-01-27T12:21:09.919+0000] {processor.py:208} INFO - Processing /home/airflow/.local/lib/python3.12/site-packages/airflow/example_dags/example_dag_decorator.py took 0.791 seconds
[2025-01-27T12:21:40.156+0000] {processor.py:186} INFO - Started process (PID=1403) to work on /home/airflow/.local/lib/python3.12/site-packages/airflow/example_dags/example_dag_decorator.py
[2025-01-27T12:21:40.166+0000] {processor.py:914} INFO - Processing file /home/airflow/.local/lib/python3.12/site-packages/airflow/example_dags/example_dag_decorator.py for tasks to queue
[2025-01-27T12:21:40.192+0000] {logging_mixin.py:190} INFO - [2025-01-27T12:21:40.191+0000] {dagbag.py:588} INFO - Filling up the DagBag from /home/airflow/.local/lib/python3.12/site-packages/airflow/example_dags/example_dag_decorator.py
[2025-01-27T12:21:40.288+0000] {processor.py:925} INFO - DAG(s) 'example_dag_decorator' retrieved from /home/airflow/.local/lib/python3.12/site-packages/airflow/example_dags/example_dag_decorator.py
[2025-01-27T12:21:41.134+0000] {logging_mixin.py:190} INFO - [2025-01-27T12:21:41.133+0000] {dag.py:3239} INFO - Sync 1 DAGs
[2025-01-27T12:21:41.226+0000] {logging_mixin.py:190} INFO - [2025-01-27T12:21:41.226+0000] {dag.py:4180} INFO - Setting next_dagrun for example_dag_decorator to None, run_after=None
[2025-01-27T12:21:41.372+0000] {processor.py:208} INFO - Processing /home/airflow/.local/lib/python3.12/site-packages/airflow/example_dags/example_dag_decorator.py took 1.255 seconds
[2025-01-27T12:22:11.583+0000] {processor.py:186} INFO - Started process (PID=1698) to work on /home/airflow/.local/lib/python3.12/site-packages/airflow/example_dags/example_dag_decorator.py
[2025-01-27T12:22:11.585+0000] {processor.py:914} INFO - Processing file /home/airflow/.local/lib/python3.12/site-packages/airflow/example_dags/example_dag_decorator.py for tasks to queue
[2025-01-27T12:22:11.588+0000] {logging_mixin.py:190} INFO - [2025-01-27T12:22:11.588+0000] {dagbag.py:588} INFO - Filling up the DagBag from /home/airflow/.local/lib/python3.12/site-packages/airflow/example_dags/example_dag_decorator.py
[2025-01-27T12:22:11.607+0000] {processor.py:925} INFO - DAG(s) 'example_dag_decorator' retrieved from /home/airflow/.local/lib/python3.12/site-packages/airflow/example_dags/example_dag_decorator.py
[2025-01-27T12:22:11.844+0000] {logging_mixin.py:190} INFO - [2025-01-27T12:22:11.844+0000] {dag.py:3239} INFO - Sync 1 DAGs
[2025-01-27T12:22:11.869+0000] {logging_mixin.py:190} INFO - [2025-01-27T12:22:11.869+0000] {dag.py:4180} INFO - Setting next_dagrun for example_dag_decorator to None, run_after=None
[2025-01-27T12:22:11.905+0000] {processor.py:208} INFO - Processing /home/airflow/.local/lib/python3.12/site-packages/airflow/example_dags/example_dag_decorator.py took 0.340 seconds
[2025-01-27T12:22:42.326+0000] {processor.py:186} INFO - Started process (PID=1994) to work on /home/airflow/.local/lib/python3.12/site-packages/airflow/example_dags/example_dag_decorator.py
[2025-01-27T12:22:42.328+0000] {processor.py:914} INFO - Processing file /home/airflow/.local/lib/python3.12/site-packages/airflow/example_dags/example_dag_decorator.py for tasks to queue
[2025-01-27T12:22:42.332+0000] {logging_mixin.py:190} INFO - [2025-01-27T12:22:42.332+0000] {dagbag.py:588} INFO - Filling up the DagBag from /home/airflow/.local/lib/python3.12/site-packages/airflow/example_dags/example_dag_decorator.py
[2025-01-27T12:22:42.362+0000] {processor.py:925} INFO - DAG(s) 'example_dag_decorator' retrieved from /home/airflow/.local/lib/python3.12/site-packages/airflow/example_dags/example_dag_decorator.py
[2025-01-27T12:22:42.564+0000] {logging_mixin.py:190} INFO - [2025-01-27T12:22:42.564+0000] {dag.py:3239} INFO - Sync 1 DAGs
[2025-01-27T12:22:42.591+0000] {logging_mixin.py:190} INFO - [2025-01-27T12:22:42.591+0000] {dag.py:4180} INFO - Setting next_dagrun for example_dag_decorator to None, run_after=None
[2025-01-27T12:22:42.624+0000] {processor.py:208} INFO - Processing /home/airflow/.local/lib/python3.12/site-packages/airflow/example_dags/example_dag_decorator.py took 0.314 seconds
[2025-01-27T12:23:14.731+0000] {processor.py:186} INFO - Started process (PID=2290) to work on /home/airflow/.local/lib/python3.12/site-packages/airflow/example_dags/example_dag_decorator.py
[2025-01-27T12:23:14.735+0000] {processor.py:914} INFO - Processing file /home/airflow/.local/lib/python3.12/site-packages/airflow/example_dags/example_dag_decorator.py for tasks to queue
[2025-01-27T12:23:14.742+0000] {logging_mixin.py:190} INFO - [2025-01-27T12:23:14.740+0000] {dagbag.py:588} INFO - Filling up the DagBag from /home/airflow/.local/lib/python3.12/site-packages/airflow/example_dags/example_dag_decorator.py
[2025-01-27T12:23:14.800+0000] {processor.py:925} INFO - DAG(s) 'example_dag_decorator' retrieved from /home/airflow/.local/lib/python3.12/site-packages/airflow/example_dags/example_dag_decorator.py
[2025-01-27T12:23:15.222+0000] {logging_mixin.py:190} INFO - [2025-01-27T12:23:15.222+0000] {dag.py:3239} INFO - Sync 1 DAGs
[2025-01-27T12:23:15.250+0000] {logging_mixin.py:190} INFO - [2025-01-27T12:23:15.249+0000] {dag.py:4180} INFO - Setting next_dagrun for example_dag_decorator to None, run_after=None
[2025-01-27T12:23:15.303+0000] {processor.py:208} INFO - Processing /home/airflow/.local/lib/python3.12/site-packages/airflow/example_dags/example_dag_decorator.py took 0.607 seconds
[2025-01-27T12:23:46.132+0000] {processor.py:186} INFO - Started process (PID=2577) to work on /home/airflow/.local/lib/python3.12/site-packages/airflow/example_dags/example_dag_decorator.py
[2025-01-27T12:23:46.134+0000] {processor.py:914} INFO - Processing file /home/airflow/.local/lib/python3.12/site-packages/airflow/example_dags/example_dag_decorator.py for tasks to queue
[2025-01-27T12:23:46.139+0000] {logging_mixin.py:190} INFO - [2025-01-27T12:23:46.138+0000] {dagbag.py:588} INFO - Filling up the DagBag from /home/airflow/.local/lib/python3.12/site-packages/airflow/example_dags/example_dag_decorator.py
[2025-01-27T12:23:46.157+0000] {processor.py:925} INFO - DAG(s) 'example_dag_decorator' retrieved from /home/airflow/.local/lib/python3.12/site-packages/airflow/example_dags/example_dag_decorator.py
[2025-01-27T12:23:46.373+0000] {logging_mixin.py:190} INFO - [2025-01-27T12:23:46.372+0000] {dag.py:3239} INFO - Sync 1 DAGs
[2025-01-27T12:23:46.391+0000] {logging_mixin.py:190} INFO - [2025-01-27T12:23:46.390+0000] {dag.py:4180} INFO - Setting next_dagrun for example_dag_decorator to None, run_after=None
[2025-01-27T12:23:46.422+0000] {processor.py:208} INFO - Processing /home/airflow/.local/lib/python3.12/site-packages/airflow/example_dags/example_dag_decorator.py took 0.299 seconds
