[2025-01-27T11:29:51.503+0000] {processor.py:186} INFO - Started process (PID=83) to work on /home/airflow/.local/lib/python3.12/site-packages/airflow/example_dags/example_xcomargs.py
[2025-01-27T11:29:51.504+0000] {processor.py:914} INFO - Processing file /home/airflow/.local/lib/python3.12/site-packages/airflow/example_dags/example_xcomargs.py for tasks to queue
[2025-01-27T11:29:51.509+0000] {logging_mixin.py:190} INFO - [2025-01-27T11:29:51.508+0000] {dagbag.py:588} INFO - Filling up the DagBag from /home/airflow/.local/lib/python3.12/site-packages/airflow/example_dags/example_xcomargs.py
[2025-01-27T11:29:51.530+0000] {processor.py:925} INFO - DAG(s) 'example_xcom_args_with_operators', 'example_xcom_args' retrieved from /home/airflow/.local/lib/python3.12/site-packages/airflow/example_dags/example_xcomargs.py
[2025-01-27T11:29:51.575+0000] {logging_mixin.py:190} INFO - [2025-01-27T11:29:51.575+0000] {dag.py:3239} INFO - Sync 2 DAGs
[2025-01-27T11:29:51.606+0000] {logging_mixin.py:190} INFO - [2025-01-27T11:29:51.606+0000] {dag.py:4180} INFO - Setting next_dagrun for example_xcom_args to None, run_after=None
[2025-01-27T11:29:51.611+0000] {logging_mixin.py:190} INFO - [2025-01-27T11:29:51.611+0000] {dag.py:4180} INFO - Setting next_dagrun for example_xcom_args_with_operators to None, run_after=None
[2025-01-27T11:29:51.646+0000] {processor.py:208} INFO - Processing /home/airflow/.local/lib/python3.12/site-packages/airflow/example_dags/example_xcomargs.py took 0.154 seconds
[2025-01-27T11:30:22.694+0000] {processor.py:186} INFO - Started process (PID=147) to work on /home/airflow/.local/lib/python3.12/site-packages/airflow/example_dags/example_xcomargs.py
[2025-01-27T11:30:22.696+0000] {processor.py:914} INFO - Processing file /home/airflow/.local/lib/python3.12/site-packages/airflow/example_dags/example_xcomargs.py for tasks to queue
[2025-01-27T11:30:22.700+0000] {logging_mixin.py:190} INFO - [2025-01-27T11:30:22.699+0000] {dagbag.py:588} INFO - Filling up the DagBag from /home/airflow/.local/lib/python3.12/site-packages/airflow/example_dags/example_xcomargs.py
[2025-01-27T11:30:22.717+0000] {processor.py:925} INFO - DAG(s) 'example_xcom_args', 'example_xcom_args_with_operators' retrieved from /home/airflow/.local/lib/python3.12/site-packages/airflow/example_dags/example_xcomargs.py
[2025-01-27T11:30:22.757+0000] {logging_mixin.py:190} INFO - [2025-01-27T11:30:22.757+0000] {dag.py:3239} INFO - Sync 2 DAGs
[2025-01-27T11:30:22.787+0000] {logging_mixin.py:190} INFO - [2025-01-27T11:30:22.787+0000] {dag.py:4180} INFO - Setting next_dagrun for example_xcom_args to None, run_after=None
[2025-01-27T11:30:22.796+0000] {logging_mixin.py:190} INFO - [2025-01-27T11:30:22.795+0000] {dag.py:4180} INFO - Setting next_dagrun for example_xcom_args_with_operators to None, run_after=None
[2025-01-27T11:30:22.824+0000] {processor.py:208} INFO - Processing /home/airflow/.local/lib/python3.12/site-packages/airflow/example_dags/example_xcomargs.py took 0.143 seconds
[2025-01-27T11:30:55.165+0000] {processor.py:186} INFO - Started process (PID=209) to work on /home/airflow/.local/lib/python3.12/site-packages/airflow/example_dags/example_xcomargs.py
[2025-01-27T11:30:55.167+0000] {processor.py:914} INFO - Processing file /home/airflow/.local/lib/python3.12/site-packages/airflow/example_dags/example_xcomargs.py for tasks to queue
[2025-01-27T11:30:55.173+0000] {logging_mixin.py:190} INFO - [2025-01-27T11:30:55.171+0000] {dagbag.py:588} INFO - Filling up the DagBag from /home/airflow/.local/lib/python3.12/site-packages/airflow/example_dags/example_xcomargs.py
[2025-01-27T11:30:55.208+0000] {processor.py:925} INFO - DAG(s) 'example_xcom_args', 'example_xcom_args_with_operators' retrieved from /home/airflow/.local/lib/python3.12/site-packages/airflow/example_dags/example_xcomargs.py
[2025-01-27T11:30:55.287+0000] {logging_mixin.py:190} INFO - [2025-01-27T11:30:55.286+0000] {dag.py:3239} INFO - Sync 2 DAGs
[2025-01-27T11:30:55.334+0000] {logging_mixin.py:190} INFO - [2025-01-27T11:30:55.334+0000] {dag.py:4180} INFO - Setting next_dagrun for example_xcom_args to None, run_after=None
[2025-01-27T11:30:55.344+0000] {logging_mixin.py:190} INFO - [2025-01-27T11:30:55.343+0000] {dag.py:4180} INFO - Setting next_dagrun for example_xcom_args_with_operators to None, run_after=None
[2025-01-27T11:30:55.406+0000] {processor.py:208} INFO - Processing /home/airflow/.local/lib/python3.12/site-packages/airflow/example_dags/example_xcomargs.py took 0.261 seconds
[2025-01-27T11:31:25.595+0000] {processor.py:186} INFO - Started process (PID=272) to work on /home/airflow/.local/lib/python3.12/site-packages/airflow/example_dags/example_xcomargs.py
[2025-01-27T11:31:25.596+0000] {processor.py:914} INFO - Processing file /home/airflow/.local/lib/python3.12/site-packages/airflow/example_dags/example_xcomargs.py for tasks to queue
[2025-01-27T11:31:25.599+0000] {logging_mixin.py:190} INFO - [2025-01-27T11:31:25.599+0000] {dagbag.py:588} INFO - Filling up the DagBag from /home/airflow/.local/lib/python3.12/site-packages/airflow/example_dags/example_xcomargs.py
[2025-01-27T11:31:25.615+0000] {processor.py:925} INFO - DAG(s) 'example_xcom_args_with_operators', 'example_xcom_args' retrieved from /home/airflow/.local/lib/python3.12/site-packages/airflow/example_dags/example_xcomargs.py
[2025-01-27T11:31:25.643+0000] {logging_mixin.py:190} INFO - [2025-01-27T11:31:25.643+0000] {dag.py:3239} INFO - Sync 2 DAGs
[2025-01-27T11:31:25.660+0000] {logging_mixin.py:190} INFO - [2025-01-27T11:31:25.659+0000] {dag.py:4180} INFO - Setting next_dagrun for example_xcom_args to None, run_after=None
[2025-01-27T11:31:25.664+0000] {logging_mixin.py:190} INFO - [2025-01-27T11:31:25.663+0000] {dag.py:4180} INFO - Setting next_dagrun for example_xcom_args_with_operators to None, run_after=None
[2025-01-27T11:31:25.681+0000] {processor.py:208} INFO - Processing /home/airflow/.local/lib/python3.12/site-packages/airflow/example_dags/example_xcomargs.py took 0.094 seconds
[2025-01-27T11:31:57.282+0000] {processor.py:186} INFO - Started process (PID=341) to work on /home/airflow/.local/lib/python3.12/site-packages/airflow/example_dags/example_xcomargs.py
[2025-01-27T11:31:57.284+0000] {processor.py:914} INFO - Processing file /home/airflow/.local/lib/python3.12/site-packages/airflow/example_dags/example_xcomargs.py for tasks to queue
[2025-01-27T11:31:57.288+0000] {logging_mixin.py:190} INFO - [2025-01-27T11:31:57.288+0000] {dagbag.py:588} INFO - Filling up the DagBag from /home/airflow/.local/lib/python3.12/site-packages/airflow/example_dags/example_xcomargs.py
[2025-01-27T11:31:57.316+0000] {processor.py:925} INFO - DAG(s) 'example_xcom_args_with_operators', 'example_xcom_args' retrieved from /home/airflow/.local/lib/python3.12/site-packages/airflow/example_dags/example_xcomargs.py
[2025-01-27T11:31:57.366+0000] {logging_mixin.py:190} INFO - [2025-01-27T11:31:57.366+0000] {dag.py:3239} INFO - Sync 2 DAGs
[2025-01-27T11:31:57.402+0000] {logging_mixin.py:190} INFO - [2025-01-27T11:31:57.401+0000] {dag.py:4180} INFO - Setting next_dagrun for example_xcom_args to None, run_after=None
[2025-01-27T11:31:57.410+0000] {logging_mixin.py:190} INFO - [2025-01-27T11:31:57.410+0000] {dag.py:4180} INFO - Setting next_dagrun for example_xcom_args_with_operators to None, run_after=None
[2025-01-27T11:31:57.451+0000] {processor.py:208} INFO - Processing /home/airflow/.local/lib/python3.12/site-packages/airflow/example_dags/example_xcomargs.py took 0.184 seconds
[2025-01-27T11:37:31.990+0000] {processor.py:186} INFO - Started process (PID=373) to work on /home/airflow/.local/lib/python3.12/site-packages/airflow/example_dags/example_xcomargs.py
[2025-01-27T11:37:31.993+0000] {processor.py:914} INFO - Processing file /home/airflow/.local/lib/python3.12/site-packages/airflow/example_dags/example_xcomargs.py for tasks to queue
[2025-01-27T11:37:31.997+0000] {logging_mixin.py:190} INFO - [2025-01-27T11:37:31.997+0000] {dagbag.py:588} INFO - Filling up the DagBag from /home/airflow/.local/lib/python3.12/site-packages/airflow/example_dags/example_xcomargs.py
[2025-01-27T11:37:32.025+0000] {processor.py:925} INFO - DAG(s) 'example_xcom_args_with_operators', 'example_xcom_args' retrieved from /home/airflow/.local/lib/python3.12/site-packages/airflow/example_dags/example_xcomargs.py
[2025-01-27T11:37:32.070+0000] {logging_mixin.py:190} INFO - [2025-01-27T11:37:32.070+0000] {dag.py:3239} INFO - Sync 2 DAGs
[2025-01-27T11:37:32.128+0000] {logging_mixin.py:190} INFO - [2025-01-27T11:37:32.127+0000] {dag.py:4180} INFO - Setting next_dagrun for example_xcom_args to None, run_after=None
[2025-01-27T11:37:32.163+0000] {logging_mixin.py:190} INFO - [2025-01-27T11:37:32.153+0000] {dag.py:4180} INFO - Setting next_dagrun for example_xcom_args_with_operators to None, run_after=None
[2025-01-27T11:37:32.349+0000] {processor.py:208} INFO - Processing /home/airflow/.local/lib/python3.12/site-packages/airflow/example_dags/example_xcomargs.py took 0.371 seconds
[2025-01-27T11:38:02.965+0000] {processor.py:186} INFO - Started process (PID=659) to work on /home/airflow/.local/lib/python3.12/site-packages/airflow/example_dags/example_xcomargs.py
[2025-01-27T11:38:02.967+0000] {processor.py:914} INFO - Processing file /home/airflow/.local/lib/python3.12/site-packages/airflow/example_dags/example_xcomargs.py for tasks to queue
[2025-01-27T11:38:02.972+0000] {logging_mixin.py:190} INFO - [2025-01-27T11:38:02.972+0000] {dagbag.py:588} INFO - Filling up the DagBag from /home/airflow/.local/lib/python3.12/site-packages/airflow/example_dags/example_xcomargs.py
[2025-01-27T11:38:03.003+0000] {processor.py:925} INFO - DAG(s) 'example_xcom_args', 'example_xcom_args_with_operators' retrieved from /home/airflow/.local/lib/python3.12/site-packages/airflow/example_dags/example_xcomargs.py
[2025-01-27T11:38:03.076+0000] {logging_mixin.py:190} INFO - [2025-01-27T11:38:03.076+0000] {dag.py:3239} INFO - Sync 2 DAGs
[2025-01-27T11:38:03.121+0000] {logging_mixin.py:190} INFO - [2025-01-27T11:38:03.120+0000] {dag.py:4180} INFO - Setting next_dagrun for example_xcom_args to None, run_after=None
[2025-01-27T11:38:03.131+0000] {logging_mixin.py:190} INFO - [2025-01-27T11:38:03.130+0000] {dag.py:4180} INFO - Setting next_dagrun for example_xcom_args_with_operators to None, run_after=None
[2025-01-27T11:38:03.166+0000] {processor.py:208} INFO - Processing /home/airflow/.local/lib/python3.12/site-packages/airflow/example_dags/example_xcomargs.py took 0.215 seconds
[2025-01-27T11:38:35.709+0000] {processor.py:186} INFO - Started process (PID=950) to work on /home/airflow/.local/lib/python3.12/site-packages/airflow/example_dags/example_xcomargs.py
[2025-01-27T11:38:35.712+0000] {processor.py:914} INFO - Processing file /home/airflow/.local/lib/python3.12/site-packages/airflow/example_dags/example_xcomargs.py for tasks to queue
[2025-01-27T11:38:35.716+0000] {logging_mixin.py:190} INFO - [2025-01-27T11:38:35.715+0000] {dagbag.py:588} INFO - Filling up the DagBag from /home/airflow/.local/lib/python3.12/site-packages/airflow/example_dags/example_xcomargs.py
[2025-01-27T11:38:35.734+0000] {processor.py:925} INFO - DAG(s) 'example_xcom_args', 'example_xcom_args_with_operators' retrieved from /home/airflow/.local/lib/python3.12/site-packages/airflow/example_dags/example_xcomargs.py
[2025-01-27T11:38:35.776+0000] {logging_mixin.py:190} INFO - [2025-01-27T11:38:35.776+0000] {dag.py:3239} INFO - Sync 2 DAGs
[2025-01-27T11:38:35.811+0000] {logging_mixin.py:190} INFO - [2025-01-27T11:38:35.810+0000] {dag.py:4180} INFO - Setting next_dagrun for example_xcom_args to None, run_after=None
[2025-01-27T11:38:35.818+0000] {logging_mixin.py:190} INFO - [2025-01-27T11:38:35.818+0000] {dag.py:4180} INFO - Setting next_dagrun for example_xcom_args_with_operators to None, run_after=None
[2025-01-27T11:38:35.859+0000] {processor.py:208} INFO - Processing /home/airflow/.local/lib/python3.12/site-packages/airflow/example_dags/example_xcomargs.py took 0.165 seconds
[2025-01-27T11:39:08.058+0000] {processor.py:186} INFO - Started process (PID=1241) to work on /home/airflow/.local/lib/python3.12/site-packages/airflow/example_dags/example_xcomargs.py
[2025-01-27T11:39:08.061+0000] {processor.py:914} INFO - Processing file /home/airflow/.local/lib/python3.12/site-packages/airflow/example_dags/example_xcomargs.py for tasks to queue
[2025-01-27T11:39:08.075+0000] {logging_mixin.py:190} INFO - [2025-01-27T11:39:08.074+0000] {dagbag.py:588} INFO - Filling up the DagBag from /home/airflow/.local/lib/python3.12/site-packages/airflow/example_dags/example_xcomargs.py
[2025-01-27T11:39:08.117+0000] {processor.py:925} INFO - DAG(s) 'example_xcom_args_with_operators', 'example_xcom_args' retrieved from /home/airflow/.local/lib/python3.12/site-packages/airflow/example_dags/example_xcomargs.py
[2025-01-27T11:39:08.174+0000] {logging_mixin.py:190} INFO - [2025-01-27T11:39:08.173+0000] {dag.py:3239} INFO - Sync 2 DAGs
[2025-01-27T11:39:08.228+0000] {logging_mixin.py:190} INFO - [2025-01-27T11:39:08.228+0000] {dag.py:4180} INFO - Setting next_dagrun for example_xcom_args to None, run_after=None
[2025-01-27T11:39:08.235+0000] {logging_mixin.py:190} INFO - [2025-01-27T11:39:08.235+0000] {dag.py:4180} INFO - Setting next_dagrun for example_xcom_args_with_operators to None, run_after=None
[2025-01-27T11:39:08.273+0000] {processor.py:208} INFO - Processing /home/airflow/.local/lib/python3.12/site-packages/airflow/example_dags/example_xcomargs.py took 0.246 seconds
[2025-01-27T11:39:38.595+0000] {processor.py:186} INFO - Started process (PID=1533) to work on /home/airflow/.local/lib/python3.12/site-packages/airflow/example_dags/example_xcomargs.py
[2025-01-27T11:39:38.597+0000] {processor.py:914} INFO - Processing file /home/airflow/.local/lib/python3.12/site-packages/airflow/example_dags/example_xcomargs.py for tasks to queue
[2025-01-27T11:39:38.602+0000] {logging_mixin.py:190} INFO - [2025-01-27T11:39:38.601+0000] {dagbag.py:588} INFO - Filling up the DagBag from /home/airflow/.local/lib/python3.12/site-packages/airflow/example_dags/example_xcomargs.py
[2025-01-27T11:39:38.626+0000] {processor.py:925} INFO - DAG(s) 'example_xcom_args_with_operators', 'example_xcom_args' retrieved from /home/airflow/.local/lib/python3.12/site-packages/airflow/example_dags/example_xcomargs.py
[2025-01-27T11:39:38.677+0000] {logging_mixin.py:190} INFO - [2025-01-27T11:39:38.676+0000] {dag.py:3239} INFO - Sync 2 DAGs
[2025-01-27T11:39:38.711+0000] {logging_mixin.py:190} INFO - [2025-01-27T11:39:38.711+0000] {dag.py:4180} INFO - Setting next_dagrun for example_xcom_args to None, run_after=None
[2025-01-27T11:39:38.724+0000] {logging_mixin.py:190} INFO - [2025-01-27T11:39:38.723+0000] {dag.py:4180} INFO - Setting next_dagrun for example_xcom_args_with_operators to None, run_after=None
[2025-01-27T11:39:38.760+0000] {processor.py:208} INFO - Processing /home/airflow/.local/lib/python3.12/site-packages/airflow/example_dags/example_xcomargs.py took 0.179 seconds
[2025-01-27T11:40:10.304+0000] {processor.py:186} INFO - Started process (PID=1828) to work on /home/airflow/.local/lib/python3.12/site-packages/airflow/example_dags/example_xcomargs.py
[2025-01-27T11:40:10.306+0000] {processor.py:914} INFO - Processing file /home/airflow/.local/lib/python3.12/site-packages/airflow/example_dags/example_xcomargs.py for tasks to queue
[2025-01-27T11:40:10.312+0000] {logging_mixin.py:190} INFO - [2025-01-27T11:40:10.311+0000] {dagbag.py:588} INFO - Filling up the DagBag from /home/airflow/.local/lib/python3.12/site-packages/airflow/example_dags/example_xcomargs.py
[2025-01-27T11:40:10.335+0000] {processor.py:925} INFO - DAG(s) 'example_xcom_args', 'example_xcom_args_with_operators' retrieved from /home/airflow/.local/lib/python3.12/site-packages/airflow/example_dags/example_xcomargs.py
[2025-01-27T11:40:10.378+0000] {logging_mixin.py:190} INFO - [2025-01-27T11:40:10.377+0000] {dag.py:3239} INFO - Sync 2 DAGs
[2025-01-27T11:40:10.423+0000] {logging_mixin.py:190} INFO - [2025-01-27T11:40:10.423+0000] {dag.py:4180} INFO - Setting next_dagrun for example_xcom_args to None, run_after=None
[2025-01-27T11:40:10.435+0000] {logging_mixin.py:190} INFO - [2025-01-27T11:40:10.434+0000] {dag.py:4180} INFO - Setting next_dagrun for example_xcom_args_with_operators to None, run_after=None
[2025-01-27T11:40:10.487+0000] {processor.py:208} INFO - Processing /home/airflow/.local/lib/python3.12/site-packages/airflow/example_dags/example_xcomargs.py took 0.196 seconds
[2025-01-27T11:40:41.400+0000] {processor.py:186} INFO - Started process (PID=2119) to work on /home/airflow/.local/lib/python3.12/site-packages/airflow/example_dags/example_xcomargs.py
[2025-01-27T11:40:41.401+0000] {processor.py:914} INFO - Processing file /home/airflow/.local/lib/python3.12/site-packages/airflow/example_dags/example_xcomargs.py for tasks to queue
[2025-01-27T11:40:41.404+0000] {logging_mixin.py:190} INFO - [2025-01-27T11:40:41.404+0000] {dagbag.py:588} INFO - Filling up the DagBag from /home/airflow/.local/lib/python3.12/site-packages/airflow/example_dags/example_xcomargs.py
[2025-01-27T11:40:41.419+0000] {processor.py:925} INFO - DAG(s) 'example_xcom_args', 'example_xcom_args_with_operators' retrieved from /home/airflow/.local/lib/python3.12/site-packages/airflow/example_dags/example_xcomargs.py
[2025-01-27T11:40:41.450+0000] {logging_mixin.py:190} INFO - [2025-01-27T11:40:41.449+0000] {dag.py:3239} INFO - Sync 2 DAGs
[2025-01-27T11:40:41.474+0000] {logging_mixin.py:190} INFO - [2025-01-27T11:40:41.474+0000] {dag.py:4180} INFO - Setting next_dagrun for example_xcom_args to None, run_after=None
[2025-01-27T11:40:41.480+0000] {logging_mixin.py:190} INFO - [2025-01-27T11:40:41.479+0000] {dag.py:4180} INFO - Setting next_dagrun for example_xcom_args_with_operators to None, run_after=None
[2025-01-27T11:40:41.502+0000] {processor.py:208} INFO - Processing /home/airflow/.local/lib/python3.12/site-packages/airflow/example_dags/example_xcomargs.py took 0.111 seconds
[2025-01-27T11:41:13.193+0000] {processor.py:186} INFO - Started process (PID=2412) to work on /home/airflow/.local/lib/python3.12/site-packages/airflow/example_dags/example_xcomargs.py
[2025-01-27T11:41:13.194+0000] {processor.py:914} INFO - Processing file /home/airflow/.local/lib/python3.12/site-packages/airflow/example_dags/example_xcomargs.py for tasks to queue
[2025-01-27T11:41:13.196+0000] {logging_mixin.py:190} INFO - [2025-01-27T11:41:13.196+0000] {dagbag.py:588} INFO - Filling up the DagBag from /home/airflow/.local/lib/python3.12/site-packages/airflow/example_dags/example_xcomargs.py
[2025-01-27T11:41:13.209+0000] {processor.py:925} INFO - DAG(s) 'example_xcom_args', 'example_xcom_args_with_operators' retrieved from /home/airflow/.local/lib/python3.12/site-packages/airflow/example_dags/example_xcomargs.py
[2025-01-27T11:41:13.239+0000] {logging_mixin.py:190} INFO - [2025-01-27T11:41:13.239+0000] {dag.py:3239} INFO - Sync 2 DAGs
[2025-01-27T11:41:13.258+0000] {logging_mixin.py:190} INFO - [2025-01-27T11:41:13.257+0000] {dag.py:4180} INFO - Setting next_dagrun for example_xcom_args to None, run_after=None
[2025-01-27T11:41:13.262+0000] {logging_mixin.py:190} INFO - [2025-01-27T11:41:13.262+0000] {dag.py:4180} INFO - Setting next_dagrun for example_xcom_args_with_operators to None, run_after=None
[2025-01-27T11:41:13.283+0000] {processor.py:208} INFO - Processing /home/airflow/.local/lib/python3.12/site-packages/airflow/example_dags/example_xcomargs.py took 0.098 seconds
[2025-01-27T11:41:44.401+0000] {processor.py:186} INFO - Started process (PID=2701) to work on /home/airflow/.local/lib/python3.12/site-packages/airflow/example_dags/example_xcomargs.py
[2025-01-27T11:41:44.403+0000] {processor.py:914} INFO - Processing file /home/airflow/.local/lib/python3.12/site-packages/airflow/example_dags/example_xcomargs.py for tasks to queue
[2025-01-27T11:41:44.408+0000] {logging_mixin.py:190} INFO - [2025-01-27T11:41:44.407+0000] {dagbag.py:588} INFO - Filling up the DagBag from /home/airflow/.local/lib/python3.12/site-packages/airflow/example_dags/example_xcomargs.py
[2025-01-27T11:41:44.434+0000] {processor.py:925} INFO - DAG(s) 'example_xcom_args_with_operators', 'example_xcom_args' retrieved from /home/airflow/.local/lib/python3.12/site-packages/airflow/example_dags/example_xcomargs.py
[2025-01-27T11:41:44.478+0000] {logging_mixin.py:190} INFO - [2025-01-27T11:41:44.478+0000] {dag.py:3239} INFO - Sync 2 DAGs
[2025-01-27T11:41:44.510+0000] {logging_mixin.py:190} INFO - [2025-01-27T11:41:44.510+0000] {dag.py:4180} INFO - Setting next_dagrun for example_xcom_args to None, run_after=None
[2025-01-27T11:41:44.518+0000] {logging_mixin.py:190} INFO - [2025-01-27T11:41:44.517+0000] {dag.py:4180} INFO - Setting next_dagrun for example_xcom_args_with_operators to None, run_after=None
[2025-01-27T11:41:44.550+0000] {processor.py:208} INFO - Processing /home/airflow/.local/lib/python3.12/site-packages/airflow/example_dags/example_xcomargs.py took 0.161 seconds
