[2025-01-27T12:19:46.642+0000] {processor.py:186} INFO - Started process (PID=331) to work on /home/airflow/.local/lib/python3.12/site-packages/airflow/example_dags/example_sensors.py
[2025-01-27T12:19:46.653+0000] {processor.py:914} INFO - Processing file /home/airflow/.local/lib/python3.12/site-packages/airflow/example_dags/example_sensors.py for tasks to queue
[2025-01-27T12:19:46.661+0000] {logging_mixin.py:190} INFO - [2025-01-27T12:19:46.660+0000] {dagbag.py:588} INFO - Filling up the DagBag from /home/airflow/.local/lib/python3.12/site-packages/airflow/example_dags/example_sensors.py
[2025-01-27T12:19:46.742+0000] {processor.py:925} INFO - DAG(s) 'example_sensors' retrieved from /home/airflow/.local/lib/python3.12/site-packages/airflow/example_dags/example_sensors.py
[2025-01-27T12:19:47.498+0000] {logging_mixin.py:190} INFO - [2025-01-27T12:19:47.496+0000] {override.py:1911} INFO - Created Permission View: can read on DAG:example_sensors
[2025-01-27T12:19:47.520+0000] {logging_mixin.py:190} INFO - [2025-01-27T12:19:47.519+0000] {override.py:1911} INFO - Created Permission View: can delete on DAG:example_sensors
[2025-01-27T12:19:47.544+0000] {logging_mixin.py:190} INFO - [2025-01-27T12:19:47.543+0000] {override.py:1911} INFO - Created Permission View: can edit on DAG:example_sensors
[2025-01-27T12:19:47.571+0000] {logging_mixin.py:190} INFO - [2025-01-27T12:19:47.570+0000] {override.py:1911} INFO - Created Permission View: can read on DAG Run:example_sensors
[2025-01-27T12:19:47.589+0000] {logging_mixin.py:190} INFO - [2025-01-27T12:19:47.588+0000] {override.py:1911} INFO - Created Permission View: can create on DAG Run:example_sensors
[2025-01-27T12:19:47.612+0000] {logging_mixin.py:190} INFO - [2025-01-27T12:19:47.611+0000] {override.py:1911} INFO - Created Permission View: menu access on DAG Run:example_sensors
[2025-01-27T12:19:47.644+0000] {logging_mixin.py:190} INFO - [2025-01-27T12:19:47.643+0000] {override.py:1911} INFO - Created Permission View: can delete on DAG Run:example_sensors
[2025-01-27T12:19:47.645+0000] {logging_mixin.py:190} INFO - [2025-01-27T12:19:47.645+0000] {dag.py:3239} INFO - Sync 1 DAGs
[2025-01-27T12:19:47.695+0000] {logging_mixin.py:190} INFO - [2025-01-27T12:19:47.695+0000] {dag.py:3262} INFO - Creating ORM DAG for example_sensors
[2025-01-27T12:19:47.704+0000] {logging_mixin.py:190} INFO - [2025-01-27T12:19:47.704+0000] {dag.py:4180} INFO - Setting next_dagrun for example_sensors to None, run_after=None
[2025-01-27T12:19:47.762+0000] {processor.py:208} INFO - Processing /home/airflow/.local/lib/python3.12/site-packages/airflow/example_dags/example_sensors.py took 1.161 seconds
[2025-01-27T12:20:18.355+0000] {processor.py:186} INFO - Started process (PID=621) to work on /home/airflow/.local/lib/python3.12/site-packages/airflow/example_dags/example_sensors.py
[2025-01-27T12:20:18.359+0000] {processor.py:914} INFO - Processing file /home/airflow/.local/lib/python3.12/site-packages/airflow/example_dags/example_sensors.py for tasks to queue
[2025-01-27T12:20:18.373+0000] {logging_mixin.py:190} INFO - [2025-01-27T12:20:18.372+0000] {dagbag.py:588} INFO - Filling up the DagBag from /home/airflow/.local/lib/python3.12/site-packages/airflow/example_dags/example_sensors.py
[2025-01-27T12:20:18.403+0000] {processor.py:925} INFO - DAG(s) 'example_sensors' retrieved from /home/airflow/.local/lib/python3.12/site-packages/airflow/example_dags/example_sensors.py
[2025-01-27T12:20:18.475+0000] {logging_mixin.py:190} INFO - [2025-01-27T12:20:18.474+0000] {dag.py:3239} INFO - Sync 1 DAGs
[2025-01-27T12:20:18.515+0000] {logging_mixin.py:190} INFO - [2025-01-27T12:20:18.515+0000] {dag.py:4180} INFO - Setting next_dagrun for example_sensors to None, run_after=None
[2025-01-27T12:20:18.574+0000] {processor.py:208} INFO - Processing /home/airflow/.local/lib/python3.12/site-packages/airflow/example_dags/example_sensors.py took 0.237 seconds
[2025-01-27T12:20:48.868+0000] {processor.py:186} INFO - Started process (PID=912) to work on /home/airflow/.local/lib/python3.12/site-packages/airflow/example_dags/example_sensors.py
[2025-01-27T12:20:48.873+0000] {processor.py:914} INFO - Processing file /home/airflow/.local/lib/python3.12/site-packages/airflow/example_dags/example_sensors.py for tasks to queue
[2025-01-27T12:20:48.882+0000] {logging_mixin.py:190} INFO - [2025-01-27T12:20:48.881+0000] {dagbag.py:588} INFO - Filling up the DagBag from /home/airflow/.local/lib/python3.12/site-packages/airflow/example_dags/example_sensors.py
[2025-01-27T12:20:48.929+0000] {processor.py:925} INFO - DAG(s) 'example_sensors' retrieved from /home/airflow/.local/lib/python3.12/site-packages/airflow/example_dags/example_sensors.py
[2025-01-27T12:20:49.075+0000] {logging_mixin.py:190} INFO - [2025-01-27T12:20:49.074+0000] {dag.py:3239} INFO - Sync 1 DAGs
[2025-01-27T12:20:49.143+0000] {logging_mixin.py:190} INFO - [2025-01-27T12:20:49.143+0000] {dag.py:4180} INFO - Setting next_dagrun for example_sensors to None, run_after=None
[2025-01-27T12:20:49.219+0000] {processor.py:208} INFO - Processing /home/airflow/.local/lib/python3.12/site-packages/airflow/example_dags/example_sensors.py took 0.371 seconds
[2025-01-27T12:21:20.026+0000] {processor.py:186} INFO - Started process (PID=1203) to work on /home/airflow/.local/lib/python3.12/site-packages/airflow/example_dags/example_sensors.py
[2025-01-27T12:21:20.039+0000] {processor.py:914} INFO - Processing file /home/airflow/.local/lib/python3.12/site-packages/airflow/example_dags/example_sensors.py for tasks to queue
[2025-01-27T12:21:20.054+0000] {logging_mixin.py:190} INFO - [2025-01-27T12:21:20.053+0000] {dagbag.py:588} INFO - Filling up the DagBag from /home/airflow/.local/lib/python3.12/site-packages/airflow/example_dags/example_sensors.py
[2025-01-27T12:21:20.133+0000] {processor.py:925} INFO - DAG(s) 'example_sensors' retrieved from /home/airflow/.local/lib/python3.12/site-packages/airflow/example_dags/example_sensors.py
[2025-01-27T12:21:20.358+0000] {logging_mixin.py:190} INFO - [2025-01-27T12:21:20.357+0000] {dag.py:3239} INFO - Sync 1 DAGs
[2025-01-27T12:21:20.487+0000] {logging_mixin.py:190} INFO - [2025-01-27T12:21:20.486+0000] {dag.py:4180} INFO - Setting next_dagrun for example_sensors to None, run_after=None
[2025-01-27T12:21:20.657+0000] {processor.py:208} INFO - Processing /home/airflow/.local/lib/python3.12/site-packages/airflow/example_dags/example_sensors.py took 0.656 seconds
[2025-01-27T12:21:50.991+0000] {processor.py:186} INFO - Started process (PID=1495) to work on /home/airflow/.local/lib/python3.12/site-packages/airflow/example_dags/example_sensors.py
[2025-01-27T12:21:50.992+0000] {processor.py:914} INFO - Processing file /home/airflow/.local/lib/python3.12/site-packages/airflow/example_dags/example_sensors.py for tasks to queue
[2025-01-27T12:21:50.996+0000] {logging_mixin.py:190} INFO - [2025-01-27T12:21:50.996+0000] {dagbag.py:588} INFO - Filling up the DagBag from /home/airflow/.local/lib/python3.12/site-packages/airflow/example_dags/example_sensors.py
[2025-01-27T12:21:51.019+0000] {processor.py:925} INFO - DAG(s) 'example_sensors' retrieved from /home/airflow/.local/lib/python3.12/site-packages/airflow/example_dags/example_sensors.py
[2025-01-27T12:21:51.069+0000] {logging_mixin.py:190} INFO - [2025-01-27T12:21:51.068+0000] {dag.py:3239} INFO - Sync 1 DAGs
[2025-01-27T12:21:51.102+0000] {logging_mixin.py:190} INFO - [2025-01-27T12:21:51.101+0000] {dag.py:4180} INFO - Setting next_dagrun for example_sensors to None, run_after=None
[2025-01-27T12:21:51.147+0000] {processor.py:208} INFO - Processing /home/airflow/.local/lib/python3.12/site-packages/airflow/example_dags/example_sensors.py took 0.167 seconds
[2025-01-27T12:22:21.812+0000] {processor.py:186} INFO - Started process (PID=1788) to work on /home/airflow/.local/lib/python3.12/site-packages/airflow/example_dags/example_sensors.py
[2025-01-27T12:22:21.815+0000] {processor.py:914} INFO - Processing file /home/airflow/.local/lib/python3.12/site-packages/airflow/example_dags/example_sensors.py for tasks to queue
[2025-01-27T12:22:21.820+0000] {logging_mixin.py:190} INFO - [2025-01-27T12:22:21.820+0000] {dagbag.py:588} INFO - Filling up the DagBag from /home/airflow/.local/lib/python3.12/site-packages/airflow/example_dags/example_sensors.py
[2025-01-27T12:22:21.852+0000] {processor.py:925} INFO - DAG(s) 'example_sensors' retrieved from /home/airflow/.local/lib/python3.12/site-packages/airflow/example_dags/example_sensors.py
[2025-01-27T12:22:21.949+0000] {logging_mixin.py:190} INFO - [2025-01-27T12:22:21.949+0000] {dag.py:3239} INFO - Sync 1 DAGs
[2025-01-27T12:22:21.985+0000] {logging_mixin.py:190} INFO - [2025-01-27T12:22:21.984+0000] {dag.py:4180} INFO - Setting next_dagrun for example_sensors to None, run_after=None
[2025-01-27T12:22:22.025+0000] {processor.py:208} INFO - Processing /home/airflow/.local/lib/python3.12/site-packages/airflow/example_dags/example_sensors.py took 0.226 seconds
[2025-01-27T12:22:53.351+0000] {processor.py:186} INFO - Started process (PID=2079) to work on /home/airflow/.local/lib/python3.12/site-packages/airflow/example_dags/example_sensors.py
[2025-01-27T12:22:53.356+0000] {processor.py:914} INFO - Processing file /home/airflow/.local/lib/python3.12/site-packages/airflow/example_dags/example_sensors.py for tasks to queue
[2025-01-27T12:22:53.361+0000] {logging_mixin.py:190} INFO - [2025-01-27T12:22:53.360+0000] {dagbag.py:588} INFO - Filling up the DagBag from /home/airflow/.local/lib/python3.12/site-packages/airflow/example_dags/example_sensors.py
[2025-01-27T12:22:53.384+0000] {processor.py:925} INFO - DAG(s) 'example_sensors' retrieved from /home/airflow/.local/lib/python3.12/site-packages/airflow/example_dags/example_sensors.py
[2025-01-27T12:22:53.456+0000] {logging_mixin.py:190} INFO - [2025-01-27T12:22:53.455+0000] {dag.py:3239} INFO - Sync 1 DAGs
[2025-01-27T12:22:53.494+0000] {logging_mixin.py:190} INFO - [2025-01-27T12:22:53.493+0000] {dag.py:4180} INFO - Setting next_dagrun for example_sensors to None, run_after=None
[2025-01-27T12:22:53.540+0000] {processor.py:208} INFO - Processing /home/airflow/.local/lib/python3.12/site-packages/airflow/example_dags/example_sensors.py took 0.207 seconds
[2025-01-27T12:23:23.813+0000] {processor.py:186} INFO - Started process (PID=2370) to work on /home/airflow/.local/lib/python3.12/site-packages/airflow/example_dags/example_sensors.py
[2025-01-27T12:23:23.815+0000] {processor.py:914} INFO - Processing file /home/airflow/.local/lib/python3.12/site-packages/airflow/example_dags/example_sensors.py for tasks to queue
[2025-01-27T12:23:23.818+0000] {logging_mixin.py:190} INFO - [2025-01-27T12:23:23.818+0000] {dagbag.py:588} INFO - Filling up the DagBag from /home/airflow/.local/lib/python3.12/site-packages/airflow/example_dags/example_sensors.py
[2025-01-27T12:23:23.863+0000] {processor.py:925} INFO - DAG(s) 'example_sensors' retrieved from /home/airflow/.local/lib/python3.12/site-packages/airflow/example_dags/example_sensors.py
[2025-01-27T12:23:23.935+0000] {logging_mixin.py:190} INFO - [2025-01-27T12:23:23.934+0000] {dag.py:3239} INFO - Sync 1 DAGs
[2025-01-27T12:23:23.968+0000] {logging_mixin.py:190} INFO - [2025-01-27T12:23:23.967+0000] {dag.py:4180} INFO - Setting next_dagrun for example_sensors to None, run_after=None
[2025-01-27T12:23:24.033+0000] {processor.py:208} INFO - Processing /home/airflow/.local/lib/python3.12/site-packages/airflow/example_dags/example_sensors.py took 0.232 seconds
[2025-01-27T12:23:54.263+0000] {processor.py:186} INFO - Started process (PID=2657) to work on /home/airflow/.local/lib/python3.12/site-packages/airflow/example_dags/example_sensors.py
[2025-01-27T12:23:54.265+0000] {processor.py:914} INFO - Processing file /home/airflow/.local/lib/python3.12/site-packages/airflow/example_dags/example_sensors.py for tasks to queue
[2025-01-27T12:23:54.272+0000] {logging_mixin.py:190} INFO - [2025-01-27T12:23:54.272+0000] {dagbag.py:588} INFO - Filling up the DagBag from /home/airflow/.local/lib/python3.12/site-packages/airflow/example_dags/example_sensors.py
[2025-01-27T12:23:54.313+0000] {processor.py:925} INFO - DAG(s) 'example_sensors' retrieved from /home/airflow/.local/lib/python3.12/site-packages/airflow/example_dags/example_sensors.py
[2025-01-27T12:23:54.381+0000] {logging_mixin.py:190} INFO - [2025-01-27T12:23:54.381+0000] {dag.py:3239} INFO - Sync 1 DAGs
[2025-01-27T12:23:54.424+0000] {logging_mixin.py:190} INFO - [2025-01-27T12:23:54.424+0000] {dag.py:4180} INFO - Setting next_dagrun for example_sensors to None, run_after=None
[2025-01-27T12:23:54.476+0000] {processor.py:208} INFO - Processing /home/airflow/.local/lib/python3.12/site-packages/airflow/example_dags/example_sensors.py took 0.229 seconds
