[2025-01-27T11:29:51.045+0000] {processor.py:186} INFO - Started process (PID=80) to work on /home/airflow/.local/lib/python3.12/site-packages/airflow/example_dags/example_dataset_alias.py
[2025-01-27T11:29:51.047+0000] {processor.py:914} INFO - Processing file /home/airflow/.local/lib/python3.12/site-packages/airflow/example_dags/example_dataset_alias.py for tasks to queue
[2025-01-27T11:29:51.052+0000] {logging_mixin.py:190} INFO - [2025-01-27T11:29:51.051+0000] {dagbag.py:588} INFO - Filling up the DagBag from /home/airflow/.local/lib/python3.12/site-packages/airflow/example_dags/example_dataset_alias.py
[2025-01-27T11:29:52.157+0000] {processor.py:925} INFO - DAG(s) 'dataset_alias_example_alias_consumer', 'dataset_s3_bucket_producer', 'dataset_alias_example_alias_producer', 'dataset_s3_bucket_consumer' retrieved from /home/airflow/.local/lib/python3.12/site-packages/airflow/example_dags/example_dataset_alias.py
[2025-01-27T11:29:52.189+0000] {logging_mixin.py:190} INFO - [2025-01-27T11:29:52.189+0000] {dag.py:3239} INFO - Sync 4 DAGs
[2025-01-27T11:29:52.234+0000] {logging_mixin.py:190} INFO - [2025-01-27T11:29:52.234+0000] {dag.py:4180} INFO - Setting next_dagrun for dataset_alias_example_alias_consumer to None, run_after=None
[2025-01-27T11:29:52.239+0000] {logging_mixin.py:190} INFO - [2025-01-27T11:29:52.239+0000] {dag.py:4180} INFO - Setting next_dagrun for dataset_alias_example_alias_producer to None, run_after=None
[2025-01-27T11:29:52.241+0000] {logging_mixin.py:190} INFO - [2025-01-27T11:29:52.241+0000] {dag.py:4180} INFO - Setting next_dagrun for dataset_s3_bucket_consumer to None, run_after=None
[2025-01-27T11:29:52.243+0000] {logging_mixin.py:190} INFO - [2025-01-27T11:29:52.243+0000] {dag.py:4180} INFO - Setting next_dagrun for dataset_s3_bucket_producer to None, run_after=None
[2025-01-27T11:29:52.278+0000] {processor.py:208} INFO - Processing /home/airflow/.local/lib/python3.12/site-packages/airflow/example_dags/example_dataset_alias.py took 1.246 seconds
[2025-01-27T11:30:22.570+0000] {processor.py:186} INFO - Started process (PID=146) to work on /home/airflow/.local/lib/python3.12/site-packages/airflow/example_dags/example_dataset_alias.py
[2025-01-27T11:30:22.572+0000] {processor.py:914} INFO - Processing file /home/airflow/.local/lib/python3.12/site-packages/airflow/example_dags/example_dataset_alias.py for tasks to queue
[2025-01-27T11:30:22.577+0000] {logging_mixin.py:190} INFO - [2025-01-27T11:30:22.577+0000] {dagbag.py:588} INFO - Filling up the DagBag from /home/airflow/.local/lib/python3.12/site-packages/airflow/example_dags/example_dataset_alias.py
[2025-01-27T11:30:24.008+0000] {processor.py:925} INFO - DAG(s) 'dataset_s3_bucket_consumer', 'dataset_alias_example_alias_producer', 'dataset_s3_bucket_producer', 'dataset_alias_example_alias_consumer' retrieved from /home/airflow/.local/lib/python3.12/site-packages/airflow/example_dags/example_dataset_alias.py
[2025-01-27T11:30:24.060+0000] {logging_mixin.py:190} INFO - [2025-01-27T11:30:24.058+0000] {dag.py:3239} INFO - Sync 4 DAGs
[2025-01-27T11:30:24.119+0000] {logging_mixin.py:190} INFO - [2025-01-27T11:30:24.119+0000] {dag.py:4180} INFO - Setting next_dagrun for dataset_alias_example_alias_consumer to None, run_after=None
[2025-01-27T11:30:24.130+0000] {logging_mixin.py:190} INFO - [2025-01-27T11:30:24.130+0000] {dag.py:4180} INFO - Setting next_dagrun for dataset_alias_example_alias_producer to None, run_after=None
[2025-01-27T11:30:24.133+0000] {logging_mixin.py:190} INFO - [2025-01-27T11:30:24.133+0000] {dag.py:4180} INFO - Setting next_dagrun for dataset_s3_bucket_consumer to None, run_after=None
[2025-01-27T11:30:24.135+0000] {logging_mixin.py:190} INFO - [2025-01-27T11:30:24.135+0000] {dag.py:4180} INFO - Setting next_dagrun for dataset_s3_bucket_producer to None, run_after=None
[2025-01-27T11:30:24.181+0000] {processor.py:208} INFO - Processing /home/airflow/.local/lib/python3.12/site-packages/airflow/example_dags/example_dataset_alias.py took 1.624 seconds
[2025-01-27T11:30:56.054+0000] {processor.py:186} INFO - Started process (PID=215) to work on /home/airflow/.local/lib/python3.12/site-packages/airflow/example_dags/example_dataset_alias.py
[2025-01-27T11:30:56.056+0000] {processor.py:914} INFO - Processing file /home/airflow/.local/lib/python3.12/site-packages/airflow/example_dags/example_dataset_alias.py for tasks to queue
[2025-01-27T11:30:56.061+0000] {logging_mixin.py:190} INFO - [2025-01-27T11:30:56.060+0000] {dagbag.py:588} INFO - Filling up the DagBag from /home/airflow/.local/lib/python3.12/site-packages/airflow/example_dags/example_dataset_alias.py
[2025-01-27T11:30:58.163+0000] {processor.py:925} INFO - DAG(s) 'dataset_alias_example_alias_producer', 'dataset_alias_example_alias_consumer', 'dataset_s3_bucket_producer', 'dataset_s3_bucket_consumer' retrieved from /home/airflow/.local/lib/python3.12/site-packages/airflow/example_dags/example_dataset_alias.py
[2025-01-27T11:30:58.292+0000] {logging_mixin.py:190} INFO - [2025-01-27T11:30:58.290+0000] {dag.py:3239} INFO - Sync 4 DAGs
[2025-01-27T11:30:58.410+0000] {logging_mixin.py:190} INFO - [2025-01-27T11:30:58.410+0000] {dag.py:4180} INFO - Setting next_dagrun for dataset_alias_example_alias_consumer to None, run_after=None
[2025-01-27T11:30:58.426+0000] {logging_mixin.py:190} INFO - [2025-01-27T11:30:58.425+0000] {dag.py:4180} INFO - Setting next_dagrun for dataset_alias_example_alias_producer to None, run_after=None
[2025-01-27T11:30:58.441+0000] {logging_mixin.py:190} INFO - [2025-01-27T11:30:58.440+0000] {dag.py:4180} INFO - Setting next_dagrun for dataset_s3_bucket_consumer to None, run_after=None
[2025-01-27T11:30:58.449+0000] {logging_mixin.py:190} INFO - [2025-01-27T11:30:58.449+0000] {dag.py:4180} INFO - Setting next_dagrun for dataset_s3_bucket_producer to None, run_after=None
[2025-01-27T11:30:58.665+0000] {processor.py:208} INFO - Processing /home/airflow/.local/lib/python3.12/site-packages/airflow/example_dags/example_dataset_alias.py took 2.626 seconds
[2025-01-27T11:31:29.387+0000] {processor.py:186} INFO - Started process (PID=284) to work on /home/airflow/.local/lib/python3.12/site-packages/airflow/example_dags/example_dataset_alias.py
[2025-01-27T11:31:29.390+0000] {processor.py:914} INFO - Processing file /home/airflow/.local/lib/python3.12/site-packages/airflow/example_dags/example_dataset_alias.py for tasks to queue
[2025-01-27T11:31:29.394+0000] {logging_mixin.py:190} INFO - [2025-01-27T11:31:29.394+0000] {dagbag.py:588} INFO - Filling up the DagBag from /home/airflow/.local/lib/python3.12/site-packages/airflow/example_dags/example_dataset_alias.py
[2025-01-27T11:31:30.505+0000] {processor.py:925} INFO - DAG(s) 'dataset_alias_example_alias_producer', 'dataset_s3_bucket_consumer', 'dataset_s3_bucket_producer', 'dataset_alias_example_alias_consumer' retrieved from /home/airflow/.local/lib/python3.12/site-packages/airflow/example_dags/example_dataset_alias.py
[2025-01-27T11:31:30.541+0000] {logging_mixin.py:190} INFO - [2025-01-27T11:31:30.540+0000] {dag.py:3239} INFO - Sync 4 DAGs
[2025-01-27T11:31:30.580+0000] {logging_mixin.py:190} INFO - [2025-01-27T11:31:30.579+0000] {dag.py:4180} INFO - Setting next_dagrun for dataset_alias_example_alias_consumer to None, run_after=None
[2025-01-27T11:31:30.585+0000] {logging_mixin.py:190} INFO - [2025-01-27T11:31:30.585+0000] {dag.py:4180} INFO - Setting next_dagrun for dataset_alias_example_alias_producer to None, run_after=None
[2025-01-27T11:31:30.590+0000] {logging_mixin.py:190} INFO - [2025-01-27T11:31:30.589+0000] {dag.py:4180} INFO - Setting next_dagrun for dataset_s3_bucket_consumer to None, run_after=None
[2025-01-27T11:31:30.592+0000] {logging_mixin.py:190} INFO - [2025-01-27T11:31:30.592+0000] {dag.py:4180} INFO - Setting next_dagrun for dataset_s3_bucket_producer to None, run_after=None
[2025-01-27T11:31:30.630+0000] {processor.py:208} INFO - Processing /home/airflow/.local/lib/python3.12/site-packages/airflow/example_dags/example_dataset_alias.py took 1.253 seconds
[2025-01-27T11:37:31.423+0000] {processor.py:186} INFO - Started process (PID=358) to work on /home/airflow/.local/lib/python3.12/site-packages/airflow/example_dags/example_dataset_alias.py
[2025-01-27T11:37:31.426+0000] {processor.py:914} INFO - Processing file /home/airflow/.local/lib/python3.12/site-packages/airflow/example_dags/example_dataset_alias.py for tasks to queue
[2025-01-27T11:37:31.430+0000] {logging_mixin.py:190} INFO - [2025-01-27T11:37:31.429+0000] {dagbag.py:588} INFO - Filling up the DagBag from /home/airflow/.local/lib/python3.12/site-packages/airflow/example_dags/example_dataset_alias.py
[2025-01-27T11:37:33.086+0000] {processor.py:925} INFO - DAG(s) 'dataset_s3_bucket_producer', 'dataset_alias_example_alias_consumer', 'dataset_s3_bucket_consumer', 'dataset_alias_example_alias_producer' retrieved from /home/airflow/.local/lib/python3.12/site-packages/airflow/example_dags/example_dataset_alias.py
[2025-01-27T11:37:33.128+0000] {logging_mixin.py:190} INFO - [2025-01-27T11:37:33.127+0000] {dag.py:3239} INFO - Sync 4 DAGs
[2025-01-27T11:37:33.165+0000] {logging_mixin.py:190} INFO - [2025-01-27T11:37:33.164+0000] {dag.py:4180} INFO - Setting next_dagrun for dataset_alias_example_alias_consumer to None, run_after=None
[2025-01-27T11:37:33.171+0000] {logging_mixin.py:190} INFO - [2025-01-27T11:37:33.170+0000] {dag.py:4180} INFO - Setting next_dagrun for dataset_alias_example_alias_producer to None, run_after=None
[2025-01-27T11:37:33.175+0000] {logging_mixin.py:190} INFO - [2025-01-27T11:37:33.174+0000] {dag.py:4180} INFO - Setting next_dagrun for dataset_s3_bucket_consumer to None, run_after=None
[2025-01-27T11:37:33.178+0000] {logging_mixin.py:190} INFO - [2025-01-27T11:37:33.178+0000] {dag.py:4180} INFO - Setting next_dagrun for dataset_s3_bucket_producer to None, run_after=None
[2025-01-27T11:37:33.230+0000] {processor.py:208} INFO - Processing /home/airflow/.local/lib/python3.12/site-packages/airflow/example_dags/example_dataset_alias.py took 1.817 seconds
[2025-01-27T11:38:03.622+0000] {processor.py:186} INFO - Started process (PID=681) to work on /home/airflow/.local/lib/python3.12/site-packages/airflow/example_dags/example_dataset_alias.py
[2025-01-27T11:38:03.624+0000] {processor.py:914} INFO - Processing file /home/airflow/.local/lib/python3.12/site-packages/airflow/example_dags/example_dataset_alias.py for tasks to queue
[2025-01-27T11:38:03.627+0000] {logging_mixin.py:190} INFO - [2025-01-27T11:38:03.626+0000] {dagbag.py:588} INFO - Filling up the DagBag from /home/airflow/.local/lib/python3.12/site-packages/airflow/example_dags/example_dataset_alias.py
[2025-01-27T11:38:04.360+0000] {processor.py:925} INFO - DAG(s) 'dataset_s3_bucket_consumer', 'dataset_s3_bucket_producer', 'dataset_alias_example_alias_consumer', 'dataset_alias_example_alias_producer' retrieved from /home/airflow/.local/lib/python3.12/site-packages/airflow/example_dags/example_dataset_alias.py
[2025-01-27T11:38:04.385+0000] {logging_mixin.py:190} INFO - [2025-01-27T11:38:04.384+0000] {dag.py:3239} INFO - Sync 4 DAGs
[2025-01-27T11:38:04.412+0000] {logging_mixin.py:190} INFO - [2025-01-27T11:38:04.412+0000] {dag.py:4180} INFO - Setting next_dagrun for dataset_alias_example_alias_consumer to None, run_after=None
[2025-01-27T11:38:04.416+0000] {logging_mixin.py:190} INFO - [2025-01-27T11:38:04.416+0000] {dag.py:4180} INFO - Setting next_dagrun for dataset_alias_example_alias_producer to None, run_after=None
[2025-01-27T11:38:04.418+0000] {logging_mixin.py:190} INFO - [2025-01-27T11:38:04.418+0000] {dag.py:4180} INFO - Setting next_dagrun for dataset_s3_bucket_consumer to None, run_after=None
[2025-01-27T11:38:04.421+0000] {logging_mixin.py:190} INFO - [2025-01-27T11:38:04.421+0000] {dag.py:4180} INFO - Setting next_dagrun for dataset_s3_bucket_producer to None, run_after=None
[2025-01-27T11:38:04.448+0000] {processor.py:208} INFO - Processing /home/airflow/.local/lib/python3.12/site-packages/airflow/example_dags/example_dataset_alias.py took 0.837 seconds
[2025-01-27T11:38:36.235+0000] {processor.py:186} INFO - Started process (PID=970) to work on /home/airflow/.local/lib/python3.12/site-packages/airflow/example_dags/example_dataset_alias.py
[2025-01-27T11:38:36.238+0000] {processor.py:914} INFO - Processing file /home/airflow/.local/lib/python3.12/site-packages/airflow/example_dags/example_dataset_alias.py for tasks to queue
[2025-01-27T11:38:36.242+0000] {logging_mixin.py:190} INFO - [2025-01-27T11:38:36.242+0000] {dagbag.py:588} INFO - Filling up the DagBag from /home/airflow/.local/lib/python3.12/site-packages/airflow/example_dags/example_dataset_alias.py
[2025-01-27T11:38:38.670+0000] {processor.py:925} INFO - DAG(s) 'dataset_s3_bucket_producer', 'dataset_s3_bucket_consumer', 'dataset_alias_example_alias_producer', 'dataset_alias_example_alias_consumer' retrieved from /home/airflow/.local/lib/python3.12/site-packages/airflow/example_dags/example_dataset_alias.py
[2025-01-27T11:38:38.777+0000] {logging_mixin.py:190} INFO - [2025-01-27T11:38:38.776+0000] {dag.py:3239} INFO - Sync 4 DAGs
[2025-01-27T11:38:38.912+0000] {logging_mixin.py:190} INFO - [2025-01-27T11:38:38.902+0000] {dag.py:4180} INFO - Setting next_dagrun for dataset_alias_example_alias_consumer to None, run_after=None
[2025-01-27T11:38:38.995+0000] {logging_mixin.py:190} INFO - [2025-01-27T11:38:38.994+0000] {dag.py:4180} INFO - Setting next_dagrun for dataset_alias_example_alias_producer to None, run_after=None
[2025-01-27T11:38:39.021+0000] {logging_mixin.py:190} INFO - [2025-01-27T11:38:39.021+0000] {dag.py:4180} INFO - Setting next_dagrun for dataset_s3_bucket_consumer to None, run_after=None
[2025-01-27T11:38:39.029+0000] {logging_mixin.py:190} INFO - [2025-01-27T11:38:39.029+0000] {dag.py:4180} INFO - Setting next_dagrun for dataset_s3_bucket_producer to None, run_after=None
[2025-01-27T11:38:39.168+0000] {processor.py:208} INFO - Processing /home/airflow/.local/lib/python3.12/site-packages/airflow/example_dags/example_dataset_alias.py took 2.946 seconds
[2025-01-27T11:39:09.931+0000] {processor.py:186} INFO - Started process (PID=1273) to work on /home/airflow/.local/lib/python3.12/site-packages/airflow/example_dags/example_dataset_alias.py
[2025-01-27T11:39:09.933+0000] {processor.py:914} INFO - Processing file /home/airflow/.local/lib/python3.12/site-packages/airflow/example_dags/example_dataset_alias.py for tasks to queue
[2025-01-27T11:39:09.938+0000] {logging_mixin.py:190} INFO - [2025-01-27T11:39:09.937+0000] {dagbag.py:588} INFO - Filling up the DagBag from /home/airflow/.local/lib/python3.12/site-packages/airflow/example_dags/example_dataset_alias.py
[2025-01-27T11:39:11.054+0000] {processor.py:925} INFO - DAG(s) 'dataset_alias_example_alias_producer', 'dataset_s3_bucket_consumer', 'dataset_alias_example_alias_consumer', 'dataset_s3_bucket_producer' retrieved from /home/airflow/.local/lib/python3.12/site-packages/airflow/example_dags/example_dataset_alias.py
[2025-01-27T11:39:11.084+0000] {logging_mixin.py:190} INFO - [2025-01-27T11:39:11.083+0000] {dag.py:3239} INFO - Sync 4 DAGs
[2025-01-27T11:39:11.120+0000] {logging_mixin.py:190} INFO - [2025-01-27T11:39:11.119+0000] {dag.py:4180} INFO - Setting next_dagrun for dataset_alias_example_alias_consumer to None, run_after=None
[2025-01-27T11:39:11.124+0000] {logging_mixin.py:190} INFO - [2025-01-27T11:39:11.124+0000] {dag.py:4180} INFO - Setting next_dagrun for dataset_alias_example_alias_producer to None, run_after=None
[2025-01-27T11:39:11.127+0000] {logging_mixin.py:190} INFO - [2025-01-27T11:39:11.127+0000] {dag.py:4180} INFO - Setting next_dagrun for dataset_s3_bucket_consumer to None, run_after=None
[2025-01-27T11:39:11.129+0000] {logging_mixin.py:190} INFO - [2025-01-27T11:39:11.129+0000] {dag.py:4180} INFO - Setting next_dagrun for dataset_s3_bucket_producer to None, run_after=None
[2025-01-27T11:39:11.164+0000] {processor.py:208} INFO - Processing /home/airflow/.local/lib/python3.12/site-packages/airflow/example_dags/example_dataset_alias.py took 1.247 seconds
[2025-01-27T11:39:41.337+0000] {processor.py:186} INFO - Started process (PID=1575) to work on /home/airflow/.local/lib/python3.12/site-packages/airflow/example_dags/example_dataset_alias.py
[2025-01-27T11:39:41.339+0000] {processor.py:914} INFO - Processing file /home/airflow/.local/lib/python3.12/site-packages/airflow/example_dags/example_dataset_alias.py for tasks to queue
[2025-01-27T11:39:41.345+0000] {logging_mixin.py:190} INFO - [2025-01-27T11:39:41.344+0000] {dagbag.py:588} INFO - Filling up the DagBag from /home/airflow/.local/lib/python3.12/site-packages/airflow/example_dags/example_dataset_alias.py
[2025-01-27T11:39:42.509+0000] {processor.py:925} INFO - DAG(s) 'dataset_alias_example_alias_producer', 'dataset_s3_bucket_producer', 'dataset_alias_example_alias_consumer', 'dataset_s3_bucket_consumer' retrieved from /home/airflow/.local/lib/python3.12/site-packages/airflow/example_dags/example_dataset_alias.py
[2025-01-27T11:39:42.555+0000] {logging_mixin.py:190} INFO - [2025-01-27T11:39:42.555+0000] {dag.py:3239} INFO - Sync 4 DAGs
[2025-01-27T11:39:42.604+0000] {logging_mixin.py:190} INFO - [2025-01-27T11:39:42.604+0000] {dag.py:4180} INFO - Setting next_dagrun for dataset_alias_example_alias_consumer to None, run_after=None
[2025-01-27T11:39:42.610+0000] {logging_mixin.py:190} INFO - [2025-01-27T11:39:42.610+0000] {dag.py:4180} INFO - Setting next_dagrun for dataset_alias_example_alias_producer to None, run_after=None
[2025-01-27T11:39:42.613+0000] {logging_mixin.py:190} INFO - [2025-01-27T11:39:42.613+0000] {dag.py:4180} INFO - Setting next_dagrun for dataset_s3_bucket_consumer to None, run_after=None
[2025-01-27T11:39:42.616+0000] {logging_mixin.py:190} INFO - [2025-01-27T11:39:42.615+0000] {dag.py:4180} INFO - Setting next_dagrun for dataset_s3_bucket_producer to None, run_after=None
[2025-01-27T11:39:42.648+0000] {processor.py:208} INFO - Processing /home/airflow/.local/lib/python3.12/site-packages/airflow/example_dags/example_dataset_alias.py took 1.323 seconds
[2025-01-27T11:40:12.728+0000] {processor.py:186} INFO - Started process (PID=1910) to work on /home/airflow/.local/lib/python3.12/site-packages/airflow/example_dags/example_dataset_alias.py
[2025-01-27T11:40:12.729+0000] {processor.py:914} INFO - Processing file /home/airflow/.local/lib/python3.12/site-packages/airflow/example_dags/example_dataset_alias.py for tasks to queue
[2025-01-27T11:40:12.732+0000] {logging_mixin.py:190} INFO - [2025-01-27T11:40:12.732+0000] {dagbag.py:588} INFO - Filling up the DagBag from /home/airflow/.local/lib/python3.12/site-packages/airflow/example_dags/example_dataset_alias.py
[2025-01-27T11:40:13.708+0000] {processor.py:925} INFO - DAG(s) 'dataset_s3_bucket_producer', 'dataset_alias_example_alias_consumer', 'dataset_alias_example_alias_producer', 'dataset_s3_bucket_consumer' retrieved from /home/airflow/.local/lib/python3.12/site-packages/airflow/example_dags/example_dataset_alias.py
[2025-01-27T11:40:13.770+0000] {logging_mixin.py:190} INFO - [2025-01-27T11:40:13.769+0000] {dag.py:3239} INFO - Sync 4 DAGs
[2025-01-27T11:40:13.830+0000] {logging_mixin.py:190} INFO - [2025-01-27T11:40:13.830+0000] {dag.py:4180} INFO - Setting next_dagrun for dataset_alias_example_alias_consumer to None, run_after=None
[2025-01-27T11:40:13.836+0000] {logging_mixin.py:190} INFO - [2025-01-27T11:40:13.836+0000] {dag.py:4180} INFO - Setting next_dagrun for dataset_alias_example_alias_producer to None, run_after=None
[2025-01-27T11:40:13.841+0000] {logging_mixin.py:190} INFO - [2025-01-27T11:40:13.840+0000] {dag.py:4180} INFO - Setting next_dagrun for dataset_s3_bucket_consumer to None, run_after=None
[2025-01-27T11:40:13.844+0000] {logging_mixin.py:190} INFO - [2025-01-27T11:40:13.844+0000] {dag.py:4180} INFO - Setting next_dagrun for dataset_s3_bucket_producer to None, run_after=None
[2025-01-27T11:40:13.896+0000] {processor.py:208} INFO - Processing /home/airflow/.local/lib/python3.12/site-packages/airflow/example_dags/example_dataset_alias.py took 1.178 seconds
[2025-01-27T11:40:44.831+0000] {processor.py:186} INFO - Started process (PID=2201) to work on /home/airflow/.local/lib/python3.12/site-packages/airflow/example_dags/example_dataset_alias.py
[2025-01-27T11:40:44.833+0000] {processor.py:914} INFO - Processing file /home/airflow/.local/lib/python3.12/site-packages/airflow/example_dags/example_dataset_alias.py for tasks to queue
[2025-01-27T11:40:44.838+0000] {logging_mixin.py:190} INFO - [2025-01-27T11:40:44.838+0000] {dagbag.py:588} INFO - Filling up the DagBag from /home/airflow/.local/lib/python3.12/site-packages/airflow/example_dags/example_dataset_alias.py
[2025-01-27T11:40:45.806+0000] {processor.py:925} INFO - DAG(s) 'dataset_s3_bucket_consumer', 'dataset_s3_bucket_producer', 'dataset_alias_example_alias_producer', 'dataset_alias_example_alias_consumer' retrieved from /home/airflow/.local/lib/python3.12/site-packages/airflow/example_dags/example_dataset_alias.py
[2025-01-27T11:40:45.853+0000] {logging_mixin.py:190} INFO - [2025-01-27T11:40:45.852+0000] {dag.py:3239} INFO - Sync 4 DAGs
[2025-01-27T11:40:45.912+0000] {logging_mixin.py:190} INFO - [2025-01-27T11:40:45.911+0000] {dag.py:4180} INFO - Setting next_dagrun for dataset_alias_example_alias_consumer to None, run_after=None
[2025-01-27T11:40:45.920+0000] {logging_mixin.py:190} INFO - [2025-01-27T11:40:45.920+0000] {dag.py:4180} INFO - Setting next_dagrun for dataset_alias_example_alias_producer to None, run_after=None
[2025-01-27T11:40:45.924+0000] {logging_mixin.py:190} INFO - [2025-01-27T11:40:45.924+0000] {dag.py:4180} INFO - Setting next_dagrun for dataset_s3_bucket_consumer to None, run_after=None
[2025-01-27T11:40:45.927+0000] {logging_mixin.py:190} INFO - [2025-01-27T11:40:45.927+0000] {dag.py:4180} INFO - Setting next_dagrun for dataset_s3_bucket_producer to None, run_after=None
[2025-01-27T11:40:45.975+0000] {processor.py:208} INFO - Processing /home/airflow/.local/lib/python3.12/site-packages/airflow/example_dags/example_dataset_alias.py took 1.150 seconds
[2025-01-27T11:41:16.708+0000] {processor.py:186} INFO - Started process (PID=2498) to work on /home/airflow/.local/lib/python3.12/site-packages/airflow/example_dags/example_dataset_alias.py
[2025-01-27T11:41:16.709+0000] {processor.py:914} INFO - Processing file /home/airflow/.local/lib/python3.12/site-packages/airflow/example_dags/example_dataset_alias.py for tasks to queue
[2025-01-27T11:41:16.713+0000] {logging_mixin.py:190} INFO - [2025-01-27T11:41:16.712+0000] {dagbag.py:588} INFO - Filling up the DagBag from /home/airflow/.local/lib/python3.12/site-packages/airflow/example_dags/example_dataset_alias.py
[2025-01-27T11:41:17.871+0000] {processor.py:925} INFO - DAG(s) 'dataset_s3_bucket_producer', 'dataset_s3_bucket_consumer', 'dataset_alias_example_alias_consumer', 'dataset_alias_example_alias_producer' retrieved from /home/airflow/.local/lib/python3.12/site-packages/airflow/example_dags/example_dataset_alias.py
[2025-01-27T11:41:17.900+0000] {logging_mixin.py:190} INFO - [2025-01-27T11:41:17.899+0000] {dag.py:3239} INFO - Sync 4 DAGs
[2025-01-27T11:41:17.949+0000] {logging_mixin.py:190} INFO - [2025-01-27T11:41:17.949+0000] {dag.py:4180} INFO - Setting next_dagrun for dataset_alias_example_alias_consumer to None, run_after=None
[2025-01-27T11:41:17.953+0000] {logging_mixin.py:190} INFO - [2025-01-27T11:41:17.952+0000] {dag.py:4180} INFO - Setting next_dagrun for dataset_alias_example_alias_producer to None, run_after=None
[2025-01-27T11:41:17.955+0000] {logging_mixin.py:190} INFO - [2025-01-27T11:41:17.955+0000] {dag.py:4180} INFO - Setting next_dagrun for dataset_s3_bucket_consumer to None, run_after=None
[2025-01-27T11:41:17.957+0000] {logging_mixin.py:190} INFO - [2025-01-27T11:41:17.957+0000] {dag.py:4180} INFO - Setting next_dagrun for dataset_s3_bucket_producer to None, run_after=None
[2025-01-27T11:41:17.986+0000] {processor.py:208} INFO - Processing /home/airflow/.local/lib/python3.12/site-packages/airflow/example_dags/example_dataset_alias.py took 1.288 seconds
[2025-01-27T11:41:48.462+0000] {processor.py:186} INFO - Started process (PID=2789) to work on /home/airflow/.local/lib/python3.12/site-packages/airflow/example_dags/example_dataset_alias.py
[2025-01-27T11:41:48.464+0000] {processor.py:914} INFO - Processing file /home/airflow/.local/lib/python3.12/site-packages/airflow/example_dags/example_dataset_alias.py for tasks to queue
[2025-01-27T11:41:48.466+0000] {logging_mixin.py:190} INFO - [2025-01-27T11:41:48.466+0000] {dagbag.py:588} INFO - Filling up the DagBag from /home/airflow/.local/lib/python3.12/site-packages/airflow/example_dags/example_dataset_alias.py
[2025-01-27T11:41:49.472+0000] {processor.py:925} INFO - DAG(s) 'dataset_alias_example_alias_consumer', 'dataset_s3_bucket_producer', 'dataset_alias_example_alias_producer', 'dataset_s3_bucket_consumer' retrieved from /home/airflow/.local/lib/python3.12/site-packages/airflow/example_dags/example_dataset_alias.py
[2025-01-27T11:41:49.510+0000] {logging_mixin.py:190} INFO - [2025-01-27T11:41:49.509+0000] {dag.py:3239} INFO - Sync 4 DAGs
[2025-01-27T11:41:49.551+0000] {logging_mixin.py:190} INFO - [2025-01-27T11:41:49.550+0000] {dag.py:4180} INFO - Setting next_dagrun for dataset_alias_example_alias_consumer to None, run_after=None
[2025-01-27T11:41:49.556+0000] {logging_mixin.py:190} INFO - [2025-01-27T11:41:49.556+0000] {dag.py:4180} INFO - Setting next_dagrun for dataset_alias_example_alias_producer to None, run_after=None
[2025-01-27T11:41:49.560+0000] {logging_mixin.py:190} INFO - [2025-01-27T11:41:49.559+0000] {dag.py:4180} INFO - Setting next_dagrun for dataset_s3_bucket_consumer to None, run_after=None
[2025-01-27T11:41:49.563+0000] {logging_mixin.py:190} INFO - [2025-01-27T11:41:49.563+0000] {dag.py:4180} INFO - Setting next_dagrun for dataset_s3_bucket_producer to None, run_after=None
[2025-01-27T11:41:49.624+0000] {processor.py:208} INFO - Processing /home/airflow/.local/lib/python3.12/site-packages/airflow/example_dags/example_dataset_alias.py took 1.172 seconds
[2025-01-27T11:42:20.625+0000] {processor.py:186} INFO - Started process (PID=3080) to work on /home/airflow/.local/lib/python3.12/site-packages/airflow/example_dags/example_dataset_alias.py
[2025-01-27T11:42:20.626+0000] {processor.py:914} INFO - Processing file /home/airflow/.local/lib/python3.12/site-packages/airflow/example_dags/example_dataset_alias.py for tasks to queue
[2025-01-27T11:42:20.631+0000] {logging_mixin.py:190} INFO - [2025-01-27T11:42:20.630+0000] {dagbag.py:588} INFO - Filling up the DagBag from /home/airflow/.local/lib/python3.12/site-packages/airflow/example_dags/example_dataset_alias.py
[2025-01-27T11:42:22.112+0000] {processor.py:925} INFO - DAG(s) 'dataset_alias_example_alias_producer', 'dataset_s3_bucket_producer', 'dataset_alias_example_alias_consumer', 'dataset_s3_bucket_consumer' retrieved from /home/airflow/.local/lib/python3.12/site-packages/airflow/example_dags/example_dataset_alias.py
[2025-01-27T11:42:22.175+0000] {logging_mixin.py:190} INFO - [2025-01-27T11:42:22.174+0000] {dag.py:3239} INFO - Sync 4 DAGs
[2025-01-27T11:42:22.245+0000] {logging_mixin.py:190} INFO - [2025-01-27T11:42:22.245+0000] {dag.py:4180} INFO - Setting next_dagrun for dataset_alias_example_alias_consumer to None, run_after=None
[2025-01-27T11:42:22.253+0000] {logging_mixin.py:190} INFO - [2025-01-27T11:42:22.252+0000] {dag.py:4180} INFO - Setting next_dagrun for dataset_alias_example_alias_producer to None, run_after=None
[2025-01-27T11:42:22.257+0000] {logging_mixin.py:190} INFO - [2025-01-27T11:42:22.256+0000] {dag.py:4180} INFO - Setting next_dagrun for dataset_s3_bucket_consumer to None, run_after=None
[2025-01-27T11:42:22.260+0000] {logging_mixin.py:190} INFO - [2025-01-27T11:42:22.260+0000] {dag.py:4180} INFO - Setting next_dagrun for dataset_s3_bucket_producer to None, run_after=None
[2025-01-27T11:42:22.324+0000] {processor.py:208} INFO - Processing /home/airflow/.local/lib/python3.12/site-packages/airflow/example_dags/example_dataset_alias.py took 1.709 seconds
[2025-01-27T11:42:52.873+0000] {processor.py:186} INFO - Started process (PID=3371) to work on /home/airflow/.local/lib/python3.12/site-packages/airflow/example_dags/example_dataset_alias.py
[2025-01-27T11:42:52.874+0000] {processor.py:914} INFO - Processing file /home/airflow/.local/lib/python3.12/site-packages/airflow/example_dags/example_dataset_alias.py for tasks to queue
[2025-01-27T11:42:52.879+0000] {logging_mixin.py:190} INFO - [2025-01-27T11:42:52.879+0000] {dagbag.py:588} INFO - Filling up the DagBag from /home/airflow/.local/lib/python3.12/site-packages/airflow/example_dags/example_dataset_alias.py
[2025-01-27T11:42:53.917+0000] {processor.py:925} INFO - DAG(s) 'dataset_s3_bucket_producer', 'dataset_alias_example_alias_consumer', 'dataset_s3_bucket_consumer', 'dataset_alias_example_alias_producer' retrieved from /home/airflow/.local/lib/python3.12/site-packages/airflow/example_dags/example_dataset_alias.py
[2025-01-27T11:42:53.956+0000] {logging_mixin.py:190} INFO - [2025-01-27T11:42:53.955+0000] {dag.py:3239} INFO - Sync 4 DAGs
[2025-01-27T11:42:53.991+0000] {logging_mixin.py:190} INFO - [2025-01-27T11:42:53.991+0000] {dag.py:4180} INFO - Setting next_dagrun for dataset_alias_example_alias_consumer to None, run_after=None
[2025-01-27T11:42:53.995+0000] {logging_mixin.py:190} INFO - [2025-01-27T11:42:53.995+0000] {dag.py:4180} INFO - Setting next_dagrun for dataset_alias_example_alias_producer to None, run_after=None
[2025-01-27T11:42:53.998+0000] {logging_mixin.py:190} INFO - [2025-01-27T11:42:53.998+0000] {dag.py:4180} INFO - Setting next_dagrun for dataset_s3_bucket_consumer to None, run_after=None
[2025-01-27T11:42:54.000+0000] {logging_mixin.py:190} INFO - [2025-01-27T11:42:54.000+0000] {dag.py:4180} INFO - Setting next_dagrun for dataset_s3_bucket_producer to None, run_after=None
[2025-01-27T11:42:54.041+0000] {processor.py:208} INFO - Processing /home/airflow/.local/lib/python3.12/site-packages/airflow/example_dags/example_dataset_alias.py took 1.185 seconds
[2025-01-27T11:43:24.496+0000] {processor.py:186} INFO - Started process (PID=3662) to work on /home/airflow/.local/lib/python3.12/site-packages/airflow/example_dags/example_dataset_alias.py
[2025-01-27T11:43:24.499+0000] {processor.py:914} INFO - Processing file /home/airflow/.local/lib/python3.12/site-packages/airflow/example_dags/example_dataset_alias.py for tasks to queue
[2025-01-27T11:43:24.504+0000] {logging_mixin.py:190} INFO - [2025-01-27T11:43:24.503+0000] {dagbag.py:588} INFO - Filling up the DagBag from /home/airflow/.local/lib/python3.12/site-packages/airflow/example_dags/example_dataset_alias.py
[2025-01-27T11:43:26.008+0000] {processor.py:925} INFO - DAG(s) 'dataset_alias_example_alias_consumer', 'dataset_s3_bucket_consumer', 'dataset_alias_example_alias_producer', 'dataset_s3_bucket_producer' retrieved from /home/airflow/.local/lib/python3.12/site-packages/airflow/example_dags/example_dataset_alias.py
[2025-01-27T11:43:26.052+0000] {logging_mixin.py:190} INFO - [2025-01-27T11:43:26.051+0000] {dag.py:3239} INFO - Sync 4 DAGs
[2025-01-27T11:43:26.106+0000] {logging_mixin.py:190} INFO - [2025-01-27T11:43:26.106+0000] {dag.py:4180} INFO - Setting next_dagrun for dataset_alias_example_alias_consumer to None, run_after=None
[2025-01-27T11:43:26.113+0000] {logging_mixin.py:190} INFO - [2025-01-27T11:43:26.112+0000] {dag.py:4180} INFO - Setting next_dagrun for dataset_alias_example_alias_producer to None, run_after=None
[2025-01-27T11:43:26.117+0000] {logging_mixin.py:190} INFO - [2025-01-27T11:43:26.117+0000] {dag.py:4180} INFO - Setting next_dagrun for dataset_s3_bucket_consumer to None, run_after=None
[2025-01-27T11:43:26.122+0000] {logging_mixin.py:190} INFO - [2025-01-27T11:43:26.121+0000] {dag.py:4180} INFO - Setting next_dagrun for dataset_s3_bucket_producer to None, run_after=None
[2025-01-27T11:43:26.177+0000] {processor.py:208} INFO - Processing /home/airflow/.local/lib/python3.12/site-packages/airflow/example_dags/example_dataset_alias.py took 1.696 seconds
[2025-01-27T11:43:56.699+0000] {processor.py:186} INFO - Started process (PID=3953) to work on /home/airflow/.local/lib/python3.12/site-packages/airflow/example_dags/example_dataset_alias.py
[2025-01-27T11:43:56.712+0000] {processor.py:914} INFO - Processing file /home/airflow/.local/lib/python3.12/site-packages/airflow/example_dags/example_dataset_alias.py for tasks to queue
[2025-01-27T11:43:56.774+0000] {logging_mixin.py:190} INFO - [2025-01-27T11:43:56.772+0000] {dagbag.py:588} INFO - Filling up the DagBag from /home/airflow/.local/lib/python3.12/site-packages/airflow/example_dags/example_dataset_alias.py
[2025-01-27T11:44:00.467+0000] {processor.py:925} INFO - DAG(s) 'dataset_s3_bucket_producer', 'dataset_s3_bucket_consumer', 'dataset_alias_example_alias_consumer', 'dataset_alias_example_alias_producer' retrieved from /home/airflow/.local/lib/python3.12/site-packages/airflow/example_dags/example_dataset_alias.py
[2025-01-27T11:44:00.559+0000] {logging_mixin.py:190} INFO - [2025-01-27T11:44:00.558+0000] {dag.py:3239} INFO - Sync 4 DAGs
[2025-01-27T11:44:00.694+0000] {logging_mixin.py:190} INFO - [2025-01-27T11:44:00.693+0000] {dag.py:4180} INFO - Setting next_dagrun for dataset_alias_example_alias_consumer to None, run_after=None
[2025-01-27T11:44:00.705+0000] {logging_mixin.py:190} INFO - [2025-01-27T11:44:00.702+0000] {dag.py:4180} INFO - Setting next_dagrun for dataset_alias_example_alias_producer to None, run_after=None
[2025-01-27T11:44:00.711+0000] {logging_mixin.py:190} INFO - [2025-01-27T11:44:00.710+0000] {dag.py:4180} INFO - Setting next_dagrun for dataset_s3_bucket_consumer to None, run_after=None
[2025-01-27T11:44:00.715+0000] {logging_mixin.py:190} INFO - [2025-01-27T11:44:00.714+0000] {dag.py:4180} INFO - Setting next_dagrun for dataset_s3_bucket_producer to None, run_after=None
[2025-01-27T11:44:00.782+0000] {processor.py:208} INFO - Processing /home/airflow/.local/lib/python3.12/site-packages/airflow/example_dags/example_dataset_alias.py took 4.116 seconds
[2025-01-27T11:44:31.272+0000] {processor.py:186} INFO - Started process (PID=4252) to work on /home/airflow/.local/lib/python3.12/site-packages/airflow/example_dags/example_dataset_alias.py
[2025-01-27T11:44:31.274+0000] {processor.py:914} INFO - Processing file /home/airflow/.local/lib/python3.12/site-packages/airflow/example_dags/example_dataset_alias.py for tasks to queue
[2025-01-27T11:44:31.279+0000] {logging_mixin.py:190} INFO - [2025-01-27T11:44:31.278+0000] {dagbag.py:588} INFO - Filling up the DagBag from /home/airflow/.local/lib/python3.12/site-packages/airflow/example_dags/example_dataset_alias.py
[2025-01-27T11:44:32.430+0000] {processor.py:925} INFO - DAG(s) 'dataset_alias_example_alias_consumer', 'dataset_s3_bucket_consumer', 'dataset_alias_example_alias_producer', 'dataset_s3_bucket_producer' retrieved from /home/airflow/.local/lib/python3.12/site-packages/airflow/example_dags/example_dataset_alias.py
[2025-01-27T11:44:32.469+0000] {logging_mixin.py:190} INFO - [2025-01-27T11:44:32.468+0000] {dag.py:3239} INFO - Sync 4 DAGs
[2025-01-27T11:44:32.508+0000] {logging_mixin.py:190} INFO - [2025-01-27T11:44:32.508+0000] {dag.py:4180} INFO - Setting next_dagrun for dataset_alias_example_alias_consumer to None, run_after=None
[2025-01-27T11:44:32.515+0000] {logging_mixin.py:190} INFO - [2025-01-27T11:44:32.514+0000] {dag.py:4180} INFO - Setting next_dagrun for dataset_alias_example_alias_producer to None, run_after=None
[2025-01-27T11:44:32.519+0000] {logging_mixin.py:190} INFO - [2025-01-27T11:44:32.518+0000] {dag.py:4180} INFO - Setting next_dagrun for dataset_s3_bucket_consumer to None, run_after=None
[2025-01-27T11:44:32.521+0000] {logging_mixin.py:190} INFO - [2025-01-27T11:44:32.521+0000] {dag.py:4180} INFO - Setting next_dagrun for dataset_s3_bucket_producer to None, run_after=None
[2025-01-27T11:44:32.556+0000] {processor.py:208} INFO - Processing /home/airflow/.local/lib/python3.12/site-packages/airflow/example_dags/example_dataset_alias.py took 1.294 seconds
[2025-01-27T11:45:04.155+0000] {processor.py:186} INFO - Started process (PID=4580) to work on /home/airflow/.local/lib/python3.12/site-packages/airflow/example_dags/example_dataset_alias.py
[2025-01-27T11:45:04.156+0000] {processor.py:914} INFO - Processing file /home/airflow/.local/lib/python3.12/site-packages/airflow/example_dags/example_dataset_alias.py for tasks to queue
[2025-01-27T11:45:04.160+0000] {logging_mixin.py:190} INFO - [2025-01-27T11:45:04.159+0000] {dagbag.py:588} INFO - Filling up the DagBag from /home/airflow/.local/lib/python3.12/site-packages/airflow/example_dags/example_dataset_alias.py
[2025-01-27T11:45:05.268+0000] {processor.py:925} INFO - DAG(s) 'dataset_s3_bucket_producer', 'dataset_alias_example_alias_producer', 'dataset_s3_bucket_consumer', 'dataset_alias_example_alias_consumer' retrieved from /home/airflow/.local/lib/python3.12/site-packages/airflow/example_dags/example_dataset_alias.py
[2025-01-27T11:45:05.319+0000] {logging_mixin.py:190} INFO - [2025-01-27T11:45:05.315+0000] {dag.py:3239} INFO - Sync 4 DAGs
[2025-01-27T11:45:05.360+0000] {logging_mixin.py:190} INFO - [2025-01-27T11:45:05.359+0000] {dag.py:4180} INFO - Setting next_dagrun for dataset_alias_example_alias_consumer to None, run_after=None
[2025-01-27T11:45:05.366+0000] {logging_mixin.py:190} INFO - [2025-01-27T11:45:05.365+0000] {dag.py:4180} INFO - Setting next_dagrun for dataset_alias_example_alias_producer to None, run_after=None
[2025-01-27T11:45:05.369+0000] {logging_mixin.py:190} INFO - [2025-01-27T11:45:05.369+0000] {dag.py:4180} INFO - Setting next_dagrun for dataset_s3_bucket_consumer to None, run_after=None
[2025-01-27T11:45:05.372+0000] {logging_mixin.py:190} INFO - [2025-01-27T11:45:05.372+0000] {dag.py:4180} INFO - Setting next_dagrun for dataset_s3_bucket_producer to None, run_after=None
[2025-01-27T11:45:05.415+0000] {processor.py:208} INFO - Processing /home/airflow/.local/lib/python3.12/site-packages/airflow/example_dags/example_dataset_alias.py took 1.273 seconds
[2025-01-27T11:45:35.964+0000] {processor.py:186} INFO - Started process (PID=4884) to work on /home/airflow/.local/lib/python3.12/site-packages/airflow/example_dags/example_dataset_alias.py
[2025-01-27T11:45:35.965+0000] {processor.py:914} INFO - Processing file /home/airflow/.local/lib/python3.12/site-packages/airflow/example_dags/example_dataset_alias.py for tasks to queue
[2025-01-27T11:45:35.969+0000] {logging_mixin.py:190} INFO - [2025-01-27T11:45:35.969+0000] {dagbag.py:588} INFO - Filling up the DagBag from /home/airflow/.local/lib/python3.12/site-packages/airflow/example_dags/example_dataset_alias.py
[2025-01-27T11:45:37.434+0000] {processor.py:925} INFO - DAG(s) 'dataset_alias_example_alias_consumer', 'dataset_s3_bucket_consumer', 'dataset_s3_bucket_producer', 'dataset_alias_example_alias_producer' retrieved from /home/airflow/.local/lib/python3.12/site-packages/airflow/example_dags/example_dataset_alias.py
[2025-01-27T11:45:37.535+0000] {logging_mixin.py:190} INFO - [2025-01-27T11:45:37.534+0000] {dag.py:3239} INFO - Sync 4 DAGs
[2025-01-27T11:45:37.625+0000] {logging_mixin.py:190} INFO - [2025-01-27T11:45:37.624+0000] {dag.py:4180} INFO - Setting next_dagrun for dataset_alias_example_alias_consumer to None, run_after=None
[2025-01-27T11:45:37.639+0000] {logging_mixin.py:190} INFO - [2025-01-27T11:45:37.638+0000] {dag.py:4180} INFO - Setting next_dagrun for dataset_alias_example_alias_producer to None, run_after=None
[2025-01-27T11:45:37.643+0000] {logging_mixin.py:190} INFO - [2025-01-27T11:45:37.643+0000] {dag.py:4180} INFO - Setting next_dagrun for dataset_s3_bucket_consumer to None, run_after=None
[2025-01-27T11:45:37.646+0000] {logging_mixin.py:190} INFO - [2025-01-27T11:45:37.645+0000] {dag.py:4180} INFO - Setting next_dagrun for dataset_s3_bucket_producer to None, run_after=None
[2025-01-27T11:45:37.696+0000] {processor.py:208} INFO - Processing /home/airflow/.local/lib/python3.12/site-packages/airflow/example_dags/example_dataset_alias.py took 1.748 seconds
[2025-01-27T11:46:08.294+0000] {processor.py:186} INFO - Started process (PID=5200) to work on /home/airflow/.local/lib/python3.12/site-packages/airflow/example_dags/example_dataset_alias.py
[2025-01-27T11:46:08.298+0000] {processor.py:914} INFO - Processing file /home/airflow/.local/lib/python3.12/site-packages/airflow/example_dags/example_dataset_alias.py for tasks to queue
[2025-01-27T11:46:08.303+0000] {logging_mixin.py:190} INFO - [2025-01-27T11:46:08.302+0000] {dagbag.py:588} INFO - Filling up the DagBag from /home/airflow/.local/lib/python3.12/site-packages/airflow/example_dags/example_dataset_alias.py
[2025-01-27T11:46:09.363+0000] {processor.py:925} INFO - DAG(s) 'dataset_s3_bucket_consumer', 'dataset_alias_example_alias_producer', 'dataset_alias_example_alias_consumer', 'dataset_s3_bucket_producer' retrieved from /home/airflow/.local/lib/python3.12/site-packages/airflow/example_dags/example_dataset_alias.py
[2025-01-27T11:46:09.397+0000] {logging_mixin.py:190} INFO - [2025-01-27T11:46:09.396+0000] {dag.py:3239} INFO - Sync 4 DAGs
[2025-01-27T11:46:09.434+0000] {logging_mixin.py:190} INFO - [2025-01-27T11:46:09.434+0000] {dag.py:4180} INFO - Setting next_dagrun for dataset_alias_example_alias_consumer to None, run_after=None
[2025-01-27T11:46:09.438+0000] {logging_mixin.py:190} INFO - [2025-01-27T11:46:09.438+0000] {dag.py:4180} INFO - Setting next_dagrun for dataset_alias_example_alias_producer to None, run_after=None
[2025-01-27T11:46:09.441+0000] {logging_mixin.py:190} INFO - [2025-01-27T11:46:09.441+0000] {dag.py:4180} INFO - Setting next_dagrun for dataset_s3_bucket_consumer to None, run_after=None
[2025-01-27T11:46:09.443+0000] {logging_mixin.py:190} INFO - [2025-01-27T11:46:09.443+0000] {dag.py:4180} INFO - Setting next_dagrun for dataset_s3_bucket_producer to None, run_after=None
[2025-01-27T11:46:09.477+0000] {processor.py:208} INFO - Processing /home/airflow/.local/lib/python3.12/site-packages/airflow/example_dags/example_dataset_alias.py took 1.197 seconds
[2025-01-27T11:46:39.646+0000] {processor.py:186} INFO - Started process (PID=5491) to work on /home/airflow/.local/lib/python3.12/site-packages/airflow/example_dags/example_dataset_alias.py
[2025-01-27T11:46:39.647+0000] {processor.py:914} INFO - Processing file /home/airflow/.local/lib/python3.12/site-packages/airflow/example_dags/example_dataset_alias.py for tasks to queue
[2025-01-27T11:46:39.651+0000] {logging_mixin.py:190} INFO - [2025-01-27T11:46:39.650+0000] {dagbag.py:588} INFO - Filling up the DagBag from /home/airflow/.local/lib/python3.12/site-packages/airflow/example_dags/example_dataset_alias.py
[2025-01-27T11:46:40.833+0000] {processor.py:925} INFO - DAG(s) 'dataset_alias_example_alias_producer', 'dataset_alias_example_alias_consumer', 'dataset_s3_bucket_producer', 'dataset_s3_bucket_consumer' retrieved from /home/airflow/.local/lib/python3.12/site-packages/airflow/example_dags/example_dataset_alias.py
[2025-01-27T11:46:40.874+0000] {logging_mixin.py:190} INFO - [2025-01-27T11:46:40.873+0000] {dag.py:3239} INFO - Sync 4 DAGs
[2025-01-27T11:46:40.921+0000] {logging_mixin.py:190} INFO - [2025-01-27T11:46:40.920+0000] {dag.py:4180} INFO - Setting next_dagrun for dataset_alias_example_alias_consumer to None, run_after=None
[2025-01-27T11:46:40.925+0000] {logging_mixin.py:190} INFO - [2025-01-27T11:46:40.924+0000] {dag.py:4180} INFO - Setting next_dagrun for dataset_alias_example_alias_producer to None, run_after=None
[2025-01-27T11:46:40.927+0000] {logging_mixin.py:190} INFO - [2025-01-27T11:46:40.926+0000] {dag.py:4180} INFO - Setting next_dagrun for dataset_s3_bucket_consumer to None, run_after=None
[2025-01-27T11:46:40.929+0000] {logging_mixin.py:190} INFO - [2025-01-27T11:46:40.928+0000] {dag.py:4180} INFO - Setting next_dagrun for dataset_s3_bucket_producer to None, run_after=None
[2025-01-27T11:46:40.963+0000] {processor.py:208} INFO - Processing /home/airflow/.local/lib/python3.12/site-packages/airflow/example_dags/example_dataset_alias.py took 1.328 seconds
[2025-01-27T11:47:12.532+0000] {processor.py:186} INFO - Started process (PID=5797) to work on /home/airflow/.local/lib/python3.12/site-packages/airflow/example_dags/example_dataset_alias.py
[2025-01-27T11:47:12.535+0000] {processor.py:914} INFO - Processing file /home/airflow/.local/lib/python3.12/site-packages/airflow/example_dags/example_dataset_alias.py for tasks to queue
[2025-01-27T11:47:12.539+0000] {logging_mixin.py:190} INFO - [2025-01-27T11:47:12.538+0000] {dagbag.py:588} INFO - Filling up the DagBag from /home/airflow/.local/lib/python3.12/site-packages/airflow/example_dags/example_dataset_alias.py
[2025-01-27T11:47:13.988+0000] {processor.py:925} INFO - DAG(s) 'dataset_alias_example_alias_producer', 'dataset_s3_bucket_consumer', 'dataset_alias_example_alias_consumer', 'dataset_s3_bucket_producer' retrieved from /home/airflow/.local/lib/python3.12/site-packages/airflow/example_dags/example_dataset_alias.py
[2025-01-27T11:47:14.041+0000] {logging_mixin.py:190} INFO - [2025-01-27T11:47:14.039+0000] {dag.py:3239} INFO - Sync 4 DAGs
[2025-01-27T11:47:14.100+0000] {logging_mixin.py:190} INFO - [2025-01-27T11:47:14.099+0000] {dag.py:4180} INFO - Setting next_dagrun for dataset_alias_example_alias_consumer to None, run_after=None
[2025-01-27T11:47:14.104+0000] {logging_mixin.py:190} INFO - [2025-01-27T11:47:14.104+0000] {dag.py:4180} INFO - Setting next_dagrun for dataset_alias_example_alias_producer to None, run_after=None
[2025-01-27T11:47:14.107+0000] {logging_mixin.py:190} INFO - [2025-01-27T11:47:14.107+0000] {dag.py:4180} INFO - Setting next_dagrun for dataset_s3_bucket_consumer to None, run_after=None
[2025-01-27T11:47:14.112+0000] {logging_mixin.py:190} INFO - [2025-01-27T11:47:14.111+0000] {dag.py:4180} INFO - Setting next_dagrun for dataset_s3_bucket_producer to None, run_after=None
[2025-01-27T11:47:14.152+0000] {processor.py:208} INFO - Processing /home/airflow/.local/lib/python3.12/site-packages/airflow/example_dags/example_dataset_alias.py took 1.634 seconds
[2025-01-27T11:47:44.589+0000] {processor.py:186} INFO - Started process (PID=6095) to work on /home/airflow/.local/lib/python3.12/site-packages/airflow/example_dags/example_dataset_alias.py
[2025-01-27T11:47:44.590+0000] {processor.py:914} INFO - Processing file /home/airflow/.local/lib/python3.12/site-packages/airflow/example_dags/example_dataset_alias.py for tasks to queue
[2025-01-27T11:47:44.593+0000] {logging_mixin.py:190} INFO - [2025-01-27T11:47:44.593+0000] {dagbag.py:588} INFO - Filling up the DagBag from /home/airflow/.local/lib/python3.12/site-packages/airflow/example_dags/example_dataset_alias.py
[2025-01-27T11:47:45.446+0000] {processor.py:925} INFO - DAG(s) 'dataset_alias_example_alias_producer', 'dataset_s3_bucket_producer', 'dataset_alias_example_alias_consumer', 'dataset_s3_bucket_consumer' retrieved from /home/airflow/.local/lib/python3.12/site-packages/airflow/example_dags/example_dataset_alias.py
[2025-01-27T11:47:45.482+0000] {logging_mixin.py:190} INFO - [2025-01-27T11:47:45.481+0000] {dag.py:3239} INFO - Sync 4 DAGs
[2025-01-27T11:47:45.519+0000] {logging_mixin.py:190} INFO - [2025-01-27T11:47:45.518+0000] {dag.py:4180} INFO - Setting next_dagrun for dataset_alias_example_alias_consumer to None, run_after=None
[2025-01-27T11:47:45.523+0000] {logging_mixin.py:190} INFO - [2025-01-27T11:47:45.522+0000] {dag.py:4180} INFO - Setting next_dagrun for dataset_alias_example_alias_producer to None, run_after=None
[2025-01-27T11:47:45.525+0000] {logging_mixin.py:190} INFO - [2025-01-27T11:47:45.525+0000] {dag.py:4180} INFO - Setting next_dagrun for dataset_s3_bucket_consumer to None, run_after=None
[2025-01-27T11:47:45.527+0000] {logging_mixin.py:190} INFO - [2025-01-27T11:47:45.527+0000] {dag.py:4180} INFO - Setting next_dagrun for dataset_s3_bucket_producer to None, run_after=None
[2025-01-27T11:47:45.560+0000] {processor.py:208} INFO - Processing /home/airflow/.local/lib/python3.12/site-packages/airflow/example_dags/example_dataset_alias.py took 0.978 seconds
[2025-01-27T11:48:16.439+0000] {processor.py:186} INFO - Started process (PID=6394) to work on /home/airflow/.local/lib/python3.12/site-packages/airflow/example_dags/example_dataset_alias.py
[2025-01-27T11:48:16.444+0000] {processor.py:914} INFO - Processing file /home/airflow/.local/lib/python3.12/site-packages/airflow/example_dags/example_dataset_alias.py for tasks to queue
[2025-01-27T11:48:16.449+0000] {logging_mixin.py:190} INFO - [2025-01-27T11:48:16.448+0000] {dagbag.py:588} INFO - Filling up the DagBag from /home/airflow/.local/lib/python3.12/site-packages/airflow/example_dags/example_dataset_alias.py
[2025-01-27T11:48:17.588+0000] {processor.py:925} INFO - DAG(s) 'dataset_s3_bucket_consumer', 'dataset_s3_bucket_producer', 'dataset_alias_example_alias_producer', 'dataset_alias_example_alias_consumer' retrieved from /home/airflow/.local/lib/python3.12/site-packages/airflow/example_dags/example_dataset_alias.py
[2025-01-27T11:48:17.626+0000] {logging_mixin.py:190} INFO - [2025-01-27T11:48:17.625+0000] {dag.py:3239} INFO - Sync 4 DAGs
[2025-01-27T11:48:17.692+0000] {logging_mixin.py:190} INFO - [2025-01-27T11:48:17.692+0000] {dag.py:4180} INFO - Setting next_dagrun for dataset_alias_example_alias_consumer to None, run_after=None
[2025-01-27T11:48:17.700+0000] {logging_mixin.py:190} INFO - [2025-01-27T11:48:17.699+0000] {dag.py:4180} INFO - Setting next_dagrun for dataset_alias_example_alias_producer to None, run_after=None
[2025-01-27T11:48:17.704+0000] {logging_mixin.py:190} INFO - [2025-01-27T11:48:17.704+0000] {dag.py:4180} INFO - Setting next_dagrun for dataset_s3_bucket_consumer to None, run_after=None
[2025-01-27T11:48:17.711+0000] {logging_mixin.py:190} INFO - [2025-01-27T11:48:17.710+0000] {dag.py:4180} INFO - Setting next_dagrun for dataset_s3_bucket_producer to None, run_after=None
[2025-01-27T11:48:17.802+0000] {processor.py:208} INFO - Processing /home/airflow/.local/lib/python3.12/site-packages/airflow/example_dags/example_dataset_alias.py took 1.376 seconds
[2025-01-27T11:48:47.933+0000] {processor.py:186} INFO - Started process (PID=6693) to work on /home/airflow/.local/lib/python3.12/site-packages/airflow/example_dags/example_dataset_alias.py
[2025-01-27T11:48:47.934+0000] {processor.py:914} INFO - Processing file /home/airflow/.local/lib/python3.12/site-packages/airflow/example_dags/example_dataset_alias.py for tasks to queue
[2025-01-27T11:48:47.938+0000] {logging_mixin.py:190} INFO - [2025-01-27T11:48:47.937+0000] {dagbag.py:588} INFO - Filling up the DagBag from /home/airflow/.local/lib/python3.12/site-packages/airflow/example_dags/example_dataset_alias.py
[2025-01-27T11:48:48.842+0000] {processor.py:925} INFO - DAG(s) 'dataset_s3_bucket_consumer', 'dataset_alias_example_alias_consumer', 'dataset_s3_bucket_producer', 'dataset_alias_example_alias_producer' retrieved from /home/airflow/.local/lib/python3.12/site-packages/airflow/example_dags/example_dataset_alias.py
[2025-01-27T11:48:48.883+0000] {logging_mixin.py:190} INFO - [2025-01-27T11:48:48.882+0000] {dag.py:3239} INFO - Sync 4 DAGs
[2025-01-27T11:48:48.918+0000] {logging_mixin.py:190} INFO - [2025-01-27T11:48:48.918+0000] {dag.py:4180} INFO - Setting next_dagrun for dataset_alias_example_alias_consumer to None, run_after=None
[2025-01-27T11:48:48.922+0000] {logging_mixin.py:190} INFO - [2025-01-27T11:48:48.922+0000] {dag.py:4180} INFO - Setting next_dagrun for dataset_alias_example_alias_producer to None, run_after=None
[2025-01-27T11:48:48.926+0000] {logging_mixin.py:190} INFO - [2025-01-27T11:48:48.926+0000] {dag.py:4180} INFO - Setting next_dagrun for dataset_s3_bucket_consumer to None, run_after=None
[2025-01-27T11:48:48.929+0000] {logging_mixin.py:190} INFO - [2025-01-27T11:48:48.929+0000] {dag.py:4180} INFO - Setting next_dagrun for dataset_s3_bucket_producer to None, run_after=None
[2025-01-27T11:48:48.962+0000] {processor.py:208} INFO - Processing /home/airflow/.local/lib/python3.12/site-packages/airflow/example_dags/example_dataset_alias.py took 1.038 seconds
[2025-01-27T11:49:19.517+0000] {processor.py:186} INFO - Started process (PID=6984) to work on /home/airflow/.local/lib/python3.12/site-packages/airflow/example_dags/example_dataset_alias.py
[2025-01-27T11:49:19.518+0000] {processor.py:914} INFO - Processing file /home/airflow/.local/lib/python3.12/site-packages/airflow/example_dags/example_dataset_alias.py for tasks to queue
[2025-01-27T11:49:19.522+0000] {logging_mixin.py:190} INFO - [2025-01-27T11:49:19.521+0000] {dagbag.py:588} INFO - Filling up the DagBag from /home/airflow/.local/lib/python3.12/site-packages/airflow/example_dags/example_dataset_alias.py
[2025-01-27T11:49:20.374+0000] {processor.py:925} INFO - DAG(s) 'dataset_alias_example_alias_consumer', 'dataset_s3_bucket_producer', 'dataset_alias_example_alias_producer', 'dataset_s3_bucket_consumer' retrieved from /home/airflow/.local/lib/python3.12/site-packages/airflow/example_dags/example_dataset_alias.py
[2025-01-27T11:49:20.408+0000] {logging_mixin.py:190} INFO - [2025-01-27T11:49:20.408+0000] {dag.py:3239} INFO - Sync 4 DAGs
[2025-01-27T11:49:20.453+0000] {logging_mixin.py:190} INFO - [2025-01-27T11:49:20.453+0000] {dag.py:4180} INFO - Setting next_dagrun for dataset_alias_example_alias_consumer to None, run_after=None
[2025-01-27T11:49:20.459+0000] {logging_mixin.py:190} INFO - [2025-01-27T11:49:20.459+0000] {dag.py:4180} INFO - Setting next_dagrun for dataset_alias_example_alias_producer to None, run_after=None
[2025-01-27T11:49:20.462+0000] {logging_mixin.py:190} INFO - [2025-01-27T11:49:20.462+0000] {dag.py:4180} INFO - Setting next_dagrun for dataset_s3_bucket_consumer to None, run_after=None
[2025-01-27T11:49:20.464+0000] {logging_mixin.py:190} INFO - [2025-01-27T11:49:20.464+0000] {dag.py:4180} INFO - Setting next_dagrun for dataset_s3_bucket_producer to None, run_after=None
[2025-01-27T11:49:20.503+0000] {processor.py:208} INFO - Processing /home/airflow/.local/lib/python3.12/site-packages/airflow/example_dags/example_dataset_alias.py took 0.992 seconds
[2025-01-27T11:49:50.580+0000] {processor.py:186} INFO - Started process (PID=7275) to work on /home/airflow/.local/lib/python3.12/site-packages/airflow/example_dags/example_dataset_alias.py
[2025-01-27T11:49:50.582+0000] {processor.py:914} INFO - Processing file /home/airflow/.local/lib/python3.12/site-packages/airflow/example_dags/example_dataset_alias.py for tasks to queue
[2025-01-27T11:49:50.585+0000] {logging_mixin.py:190} INFO - [2025-01-27T11:49:50.584+0000] {dagbag.py:588} INFO - Filling up the DagBag from /home/airflow/.local/lib/python3.12/site-packages/airflow/example_dags/example_dataset_alias.py
[2025-01-27T11:49:51.522+0000] {processor.py:925} INFO - DAG(s) 'dataset_s3_bucket_producer', 'dataset_alias_example_alias_consumer', 'dataset_alias_example_alias_producer', 'dataset_s3_bucket_consumer' retrieved from /home/airflow/.local/lib/python3.12/site-packages/airflow/example_dags/example_dataset_alias.py
[2025-01-27T11:49:51.560+0000] {logging_mixin.py:190} INFO - [2025-01-27T11:49:51.559+0000] {dag.py:3239} INFO - Sync 4 DAGs
[2025-01-27T11:49:51.601+0000] {logging_mixin.py:190} INFO - [2025-01-27T11:49:51.600+0000] {dag.py:4180} INFO - Setting next_dagrun for dataset_alias_example_alias_consumer to None, run_after=None
[2025-01-27T11:49:51.605+0000] {logging_mixin.py:190} INFO - [2025-01-27T11:49:51.605+0000] {dag.py:4180} INFO - Setting next_dagrun for dataset_alias_example_alias_producer to None, run_after=None
[2025-01-27T11:49:51.608+0000] {logging_mixin.py:190} INFO - [2025-01-27T11:49:51.608+0000] {dag.py:4180} INFO - Setting next_dagrun for dataset_s3_bucket_consumer to None, run_after=None
[2025-01-27T11:49:51.613+0000] {logging_mixin.py:190} INFO - [2025-01-27T11:49:51.613+0000] {dag.py:4180} INFO - Setting next_dagrun for dataset_s3_bucket_producer to None, run_after=None
[2025-01-27T11:49:51.655+0000] {processor.py:208} INFO - Processing /home/airflow/.local/lib/python3.12/site-packages/airflow/example_dags/example_dataset_alias.py took 1.087 seconds
[2025-01-27T11:50:23.695+0000] {processor.py:186} INFO - Started process (PID=7589) to work on /home/airflow/.local/lib/python3.12/site-packages/airflow/example_dags/example_dataset_alias.py
[2025-01-27T11:50:23.697+0000] {processor.py:914} INFO - Processing file /home/airflow/.local/lib/python3.12/site-packages/airflow/example_dags/example_dataset_alias.py for tasks to queue
[2025-01-27T11:50:23.705+0000] {logging_mixin.py:190} INFO - [2025-01-27T11:50:23.702+0000] {dagbag.py:588} INFO - Filling up the DagBag from /home/airflow/.local/lib/python3.12/site-packages/airflow/example_dags/example_dataset_alias.py
[2025-01-27T11:50:25.623+0000] {processor.py:925} INFO - DAG(s) 'dataset_alias_example_alias_consumer', 'dataset_s3_bucket_consumer', 'dataset_s3_bucket_producer', 'dataset_alias_example_alias_producer' retrieved from /home/airflow/.local/lib/python3.12/site-packages/airflow/example_dags/example_dataset_alias.py
[2025-01-27T11:50:25.675+0000] {logging_mixin.py:190} INFO - [2025-01-27T11:50:25.674+0000] {dag.py:3239} INFO - Sync 4 DAGs
[2025-01-27T11:50:25.737+0000] {logging_mixin.py:190} INFO - [2025-01-27T11:50:25.735+0000] {dag.py:4180} INFO - Setting next_dagrun for dataset_alias_example_alias_consumer to None, run_after=None
[2025-01-27T11:50:25.744+0000] {logging_mixin.py:190} INFO - [2025-01-27T11:50:25.744+0000] {dag.py:4180} INFO - Setting next_dagrun for dataset_alias_example_alias_producer to None, run_after=None
[2025-01-27T11:50:25.747+0000] {logging_mixin.py:190} INFO - [2025-01-27T11:50:25.747+0000] {dag.py:4180} INFO - Setting next_dagrun for dataset_s3_bucket_consumer to None, run_after=None
[2025-01-27T11:50:25.752+0000] {logging_mixin.py:190} INFO - [2025-01-27T11:50:25.751+0000] {dag.py:4180} INFO - Setting next_dagrun for dataset_s3_bucket_producer to None, run_after=None
[2025-01-27T11:50:25.817+0000] {processor.py:208} INFO - Processing /home/airflow/.local/lib/python3.12/site-packages/airflow/example_dags/example_dataset_alias.py took 2.164 seconds
[2025-01-27T11:50:56.071+0000] {processor.py:186} INFO - Started process (PID=7907) to work on /home/airflow/.local/lib/python3.12/site-packages/airflow/example_dags/example_dataset_alias.py
[2025-01-27T11:50:56.073+0000] {processor.py:914} INFO - Processing file /home/airflow/.local/lib/python3.12/site-packages/airflow/example_dags/example_dataset_alias.py for tasks to queue
[2025-01-27T11:50:56.079+0000] {logging_mixin.py:190} INFO - [2025-01-27T11:50:56.078+0000] {dagbag.py:588} INFO - Filling up the DagBag from /home/airflow/.local/lib/python3.12/site-packages/airflow/example_dags/example_dataset_alias.py
[2025-01-27T11:50:57.185+0000] {processor.py:925} INFO - DAG(s) 'dataset_s3_bucket_producer', 'dataset_s3_bucket_consumer', 'dataset_alias_example_alias_producer', 'dataset_alias_example_alias_consumer' retrieved from /home/airflow/.local/lib/python3.12/site-packages/airflow/example_dags/example_dataset_alias.py
[2025-01-27T11:50:57.230+0000] {logging_mixin.py:190} INFO - [2025-01-27T11:50:57.228+0000] {dag.py:3239} INFO - Sync 4 DAGs
[2025-01-27T11:50:57.297+0000] {logging_mixin.py:190} INFO - [2025-01-27T11:50:57.297+0000] {dag.py:4180} INFO - Setting next_dagrun for dataset_alias_example_alias_consumer to None, run_after=None
[2025-01-27T11:50:57.303+0000] {logging_mixin.py:190} INFO - [2025-01-27T11:50:57.303+0000] {dag.py:4180} INFO - Setting next_dagrun for dataset_alias_example_alias_producer to None, run_after=None
[2025-01-27T11:50:57.306+0000] {logging_mixin.py:190} INFO - [2025-01-27T11:50:57.305+0000] {dag.py:4180} INFO - Setting next_dagrun for dataset_s3_bucket_consumer to None, run_after=None
[2025-01-27T11:50:57.310+0000] {logging_mixin.py:190} INFO - [2025-01-27T11:50:57.310+0000] {dag.py:4180} INFO - Setting next_dagrun for dataset_s3_bucket_producer to None, run_after=None
[2025-01-27T11:50:57.368+0000] {processor.py:208} INFO - Processing /home/airflow/.local/lib/python3.12/site-packages/airflow/example_dags/example_dataset_alias.py took 1.308 seconds
[2025-01-27T11:51:27.894+0000] {processor.py:186} INFO - Started process (PID=8206) to work on /home/airflow/.local/lib/python3.12/site-packages/airflow/example_dags/example_dataset_alias.py
[2025-01-27T11:51:27.896+0000] {processor.py:914} INFO - Processing file /home/airflow/.local/lib/python3.12/site-packages/airflow/example_dags/example_dataset_alias.py for tasks to queue
[2025-01-27T11:51:27.904+0000] {logging_mixin.py:190} INFO - [2025-01-27T11:51:27.903+0000] {dagbag.py:588} INFO - Filling up the DagBag from /home/airflow/.local/lib/python3.12/site-packages/airflow/example_dags/example_dataset_alias.py
[2025-01-27T11:51:29.056+0000] {processor.py:925} INFO - DAG(s) 'dataset_s3_bucket_consumer', 'dataset_s3_bucket_producer', 'dataset_alias_example_alias_producer', 'dataset_alias_example_alias_consumer' retrieved from /home/airflow/.local/lib/python3.12/site-packages/airflow/example_dags/example_dataset_alias.py
[2025-01-27T11:51:29.094+0000] {logging_mixin.py:190} INFO - [2025-01-27T11:51:29.094+0000] {dag.py:3239} INFO - Sync 4 DAGs
[2025-01-27T11:51:29.155+0000] {logging_mixin.py:190} INFO - [2025-01-27T11:51:29.155+0000] {dag.py:4180} INFO - Setting next_dagrun for dataset_alias_example_alias_consumer to None, run_after=None
[2025-01-27T11:51:29.162+0000] {logging_mixin.py:190} INFO - [2025-01-27T11:51:29.161+0000] {dag.py:4180} INFO - Setting next_dagrun for dataset_alias_example_alias_producer to None, run_after=None
[2025-01-27T11:51:29.166+0000] {logging_mixin.py:190} INFO - [2025-01-27T11:51:29.166+0000] {dag.py:4180} INFO - Setting next_dagrun for dataset_s3_bucket_consumer to None, run_after=None
[2025-01-27T11:51:29.169+0000] {logging_mixin.py:190} INFO - [2025-01-27T11:51:29.168+0000] {dag.py:4180} INFO - Setting next_dagrun for dataset_s3_bucket_producer to None, run_after=None
[2025-01-27T11:51:29.209+0000] {processor.py:208} INFO - Processing /home/airflow/.local/lib/python3.12/site-packages/airflow/example_dags/example_dataset_alias.py took 1.324 seconds
[2025-01-27T11:51:59.339+0000] {processor.py:186} INFO - Started process (PID=8502) to work on /home/airflow/.local/lib/python3.12/site-packages/airflow/example_dags/example_dataset_alias.py
[2025-01-27T11:51:59.341+0000] {processor.py:914} INFO - Processing file /home/airflow/.local/lib/python3.12/site-packages/airflow/example_dags/example_dataset_alias.py for tasks to queue
[2025-01-27T11:51:59.344+0000] {logging_mixin.py:190} INFO - [2025-01-27T11:51:59.344+0000] {dagbag.py:588} INFO - Filling up the DagBag from /home/airflow/.local/lib/python3.12/site-packages/airflow/example_dags/example_dataset_alias.py
[2025-01-27T11:52:00.431+0000] {processor.py:925} INFO - DAG(s) 'dataset_alias_example_alias_producer', 'dataset_alias_example_alias_consumer', 'dataset_s3_bucket_producer', 'dataset_s3_bucket_consumer' retrieved from /home/airflow/.local/lib/python3.12/site-packages/airflow/example_dags/example_dataset_alias.py
[2025-01-27T11:52:00.476+0000] {logging_mixin.py:190} INFO - [2025-01-27T11:52:00.475+0000] {dag.py:3239} INFO - Sync 4 DAGs
[2025-01-27T11:52:00.519+0000] {logging_mixin.py:190} INFO - [2025-01-27T11:52:00.518+0000] {dag.py:4180} INFO - Setting next_dagrun for dataset_alias_example_alias_consumer to None, run_after=None
[2025-01-27T11:52:00.525+0000] {logging_mixin.py:190} INFO - [2025-01-27T11:52:00.525+0000] {dag.py:4180} INFO - Setting next_dagrun for dataset_alias_example_alias_producer to None, run_after=None
[2025-01-27T11:52:00.529+0000] {logging_mixin.py:190} INFO - [2025-01-27T11:52:00.528+0000] {dag.py:4180} INFO - Setting next_dagrun for dataset_s3_bucket_consumer to None, run_after=None
[2025-01-27T11:52:00.532+0000] {logging_mixin.py:190} INFO - [2025-01-27T11:52:00.531+0000] {dag.py:4180} INFO - Setting next_dagrun for dataset_s3_bucket_producer to None, run_after=None
[2025-01-27T11:52:00.569+0000] {processor.py:208} INFO - Processing /home/airflow/.local/lib/python3.12/site-packages/airflow/example_dags/example_dataset_alias.py took 1.243 seconds
[2025-01-27T11:52:30.926+0000] {processor.py:186} INFO - Started process (PID=8813) to work on /home/airflow/.local/lib/python3.12/site-packages/airflow/example_dags/example_dataset_alias.py
[2025-01-27T11:52:30.928+0000] {processor.py:914} INFO - Processing file /home/airflow/.local/lib/python3.12/site-packages/airflow/example_dags/example_dataset_alias.py for tasks to queue
[2025-01-27T11:52:30.934+0000] {logging_mixin.py:190} INFO - [2025-01-27T11:52:30.933+0000] {dagbag.py:588} INFO - Filling up the DagBag from /home/airflow/.local/lib/python3.12/site-packages/airflow/example_dags/example_dataset_alias.py
[2025-01-27T11:52:32.137+0000] {processor.py:925} INFO - DAG(s) 'dataset_alias_example_alias_producer', 'dataset_s3_bucket_producer', 'dataset_s3_bucket_consumer', 'dataset_alias_example_alias_consumer' retrieved from /home/airflow/.local/lib/python3.12/site-packages/airflow/example_dags/example_dataset_alias.py
[2025-01-27T11:52:32.200+0000] {logging_mixin.py:190} INFO - [2025-01-27T11:52:32.199+0000] {dag.py:3239} INFO - Sync 4 DAGs
[2025-01-27T11:52:32.282+0000] {logging_mixin.py:190} INFO - [2025-01-27T11:52:32.282+0000] {dag.py:4180} INFO - Setting next_dagrun for dataset_alias_example_alias_consumer to None, run_after=None
[2025-01-27T11:52:32.298+0000] {logging_mixin.py:190} INFO - [2025-01-27T11:52:32.298+0000] {dag.py:4180} INFO - Setting next_dagrun for dataset_alias_example_alias_producer to None, run_after=None
[2025-01-27T11:52:32.312+0000] {logging_mixin.py:190} INFO - [2025-01-27T11:52:32.312+0000] {dag.py:4180} INFO - Setting next_dagrun for dataset_s3_bucket_consumer to None, run_after=None
[2025-01-27T11:52:32.327+0000] {logging_mixin.py:190} INFO - [2025-01-27T11:52:32.327+0000] {dag.py:4180} INFO - Setting next_dagrun for dataset_s3_bucket_producer to None, run_after=None
[2025-01-27T11:52:32.420+0000] {processor.py:208} INFO - Processing /home/airflow/.local/lib/python3.12/site-packages/airflow/example_dags/example_dataset_alias.py took 1.504 seconds
[2025-01-27T11:53:02.652+0000] {processor.py:186} INFO - Started process (PID=9119) to work on /home/airflow/.local/lib/python3.12/site-packages/airflow/example_dags/example_dataset_alias.py
[2025-01-27T11:53:02.662+0000] {processor.py:914} INFO - Processing file /home/airflow/.local/lib/python3.12/site-packages/airflow/example_dags/example_dataset_alias.py for tasks to queue
[2025-01-27T11:53:02.671+0000] {logging_mixin.py:190} INFO - [2025-01-27T11:53:02.671+0000] {dagbag.py:588} INFO - Filling up the DagBag from /home/airflow/.local/lib/python3.12/site-packages/airflow/example_dags/example_dataset_alias.py
[2025-01-27T11:53:03.772+0000] {processor.py:925} INFO - DAG(s) 'dataset_alias_example_alias_producer', 'dataset_s3_bucket_producer', 'dataset_s3_bucket_consumer', 'dataset_alias_example_alias_consumer' retrieved from /home/airflow/.local/lib/python3.12/site-packages/airflow/example_dags/example_dataset_alias.py
[2025-01-27T11:53:03.872+0000] {logging_mixin.py:190} INFO - [2025-01-27T11:53:03.865+0000] {dag.py:3239} INFO - Sync 4 DAGs
[2025-01-27T11:53:04.069+0000] {logging_mixin.py:190} INFO - [2025-01-27T11:53:04.069+0000] {dag.py:4180} INFO - Setting next_dagrun for dataset_alias_example_alias_consumer to None, run_after=None
[2025-01-27T11:53:04.084+0000] {logging_mixin.py:190} INFO - [2025-01-27T11:53:04.084+0000] {dag.py:4180} INFO - Setting next_dagrun for dataset_alias_example_alias_producer to None, run_after=None
[2025-01-27T11:53:04.113+0000] {logging_mixin.py:190} INFO - [2025-01-27T11:53:04.112+0000] {dag.py:4180} INFO - Setting next_dagrun for dataset_s3_bucket_consumer to None, run_after=None
[2025-01-27T11:53:04.118+0000] {logging_mixin.py:190} INFO - [2025-01-27T11:53:04.117+0000] {dag.py:4180} INFO - Setting next_dagrun for dataset_s3_bucket_producer to None, run_after=None
[2025-01-27T11:53:04.197+0000] {processor.py:208} INFO - Processing /home/airflow/.local/lib/python3.12/site-packages/airflow/example_dags/example_dataset_alias.py took 1.578 seconds
