[2025-01-27T11:29:43.947+0000] {processor.py:186} INFO - Started process (PID=50) to work on /home/airflow/.local/lib/python3.12/site-packages/airflow/example_dags/example_inlet_event_extra.py
[2025-01-27T11:29:43.949+0000] {processor.py:914} INFO - Processing file /home/airflow/.local/lib/python3.12/site-packages/airflow/example_dags/example_inlet_event_extra.py for tasks to queue
[2025-01-27T11:29:43.959+0000] {logging_mixin.py:190} INFO - [2025-01-27T11:29:43.958+0000] {dagbag.py:588} INFO - Filling up the DagBag from /home/airflow/.local/lib/python3.12/site-packages/airflow/example_dags/example_inlet_event_extra.py
[2025-01-27T11:29:45.540+0000] {processor.py:925} INFO - DAG(s) 'read_dataset_event', 'read_dataset_event_from_classic' retrieved from /home/airflow/.local/lib/python3.12/site-packages/airflow/example_dags/example_inlet_event_extra.py
[2025-01-27T11:29:45.590+0000] {logging_mixin.py:190} INFO - [2025-01-27T11:29:45.589+0000] {dag.py:3239} INFO - Sync 2 DAGs
[2025-01-27T11:29:45.643+0000] {logging_mixin.py:190} INFO - [2025-01-27T11:29:45.642+0000] {dag.py:4180} INFO - Setting next_dagrun for read_dataset_event to 2025-01-26 00:00:00+00:00, run_after=2025-01-27 00:00:00+00:00
[2025-01-27T11:29:45.657+0000] {logging_mixin.py:190} INFO - [2025-01-27T11:29:45.657+0000] {dag.py:4180} INFO - Setting next_dagrun for read_dataset_event_from_classic to 2025-01-26 00:00:00+00:00, run_after=2025-01-27 00:00:00+00:00
[2025-01-27T11:29:45.683+0000] {processor.py:208} INFO - Processing /home/airflow/.local/lib/python3.12/site-packages/airflow/example_dags/example_inlet_event_extra.py took 1.757 seconds
[2025-01-27T11:30:15.968+0000] {processor.py:186} INFO - Started process (PID=117) to work on /home/airflow/.local/lib/python3.12/site-packages/airflow/example_dags/example_inlet_event_extra.py
[2025-01-27T11:30:15.970+0000] {processor.py:914} INFO - Processing file /home/airflow/.local/lib/python3.12/site-packages/airflow/example_dags/example_inlet_event_extra.py for tasks to queue
[2025-01-27T11:30:15.975+0000] {logging_mixin.py:190} INFO - [2025-01-27T11:30:15.975+0000] {dagbag.py:588} INFO - Filling up the DagBag from /home/airflow/.local/lib/python3.12/site-packages/airflow/example_dags/example_inlet_event_extra.py
[2025-01-27T11:30:17.225+0000] {processor.py:925} INFO - DAG(s) 'read_dataset_event', 'read_dataset_event_from_classic' retrieved from /home/airflow/.local/lib/python3.12/site-packages/airflow/example_dags/example_inlet_event_extra.py
[2025-01-27T11:30:17.259+0000] {logging_mixin.py:190} INFO - [2025-01-27T11:30:17.259+0000] {dag.py:3239} INFO - Sync 2 DAGs
[2025-01-27T11:30:17.302+0000] {logging_mixin.py:190} INFO - [2025-01-27T11:30:17.302+0000] {dag.py:4180} INFO - Setting next_dagrun for read_dataset_event to 2025-01-26 00:00:00+00:00, run_after=2025-01-27 00:00:00+00:00
[2025-01-27T11:30:17.314+0000] {logging_mixin.py:190} INFO - [2025-01-27T11:30:17.313+0000] {dag.py:4180} INFO - Setting next_dagrun for read_dataset_event_from_classic to 2025-01-26 00:00:00+00:00, run_after=2025-01-27 00:00:00+00:00
[2025-01-27T11:30:17.345+0000] {processor.py:208} INFO - Processing /home/airflow/.local/lib/python3.12/site-packages/airflow/example_dags/example_inlet_event_extra.py took 1.394 seconds
[2025-01-27T11:30:47.747+0000] {processor.py:186} INFO - Started process (PID=184) to work on /home/airflow/.local/lib/python3.12/site-packages/airflow/example_dags/example_inlet_event_extra.py
[2025-01-27T11:30:47.754+0000] {processor.py:914} INFO - Processing file /home/airflow/.local/lib/python3.12/site-packages/airflow/example_dags/example_inlet_event_extra.py for tasks to queue
[2025-01-27T11:30:47.760+0000] {logging_mixin.py:190} INFO - [2025-01-27T11:30:47.759+0000] {dagbag.py:588} INFO - Filling up the DagBag from /home/airflow/.local/lib/python3.12/site-packages/airflow/example_dags/example_inlet_event_extra.py
[2025-01-27T11:30:49.258+0000] {processor.py:925} INFO - DAG(s) 'read_dataset_event', 'read_dataset_event_from_classic' retrieved from /home/airflow/.local/lib/python3.12/site-packages/airflow/example_dags/example_inlet_event_extra.py
[2025-01-27T11:30:49.311+0000] {logging_mixin.py:190} INFO - [2025-01-27T11:30:49.310+0000] {dag.py:3239} INFO - Sync 2 DAGs
[2025-01-27T11:30:49.388+0000] {logging_mixin.py:190} INFO - [2025-01-27T11:30:49.387+0000] {dag.py:4180} INFO - Setting next_dagrun for read_dataset_event to 2025-01-26 00:00:00+00:00, run_after=2025-01-27 00:00:00+00:00
[2025-01-27T11:30:49.405+0000] {logging_mixin.py:190} INFO - [2025-01-27T11:30:49.404+0000] {dag.py:4180} INFO - Setting next_dagrun for read_dataset_event_from_classic to 2025-01-26 00:00:00+00:00, run_after=2025-01-27 00:00:00+00:00
[2025-01-27T11:30:49.445+0000] {processor.py:208} INFO - Processing /home/airflow/.local/lib/python3.12/site-packages/airflow/example_dags/example_inlet_event_extra.py took 1.710 seconds
[2025-01-27T11:31:19.587+0000] {processor.py:186} INFO - Started process (PID=249) to work on /home/airflow/.local/lib/python3.12/site-packages/airflow/example_dags/example_inlet_event_extra.py
[2025-01-27T11:31:19.589+0000] {processor.py:914} INFO - Processing file /home/airflow/.local/lib/python3.12/site-packages/airflow/example_dags/example_inlet_event_extra.py for tasks to queue
[2025-01-27T11:31:19.595+0000] {logging_mixin.py:190} INFO - [2025-01-27T11:31:19.594+0000] {dagbag.py:588} INFO - Filling up the DagBag from /home/airflow/.local/lib/python3.12/site-packages/airflow/example_dags/example_inlet_event_extra.py
[2025-01-27T11:31:20.356+0000] {processor.py:925} INFO - DAG(s) 'read_dataset_event_from_classic', 'read_dataset_event' retrieved from /home/airflow/.local/lib/python3.12/site-packages/airflow/example_dags/example_inlet_event_extra.py
[2025-01-27T11:31:20.387+0000] {logging_mixin.py:190} INFO - [2025-01-27T11:31:20.387+0000] {dag.py:3239} INFO - Sync 2 DAGs
[2025-01-27T11:31:20.434+0000] {logging_mixin.py:190} INFO - [2025-01-27T11:31:20.434+0000] {dag.py:4180} INFO - Setting next_dagrun for read_dataset_event to 2025-01-26 00:00:00+00:00, run_after=2025-01-27 00:00:00+00:00
[2025-01-27T11:31:20.440+0000] {logging_mixin.py:190} INFO - [2025-01-27T11:31:20.440+0000] {dag.py:4180} INFO - Setting next_dagrun for read_dataset_event_from_classic to 2025-01-26 00:00:00+00:00, run_after=2025-01-27 00:00:00+00:00
[2025-01-27T11:31:20.459+0000] {processor.py:208} INFO - Processing /home/airflow/.local/lib/python3.12/site-packages/airflow/example_dags/example_inlet_event_extra.py took 0.879 seconds
[2025-01-27T11:31:51.055+0000] {processor.py:186} INFO - Started process (PID=313) to work on /home/airflow/.local/lib/python3.12/site-packages/airflow/example_dags/example_inlet_event_extra.py
[2025-01-27T11:31:51.057+0000] {processor.py:914} INFO - Processing file /home/airflow/.local/lib/python3.12/site-packages/airflow/example_dags/example_inlet_event_extra.py for tasks to queue
[2025-01-27T11:31:51.063+0000] {logging_mixin.py:190} INFO - [2025-01-27T11:31:51.062+0000] {dagbag.py:588} INFO - Filling up the DagBag from /home/airflow/.local/lib/python3.12/site-packages/airflow/example_dags/example_inlet_event_extra.py
[2025-01-27T11:31:52.417+0000] {processor.py:925} INFO - DAG(s) 'read_dataset_event', 'read_dataset_event_from_classic' retrieved from /home/airflow/.local/lib/python3.12/site-packages/airflow/example_dags/example_inlet_event_extra.py
[2025-01-27T11:31:52.463+0000] {logging_mixin.py:190} INFO - [2025-01-27T11:31:52.463+0000] {dag.py:3239} INFO - Sync 2 DAGs
[2025-01-27T11:31:52.546+0000] {logging_mixin.py:190} INFO - [2025-01-27T11:31:52.545+0000] {dag.py:4180} INFO - Setting next_dagrun for read_dataset_event to 2025-01-26 00:00:00+00:00, run_after=2025-01-27 00:00:00+00:00
[2025-01-27T11:31:52.559+0000] {logging_mixin.py:190} INFO - [2025-01-27T11:31:52.558+0000] {dag.py:4180} INFO - Setting next_dagrun for read_dataset_event_from_classic to 2025-01-26 00:00:00+00:00, run_after=2025-01-27 00:00:00+00:00
[2025-01-27T11:31:52.605+0000] {processor.py:208} INFO - Processing /home/airflow/.local/lib/python3.12/site-packages/airflow/example_dags/example_inlet_event_extra.py took 1.563 seconds
[2025-01-27T11:37:21.008+0000] {processor.py:186} INFO - Started process (PID=210) to work on /home/airflow/.local/lib/python3.12/site-packages/airflow/example_dags/example_inlet_event_extra.py
[2025-01-27T11:37:21.009+0000] {processor.py:914} INFO - Processing file /home/airflow/.local/lib/python3.12/site-packages/airflow/example_dags/example_inlet_event_extra.py for tasks to queue
[2025-01-27T11:37:21.013+0000] {logging_mixin.py:190} INFO - [2025-01-27T11:37:21.013+0000] {dagbag.py:588} INFO - Filling up the DagBag from /home/airflow/.local/lib/python3.12/site-packages/airflow/example_dags/example_inlet_event_extra.py
[2025-01-27T11:37:25.314+0000] {processor.py:925} INFO - DAG(s) 'read_dataset_event', 'read_dataset_event_from_classic' retrieved from /home/airflow/.local/lib/python3.12/site-packages/airflow/example_dags/example_inlet_event_extra.py
[2025-01-27T11:37:25.347+0000] {logging_mixin.py:190} INFO - [2025-01-27T11:37:25.347+0000] {dag.py:3239} INFO - Sync 2 DAGs
[2025-01-27T11:37:25.389+0000] {logging_mixin.py:190} INFO - [2025-01-27T11:37:25.388+0000] {dag.py:4180} INFO - Setting next_dagrun for read_dataset_event to 2025-01-26 00:00:00+00:00, run_after=2025-01-27 00:00:00+00:00
[2025-01-27T11:37:25.399+0000] {logging_mixin.py:190} INFO - [2025-01-27T11:37:25.398+0000] {dag.py:4180} INFO - Setting next_dagrun for read_dataset_event_from_classic to 2025-01-26 00:00:00+00:00, run_after=2025-01-27 00:00:00+00:00
[2025-01-27T11:37:25.455+0000] {processor.py:208} INFO - Processing /home/airflow/.local/lib/python3.12/site-packages/airflow/example_dags/example_inlet_event_extra.py took 4.460 seconds
[2025-01-27T11:37:55.862+0000] {processor.py:186} INFO - Started process (PID=539) to work on /home/airflow/.local/lib/python3.12/site-packages/airflow/example_dags/example_inlet_event_extra.py
[2025-01-27T11:37:55.866+0000] {processor.py:914} INFO - Processing file /home/airflow/.local/lib/python3.12/site-packages/airflow/example_dags/example_inlet_event_extra.py for tasks to queue
[2025-01-27T11:37:55.884+0000] {logging_mixin.py:190} INFO - [2025-01-27T11:37:55.883+0000] {dagbag.py:588} INFO - Filling up the DagBag from /home/airflow/.local/lib/python3.12/site-packages/airflow/example_dags/example_inlet_event_extra.py
[2025-01-27T11:37:57.680+0000] {processor.py:925} INFO - DAG(s) 'read_dataset_event_from_classic', 'read_dataset_event' retrieved from /home/airflow/.local/lib/python3.12/site-packages/airflow/example_dags/example_inlet_event_extra.py
[2025-01-27T11:37:57.730+0000] {logging_mixin.py:190} INFO - [2025-01-27T11:37:57.729+0000] {dag.py:3239} INFO - Sync 2 DAGs
[2025-01-27T11:37:57.798+0000] {logging_mixin.py:190} INFO - [2025-01-27T11:37:57.798+0000] {dag.py:4180} INFO - Setting next_dagrun for read_dataset_event to 2025-01-26 00:00:00+00:00, run_after=2025-01-27 00:00:00+00:00
[2025-01-27T11:37:57.816+0000] {logging_mixin.py:190} INFO - [2025-01-27T11:37:57.815+0000] {dag.py:4180} INFO - Setting next_dagrun for read_dataset_event_from_classic to 2025-01-26 00:00:00+00:00, run_after=2025-01-27 00:00:00+00:00
[2025-01-27T11:37:57.850+0000] {processor.py:208} INFO - Processing /home/airflow/.local/lib/python3.12/site-packages/airflow/example_dags/example_inlet_event_extra.py took 2.021 seconds
[2025-01-27T11:38:28.681+0000] {processor.py:186} INFO - Started process (PID=832) to work on /home/airflow/.local/lib/python3.12/site-packages/airflow/example_dags/example_inlet_event_extra.py
[2025-01-27T11:38:28.682+0000] {processor.py:914} INFO - Processing file /home/airflow/.local/lib/python3.12/site-packages/airflow/example_dags/example_inlet_event_extra.py for tasks to queue
[2025-01-27T11:38:28.686+0000] {logging_mixin.py:190} INFO - [2025-01-27T11:38:28.685+0000] {dagbag.py:588} INFO - Filling up the DagBag from /home/airflow/.local/lib/python3.12/site-packages/airflow/example_dags/example_inlet_event_extra.py
[2025-01-27T11:38:30.377+0000] {processor.py:925} INFO - DAG(s) 'read_dataset_event_from_classic', 'read_dataset_event' retrieved from /home/airflow/.local/lib/python3.12/site-packages/airflow/example_dags/example_inlet_event_extra.py
[2025-01-27T11:38:30.452+0000] {logging_mixin.py:190} INFO - [2025-01-27T11:38:30.451+0000] {dag.py:3239} INFO - Sync 2 DAGs
[2025-01-27T11:38:30.556+0000] {logging_mixin.py:190} INFO - [2025-01-27T11:38:30.555+0000] {dag.py:4180} INFO - Setting next_dagrun for read_dataset_event to 2025-01-26 00:00:00+00:00, run_after=2025-01-27 00:00:00+00:00
[2025-01-27T11:38:30.589+0000] {logging_mixin.py:190} INFO - [2025-01-27T11:38:30.588+0000] {dag.py:4180} INFO - Setting next_dagrun for read_dataset_event_from_classic to 2025-01-26 00:00:00+00:00, run_after=2025-01-27 00:00:00+00:00
[2025-01-27T11:38:30.653+0000] {processor.py:208} INFO - Processing /home/airflow/.local/lib/python3.12/site-packages/airflow/example_dags/example_inlet_event_extra.py took 1.980 seconds
[2025-01-27T11:39:01.407+0000] {processor.py:186} INFO - Started process (PID=1133) to work on /home/airflow/.local/lib/python3.12/site-packages/airflow/example_dags/example_inlet_event_extra.py
[2025-01-27T11:39:01.409+0000] {processor.py:914} INFO - Processing file /home/airflow/.local/lib/python3.12/site-packages/airflow/example_dags/example_inlet_event_extra.py for tasks to queue
[2025-01-27T11:39:01.414+0000] {logging_mixin.py:190} INFO - [2025-01-27T11:39:01.413+0000] {dagbag.py:588} INFO - Filling up the DagBag from /home/airflow/.local/lib/python3.12/site-packages/airflow/example_dags/example_inlet_event_extra.py
[2025-01-27T11:39:03.693+0000] {processor.py:925} INFO - DAG(s) 'read_dataset_event', 'read_dataset_event_from_classic' retrieved from /home/airflow/.local/lib/python3.12/site-packages/airflow/example_dags/example_inlet_event_extra.py
[2025-01-27T11:39:03.759+0000] {logging_mixin.py:190} INFO - [2025-01-27T11:39:03.758+0000] {dag.py:3239} INFO - Sync 2 DAGs
[2025-01-27T11:39:03.824+0000] {logging_mixin.py:190} INFO - [2025-01-27T11:39:03.823+0000] {dag.py:4180} INFO - Setting next_dagrun for read_dataset_event to 2025-01-26 00:00:00+00:00, run_after=2025-01-27 00:00:00+00:00
[2025-01-27T11:39:03.841+0000] {logging_mixin.py:190} INFO - [2025-01-27T11:39:03.840+0000] {dag.py:4180} INFO - Setting next_dagrun for read_dataset_event_from_classic to 2025-01-26 00:00:00+00:00, run_after=2025-01-27 00:00:00+00:00
[2025-01-27T11:39:03.885+0000] {processor.py:208} INFO - Processing /home/airflow/.local/lib/python3.12/site-packages/airflow/example_dags/example_inlet_event_extra.py took 2.499 seconds
[2025-01-27T11:39:34.106+0000] {processor.py:186} INFO - Started process (PID=1435) to work on /home/airflow/.local/lib/python3.12/site-packages/airflow/example_dags/example_inlet_event_extra.py
[2025-01-27T11:39:34.108+0000] {processor.py:914} INFO - Processing file /home/airflow/.local/lib/python3.12/site-packages/airflow/example_dags/example_inlet_event_extra.py for tasks to queue
[2025-01-27T11:39:34.111+0000] {logging_mixin.py:190} INFO - [2025-01-27T11:39:34.111+0000] {dagbag.py:588} INFO - Filling up the DagBag from /home/airflow/.local/lib/python3.12/site-packages/airflow/example_dags/example_inlet_event_extra.py
[2025-01-27T11:39:34.877+0000] {processor.py:925} INFO - DAG(s) 'read_dataset_event', 'read_dataset_event_from_classic' retrieved from /home/airflow/.local/lib/python3.12/site-packages/airflow/example_dags/example_inlet_event_extra.py
[2025-01-27T11:39:34.902+0000] {logging_mixin.py:190} INFO - [2025-01-27T11:39:34.902+0000] {dag.py:3239} INFO - Sync 2 DAGs
[2025-01-27T11:39:34.934+0000] {logging_mixin.py:190} INFO - [2025-01-27T11:39:34.934+0000] {dag.py:4180} INFO - Setting next_dagrun for read_dataset_event to 2025-01-26 00:00:00+00:00, run_after=2025-01-27 00:00:00+00:00
[2025-01-27T11:39:34.943+0000] {logging_mixin.py:190} INFO - [2025-01-27T11:39:34.943+0000] {dag.py:4180} INFO - Setting next_dagrun for read_dataset_event_from_classic to 2025-01-26 00:00:00+00:00, run_after=2025-01-27 00:00:00+00:00
[2025-01-27T11:39:34.966+0000] {processor.py:208} INFO - Processing /home/airflow/.local/lib/python3.12/site-packages/airflow/example_dags/example_inlet_event_extra.py took 0.869 seconds
[2025-01-27T11:40:05.421+0000] {processor.py:186} INFO - Started process (PID=1730) to work on /home/airflow/.local/lib/python3.12/site-packages/airflow/example_dags/example_inlet_event_extra.py
[2025-01-27T11:40:05.423+0000] {processor.py:914} INFO - Processing file /home/airflow/.local/lib/python3.12/site-packages/airflow/example_dags/example_inlet_event_extra.py for tasks to queue
[2025-01-27T11:40:05.431+0000] {logging_mixin.py:190} INFO - [2025-01-27T11:40:05.429+0000] {dagbag.py:588} INFO - Filling up the DagBag from /home/airflow/.local/lib/python3.12/site-packages/airflow/example_dags/example_inlet_event_extra.py
[2025-01-27T11:40:06.547+0000] {processor.py:925} INFO - DAG(s) 'read_dataset_event', 'read_dataset_event_from_classic' retrieved from /home/airflow/.local/lib/python3.12/site-packages/airflow/example_dags/example_inlet_event_extra.py
[2025-01-27T11:40:06.585+0000] {logging_mixin.py:190} INFO - [2025-01-27T11:40:06.584+0000] {dag.py:3239} INFO - Sync 2 DAGs
[2025-01-27T11:40:06.633+0000] {logging_mixin.py:190} INFO - [2025-01-27T11:40:06.633+0000] {dag.py:4180} INFO - Setting next_dagrun for read_dataset_event to 2025-01-26 00:00:00+00:00, run_after=2025-01-27 00:00:00+00:00
[2025-01-27T11:40:06.646+0000] {logging_mixin.py:190} INFO - [2025-01-27T11:40:06.645+0000] {dag.py:4180} INFO - Setting next_dagrun for read_dataset_event_from_classic to 2025-01-26 00:00:00+00:00, run_after=2025-01-27 00:00:00+00:00
[2025-01-27T11:40:06.678+0000] {processor.py:208} INFO - Processing /home/airflow/.local/lib/python3.12/site-packages/airflow/example_dags/example_inlet_event_extra.py took 1.270 seconds
[2025-01-27T11:40:37.185+0000] {processor.py:186} INFO - Started process (PID=2031) to work on /home/airflow/.local/lib/python3.12/site-packages/airflow/example_dags/example_inlet_event_extra.py
[2025-01-27T11:40:37.187+0000] {processor.py:914} INFO - Processing file /home/airflow/.local/lib/python3.12/site-packages/airflow/example_dags/example_inlet_event_extra.py for tasks to queue
[2025-01-27T11:40:37.191+0000] {logging_mixin.py:190} INFO - [2025-01-27T11:40:37.190+0000] {dagbag.py:588} INFO - Filling up the DagBag from /home/airflow/.local/lib/python3.12/site-packages/airflow/example_dags/example_inlet_event_extra.py
[2025-01-27T11:40:38.352+0000] {processor.py:925} INFO - DAG(s) 'read_dataset_event_from_classic', 'read_dataset_event' retrieved from /home/airflow/.local/lib/python3.12/site-packages/airflow/example_dags/example_inlet_event_extra.py
[2025-01-27T11:40:38.388+0000] {logging_mixin.py:190} INFO - [2025-01-27T11:40:38.387+0000] {dag.py:3239} INFO - Sync 2 DAGs
[2025-01-27T11:40:38.430+0000] {logging_mixin.py:190} INFO - [2025-01-27T11:40:38.429+0000] {dag.py:4180} INFO - Setting next_dagrun for read_dataset_event to 2025-01-26 00:00:00+00:00, run_after=2025-01-27 00:00:00+00:00
[2025-01-27T11:40:38.440+0000] {logging_mixin.py:190} INFO - [2025-01-27T11:40:38.439+0000] {dag.py:4180} INFO - Setting next_dagrun for read_dataset_event_from_classic to 2025-01-26 00:00:00+00:00, run_after=2025-01-27 00:00:00+00:00
[2025-01-27T11:40:38.474+0000] {processor.py:208} INFO - Processing /home/airflow/.local/lib/python3.12/site-packages/airflow/example_dags/example_inlet_event_extra.py took 1.300 seconds
[2025-01-27T11:41:08.900+0000] {processor.py:186} INFO - Started process (PID=2332) to work on /home/airflow/.local/lib/python3.12/site-packages/airflow/example_dags/example_inlet_event_extra.py
[2025-01-27T11:41:08.902+0000] {processor.py:914} INFO - Processing file /home/airflow/.local/lib/python3.12/site-packages/airflow/example_dags/example_inlet_event_extra.py for tasks to queue
[2025-01-27T11:41:08.905+0000] {logging_mixin.py:190} INFO - [2025-01-27T11:41:08.904+0000] {dagbag.py:588} INFO - Filling up the DagBag from /home/airflow/.local/lib/python3.12/site-packages/airflow/example_dags/example_inlet_event_extra.py
[2025-01-27T11:41:09.622+0000] {processor.py:925} INFO - DAG(s) 'read_dataset_event', 'read_dataset_event_from_classic' retrieved from /home/airflow/.local/lib/python3.12/site-packages/airflow/example_dags/example_inlet_event_extra.py
[2025-01-27T11:41:09.651+0000] {logging_mixin.py:190} INFO - [2025-01-27T11:41:09.650+0000] {dag.py:3239} INFO - Sync 2 DAGs
[2025-01-27T11:41:09.686+0000] {logging_mixin.py:190} INFO - [2025-01-27T11:41:09.685+0000] {dag.py:4180} INFO - Setting next_dagrun for read_dataset_event to 2025-01-26 00:00:00+00:00, run_after=2025-01-27 00:00:00+00:00
[2025-01-27T11:41:09.695+0000] {logging_mixin.py:190} INFO - [2025-01-27T11:41:09.695+0000] {dag.py:4180} INFO - Setting next_dagrun for read_dataset_event_from_classic to 2025-01-26 00:00:00+00:00, run_after=2025-01-27 00:00:00+00:00
[2025-01-27T11:41:09.738+0000] {processor.py:208} INFO - Processing /home/airflow/.local/lib/python3.12/site-packages/airflow/example_dags/example_inlet_event_extra.py took 0.847 seconds
[2025-01-27T11:41:39.958+0000] {processor.py:186} INFO - Started process (PID=2623) to work on /home/airflow/.local/lib/python3.12/site-packages/airflow/example_dags/example_inlet_event_extra.py
[2025-01-27T11:41:39.960+0000] {processor.py:914} INFO - Processing file /home/airflow/.local/lib/python3.12/site-packages/airflow/example_dags/example_inlet_event_extra.py for tasks to queue
[2025-01-27T11:41:39.966+0000] {logging_mixin.py:190} INFO - [2025-01-27T11:41:39.965+0000] {dagbag.py:588} INFO - Filling up the DagBag from /home/airflow/.local/lib/python3.12/site-packages/airflow/example_dags/example_inlet_event_extra.py
[2025-01-27T11:41:41.182+0000] {processor.py:925} INFO - DAG(s) 'read_dataset_event', 'read_dataset_event_from_classic' retrieved from /home/airflow/.local/lib/python3.12/site-packages/airflow/example_dags/example_inlet_event_extra.py
[2025-01-27T11:41:41.244+0000] {logging_mixin.py:190} INFO - [2025-01-27T11:41:41.243+0000] {dag.py:3239} INFO - Sync 2 DAGs
[2025-01-27T11:41:41.351+0000] {logging_mixin.py:190} INFO - [2025-01-27T11:41:41.350+0000] {dag.py:4180} INFO - Setting next_dagrun for read_dataset_event to 2025-01-26 00:00:00+00:00, run_after=2025-01-27 00:00:00+00:00
[2025-01-27T11:41:41.370+0000] {logging_mixin.py:190} INFO - [2025-01-27T11:41:41.369+0000] {dag.py:4180} INFO - Setting next_dagrun for read_dataset_event_from_classic to 2025-01-26 00:00:00+00:00, run_after=2025-01-27 00:00:00+00:00
[2025-01-27T11:41:41.454+0000] {processor.py:208} INFO - Processing /home/airflow/.local/lib/python3.12/site-packages/airflow/example_dags/example_inlet_event_extra.py took 1.505 seconds
[2025-01-27T11:42:12.200+0000] {processor.py:186} INFO - Started process (PID=2919) to work on /home/airflow/.local/lib/python3.12/site-packages/airflow/example_dags/example_inlet_event_extra.py
[2025-01-27T11:42:12.217+0000] {processor.py:914} INFO - Processing file /home/airflow/.local/lib/python3.12/site-packages/airflow/example_dags/example_inlet_event_extra.py for tasks to queue
[2025-01-27T11:42:12.232+0000] {logging_mixin.py:190} INFO - [2025-01-27T11:42:12.231+0000] {dagbag.py:588} INFO - Filling up the DagBag from /home/airflow/.local/lib/python3.12/site-packages/airflow/example_dags/example_inlet_event_extra.py
[2025-01-27T11:42:13.861+0000] {processor.py:925} INFO - DAG(s) 'read_dataset_event_from_classic', 'read_dataset_event' retrieved from /home/airflow/.local/lib/python3.12/site-packages/airflow/example_dags/example_inlet_event_extra.py
[2025-01-27T11:42:13.924+0000] {logging_mixin.py:190} INFO - [2025-01-27T11:42:13.923+0000] {dag.py:3239} INFO - Sync 2 DAGs
[2025-01-27T11:42:13.995+0000] {logging_mixin.py:190} INFO - [2025-01-27T11:42:13.994+0000] {dag.py:4180} INFO - Setting next_dagrun for read_dataset_event to 2025-01-26 00:00:00+00:00, run_after=2025-01-27 00:00:00+00:00
[2025-01-27T11:42:14.009+0000] {logging_mixin.py:190} INFO - [2025-01-27T11:42:14.009+0000] {dag.py:4180} INFO - Setting next_dagrun for read_dataset_event_from_classic to 2025-01-26 00:00:00+00:00, run_after=2025-01-27 00:00:00+00:00
[2025-01-27T11:42:14.056+0000] {processor.py:208} INFO - Processing /home/airflow/.local/lib/python3.12/site-packages/airflow/example_dags/example_inlet_event_extra.py took 1.883 seconds
[2025-01-27T11:42:44.362+0000] {processor.py:186} INFO - Started process (PID=3235) to work on /home/airflow/.local/lib/python3.12/site-packages/airflow/example_dags/example_inlet_event_extra.py
[2025-01-27T11:42:44.363+0000] {processor.py:914} INFO - Processing file /home/airflow/.local/lib/python3.12/site-packages/airflow/example_dags/example_inlet_event_extra.py for tasks to queue
[2025-01-27T11:42:44.367+0000] {logging_mixin.py:190} INFO - [2025-01-27T11:42:44.366+0000] {dagbag.py:588} INFO - Filling up the DagBag from /home/airflow/.local/lib/python3.12/site-packages/airflow/example_dags/example_inlet_event_extra.py
[2025-01-27T11:42:45.292+0000] {processor.py:925} INFO - DAG(s) 'read_dataset_event', 'read_dataset_event_from_classic' retrieved from /home/airflow/.local/lib/python3.12/site-packages/airflow/example_dags/example_inlet_event_extra.py
[2025-01-27T11:42:45.321+0000] {logging_mixin.py:190} INFO - [2025-01-27T11:42:45.320+0000] {dag.py:3239} INFO - Sync 2 DAGs
[2025-01-27T11:42:45.363+0000] {logging_mixin.py:190} INFO - [2025-01-27T11:42:45.363+0000] {dag.py:4180} INFO - Setting next_dagrun for read_dataset_event to 2025-01-26 00:00:00+00:00, run_after=2025-01-27 00:00:00+00:00
[2025-01-27T11:42:45.371+0000] {logging_mixin.py:190} INFO - [2025-01-27T11:42:45.371+0000] {dag.py:4180} INFO - Setting next_dagrun for read_dataset_event_from_classic to 2025-01-26 00:00:00+00:00, run_after=2025-01-27 00:00:00+00:00
[2025-01-27T11:42:45.393+0000] {processor.py:208} INFO - Processing /home/airflow/.local/lib/python3.12/site-packages/airflow/example_dags/example_inlet_event_extra.py took 1.044 seconds
[2025-01-27T11:43:16.200+0000] {processor.py:186} INFO - Started process (PID=3546) to work on /home/airflow/.local/lib/python3.12/site-packages/airflow/example_dags/example_inlet_event_extra.py
[2025-01-27T11:43:16.202+0000] {processor.py:914} INFO - Processing file /home/airflow/.local/lib/python3.12/site-packages/airflow/example_dags/example_inlet_event_extra.py for tasks to queue
[2025-01-27T11:43:16.204+0000] {logging_mixin.py:190} INFO - [2025-01-27T11:43:16.204+0000] {dagbag.py:588} INFO - Filling up the DagBag from /home/airflow/.local/lib/python3.12/site-packages/airflow/example_dags/example_inlet_event_extra.py
[2025-01-27T11:43:16.839+0000] {processor.py:925} INFO - DAG(s) 'read_dataset_event', 'read_dataset_event_from_classic' retrieved from /home/airflow/.local/lib/python3.12/site-packages/airflow/example_dags/example_inlet_event_extra.py
[2025-01-27T11:43:16.862+0000] {logging_mixin.py:190} INFO - [2025-01-27T11:43:16.862+0000] {dag.py:3239} INFO - Sync 2 DAGs
[2025-01-27T11:43:16.895+0000] {logging_mixin.py:190} INFO - [2025-01-27T11:43:16.894+0000] {dag.py:4180} INFO - Setting next_dagrun for read_dataset_event to 2025-01-26 00:00:00+00:00, run_after=2025-01-27 00:00:00+00:00
[2025-01-27T11:43:16.901+0000] {logging_mixin.py:190} INFO - [2025-01-27T11:43:16.901+0000] {dag.py:4180} INFO - Setting next_dagrun for read_dataset_event_from_classic to 2025-01-26 00:00:00+00:00, run_after=2025-01-27 00:00:00+00:00
[2025-01-27T11:43:16.924+0000] {processor.py:208} INFO - Processing /home/airflow/.local/lib/python3.12/site-packages/airflow/example_dags/example_inlet_event_extra.py took 0.729 seconds
[2025-01-27T11:43:47.120+0000] {processor.py:186} INFO - Started process (PID=3852) to work on /home/airflow/.local/lib/python3.12/site-packages/airflow/example_dags/example_inlet_event_extra.py
[2025-01-27T11:43:47.123+0000] {processor.py:914} INFO - Processing file /home/airflow/.local/lib/python3.12/site-packages/airflow/example_dags/example_inlet_event_extra.py for tasks to queue
[2025-01-27T11:43:47.130+0000] {logging_mixin.py:190} INFO - [2025-01-27T11:43:47.129+0000] {dagbag.py:588} INFO - Filling up the DagBag from /home/airflow/.local/lib/python3.12/site-packages/airflow/example_dags/example_inlet_event_extra.py
[2025-01-27T11:43:48.170+0000] {processor.py:925} INFO - DAG(s) 'read_dataset_event', 'read_dataset_event_from_classic' retrieved from /home/airflow/.local/lib/python3.12/site-packages/airflow/example_dags/example_inlet_event_extra.py
[2025-01-27T11:43:48.205+0000] {logging_mixin.py:190} INFO - [2025-01-27T11:43:48.204+0000] {dag.py:3239} INFO - Sync 2 DAGs
[2025-01-27T11:43:48.244+0000] {logging_mixin.py:190} INFO - [2025-01-27T11:43:48.243+0000] {dag.py:4180} INFO - Setting next_dagrun for read_dataset_event to 2025-01-26 00:00:00+00:00, run_after=2025-01-27 00:00:00+00:00
[2025-01-27T11:43:48.251+0000] {logging_mixin.py:190} INFO - [2025-01-27T11:43:48.251+0000] {dag.py:4180} INFO - Setting next_dagrun for read_dataset_event_from_classic to 2025-01-26 00:00:00+00:00, run_after=2025-01-27 00:00:00+00:00
[2025-01-27T11:43:48.278+0000] {processor.py:208} INFO - Processing /home/airflow/.local/lib/python3.12/site-packages/airflow/example_dags/example_inlet_event_extra.py took 1.185 seconds
[2025-01-27T11:44:18.786+0000] {processor.py:186} INFO - Started process (PID=4159) to work on /home/airflow/.local/lib/python3.12/site-packages/airflow/example_dags/example_inlet_event_extra.py
[2025-01-27T11:44:18.787+0000] {processor.py:914} INFO - Processing file /home/airflow/.local/lib/python3.12/site-packages/airflow/example_dags/example_inlet_event_extra.py for tasks to queue
[2025-01-27T11:44:18.790+0000] {logging_mixin.py:190} INFO - [2025-01-27T11:44:18.790+0000] {dagbag.py:588} INFO - Filling up the DagBag from /home/airflow/.local/lib/python3.12/site-packages/airflow/example_dags/example_inlet_event_extra.py
[2025-01-27T11:44:20.098+0000] {processor.py:925} INFO - DAG(s) 'read_dataset_event_from_classic', 'read_dataset_event' retrieved from /home/airflow/.local/lib/python3.12/site-packages/airflow/example_dags/example_inlet_event_extra.py
[2025-01-27T11:44:20.123+0000] {logging_mixin.py:190} INFO - [2025-01-27T11:44:20.123+0000] {dag.py:3239} INFO - Sync 2 DAGs
[2025-01-27T11:44:20.169+0000] {logging_mixin.py:190} INFO - [2025-01-27T11:44:20.168+0000] {dag.py:4180} INFO - Setting next_dagrun for read_dataset_event to 2025-01-26 00:00:00+00:00, run_after=2025-01-27 00:00:00+00:00
[2025-01-27T11:44:20.176+0000] {logging_mixin.py:190} INFO - [2025-01-27T11:44:20.175+0000] {dag.py:4180} INFO - Setting next_dagrun for read_dataset_event_from_classic to 2025-01-26 00:00:00+00:00, run_after=2025-01-27 00:00:00+00:00
[2025-01-27T11:44:20.200+0000] {processor.py:208} INFO - Processing /home/airflow/.local/lib/python3.12/site-packages/airflow/example_dags/example_inlet_event_extra.py took 1.427 seconds
[2025-01-27T11:44:50.447+0000] {processor.py:186} INFO - Started process (PID=4460) to work on /home/airflow/.local/lib/python3.12/site-packages/airflow/example_dags/example_inlet_event_extra.py
[2025-01-27T11:44:50.448+0000] {processor.py:914} INFO - Processing file /home/airflow/.local/lib/python3.12/site-packages/airflow/example_dags/example_inlet_event_extra.py for tasks to queue
[2025-01-27T11:44:50.453+0000] {logging_mixin.py:190} INFO - [2025-01-27T11:44:50.452+0000] {dagbag.py:588} INFO - Filling up the DagBag from /home/airflow/.local/lib/python3.12/site-packages/airflow/example_dags/example_inlet_event_extra.py
[2025-01-27T11:44:51.530+0000] {processor.py:925} INFO - DAG(s) 'read_dataset_event_from_classic', 'read_dataset_event' retrieved from /home/airflow/.local/lib/python3.12/site-packages/airflow/example_dags/example_inlet_event_extra.py
[2025-01-27T11:44:51.559+0000] {logging_mixin.py:190} INFO - [2025-01-27T11:44:51.559+0000] {dag.py:3239} INFO - Sync 2 DAGs
[2025-01-27T11:44:51.602+0000] {logging_mixin.py:190} INFO - [2025-01-27T11:44:51.602+0000] {dag.py:4180} INFO - Setting next_dagrun for read_dataset_event to 2025-01-26 00:00:00+00:00, run_after=2025-01-27 00:00:00+00:00
[2025-01-27T11:44:51.614+0000] {logging_mixin.py:190} INFO - [2025-01-27T11:44:51.614+0000] {dag.py:4180} INFO - Setting next_dagrun for read_dataset_event_from_classic to 2025-01-26 00:00:00+00:00, run_after=2025-01-27 00:00:00+00:00
[2025-01-27T11:44:51.645+0000] {processor.py:208} INFO - Processing /home/airflow/.local/lib/python3.12/site-packages/airflow/example_dags/example_inlet_event_extra.py took 1.213 seconds
[2025-01-27T11:45:22.076+0000] {processor.py:186} INFO - Started process (PID=4766) to work on /home/airflow/.local/lib/python3.12/site-packages/airflow/example_dags/example_inlet_event_extra.py
[2025-01-27T11:45:22.078+0000] {processor.py:914} INFO - Processing file /home/airflow/.local/lib/python3.12/site-packages/airflow/example_dags/example_inlet_event_extra.py for tasks to queue
[2025-01-27T11:45:22.082+0000] {logging_mixin.py:190} INFO - [2025-01-27T11:45:22.081+0000] {dagbag.py:588} INFO - Filling up the DagBag from /home/airflow/.local/lib/python3.12/site-packages/airflow/example_dags/example_inlet_event_extra.py
[2025-01-27T11:45:23.042+0000] {processor.py:925} INFO - DAG(s) 'read_dataset_event', 'read_dataset_event_from_classic' retrieved from /home/airflow/.local/lib/python3.12/site-packages/airflow/example_dags/example_inlet_event_extra.py
[2025-01-27T11:45:23.084+0000] {logging_mixin.py:190} INFO - [2025-01-27T11:45:23.084+0000] {dag.py:3239} INFO - Sync 2 DAGs
[2025-01-27T11:45:23.130+0000] {logging_mixin.py:190} INFO - [2025-01-27T11:45:23.130+0000] {dag.py:4180} INFO - Setting next_dagrun for read_dataset_event to 2025-01-26 00:00:00+00:00, run_after=2025-01-27 00:00:00+00:00
[2025-01-27T11:45:23.138+0000] {logging_mixin.py:190} INFO - [2025-01-27T11:45:23.138+0000] {dag.py:4180} INFO - Setting next_dagrun for read_dataset_event_from_classic to 2025-01-26 00:00:00+00:00, run_after=2025-01-27 00:00:00+00:00
[2025-01-27T11:45:23.168+0000] {processor.py:208} INFO - Processing /home/airflow/.local/lib/python3.12/site-packages/airflow/example_dags/example_inlet_event_extra.py took 1.103 seconds
[2025-01-27T11:45:53.806+0000] {processor.py:186} INFO - Started process (PID=5077) to work on /home/airflow/.local/lib/python3.12/site-packages/airflow/example_dags/example_inlet_event_extra.py
[2025-01-27T11:45:53.807+0000] {processor.py:914} INFO - Processing file /home/airflow/.local/lib/python3.12/site-packages/airflow/example_dags/example_inlet_event_extra.py for tasks to queue
[2025-01-27T11:45:53.810+0000] {logging_mixin.py:190} INFO - [2025-01-27T11:45:53.810+0000] {dagbag.py:588} INFO - Filling up the DagBag from /home/airflow/.local/lib/python3.12/site-packages/airflow/example_dags/example_inlet_event_extra.py
[2025-01-27T11:45:55.016+0000] {processor.py:925} INFO - DAG(s) 'read_dataset_event', 'read_dataset_event_from_classic' retrieved from /home/airflow/.local/lib/python3.12/site-packages/airflow/example_dags/example_inlet_event_extra.py
[2025-01-27T11:45:55.055+0000] {logging_mixin.py:190} INFO - [2025-01-27T11:45:55.055+0000] {dag.py:3239} INFO - Sync 2 DAGs
[2025-01-27T11:45:55.113+0000] {logging_mixin.py:190} INFO - [2025-01-27T11:45:55.113+0000] {dag.py:4180} INFO - Setting next_dagrun for read_dataset_event to 2025-01-26 00:00:00+00:00, run_after=2025-01-27 00:00:00+00:00
[2025-01-27T11:45:55.125+0000] {logging_mixin.py:190} INFO - [2025-01-27T11:45:55.125+0000] {dag.py:4180} INFO - Setting next_dagrun for read_dataset_event_from_classic to 2025-01-26 00:00:00+00:00, run_after=2025-01-27 00:00:00+00:00
[2025-01-27T11:45:55.157+0000] {processor.py:208} INFO - Processing /home/airflow/.local/lib/python3.12/site-packages/airflow/example_dags/example_inlet_event_extra.py took 1.360 seconds
[2025-01-27T11:46:25.479+0000] {processor.py:186} INFO - Started process (PID=5393) to work on /home/airflow/.local/lib/python3.12/site-packages/airflow/example_dags/example_inlet_event_extra.py
[2025-01-27T11:46:25.481+0000] {processor.py:914} INFO - Processing file /home/airflow/.local/lib/python3.12/site-packages/airflow/example_dags/example_inlet_event_extra.py for tasks to queue
[2025-01-27T11:46:25.485+0000] {logging_mixin.py:190} INFO - [2025-01-27T11:46:25.484+0000] {dagbag.py:588} INFO - Filling up the DagBag from /home/airflow/.local/lib/python3.12/site-packages/airflow/example_dags/example_inlet_event_extra.py
[2025-01-27T11:46:26.537+0000] {processor.py:925} INFO - DAG(s) 'read_dataset_event_from_classic', 'read_dataset_event' retrieved from /home/airflow/.local/lib/python3.12/site-packages/airflow/example_dags/example_inlet_event_extra.py
[2025-01-27T11:46:26.592+0000] {logging_mixin.py:190} INFO - [2025-01-27T11:46:26.592+0000] {dag.py:3239} INFO - Sync 2 DAGs
[2025-01-27T11:46:26.662+0000] {logging_mixin.py:190} INFO - [2025-01-27T11:46:26.661+0000] {dag.py:4180} INFO - Setting next_dagrun for read_dataset_event to 2025-01-26 00:00:00+00:00, run_after=2025-01-27 00:00:00+00:00
[2025-01-27T11:46:26.673+0000] {logging_mixin.py:190} INFO - [2025-01-27T11:46:26.673+0000] {dag.py:4180} INFO - Setting next_dagrun for read_dataset_event_from_classic to 2025-01-26 00:00:00+00:00, run_after=2025-01-27 00:00:00+00:00
[2025-01-27T11:46:26.730+0000] {processor.py:208} INFO - Processing /home/airflow/.local/lib/python3.12/site-packages/airflow/example_dags/example_inlet_event_extra.py took 1.262 seconds
[2025-01-27T11:46:56.996+0000] {processor.py:186} INFO - Started process (PID=5689) to work on /home/airflow/.local/lib/python3.12/site-packages/airflow/example_dags/example_inlet_event_extra.py
[2025-01-27T11:46:56.997+0000] {processor.py:914} INFO - Processing file /home/airflow/.local/lib/python3.12/site-packages/airflow/example_dags/example_inlet_event_extra.py for tasks to queue
[2025-01-27T11:46:57.002+0000] {logging_mixin.py:190} INFO - [2025-01-27T11:46:57.002+0000] {dagbag.py:588} INFO - Filling up the DagBag from /home/airflow/.local/lib/python3.12/site-packages/airflow/example_dags/example_inlet_event_extra.py
[2025-01-27T11:46:57.790+0000] {processor.py:925} INFO - DAG(s) 'read_dataset_event', 'read_dataset_event_from_classic' retrieved from /home/airflow/.local/lib/python3.12/site-packages/airflow/example_dags/example_inlet_event_extra.py
[2025-01-27T11:46:57.818+0000] {logging_mixin.py:190} INFO - [2025-01-27T11:46:57.818+0000] {dag.py:3239} INFO - Sync 2 DAGs
[2025-01-27T11:46:57.857+0000] {logging_mixin.py:190} INFO - [2025-01-27T11:46:57.857+0000] {dag.py:4180} INFO - Setting next_dagrun for read_dataset_event to 2025-01-26 00:00:00+00:00, run_after=2025-01-27 00:00:00+00:00
[2025-01-27T11:46:57.864+0000] {logging_mixin.py:190} INFO - [2025-01-27T11:46:57.864+0000] {dag.py:4180} INFO - Setting next_dagrun for read_dataset_event_from_classic to 2025-01-26 00:00:00+00:00, run_after=2025-01-27 00:00:00+00:00
[2025-01-27T11:46:57.897+0000] {processor.py:208} INFO - Processing /home/airflow/.local/lib/python3.12/site-packages/airflow/example_dags/example_inlet_event_extra.py took 0.907 seconds
[2025-01-27T11:47:28.418+0000] {processor.py:186} INFO - Started process (PID=5980) to work on /home/airflow/.local/lib/python3.12/site-packages/airflow/example_dags/example_inlet_event_extra.py
[2025-01-27T11:47:28.419+0000] {processor.py:914} INFO - Processing file /home/airflow/.local/lib/python3.12/site-packages/airflow/example_dags/example_inlet_event_extra.py for tasks to queue
[2025-01-27T11:47:28.422+0000] {logging_mixin.py:190} INFO - [2025-01-27T11:47:28.421+0000] {dagbag.py:588} INFO - Filling up the DagBag from /home/airflow/.local/lib/python3.12/site-packages/airflow/example_dags/example_inlet_event_extra.py
[2025-01-27T11:47:29.177+0000] {processor.py:925} INFO - DAG(s) 'read_dataset_event_from_classic', 'read_dataset_event' retrieved from /home/airflow/.local/lib/python3.12/site-packages/airflow/example_dags/example_inlet_event_extra.py
[2025-01-27T11:47:29.218+0000] {logging_mixin.py:190} INFO - [2025-01-27T11:47:29.218+0000] {dag.py:3239} INFO - Sync 2 DAGs
[2025-01-27T11:47:29.254+0000] {logging_mixin.py:190} INFO - [2025-01-27T11:47:29.254+0000] {dag.py:4180} INFO - Setting next_dagrun for read_dataset_event to 2025-01-26 00:00:00+00:00, run_after=2025-01-27 00:00:00+00:00
[2025-01-27T11:47:29.262+0000] {logging_mixin.py:190} INFO - [2025-01-27T11:47:29.262+0000] {dag.py:4180} INFO - Setting next_dagrun for read_dataset_event_from_classic to 2025-01-26 00:00:00+00:00, run_after=2025-01-27 00:00:00+00:00
[2025-01-27T11:47:29.290+0000] {processor.py:208} INFO - Processing /home/airflow/.local/lib/python3.12/site-packages/airflow/example_dags/example_inlet_event_extra.py took 0.880 seconds
[2025-01-27T11:48:00.049+0000] {processor.py:186} INFO - Started process (PID=6271) to work on /home/airflow/.local/lib/python3.12/site-packages/airflow/example_dags/example_inlet_event_extra.py
[2025-01-27T11:48:00.051+0000] {processor.py:914} INFO - Processing file /home/airflow/.local/lib/python3.12/site-packages/airflow/example_dags/example_inlet_event_extra.py for tasks to queue
[2025-01-27T11:48:00.066+0000] {logging_mixin.py:190} INFO - [2025-01-27T11:48:00.065+0000] {dagbag.py:588} INFO - Filling up the DagBag from /home/airflow/.local/lib/python3.12/site-packages/airflow/example_dags/example_inlet_event_extra.py
[2025-01-27T11:48:00.925+0000] {processor.py:925} INFO - DAG(s) 'read_dataset_event', 'read_dataset_event_from_classic' retrieved from /home/airflow/.local/lib/python3.12/site-packages/airflow/example_dags/example_inlet_event_extra.py
[2025-01-27T11:48:00.960+0000] {logging_mixin.py:190} INFO - [2025-01-27T11:48:00.959+0000] {dag.py:3239} INFO - Sync 2 DAGs
[2025-01-27T11:48:01.012+0000] {logging_mixin.py:190} INFO - [2025-01-27T11:48:01.012+0000] {dag.py:4180} INFO - Setting next_dagrun for read_dataset_event to 2025-01-26 00:00:00+00:00, run_after=2025-01-27 00:00:00+00:00
[2025-01-27T11:48:01.021+0000] {logging_mixin.py:190} INFO - [2025-01-27T11:48:01.021+0000] {dag.py:4180} INFO - Setting next_dagrun for read_dataset_event_from_classic to 2025-01-26 00:00:00+00:00, run_after=2025-01-27 00:00:00+00:00
[2025-01-27T11:48:01.053+0000] {processor.py:208} INFO - Processing /home/airflow/.local/lib/python3.12/site-packages/airflow/example_dags/example_inlet_event_extra.py took 1.018 seconds
[2025-01-27T11:48:31.894+0000] {processor.py:186} INFO - Started process (PID=6562) to work on /home/airflow/.local/lib/python3.12/site-packages/airflow/example_dags/example_inlet_event_extra.py
[2025-01-27T11:48:31.895+0000] {processor.py:914} INFO - Processing file /home/airflow/.local/lib/python3.12/site-packages/airflow/example_dags/example_inlet_event_extra.py for tasks to queue
[2025-01-27T11:48:31.899+0000] {logging_mixin.py:190} INFO - [2025-01-27T11:48:31.898+0000] {dagbag.py:588} INFO - Filling up the DagBag from /home/airflow/.local/lib/python3.12/site-packages/airflow/example_dags/example_inlet_event_extra.py
[2025-01-27T11:48:32.771+0000] {processor.py:925} INFO - DAG(s) 'read_dataset_event', 'read_dataset_event_from_classic' retrieved from /home/airflow/.local/lib/python3.12/site-packages/airflow/example_dags/example_inlet_event_extra.py
[2025-01-27T11:48:32.799+0000] {logging_mixin.py:190} INFO - [2025-01-27T11:48:32.798+0000] {dag.py:3239} INFO - Sync 2 DAGs
[2025-01-27T11:48:32.831+0000] {logging_mixin.py:190} INFO - [2025-01-27T11:48:32.831+0000] {dag.py:4180} INFO - Setting next_dagrun for read_dataset_event to 2025-01-26 00:00:00+00:00, run_after=2025-01-27 00:00:00+00:00
[2025-01-27T11:48:32.839+0000] {logging_mixin.py:190} INFO - [2025-01-27T11:48:32.839+0000] {dag.py:4180} INFO - Setting next_dagrun for read_dataset_event_from_classic to 2025-01-26 00:00:00+00:00, run_after=2025-01-27 00:00:00+00:00
[2025-01-27T11:48:32.861+0000] {processor.py:208} INFO - Processing /home/airflow/.local/lib/python3.12/site-packages/airflow/example_dags/example_inlet_event_extra.py took 0.974 seconds
[2025-01-27T11:49:03.898+0000] {processor.py:186} INFO - Started process (PID=6853) to work on /home/airflow/.local/lib/python3.12/site-packages/airflow/example_dags/example_inlet_event_extra.py
[2025-01-27T11:49:03.901+0000] {processor.py:914} INFO - Processing file /home/airflow/.local/lib/python3.12/site-packages/airflow/example_dags/example_inlet_event_extra.py for tasks to queue
[2025-01-27T11:49:03.915+0000] {logging_mixin.py:190} INFO - [2025-01-27T11:49:03.914+0000] {dagbag.py:588} INFO - Filling up the DagBag from /home/airflow/.local/lib/python3.12/site-packages/airflow/example_dags/example_inlet_event_extra.py
[2025-01-27T11:49:05.184+0000] {processor.py:925} INFO - DAG(s) 'read_dataset_event', 'read_dataset_event_from_classic' retrieved from /home/airflow/.local/lib/python3.12/site-packages/airflow/example_dags/example_inlet_event_extra.py
[2025-01-27T11:49:05.219+0000] {logging_mixin.py:190} INFO - [2025-01-27T11:49:05.218+0000] {dag.py:3239} INFO - Sync 2 DAGs
[2025-01-27T11:49:05.266+0000] {logging_mixin.py:190} INFO - [2025-01-27T11:49:05.266+0000] {dag.py:4180} INFO - Setting next_dagrun for read_dataset_event to 2025-01-26 00:00:00+00:00, run_after=2025-01-27 00:00:00+00:00
[2025-01-27T11:49:05.278+0000] {logging_mixin.py:190} INFO - [2025-01-27T11:49:05.278+0000] {dag.py:4180} INFO - Setting next_dagrun for read_dataset_event_from_classic to 2025-01-26 00:00:00+00:00, run_after=2025-01-27 00:00:00+00:00
[2025-01-27T11:49:05.306+0000] {processor.py:208} INFO - Processing /home/airflow/.local/lib/python3.12/site-packages/airflow/example_dags/example_inlet_event_extra.py took 1.425 seconds
[2025-01-27T11:49:36.346+0000] {processor.py:186} INFO - Started process (PID=7154) to work on /home/airflow/.local/lib/python3.12/site-packages/airflow/example_dags/example_inlet_event_extra.py
[2025-01-27T11:49:36.347+0000] {processor.py:914} INFO - Processing file /home/airflow/.local/lib/python3.12/site-packages/airflow/example_dags/example_inlet_event_extra.py for tasks to queue
[2025-01-27T11:49:36.356+0000] {logging_mixin.py:190} INFO - [2025-01-27T11:49:36.353+0000] {dagbag.py:588} INFO - Filling up the DagBag from /home/airflow/.local/lib/python3.12/site-packages/airflow/example_dags/example_inlet_event_extra.py
[2025-01-27T11:49:37.351+0000] {processor.py:925} INFO - DAG(s) 'read_dataset_event', 'read_dataset_event_from_classic' retrieved from /home/airflow/.local/lib/python3.12/site-packages/airflow/example_dags/example_inlet_event_extra.py
[2025-01-27T11:49:37.401+0000] {logging_mixin.py:190} INFO - [2025-01-27T11:49:37.400+0000] {dag.py:3239} INFO - Sync 2 DAGs
[2025-01-27T11:49:37.476+0000] {logging_mixin.py:190} INFO - [2025-01-27T11:49:37.475+0000] {dag.py:4180} INFO - Setting next_dagrun for read_dataset_event to 2025-01-26 00:00:00+00:00, run_after=2025-01-27 00:00:00+00:00
[2025-01-27T11:49:37.494+0000] {logging_mixin.py:190} INFO - [2025-01-27T11:49:37.494+0000] {dag.py:4180} INFO - Setting next_dagrun for read_dataset_event_from_classic to 2025-01-26 00:00:00+00:00, run_after=2025-01-27 00:00:00+00:00
[2025-01-27T11:49:37.536+0000] {processor.py:208} INFO - Processing /home/airflow/.local/lib/python3.12/site-packages/airflow/example_dags/example_inlet_event_extra.py took 1.208 seconds
[2025-01-27T11:50:08.881+0000] {processor.py:186} INFO - Started process (PID=7458) to work on /home/airflow/.local/lib/python3.12/site-packages/airflow/example_dags/example_inlet_event_extra.py
[2025-01-27T11:50:08.884+0000] {processor.py:914} INFO - Processing file /home/airflow/.local/lib/python3.12/site-packages/airflow/example_dags/example_inlet_event_extra.py for tasks to queue
[2025-01-27T11:50:08.889+0000] {logging_mixin.py:190} INFO - [2025-01-27T11:50:08.889+0000] {dagbag.py:588} INFO - Filling up the DagBag from /home/airflow/.local/lib/python3.12/site-packages/airflow/example_dags/example_inlet_event_extra.py
[2025-01-27T11:50:10.036+0000] {processor.py:925} INFO - DAG(s) 'read_dataset_event', 'read_dataset_event_from_classic' retrieved from /home/airflow/.local/lib/python3.12/site-packages/airflow/example_dags/example_inlet_event_extra.py
[2025-01-27T11:50:10.085+0000] {logging_mixin.py:190} INFO - [2025-01-27T11:50:10.085+0000] {dag.py:3239} INFO - Sync 2 DAGs
[2025-01-27T11:50:10.166+0000] {logging_mixin.py:190} INFO - [2025-01-27T11:50:10.165+0000] {dag.py:4180} INFO - Setting next_dagrun for read_dataset_event to 2025-01-26 00:00:00+00:00, run_after=2025-01-27 00:00:00+00:00
[2025-01-27T11:50:10.183+0000] {logging_mixin.py:190} INFO - [2025-01-27T11:50:10.182+0000] {dag.py:4180} INFO - Setting next_dagrun for read_dataset_event_from_classic to 2025-01-26 00:00:00+00:00, run_after=2025-01-27 00:00:00+00:00
[2025-01-27T11:50:10.228+0000] {processor.py:208} INFO - Processing /home/airflow/.local/lib/python3.12/site-packages/airflow/example_dags/example_inlet_event_extra.py took 1.363 seconds
[2025-01-27T11:50:40.707+0000] {processor.py:186} INFO - Started process (PID=7761) to work on /home/airflow/.local/lib/python3.12/site-packages/airflow/example_dags/example_inlet_event_extra.py
[2025-01-27T11:50:40.709+0000] {processor.py:914} INFO - Processing file /home/airflow/.local/lib/python3.12/site-packages/airflow/example_dags/example_inlet_event_extra.py for tasks to queue
[2025-01-27T11:50:40.718+0000] {logging_mixin.py:190} INFO - [2025-01-27T11:50:40.717+0000] {dagbag.py:588} INFO - Filling up the DagBag from /home/airflow/.local/lib/python3.12/site-packages/airflow/example_dags/example_inlet_event_extra.py
[2025-01-27T11:50:41.703+0000] {processor.py:925} INFO - DAG(s) 'read_dataset_event_from_classic', 'read_dataset_event' retrieved from /home/airflow/.local/lib/python3.12/site-packages/airflow/example_dags/example_inlet_event_extra.py
[2025-01-27T11:50:41.733+0000] {logging_mixin.py:190} INFO - [2025-01-27T11:50:41.732+0000] {dag.py:3239} INFO - Sync 2 DAGs
[2025-01-27T11:50:41.775+0000] {logging_mixin.py:190} INFO - [2025-01-27T11:50:41.774+0000] {dag.py:4180} INFO - Setting next_dagrun for read_dataset_event to 2025-01-26 00:00:00+00:00, run_after=2025-01-27 00:00:00+00:00
[2025-01-27T11:50:41.786+0000] {logging_mixin.py:190} INFO - [2025-01-27T11:50:41.786+0000] {dag.py:4180} INFO - Setting next_dagrun for read_dataset_event_from_classic to 2025-01-26 00:00:00+00:00, run_after=2025-01-27 00:00:00+00:00
[2025-01-27T11:50:41.813+0000] {processor.py:208} INFO - Processing /home/airflow/.local/lib/python3.12/site-packages/airflow/example_dags/example_inlet_event_extra.py took 1.126 seconds
[2025-01-27T11:51:12.372+0000] {processor.py:186} INFO - Started process (PID=8057) to work on /home/airflow/.local/lib/python3.12/site-packages/airflow/example_dags/example_inlet_event_extra.py
[2025-01-27T11:51:12.374+0000] {processor.py:914} INFO - Processing file /home/airflow/.local/lib/python3.12/site-packages/airflow/example_dags/example_inlet_event_extra.py for tasks to queue
[2025-01-27T11:51:12.377+0000] {logging_mixin.py:190} INFO - [2025-01-27T11:51:12.377+0000] {dagbag.py:588} INFO - Filling up the DagBag from /home/airflow/.local/lib/python3.12/site-packages/airflow/example_dags/example_inlet_event_extra.py
[2025-01-27T11:51:13.315+0000] {processor.py:925} INFO - DAG(s) 'read_dataset_event', 'read_dataset_event_from_classic' retrieved from /home/airflow/.local/lib/python3.12/site-packages/airflow/example_dags/example_inlet_event_extra.py
[2025-01-27T11:51:13.351+0000] {logging_mixin.py:190} INFO - [2025-01-27T11:51:13.350+0000] {dag.py:3239} INFO - Sync 2 DAGs
[2025-01-27T11:51:13.398+0000] {logging_mixin.py:190} INFO - [2025-01-27T11:51:13.397+0000] {dag.py:4180} INFO - Setting next_dagrun for read_dataset_event to 2025-01-26 00:00:00+00:00, run_after=2025-01-27 00:00:00+00:00
[2025-01-27T11:51:13.408+0000] {logging_mixin.py:190} INFO - [2025-01-27T11:51:13.407+0000] {dag.py:4180} INFO - Setting next_dagrun for read_dataset_event_from_classic to 2025-01-26 00:00:00+00:00, run_after=2025-01-27 00:00:00+00:00
[2025-01-27T11:51:13.444+0000] {processor.py:208} INFO - Processing /home/airflow/.local/lib/python3.12/site-packages/airflow/example_dags/example_inlet_event_extra.py took 1.085 seconds
[2025-01-27T11:51:44.291+0000] {processor.py:186} INFO - Started process (PID=8358) to work on /home/airflow/.local/lib/python3.12/site-packages/airflow/example_dags/example_inlet_event_extra.py
[2025-01-27T11:51:44.295+0000] {processor.py:914} INFO - Processing file /home/airflow/.local/lib/python3.12/site-packages/airflow/example_dags/example_inlet_event_extra.py for tasks to queue
[2025-01-27T11:51:44.303+0000] {logging_mixin.py:190} INFO - [2025-01-27T11:51:44.302+0000] {dagbag.py:588} INFO - Filling up the DagBag from /home/airflow/.local/lib/python3.12/site-packages/airflow/example_dags/example_inlet_event_extra.py
[2025-01-27T11:51:45.488+0000] {processor.py:925} INFO - DAG(s) 'read_dataset_event', 'read_dataset_event_from_classic' retrieved from /home/airflow/.local/lib/python3.12/site-packages/airflow/example_dags/example_inlet_event_extra.py
[2025-01-27T11:51:45.521+0000] {logging_mixin.py:190} INFO - [2025-01-27T11:51:45.520+0000] {dag.py:3239} INFO - Sync 2 DAGs
[2025-01-27T11:51:45.563+0000] {logging_mixin.py:190} INFO - [2025-01-27T11:51:45.562+0000] {dag.py:4180} INFO - Setting next_dagrun for read_dataset_event to 2025-01-26 00:00:00+00:00, run_after=2025-01-27 00:00:00+00:00
[2025-01-27T11:51:45.572+0000] {logging_mixin.py:190} INFO - [2025-01-27T11:51:45.572+0000] {dag.py:4180} INFO - Setting next_dagrun for read_dataset_event_from_classic to 2025-01-26 00:00:00+00:00, run_after=2025-01-27 00:00:00+00:00
[2025-01-27T11:51:45.603+0000] {processor.py:208} INFO - Processing /home/airflow/.local/lib/python3.12/site-packages/airflow/example_dags/example_inlet_event_extra.py took 1.334 seconds
[2025-01-27T11:52:16.274+0000] {processor.py:186} INFO - Started process (PID=8659) to work on /home/airflow/.local/lib/python3.12/site-packages/airflow/example_dags/example_inlet_event_extra.py
[2025-01-27T11:52:16.276+0000] {processor.py:914} INFO - Processing file /home/airflow/.local/lib/python3.12/site-packages/airflow/example_dags/example_inlet_event_extra.py for tasks to queue
[2025-01-27T11:52:16.281+0000] {logging_mixin.py:190} INFO - [2025-01-27T11:52:16.280+0000] {dagbag.py:588} INFO - Filling up the DagBag from /home/airflow/.local/lib/python3.12/site-packages/airflow/example_dags/example_inlet_event_extra.py
[2025-01-27T11:52:17.241+0000] {processor.py:925} INFO - DAG(s) 'read_dataset_event_from_classic', 'read_dataset_event' retrieved from /home/airflow/.local/lib/python3.12/site-packages/airflow/example_dags/example_inlet_event_extra.py
[2025-01-27T11:52:17.271+0000] {logging_mixin.py:190} INFO - [2025-01-27T11:52:17.271+0000] {dag.py:3239} INFO - Sync 2 DAGs
[2025-01-27T11:52:17.320+0000] {logging_mixin.py:190} INFO - [2025-01-27T11:52:17.320+0000] {dag.py:4180} INFO - Setting next_dagrun for read_dataset_event to 2025-01-26 00:00:00+00:00, run_after=2025-01-27 00:00:00+00:00
[2025-01-27T11:52:17.334+0000] {logging_mixin.py:190} INFO - [2025-01-27T11:52:17.333+0000] {dag.py:4180} INFO - Setting next_dagrun for read_dataset_event_from_classic to 2025-01-26 00:00:00+00:00, run_after=2025-01-27 00:00:00+00:00
[2025-01-27T11:52:17.362+0000] {processor.py:208} INFO - Processing /home/airflow/.local/lib/python3.12/site-packages/airflow/example_dags/example_inlet_event_extra.py took 1.099 seconds
[2025-01-27T11:52:47.925+0000] {processor.py:186} INFO - Started process (PID=8965) to work on /home/airflow/.local/lib/python3.12/site-packages/airflow/example_dags/example_inlet_event_extra.py
[2025-01-27T11:52:47.927+0000] {processor.py:914} INFO - Processing file /home/airflow/.local/lib/python3.12/site-packages/airflow/example_dags/example_inlet_event_extra.py for tasks to queue
[2025-01-27T11:52:47.930+0000] {logging_mixin.py:190} INFO - [2025-01-27T11:52:47.930+0000] {dagbag.py:588} INFO - Filling up the DagBag from /home/airflow/.local/lib/python3.12/site-packages/airflow/example_dags/example_inlet_event_extra.py
[2025-01-27T11:52:48.951+0000] {processor.py:925} INFO - DAG(s) 'read_dataset_event', 'read_dataset_event_from_classic' retrieved from /home/airflow/.local/lib/python3.12/site-packages/airflow/example_dags/example_inlet_event_extra.py
[2025-01-27T11:52:48.979+0000] {logging_mixin.py:190} INFO - [2025-01-27T11:52:48.974+0000] {dag.py:3239} INFO - Sync 2 DAGs
[2025-01-27T11:52:49.012+0000] {logging_mixin.py:190} INFO - [2025-01-27T11:52:49.012+0000] {dag.py:4180} INFO - Setting next_dagrun for read_dataset_event to 2025-01-26 00:00:00+00:00, run_after=2025-01-27 00:00:00+00:00
[2025-01-27T11:52:49.021+0000] {logging_mixin.py:190} INFO - [2025-01-27T11:52:49.021+0000] {dag.py:4180} INFO - Setting next_dagrun for read_dataset_event_from_classic to 2025-01-26 00:00:00+00:00, run_after=2025-01-27 00:00:00+00:00
[2025-01-27T11:52:49.051+0000] {processor.py:208} INFO - Processing /home/airflow/.local/lib/python3.12/site-packages/airflow/example_dags/example_inlet_event_extra.py took 1.135 seconds
