[2025-01-27T12:19:52.629+0000] {processor.py:186} INFO - Started process (PID=384) to work on /home/airflow/.local/lib/python3.12/site-packages/airflow/example_dags/example_nested_branch_dag.py
[2025-01-27T12:19:52.632+0000] {processor.py:914} INFO - Processing file /home/airflow/.local/lib/python3.12/site-packages/airflow/example_dags/example_nested_branch_dag.py for tasks to queue
[2025-01-27T12:19:52.643+0000] {logging_mixin.py:190} INFO - [2025-01-27T12:19:52.641+0000] {dagbag.py:588} INFO - Filling up the DagBag from /home/airflow/.local/lib/python3.12/site-packages/airflow/example_dags/example_nested_branch_dag.py
[2025-01-27T12:19:52.685+0000] {processor.py:925} INFO - DAG(s) 'example_nested_branch_dag' retrieved from /home/airflow/.local/lib/python3.12/site-packages/airflow/example_dags/example_nested_branch_dag.py
[2025-01-27T12:19:53.177+0000] {logging_mixin.py:190} INFO - [2025-01-27T12:19:53.175+0000] {override.py:1911} INFO - Created Permission View: can read on DAG:example_nested_branch_dag
[2025-01-27T12:19:53.207+0000] {logging_mixin.py:190} INFO - [2025-01-27T12:19:53.206+0000] {override.py:1911} INFO - Created Permission View: can delete on DAG:example_nested_branch_dag
[2025-01-27T12:19:53.229+0000] {logging_mixin.py:190} INFO - [2025-01-27T12:19:53.228+0000] {override.py:1911} INFO - Created Permission View: can edit on DAG:example_nested_branch_dag
[2025-01-27T12:19:53.256+0000] {logging_mixin.py:190} INFO - [2025-01-27T12:19:53.255+0000] {override.py:1911} INFO - Created Permission View: can read on DAG Run:example_nested_branch_dag
[2025-01-27T12:19:53.276+0000] {logging_mixin.py:190} INFO - [2025-01-27T12:19:53.275+0000] {override.py:1911} INFO - Created Permission View: can create on DAG Run:example_nested_branch_dag
[2025-01-27T12:19:53.296+0000] {logging_mixin.py:190} INFO - [2025-01-27T12:19:53.295+0000] {override.py:1911} INFO - Created Permission View: menu access on DAG Run:example_nested_branch_dag
[2025-01-27T12:19:53.314+0000] {logging_mixin.py:190} INFO - [2025-01-27T12:19:53.313+0000] {override.py:1911} INFO - Created Permission View: can delete on DAG Run:example_nested_branch_dag
[2025-01-27T12:19:53.315+0000] {logging_mixin.py:190} INFO - [2025-01-27T12:19:53.314+0000] {dag.py:3239} INFO - Sync 1 DAGs
[2025-01-27T12:19:53.350+0000] {logging_mixin.py:190} INFO - [2025-01-27T12:19:53.350+0000] {dag.py:3262} INFO - Creating ORM DAG for example_nested_branch_dag
[2025-01-27T12:19:53.384+0000] {logging_mixin.py:190} INFO - [2025-01-27T12:19:53.383+0000] {dag.py:4180} INFO - Setting next_dagrun for example_nested_branch_dag to 2025-01-26 00:00:00+00:00, run_after=2025-01-27 00:00:00+00:00
[2025-01-27T12:19:53.447+0000] {processor.py:208} INFO - Processing /home/airflow/.local/lib/python3.12/site-packages/airflow/example_dags/example_nested_branch_dag.py took 0.842 seconds
[2025-01-27T12:20:23.946+0000] {processor.py:186} INFO - Started process (PID=674) to work on /home/airflow/.local/lib/python3.12/site-packages/airflow/example_dags/example_nested_branch_dag.py
[2025-01-27T12:20:23.949+0000] {processor.py:914} INFO - Processing file /home/airflow/.local/lib/python3.12/site-packages/airflow/example_dags/example_nested_branch_dag.py for tasks to queue
[2025-01-27T12:20:23.972+0000] {logging_mixin.py:190} INFO - [2025-01-27T12:20:23.971+0000] {dagbag.py:588} INFO - Filling up the DagBag from /home/airflow/.local/lib/python3.12/site-packages/airflow/example_dags/example_nested_branch_dag.py
[2025-01-27T12:20:24.053+0000] {processor.py:925} INFO - DAG(s) 'example_nested_branch_dag' retrieved from /home/airflow/.local/lib/python3.12/site-packages/airflow/example_dags/example_nested_branch_dag.py
[2025-01-27T12:20:24.226+0000] {logging_mixin.py:190} INFO - [2025-01-27T12:20:24.225+0000] {dag.py:3239} INFO - Sync 1 DAGs
[2025-01-27T12:20:24.344+0000] {logging_mixin.py:190} INFO - [2025-01-27T12:20:24.342+0000] {dag.py:4180} INFO - Setting next_dagrun for example_nested_branch_dag to 2025-01-26 00:00:00+00:00, run_after=2025-01-27 00:00:00+00:00
[2025-01-27T12:20:24.517+0000] {processor.py:208} INFO - Processing /home/airflow/.local/lib/python3.12/site-packages/airflow/example_dags/example_nested_branch_dag.py took 0.592 seconds
[2025-01-27T12:20:55.425+0000] {processor.py:186} INFO - Started process (PID=962) to work on /home/airflow/.local/lib/python3.12/site-packages/airflow/example_dags/example_nested_branch_dag.py
[2025-01-27T12:20:55.428+0000] {processor.py:914} INFO - Processing file /home/airflow/.local/lib/python3.12/site-packages/airflow/example_dags/example_nested_branch_dag.py for tasks to queue
[2025-01-27T12:20:55.434+0000] {logging_mixin.py:190} INFO - [2025-01-27T12:20:55.433+0000] {dagbag.py:588} INFO - Filling up the DagBag from /home/airflow/.local/lib/python3.12/site-packages/airflow/example_dags/example_nested_branch_dag.py
[2025-01-27T12:20:55.476+0000] {processor.py:925} INFO - DAG(s) 'example_nested_branch_dag' retrieved from /home/airflow/.local/lib/python3.12/site-packages/airflow/example_dags/example_nested_branch_dag.py
[2025-01-27T12:20:55.606+0000] {logging_mixin.py:190} INFO - [2025-01-27T12:20:55.605+0000] {dag.py:3239} INFO - Sync 1 DAGs
[2025-01-27T12:20:55.712+0000] {logging_mixin.py:190} INFO - [2025-01-27T12:20:55.712+0000] {dag.py:4180} INFO - Setting next_dagrun for example_nested_branch_dag to 2025-01-26 00:00:00+00:00, run_after=2025-01-27 00:00:00+00:00
[2025-01-27T12:20:55.797+0000] {processor.py:208} INFO - Processing /home/airflow/.local/lib/python3.12/site-packages/airflow/example_dags/example_nested_branch_dag.py took 0.385 seconds
[2025-01-27T12:21:26.077+0000] {processor.py:186} INFO - Started process (PID=1253) to work on /home/airflow/.local/lib/python3.12/site-packages/airflow/example_dags/example_nested_branch_dag.py
[2025-01-27T12:21:26.079+0000] {processor.py:914} INFO - Processing file /home/airflow/.local/lib/python3.12/site-packages/airflow/example_dags/example_nested_branch_dag.py for tasks to queue
[2025-01-27T12:21:26.084+0000] {logging_mixin.py:190} INFO - [2025-01-27T12:21:26.083+0000] {dagbag.py:588} INFO - Filling up the DagBag from /home/airflow/.local/lib/python3.12/site-packages/airflow/example_dags/example_nested_branch_dag.py
[2025-01-27T12:21:26.108+0000] {processor.py:925} INFO - DAG(s) 'example_nested_branch_dag' retrieved from /home/airflow/.local/lib/python3.12/site-packages/airflow/example_dags/example_nested_branch_dag.py
[2025-01-27T12:21:26.143+0000] {logging_mixin.py:190} INFO - [2025-01-27T12:21:26.142+0000] {dag.py:3239} INFO - Sync 1 DAGs
[2025-01-27T12:21:26.180+0000] {logging_mixin.py:190} INFO - [2025-01-27T12:21:26.179+0000] {dag.py:4180} INFO - Setting next_dagrun for example_nested_branch_dag to 2025-01-26 00:00:00+00:00, run_after=2025-01-27 00:00:00+00:00
[2025-01-27T12:21:26.211+0000] {processor.py:208} INFO - Processing /home/airflow/.local/lib/python3.12/site-packages/airflow/example_dags/example_nested_branch_dag.py took 0.154 seconds
[2025-01-27T12:21:56.393+0000] {processor.py:186} INFO - Started process (PID=1545) to work on /home/airflow/.local/lib/python3.12/site-packages/airflow/example_dags/example_nested_branch_dag.py
[2025-01-27T12:21:56.395+0000] {processor.py:914} INFO - Processing file /home/airflow/.local/lib/python3.12/site-packages/airflow/example_dags/example_nested_branch_dag.py for tasks to queue
[2025-01-27T12:21:56.400+0000] {logging_mixin.py:190} INFO - [2025-01-27T12:21:56.400+0000] {dagbag.py:588} INFO - Filling up the DagBag from /home/airflow/.local/lib/python3.12/site-packages/airflow/example_dags/example_nested_branch_dag.py
[2025-01-27T12:21:56.423+0000] {processor.py:925} INFO - DAG(s) 'example_nested_branch_dag' retrieved from /home/airflow/.local/lib/python3.12/site-packages/airflow/example_dags/example_nested_branch_dag.py
[2025-01-27T12:21:56.464+0000] {logging_mixin.py:190} INFO - [2025-01-27T12:21:56.464+0000] {dag.py:3239} INFO - Sync 1 DAGs
[2025-01-27T12:21:56.512+0000] {logging_mixin.py:190} INFO - [2025-01-27T12:21:56.512+0000] {dag.py:4180} INFO - Setting next_dagrun for example_nested_branch_dag to 2025-01-26 00:00:00+00:00, run_after=2025-01-27 00:00:00+00:00
[2025-01-27T12:21:56.553+0000] {processor.py:208} INFO - Processing /home/airflow/.local/lib/python3.12/site-packages/airflow/example_dags/example_nested_branch_dag.py took 0.171 seconds
[2025-01-27T12:22:26.692+0000] {processor.py:186} INFO - Started process (PID=1845) to work on /home/airflow/.local/lib/python3.12/site-packages/airflow/example_dags/example_nested_branch_dag.py
[2025-01-27T12:22:26.763+0000] {processor.py:914} INFO - Processing file /home/airflow/.local/lib/python3.12/site-packages/airflow/example_dags/example_nested_branch_dag.py for tasks to queue
[2025-01-27T12:22:26.821+0000] {logging_mixin.py:190} INFO - [2025-01-27T12:22:26.820+0000] {dagbag.py:588} INFO - Filling up the DagBag from /home/airflow/.local/lib/python3.12/site-packages/airflow/example_dags/example_nested_branch_dag.py
[2025-01-27T12:22:26.918+0000] {processor.py:925} INFO - DAG(s) 'example_nested_branch_dag' retrieved from /home/airflow/.local/lib/python3.12/site-packages/airflow/example_dags/example_nested_branch_dag.py
[2025-01-27T12:22:27.054+0000] {logging_mixin.py:190} INFO - [2025-01-27T12:22:27.052+0000] {dag.py:3239} INFO - Sync 1 DAGs
[2025-01-27T12:22:27.149+0000] {logging_mixin.py:190} INFO - [2025-01-27T12:22:27.148+0000] {dag.py:4180} INFO - Setting next_dagrun for example_nested_branch_dag to 2025-01-26 00:00:00+00:00, run_after=2025-01-27 00:00:00+00:00
[2025-01-27T12:22:27.218+0000] {processor.py:208} INFO - Processing /home/airflow/.local/lib/python3.12/site-packages/airflow/example_dags/example_nested_branch_dag.py took 0.568 seconds
[2025-01-27T12:22:57.966+0000] {processor.py:186} INFO - Started process (PID=2134) to work on /home/airflow/.local/lib/python3.12/site-packages/airflow/example_dags/example_nested_branch_dag.py
[2025-01-27T12:22:58.004+0000] {processor.py:914} INFO - Processing file /home/airflow/.local/lib/python3.12/site-packages/airflow/example_dags/example_nested_branch_dag.py for tasks to queue
[2025-01-27T12:22:58.039+0000] {logging_mixin.py:190} INFO - [2025-01-27T12:22:58.038+0000] {dagbag.py:588} INFO - Filling up the DagBag from /home/airflow/.local/lib/python3.12/site-packages/airflow/example_dags/example_nested_branch_dag.py
[2025-01-27T12:22:58.127+0000] {processor.py:925} INFO - DAG(s) 'example_nested_branch_dag' retrieved from /home/airflow/.local/lib/python3.12/site-packages/airflow/example_dags/example_nested_branch_dag.py
[2025-01-27T12:22:58.277+0000] {logging_mixin.py:190} INFO - [2025-01-27T12:22:58.277+0000] {dag.py:3239} INFO - Sync 1 DAGs
[2025-01-27T12:22:58.506+0000] {logging_mixin.py:190} INFO - [2025-01-27T12:22:58.495+0000] {dag.py:4180} INFO - Setting next_dagrun for example_nested_branch_dag to 2025-01-26 00:00:00+00:00, run_after=2025-01-27 00:00:00+00:00
[2025-01-27T12:22:58.685+0000] {processor.py:208} INFO - Processing /home/airflow/.local/lib/python3.12/site-packages/airflow/example_dags/example_nested_branch_dag.py took 0.758 seconds
[2025-01-27T12:23:29.132+0000] {processor.py:186} INFO - Started process (PID=2422) to work on /home/airflow/.local/lib/python3.12/site-packages/airflow/example_dags/example_nested_branch_dag.py
[2025-01-27T12:23:29.134+0000] {processor.py:914} INFO - Processing file /home/airflow/.local/lib/python3.12/site-packages/airflow/example_dags/example_nested_branch_dag.py for tasks to queue
[2025-01-27T12:23:29.146+0000] {logging_mixin.py:190} INFO - [2025-01-27T12:23:29.145+0000] {dagbag.py:588} INFO - Filling up the DagBag from /home/airflow/.local/lib/python3.12/site-packages/airflow/example_dags/example_nested_branch_dag.py
[2025-01-27T12:23:29.188+0000] {processor.py:925} INFO - DAG(s) 'example_nested_branch_dag' retrieved from /home/airflow/.local/lib/python3.12/site-packages/airflow/example_dags/example_nested_branch_dag.py
[2025-01-27T12:23:29.260+0000] {logging_mixin.py:190} INFO - [2025-01-27T12:23:29.260+0000] {dag.py:3239} INFO - Sync 1 DAGs
[2025-01-27T12:23:29.343+0000] {logging_mixin.py:190} INFO - [2025-01-27T12:23:29.342+0000] {dag.py:4180} INFO - Setting next_dagrun for example_nested_branch_dag to 2025-01-26 00:00:00+00:00, run_after=2025-01-27 00:00:00+00:00
[2025-01-27T12:23:29.399+0000] {processor.py:208} INFO - Processing /home/airflow/.local/lib/python3.12/site-packages/airflow/example_dags/example_nested_branch_dag.py took 0.284 seconds
[2025-01-27T12:24:00.353+0000] {processor.py:186} INFO - Started process (PID=2712) to work on /home/airflow/.local/lib/python3.12/site-packages/airflow/example_dags/example_nested_branch_dag.py
[2025-01-27T12:24:00.354+0000] {processor.py:914} INFO - Processing file /home/airflow/.local/lib/python3.12/site-packages/airflow/example_dags/example_nested_branch_dag.py for tasks to queue
[2025-01-27T12:24:00.358+0000] {logging_mixin.py:190} INFO - [2025-01-27T12:24:00.358+0000] {dagbag.py:588} INFO - Filling up the DagBag from /home/airflow/.local/lib/python3.12/site-packages/airflow/example_dags/example_nested_branch_dag.py
[2025-01-27T12:24:00.374+0000] {processor.py:925} INFO - DAG(s) 'example_nested_branch_dag' retrieved from /home/airflow/.local/lib/python3.12/site-packages/airflow/example_dags/example_nested_branch_dag.py
[2025-01-27T12:24:00.405+0000] {logging_mixin.py:190} INFO - [2025-01-27T12:24:00.405+0000] {dag.py:3239} INFO - Sync 1 DAGs
[2025-01-27T12:24:00.447+0000] {logging_mixin.py:190} INFO - [2025-01-27T12:24:00.447+0000] {dag.py:4180} INFO - Setting next_dagrun for example_nested_branch_dag to 2025-01-26 00:00:00+00:00, run_after=2025-01-27 00:00:00+00:00
[2025-01-27T12:24:00.507+0000] {processor.py:208} INFO - Processing /home/airflow/.local/lib/python3.12/site-packages/airflow/example_dags/example_nested_branch_dag.py took 0.163 seconds
