[2025-01-27T11:29:50.111+0000] {processor.py:186} INFO - Started process (PID=72) to work on /home/airflow/.local/lib/python3.12/site-packages/airflow/example_dags/example_bash_operator.py
[2025-01-27T11:29:50.113+0000] {processor.py:914} INFO - Processing file /home/airflow/.local/lib/python3.12/site-packages/airflow/example_dags/example_bash_operator.py for tasks to queue
[2025-01-27T11:29:50.118+0000] {logging_mixin.py:190} INFO - [2025-01-27T11:29:50.117+0000] {dagbag.py:588} INFO - Filling up the DagBag from /home/airflow/.local/lib/python3.12/site-packages/airflow/example_dags/example_bash_operator.py
[2025-01-27T11:29:50.141+0000] {processor.py:925} INFO - DAG(s) 'example_bash_operator' retrieved from /home/airflow/.local/lib/python3.12/site-packages/airflow/example_dags/example_bash_operator.py
[2025-01-27T11:29:50.194+0000] {logging_mixin.py:190} INFO - [2025-01-27T11:29:50.193+0000] {dag.py:3239} INFO - Sync 1 DAGs
[2025-01-27T11:29:50.241+0000] {logging_mixin.py:190} INFO - [2025-01-27T11:29:50.241+0000] {dag.py:4180} INFO - Setting next_dagrun for example_bash_operator to 2025-01-26 00:00:00+00:00, run_after=2025-01-27 00:00:00+00:00
[2025-01-27T11:29:50.293+0000] {processor.py:208} INFO - Processing /home/airflow/.local/lib/python3.12/site-packages/airflow/example_dags/example_bash_operator.py took 0.196 seconds
[2025-01-27T11:30:21.026+0000] {processor.py:186} INFO - Started process (PID=136) to work on /home/airflow/.local/lib/python3.12/site-packages/airflow/example_dags/example_bash_operator.py
[2025-01-27T11:30:21.029+0000] {processor.py:914} INFO - Processing file /home/airflow/.local/lib/python3.12/site-packages/airflow/example_dags/example_bash_operator.py for tasks to queue
[2025-01-27T11:30:21.033+0000] {logging_mixin.py:190} INFO - [2025-01-27T11:30:21.033+0000] {dagbag.py:588} INFO - Filling up the DagBag from /home/airflow/.local/lib/python3.12/site-packages/airflow/example_dags/example_bash_operator.py
[2025-01-27T11:30:21.057+0000] {processor.py:925} INFO - DAG(s) 'example_bash_operator' retrieved from /home/airflow/.local/lib/python3.12/site-packages/airflow/example_dags/example_bash_operator.py
[2025-01-27T11:30:21.113+0000] {logging_mixin.py:190} INFO - [2025-01-27T11:30:21.112+0000] {dag.py:3239} INFO - Sync 1 DAGs
[2025-01-27T11:30:21.162+0000] {logging_mixin.py:190} INFO - [2025-01-27T11:30:21.161+0000] {dag.py:4180} INFO - Setting next_dagrun for example_bash_operator to 2025-01-26 00:00:00+00:00, run_after=2025-01-27 00:00:00+00:00
[2025-01-27T11:30:21.201+0000] {processor.py:208} INFO - Processing /home/airflow/.local/lib/python3.12/site-packages/airflow/example_dags/example_bash_operator.py took 0.185 seconds
[2025-01-27T11:30:53.251+0000] {processor.py:186} INFO - Started process (PID=199) to work on /home/airflow/.local/lib/python3.12/site-packages/airflow/example_dags/example_bash_operator.py
[2025-01-27T11:30:53.253+0000] {processor.py:914} INFO - Processing file /home/airflow/.local/lib/python3.12/site-packages/airflow/example_dags/example_bash_operator.py for tasks to queue
[2025-01-27T11:30:53.258+0000] {logging_mixin.py:190} INFO - [2025-01-27T11:30:53.257+0000] {dagbag.py:588} INFO - Filling up the DagBag from /home/airflow/.local/lib/python3.12/site-packages/airflow/example_dags/example_bash_operator.py
[2025-01-27T11:30:53.293+0000] {processor.py:925} INFO - DAG(s) 'example_bash_operator' retrieved from /home/airflow/.local/lib/python3.12/site-packages/airflow/example_dags/example_bash_operator.py
[2025-01-27T11:30:53.363+0000] {logging_mixin.py:190} INFO - [2025-01-27T11:30:53.363+0000] {dag.py:3239} INFO - Sync 1 DAGs
[2025-01-27T11:30:53.429+0000] {logging_mixin.py:190} INFO - [2025-01-27T11:30:53.428+0000] {dag.py:4180} INFO - Setting next_dagrun for example_bash_operator to 2025-01-26 00:00:00+00:00, run_after=2025-01-27 00:00:00+00:00
[2025-01-27T11:30:53.480+0000] {processor.py:208} INFO - Processing /home/airflow/.local/lib/python3.12/site-packages/airflow/example_dags/example_bash_operator.py took 0.244 seconds
[2025-01-27T11:31:24.298+0000] {processor.py:186} INFO - Started process (PID=262) to work on /home/airflow/.local/lib/python3.12/site-packages/airflow/example_dags/example_bash_operator.py
[2025-01-27T11:31:24.299+0000] {processor.py:914} INFO - Processing file /home/airflow/.local/lib/python3.12/site-packages/airflow/example_dags/example_bash_operator.py for tasks to queue
[2025-01-27T11:31:24.302+0000] {logging_mixin.py:190} INFO - [2025-01-27T11:31:24.302+0000] {dagbag.py:588} INFO - Filling up the DagBag from /home/airflow/.local/lib/python3.12/site-packages/airflow/example_dags/example_bash_operator.py
[2025-01-27T11:31:24.326+0000] {processor.py:925} INFO - DAG(s) 'example_bash_operator' retrieved from /home/airflow/.local/lib/python3.12/site-packages/airflow/example_dags/example_bash_operator.py
[2025-01-27T11:31:24.368+0000] {logging_mixin.py:190} INFO - [2025-01-27T11:31:24.368+0000] {dag.py:3239} INFO - Sync 1 DAGs
[2025-01-27T11:31:24.415+0000] {logging_mixin.py:190} INFO - [2025-01-27T11:31:24.415+0000] {dag.py:4180} INFO - Setting next_dagrun for example_bash_operator to 2025-01-26 00:00:00+00:00, run_after=2025-01-27 00:00:00+00:00
[2025-01-27T11:31:24.461+0000] {processor.py:208} INFO - Processing /home/airflow/.local/lib/python3.12/site-packages/airflow/example_dags/example_bash_operator.py took 0.172 seconds
[2025-01-27T11:31:54.900+0000] {processor.py:186} INFO - Started process (PID=324) to work on /home/airflow/.local/lib/python3.12/site-packages/airflow/example_dags/example_bash_operator.py
[2025-01-27T11:31:54.903+0000] {processor.py:914} INFO - Processing file /home/airflow/.local/lib/python3.12/site-packages/airflow/example_dags/example_bash_operator.py for tasks to queue
[2025-01-27T11:31:54.906+0000] {logging_mixin.py:190} INFO - [2025-01-27T11:31:54.906+0000] {dagbag.py:588} INFO - Filling up the DagBag from /home/airflow/.local/lib/python3.12/site-packages/airflow/example_dags/example_bash_operator.py
[2025-01-27T11:31:54.926+0000] {processor.py:925} INFO - DAG(s) 'example_bash_operator' retrieved from /home/airflow/.local/lib/python3.12/site-packages/airflow/example_dags/example_bash_operator.py
[2025-01-27T11:31:54.976+0000] {logging_mixin.py:190} INFO - [2025-01-27T11:31:54.976+0000] {dag.py:3239} INFO - Sync 1 DAGs
[2025-01-27T11:31:55.015+0000] {logging_mixin.py:190} INFO - [2025-01-27T11:31:55.014+0000] {dag.py:4180} INFO - Setting next_dagrun for example_bash_operator to 2025-01-26 00:00:00+00:00, run_after=2025-01-27 00:00:00+00:00
[2025-01-27T11:31:55.041+0000] {processor.py:208} INFO - Processing /home/airflow/.local/lib/python3.12/site-packages/airflow/example_dags/example_bash_operator.py took 0.155 seconds
[2025-01-27T11:37:30.444+0000] {processor.py:186} INFO - Started process (PID=318) to work on /home/airflow/.local/lib/python3.12/site-packages/airflow/example_dags/example_bash_operator.py
[2025-01-27T11:37:30.445+0000] {processor.py:914} INFO - Processing file /home/airflow/.local/lib/python3.12/site-packages/airflow/example_dags/example_bash_operator.py for tasks to queue
[2025-01-27T11:37:30.452+0000] {logging_mixin.py:190} INFO - [2025-01-27T11:37:30.452+0000] {dagbag.py:588} INFO - Filling up the DagBag from /home/airflow/.local/lib/python3.12/site-packages/airflow/example_dags/example_bash_operator.py
[2025-01-27T11:37:30.479+0000] {processor.py:925} INFO - DAG(s) 'example_bash_operator' retrieved from /home/airflow/.local/lib/python3.12/site-packages/airflow/example_dags/example_bash_operator.py
[2025-01-27T11:37:30.530+0000] {logging_mixin.py:190} INFO - [2025-01-27T11:37:30.529+0000] {dag.py:3239} INFO - Sync 1 DAGs
[2025-01-27T11:37:30.571+0000] {logging_mixin.py:190} INFO - [2025-01-27T11:37:30.570+0000] {dag.py:4180} INFO - Setting next_dagrun for example_bash_operator to 2025-01-26 00:00:00+00:00, run_after=2025-01-27 00:00:00+00:00
[2025-01-27T11:37:30.600+0000] {processor.py:208} INFO - Processing /home/airflow/.local/lib/python3.12/site-packages/airflow/example_dags/example_bash_operator.py took 0.171 seconds
[2025-01-27T11:38:01.333+0000] {processor.py:186} INFO - Started process (PID=609) to work on /home/airflow/.local/lib/python3.12/site-packages/airflow/example_dags/example_bash_operator.py
[2025-01-27T11:38:01.334+0000] {processor.py:914} INFO - Processing file /home/airflow/.local/lib/python3.12/site-packages/airflow/example_dags/example_bash_operator.py for tasks to queue
[2025-01-27T11:38:01.338+0000] {logging_mixin.py:190} INFO - [2025-01-27T11:38:01.337+0000] {dagbag.py:588} INFO - Filling up the DagBag from /home/airflow/.local/lib/python3.12/site-packages/airflow/example_dags/example_bash_operator.py
[2025-01-27T11:38:01.358+0000] {processor.py:925} INFO - DAG(s) 'example_bash_operator' retrieved from /home/airflow/.local/lib/python3.12/site-packages/airflow/example_dags/example_bash_operator.py
[2025-01-27T11:38:01.404+0000] {logging_mixin.py:190} INFO - [2025-01-27T11:38:01.403+0000] {dag.py:3239} INFO - Sync 1 DAGs
[2025-01-27T11:38:01.459+0000] {logging_mixin.py:190} INFO - [2025-01-27T11:38:01.458+0000] {dag.py:4180} INFO - Setting next_dagrun for example_bash_operator to 2025-01-26 00:00:00+00:00, run_after=2025-01-27 00:00:00+00:00
[2025-01-27T11:38:01.544+0000] {processor.py:208} INFO - Processing /home/airflow/.local/lib/python3.12/site-packages/airflow/example_dags/example_bash_operator.py took 0.219 seconds
[2025-01-27T11:38:34.397+0000] {processor.py:186} INFO - Started process (PID=900) to work on /home/airflow/.local/lib/python3.12/site-packages/airflow/example_dags/example_bash_operator.py
[2025-01-27T11:38:34.398+0000] {processor.py:914} INFO - Processing file /home/airflow/.local/lib/python3.12/site-packages/airflow/example_dags/example_bash_operator.py for tasks to queue
[2025-01-27T11:38:34.403+0000] {logging_mixin.py:190} INFO - [2025-01-27T11:38:34.403+0000] {dagbag.py:588} INFO - Filling up the DagBag from /home/airflow/.local/lib/python3.12/site-packages/airflow/example_dags/example_bash_operator.py
[2025-01-27T11:38:34.439+0000] {processor.py:925} INFO - DAG(s) 'example_bash_operator' retrieved from /home/airflow/.local/lib/python3.12/site-packages/airflow/example_dags/example_bash_operator.py
[2025-01-27T11:38:34.527+0000] {logging_mixin.py:190} INFO - [2025-01-27T11:38:34.526+0000] {dag.py:3239} INFO - Sync 1 DAGs
[2025-01-27T11:38:34.601+0000] {logging_mixin.py:190} INFO - [2025-01-27T11:38:34.600+0000] {dag.py:4180} INFO - Setting next_dagrun for example_bash_operator to 2025-01-26 00:00:00+00:00, run_after=2025-01-27 00:00:00+00:00
[2025-01-27T11:38:34.639+0000] {processor.py:208} INFO - Processing /home/airflow/.local/lib/python3.12/site-packages/airflow/example_dags/example_bash_operator.py took 0.256 seconds
[2025-01-27T11:39:06.787+0000] {processor.py:186} INFO - Started process (PID=1191) to work on /home/airflow/.local/lib/python3.12/site-packages/airflow/example_dags/example_bash_operator.py
[2025-01-27T11:39:06.789+0000] {processor.py:914} INFO - Processing file /home/airflow/.local/lib/python3.12/site-packages/airflow/example_dags/example_bash_operator.py for tasks to queue
[2025-01-27T11:39:06.796+0000] {logging_mixin.py:190} INFO - [2025-01-27T11:39:06.794+0000] {dagbag.py:588} INFO - Filling up the DagBag from /home/airflow/.local/lib/python3.12/site-packages/airflow/example_dags/example_bash_operator.py
[2025-01-27T11:39:06.835+0000] {processor.py:925} INFO - DAG(s) 'example_bash_operator' retrieved from /home/airflow/.local/lib/python3.12/site-packages/airflow/example_dags/example_bash_operator.py
[2025-01-27T11:39:06.927+0000] {logging_mixin.py:190} INFO - [2025-01-27T11:39:06.926+0000] {dag.py:3239} INFO - Sync 1 DAGs
[2025-01-27T11:39:07.009+0000] {logging_mixin.py:190} INFO - [2025-01-27T11:39:07.009+0000] {dag.py:4180} INFO - Setting next_dagrun for example_bash_operator to 2025-01-26 00:00:00+00:00, run_after=2025-01-27 00:00:00+00:00
[2025-01-27T11:39:07.068+0000] {processor.py:208} INFO - Processing /home/airflow/.local/lib/python3.12/site-packages/airflow/example_dags/example_bash_operator.py took 0.299 seconds
[2025-01-27T11:39:37.562+0000] {processor.py:186} INFO - Started process (PID=1483) to work on /home/airflow/.local/lib/python3.12/site-packages/airflow/example_dags/example_bash_operator.py
[2025-01-27T11:39:37.563+0000] {processor.py:914} INFO - Processing file /home/airflow/.local/lib/python3.12/site-packages/airflow/example_dags/example_bash_operator.py for tasks to queue
[2025-01-27T11:39:37.566+0000] {logging_mixin.py:190} INFO - [2025-01-27T11:39:37.566+0000] {dagbag.py:588} INFO - Filling up the DagBag from /home/airflow/.local/lib/python3.12/site-packages/airflow/example_dags/example_bash_operator.py
[2025-01-27T11:39:37.585+0000] {processor.py:925} INFO - DAG(s) 'example_bash_operator' retrieved from /home/airflow/.local/lib/python3.12/site-packages/airflow/example_dags/example_bash_operator.py
[2025-01-27T11:39:37.626+0000] {logging_mixin.py:190} INFO - [2025-01-27T11:39:37.625+0000] {dag.py:3239} INFO - Sync 1 DAGs
[2025-01-27T11:39:37.662+0000] {logging_mixin.py:190} INFO - [2025-01-27T11:39:37.662+0000] {dag.py:4180} INFO - Setting next_dagrun for example_bash_operator to 2025-01-26 00:00:00+00:00, run_after=2025-01-27 00:00:00+00:00
[2025-01-27T11:39:37.689+0000] {processor.py:208} INFO - Processing /home/airflow/.local/lib/python3.12/site-packages/airflow/example_dags/example_bash_operator.py took 0.135 seconds
[2025-01-27T11:40:09.236+0000] {processor.py:186} INFO - Started process (PID=1778) to work on /home/airflow/.local/lib/python3.12/site-packages/airflow/example_dags/example_bash_operator.py
[2025-01-27T11:40:09.238+0000] {processor.py:914} INFO - Processing file /home/airflow/.local/lib/python3.12/site-packages/airflow/example_dags/example_bash_operator.py for tasks to queue
[2025-01-27T11:40:09.241+0000] {logging_mixin.py:190} INFO - [2025-01-27T11:40:09.241+0000] {dagbag.py:588} INFO - Filling up the DagBag from /home/airflow/.local/lib/python3.12/site-packages/airflow/example_dags/example_bash_operator.py
[2025-01-27T11:40:09.267+0000] {processor.py:925} INFO - DAG(s) 'example_bash_operator' retrieved from /home/airflow/.local/lib/python3.12/site-packages/airflow/example_dags/example_bash_operator.py
[2025-01-27T11:40:09.322+0000] {logging_mixin.py:190} INFO - [2025-01-27T11:40:09.322+0000] {dag.py:3239} INFO - Sync 1 DAGs
[2025-01-27T11:40:09.371+0000] {logging_mixin.py:190} INFO - [2025-01-27T11:40:09.371+0000] {dag.py:4180} INFO - Setting next_dagrun for example_bash_operator to 2025-01-26 00:00:00+00:00, run_after=2025-01-27 00:00:00+00:00
[2025-01-27T11:40:09.418+0000] {processor.py:208} INFO - Processing /home/airflow/.local/lib/python3.12/site-packages/airflow/example_dags/example_bash_operator.py took 0.194 seconds
[2025-01-27T11:40:40.278+0000] {processor.py:186} INFO - Started process (PID=2069) to work on /home/airflow/.local/lib/python3.12/site-packages/airflow/example_dags/example_bash_operator.py
[2025-01-27T11:40:40.279+0000] {processor.py:914} INFO - Processing file /home/airflow/.local/lib/python3.12/site-packages/airflow/example_dags/example_bash_operator.py for tasks to queue
[2025-01-27T11:40:40.285+0000] {logging_mixin.py:190} INFO - [2025-01-27T11:40:40.284+0000] {dagbag.py:588} INFO - Filling up the DagBag from /home/airflow/.local/lib/python3.12/site-packages/airflow/example_dags/example_bash_operator.py
[2025-01-27T11:40:40.311+0000] {processor.py:925} INFO - DAG(s) 'example_bash_operator' retrieved from /home/airflow/.local/lib/python3.12/site-packages/airflow/example_dags/example_bash_operator.py
[2025-01-27T11:40:40.373+0000] {logging_mixin.py:190} INFO - [2025-01-27T11:40:40.372+0000] {dag.py:3239} INFO - Sync 1 DAGs
[2025-01-27T11:40:40.424+0000] {logging_mixin.py:190} INFO - [2025-01-27T11:40:40.423+0000] {dag.py:4180} INFO - Setting next_dagrun for example_bash_operator to 2025-01-26 00:00:00+00:00, run_after=2025-01-27 00:00:00+00:00
[2025-01-27T11:40:40.467+0000] {processor.py:208} INFO - Processing /home/airflow/.local/lib/python3.12/site-packages/airflow/example_dags/example_bash_operator.py took 0.203 seconds
[2025-01-27T11:41:11.354+0000] {processor.py:186} INFO - Started process (PID=2360) to work on /home/airflow/.local/lib/python3.12/site-packages/airflow/example_dags/example_bash_operator.py
[2025-01-27T11:41:11.355+0000] {processor.py:914} INFO - Processing file /home/airflow/.local/lib/python3.12/site-packages/airflow/example_dags/example_bash_operator.py for tasks to queue
[2025-01-27T11:41:11.358+0000] {logging_mixin.py:190} INFO - [2025-01-27T11:41:11.358+0000] {dagbag.py:588} INFO - Filling up the DagBag from /home/airflow/.local/lib/python3.12/site-packages/airflow/example_dags/example_bash_operator.py
[2025-01-27T11:41:11.373+0000] {processor.py:925} INFO - DAG(s) 'example_bash_operator' retrieved from /home/airflow/.local/lib/python3.12/site-packages/airflow/example_dags/example_bash_operator.py
[2025-01-27T11:41:11.408+0000] {logging_mixin.py:190} INFO - [2025-01-27T11:41:11.407+0000] {dag.py:3239} INFO - Sync 1 DAGs
[2025-01-27T11:41:11.443+0000] {logging_mixin.py:190} INFO - [2025-01-27T11:41:11.442+0000] {dag.py:4180} INFO - Setting next_dagrun for example_bash_operator to 2025-01-26 00:00:00+00:00, run_after=2025-01-27 00:00:00+00:00
[2025-01-27T11:41:11.471+0000] {processor.py:208} INFO - Processing /home/airflow/.local/lib/python3.12/site-packages/airflow/example_dags/example_bash_operator.py took 0.124 seconds
[2025-01-27T11:41:42.140+0000] {processor.py:186} INFO - Started process (PID=2646) to work on /home/airflow/.local/lib/python3.12/site-packages/airflow/example_dags/example_bash_operator.py
[2025-01-27T11:41:42.145+0000] {processor.py:914} INFO - Processing file /home/airflow/.local/lib/python3.12/site-packages/airflow/example_dags/example_bash_operator.py for tasks to queue
[2025-01-27T11:41:42.163+0000] {logging_mixin.py:190} INFO - [2025-01-27T11:41:42.162+0000] {dagbag.py:588} INFO - Filling up the DagBag from /home/airflow/.local/lib/python3.12/site-packages/airflow/example_dags/example_bash_operator.py
[2025-01-27T11:41:42.234+0000] {processor.py:925} INFO - DAG(s) 'example_bash_operator' retrieved from /home/airflow/.local/lib/python3.12/site-packages/airflow/example_dags/example_bash_operator.py
[2025-01-27T11:41:42.345+0000] {logging_mixin.py:190} INFO - [2025-01-27T11:41:42.345+0000] {dag.py:3239} INFO - Sync 1 DAGs
[2025-01-27T11:41:42.401+0000] {logging_mixin.py:190} INFO - [2025-01-27T11:41:42.400+0000] {dag.py:4180} INFO - Setting next_dagrun for example_bash_operator to 2025-01-26 00:00:00+00:00, run_after=2025-01-27 00:00:00+00:00
[2025-01-27T11:41:42.439+0000] {processor.py:208} INFO - Processing /home/airflow/.local/lib/python3.12/site-packages/airflow/example_dags/example_bash_operator.py took 0.321 seconds
