[2025-01-27T12:19:41.663+0000] {processor.py:186} INFO - Started process (PID=289) to work on /home/airflow/.local/lib/python3.12/site-packages/airflow/example_dags/example_task_group_decorator.py
[2025-01-27T12:19:41.677+0000] {processor.py:914} INFO - Processing file /home/airflow/.local/lib/python3.12/site-packages/airflow/example_dags/example_task_group_decorator.py for tasks to queue
[2025-01-27T12:19:41.692+0000] {logging_mixin.py:190} INFO - [2025-01-27T12:19:41.691+0000] {dagbag.py:588} INFO - Filling up the DagBag from /home/airflow/.local/lib/python3.12/site-packages/airflow/example_dags/example_task_group_decorator.py
[2025-01-27T12:19:41.794+0000] {processor.py:925} INFO - DAG(s) 'example_task_group_decorator' retrieved from /home/airflow/.local/lib/python3.12/site-packages/airflow/example_dags/example_task_group_decorator.py
[2025-01-27T12:19:42.355+0000] {logging_mixin.py:190} INFO - [2025-01-27T12:19:42.354+0000] {override.py:1911} INFO - Created Permission View: can read on DAG:example_task_group_decorator
[2025-01-27T12:19:42.397+0000] {logging_mixin.py:190} INFO - [2025-01-27T12:19:42.397+0000] {override.py:1911} INFO - Created Permission View: can delete on DAG:example_task_group_decorator
[2025-01-27T12:19:42.455+0000] {logging_mixin.py:190} INFO - [2025-01-27T12:19:42.455+0000] {override.py:1911} INFO - Created Permission View: can edit on DAG:example_task_group_decorator
[2025-01-27T12:19:42.500+0000] {logging_mixin.py:190} INFO - [2025-01-27T12:19:42.500+0000] {override.py:1911} INFO - Created Permission View: can read on DAG Run:example_task_group_decorator
[2025-01-27T12:19:42.523+0000] {logging_mixin.py:190} INFO - [2025-01-27T12:19:42.522+0000] {override.py:1911} INFO - Created Permission View: can create on DAG Run:example_task_group_decorator
[2025-01-27T12:19:42.553+0000] {logging_mixin.py:190} INFO - [2025-01-27T12:19:42.553+0000] {override.py:1911} INFO - Created Permission View: menu access on DAG Run:example_task_group_decorator
[2025-01-27T12:19:42.570+0000] {logging_mixin.py:190} INFO - [2025-01-27T12:19:42.569+0000] {override.py:1911} INFO - Created Permission View: can delete on DAG Run:example_task_group_decorator
[2025-01-27T12:19:42.572+0000] {logging_mixin.py:190} INFO - [2025-01-27T12:19:42.572+0000] {dag.py:3239} INFO - Sync 1 DAGs
[2025-01-27T12:19:42.610+0000] {logging_mixin.py:190} INFO - [2025-01-27T12:19:42.609+0000] {dag.py:3262} INFO - Creating ORM DAG for example_task_group_decorator
[2025-01-27T12:19:42.612+0000] {logging_mixin.py:190} INFO - [2025-01-27T12:19:42.612+0000] {dag.py:4180} INFO - Setting next_dagrun for example_task_group_decorator to None, run_after=None
[2025-01-27T12:19:42.650+0000] {processor.py:208} INFO - Processing /home/airflow/.local/lib/python3.12/site-packages/airflow/example_dags/example_task_group_decorator.py took 1.010 seconds
[2025-01-27T12:20:12.894+0000] {processor.py:186} INFO - Started process (PID=579) to work on /home/airflow/.local/lib/python3.12/site-packages/airflow/example_dags/example_task_group_decorator.py
[2025-01-27T12:20:12.898+0000] {processor.py:914} INFO - Processing file /home/airflow/.local/lib/python3.12/site-packages/airflow/example_dags/example_task_group_decorator.py for tasks to queue
[2025-01-27T12:20:12.907+0000] {logging_mixin.py:190} INFO - [2025-01-27T12:20:12.906+0000] {dagbag.py:588} INFO - Filling up the DagBag from /home/airflow/.local/lib/python3.12/site-packages/airflow/example_dags/example_task_group_decorator.py
[2025-01-27T12:20:12.969+0000] {processor.py:925} INFO - DAG(s) 'example_task_group_decorator' retrieved from /home/airflow/.local/lib/python3.12/site-packages/airflow/example_dags/example_task_group_decorator.py
[2025-01-27T12:20:13.102+0000] {logging_mixin.py:190} INFO - [2025-01-27T12:20:13.100+0000] {dag.py:3239} INFO - Sync 1 DAGs
[2025-01-27T12:20:13.167+0000] {logging_mixin.py:190} INFO - [2025-01-27T12:20:13.167+0000] {dag.py:4180} INFO - Setting next_dagrun for example_task_group_decorator to None, run_after=None
[2025-01-27T12:20:13.269+0000] {processor.py:208} INFO - Processing /home/airflow/.local/lib/python3.12/site-packages/airflow/example_dags/example_task_group_decorator.py took 0.397 seconds
[2025-01-27T12:20:45.287+0000] {processor.py:186} INFO - Started process (PID=870) to work on /home/airflow/.local/lib/python3.12/site-packages/airflow/example_dags/example_task_group_decorator.py
[2025-01-27T12:20:45.290+0000] {processor.py:914} INFO - Processing file /home/airflow/.local/lib/python3.12/site-packages/airflow/example_dags/example_task_group_decorator.py for tasks to queue
[2025-01-27T12:20:45.296+0000] {logging_mixin.py:190} INFO - [2025-01-27T12:20:45.295+0000] {dagbag.py:588} INFO - Filling up the DagBag from /home/airflow/.local/lib/python3.12/site-packages/airflow/example_dags/example_task_group_decorator.py
[2025-01-27T12:20:45.350+0000] {processor.py:925} INFO - DAG(s) 'example_task_group_decorator' retrieved from /home/airflow/.local/lib/python3.12/site-packages/airflow/example_dags/example_task_group_decorator.py
[2025-01-27T12:20:45.416+0000] {logging_mixin.py:190} INFO - [2025-01-27T12:20:45.416+0000] {dag.py:3239} INFO - Sync 1 DAGs
[2025-01-27T12:20:45.493+0000] {logging_mixin.py:190} INFO - [2025-01-27T12:20:45.492+0000] {dag.py:4180} INFO - Setting next_dagrun for example_task_group_decorator to None, run_after=None
[2025-01-27T12:20:45.556+0000] {processor.py:208} INFO - Processing /home/airflow/.local/lib/python3.12/site-packages/airflow/example_dags/example_task_group_decorator.py took 0.289 seconds
[2025-01-27T12:21:16.537+0000] {processor.py:186} INFO - Started process (PID=1161) to work on /home/airflow/.local/lib/python3.12/site-packages/airflow/example_dags/example_task_group_decorator.py
[2025-01-27T12:21:16.539+0000] {processor.py:914} INFO - Processing file /home/airflow/.local/lib/python3.12/site-packages/airflow/example_dags/example_task_group_decorator.py for tasks to queue
[2025-01-27T12:21:16.543+0000] {logging_mixin.py:190} INFO - [2025-01-27T12:21:16.542+0000] {dagbag.py:588} INFO - Filling up the DagBag from /home/airflow/.local/lib/python3.12/site-packages/airflow/example_dags/example_task_group_decorator.py
[2025-01-27T12:21:16.586+0000] {processor.py:925} INFO - DAG(s) 'example_task_group_decorator' retrieved from /home/airflow/.local/lib/python3.12/site-packages/airflow/example_dags/example_task_group_decorator.py
[2025-01-27T12:21:16.653+0000] {logging_mixin.py:190} INFO - [2025-01-27T12:21:16.652+0000] {dag.py:3239} INFO - Sync 1 DAGs
[2025-01-27T12:21:16.691+0000] {logging_mixin.py:190} INFO - [2025-01-27T12:21:16.690+0000] {dag.py:4180} INFO - Setting next_dagrun for example_task_group_decorator to None, run_after=None
[2025-01-27T12:21:16.778+0000] {processor.py:208} INFO - Processing /home/airflow/.local/lib/python3.12/site-packages/airflow/example_dags/example_task_group_decorator.py took 0.253 seconds
[2025-01-27T12:21:46.898+0000] {processor.py:186} INFO - Started process (PID=1448) to work on /home/airflow/.local/lib/python3.12/site-packages/airflow/example_dags/example_task_group_decorator.py
[2025-01-27T12:21:46.903+0000] {processor.py:914} INFO - Processing file /home/airflow/.local/lib/python3.12/site-packages/airflow/example_dags/example_task_group_decorator.py for tasks to queue
[2025-01-27T12:21:46.908+0000] {logging_mixin.py:190} INFO - [2025-01-27T12:21:46.908+0000] {dagbag.py:588} INFO - Filling up the DagBag from /home/airflow/.local/lib/python3.12/site-packages/airflow/example_dags/example_task_group_decorator.py
[2025-01-27T12:21:46.990+0000] {processor.py:925} INFO - DAG(s) 'example_task_group_decorator' retrieved from /home/airflow/.local/lib/python3.12/site-packages/airflow/example_dags/example_task_group_decorator.py
[2025-01-27T12:21:47.077+0000] {logging_mixin.py:190} INFO - [2025-01-27T12:21:47.077+0000] {dag.py:3239} INFO - Sync 1 DAGs
[2025-01-27T12:21:47.132+0000] {logging_mixin.py:190} INFO - [2025-01-27T12:21:47.131+0000] {dag.py:4180} INFO - Setting next_dagrun for example_task_group_decorator to None, run_after=None
[2025-01-27T12:21:47.215+0000] {processor.py:208} INFO - Processing /home/airflow/.local/lib/python3.12/site-packages/airflow/example_dags/example_task_group_decorator.py took 0.339 seconds
[2025-01-27T12:22:17.754+0000] {processor.py:186} INFO - Started process (PID=1740) to work on /home/airflow/.local/lib/python3.12/site-packages/airflow/example_dags/example_task_group_decorator.py
[2025-01-27T12:22:17.756+0000] {processor.py:914} INFO - Processing file /home/airflow/.local/lib/python3.12/site-packages/airflow/example_dags/example_task_group_decorator.py for tasks to queue
[2025-01-27T12:22:17.763+0000] {logging_mixin.py:190} INFO - [2025-01-27T12:22:17.762+0000] {dagbag.py:588} INFO - Filling up the DagBag from /home/airflow/.local/lib/python3.12/site-packages/airflow/example_dags/example_task_group_decorator.py
[2025-01-27T12:22:17.802+0000] {processor.py:925} INFO - DAG(s) 'example_task_group_decorator' retrieved from /home/airflow/.local/lib/python3.12/site-packages/airflow/example_dags/example_task_group_decorator.py
[2025-01-27T12:22:17.850+0000] {logging_mixin.py:190} INFO - [2025-01-27T12:22:17.850+0000] {dag.py:3239} INFO - Sync 1 DAGs
[2025-01-27T12:22:17.878+0000] {logging_mixin.py:190} INFO - [2025-01-27T12:22:17.877+0000] {dag.py:4180} INFO - Setting next_dagrun for example_task_group_decorator to None, run_after=None
[2025-01-27T12:22:17.924+0000] {processor.py:208} INFO - Processing /home/airflow/.local/lib/python3.12/site-packages/airflow/example_dags/example_task_group_decorator.py took 0.196 seconds
[2025-01-27T12:22:48.281+0000] {processor.py:186} INFO - Started process (PID=2036) to work on /home/airflow/.local/lib/python3.12/site-packages/airflow/example_dags/example_task_group_decorator.py
[2025-01-27T12:22:48.283+0000] {processor.py:914} INFO - Processing file /home/airflow/.local/lib/python3.12/site-packages/airflow/example_dags/example_task_group_decorator.py for tasks to queue
[2025-01-27T12:22:48.289+0000] {logging_mixin.py:190} INFO - [2025-01-27T12:22:48.288+0000] {dagbag.py:588} INFO - Filling up the DagBag from /home/airflow/.local/lib/python3.12/site-packages/airflow/example_dags/example_task_group_decorator.py
[2025-01-27T12:22:48.341+0000] {processor.py:925} INFO - DAG(s) 'example_task_group_decorator' retrieved from /home/airflow/.local/lib/python3.12/site-packages/airflow/example_dags/example_task_group_decorator.py
[2025-01-27T12:22:48.393+0000] {logging_mixin.py:190} INFO - [2025-01-27T12:22:48.393+0000] {dag.py:3239} INFO - Sync 1 DAGs
[2025-01-27T12:22:48.431+0000] {logging_mixin.py:190} INFO - [2025-01-27T12:22:48.431+0000] {dag.py:4180} INFO - Setting next_dagrun for example_task_group_decorator to None, run_after=None
[2025-01-27T12:22:48.477+0000] {processor.py:208} INFO - Processing /home/airflow/.local/lib/python3.12/site-packages/airflow/example_dags/example_task_group_decorator.py took 0.212 seconds
[2025-01-27T12:23:19.458+0000] {processor.py:186} INFO - Started process (PID=2325) to work on /home/airflow/.local/lib/python3.12/site-packages/airflow/example_dags/example_task_group_decorator.py
[2025-01-27T12:23:19.470+0000] {processor.py:914} INFO - Processing file /home/airflow/.local/lib/python3.12/site-packages/airflow/example_dags/example_task_group_decorator.py for tasks to queue
[2025-01-27T12:23:19.501+0000] {logging_mixin.py:190} INFO - [2025-01-27T12:23:19.501+0000] {dagbag.py:588} INFO - Filling up the DagBag from /home/airflow/.local/lib/python3.12/site-packages/airflow/example_dags/example_task_group_decorator.py
[2025-01-27T12:23:19.631+0000] {processor.py:925} INFO - DAG(s) 'example_task_group_decorator' retrieved from /home/airflow/.local/lib/python3.12/site-packages/airflow/example_dags/example_task_group_decorator.py
[2025-01-27T12:23:19.835+0000] {logging_mixin.py:190} INFO - [2025-01-27T12:23:19.834+0000] {dag.py:3239} INFO - Sync 1 DAGs
[2025-01-27T12:23:19.917+0000] {logging_mixin.py:190} INFO - [2025-01-27T12:23:19.916+0000] {dag.py:4180} INFO - Setting next_dagrun for example_task_group_decorator to None, run_after=None
[2025-01-27T12:23:19.982+0000] {processor.py:208} INFO - Processing /home/airflow/.local/lib/python3.12/site-packages/airflow/example_dags/example_task_group_decorator.py took 0.549 seconds
[2025-01-27T12:23:50.209+0000] {processor.py:186} INFO - Started process (PID=2612) to work on /home/airflow/.local/lib/python3.12/site-packages/airflow/example_dags/example_task_group_decorator.py
[2025-01-27T12:23:50.217+0000] {processor.py:914} INFO - Processing file /home/airflow/.local/lib/python3.12/site-packages/airflow/example_dags/example_task_group_decorator.py for tasks to queue
[2025-01-27T12:23:50.223+0000] {logging_mixin.py:190} INFO - [2025-01-27T12:23:50.222+0000] {dagbag.py:588} INFO - Filling up the DagBag from /home/airflow/.local/lib/python3.12/site-packages/airflow/example_dags/example_task_group_decorator.py
[2025-01-27T12:23:50.306+0000] {processor.py:925} INFO - DAG(s) 'example_task_group_decorator' retrieved from /home/airflow/.local/lib/python3.12/site-packages/airflow/example_dags/example_task_group_decorator.py
[2025-01-27T12:23:50.377+0000] {logging_mixin.py:190} INFO - [2025-01-27T12:23:50.376+0000] {dag.py:3239} INFO - Sync 1 DAGs
[2025-01-27T12:23:50.417+0000] {logging_mixin.py:190} INFO - [2025-01-27T12:23:50.417+0000] {dag.py:4180} INFO - Setting next_dagrun for example_task_group_decorator to None, run_after=None
[2025-01-27T12:23:50.454+0000] {processor.py:208} INFO - Processing /home/airflow/.local/lib/python3.12/site-packages/airflow/example_dags/example_task_group_decorator.py took 0.270 seconds
