[2025-01-27T12:19:25.402+0000] {processor.py:186} INFO - Started process (PID=218) to work on /home/airflow/.local/lib/python3.12/site-packages/airflow/example_dags/tutorial.py
[2025-01-27T12:19:25.406+0000] {processor.py:914} INFO - Processing file /home/airflow/.local/lib/python3.12/site-packages/airflow/example_dags/tutorial.py for tasks to queue
[2025-01-27T12:19:25.414+0000] {logging_mixin.py:190} INFO - [2025-01-27T12:19:25.413+0000] {dagbag.py:588} INFO - Filling up the DagBag from /home/airflow/.local/lib/python3.12/site-packages/airflow/example_dags/tutorial.py
[2025-01-27T12:19:25.446+0000] {processor.py:925} INFO - DAG(s) 'tutorial' retrieved from /home/airflow/.local/lib/python3.12/site-packages/airflow/example_dags/tutorial.py
[2025-01-27T12:19:25.711+0000] {logging_mixin.py:190} INFO - [2025-01-27T12:19:25.710+0000] {override.py:1911} INFO - Created Permission View: can read on DAG:tutorial
[2025-01-27T12:19:25.734+0000] {logging_mixin.py:190} INFO - [2025-01-27T12:19:25.733+0000] {override.py:1911} INFO - Created Permission View: can delete on DAG:tutorial
[2025-01-27T12:19:25.748+0000] {logging_mixin.py:190} INFO - [2025-01-27T12:19:25.748+0000] {override.py:1911} INFO - Created Permission View: can edit on DAG:tutorial
[2025-01-27T12:19:25.762+0000] {logging_mixin.py:190} INFO - [2025-01-27T12:19:25.761+0000] {override.py:1911} INFO - Created Permission View: can read on DAG Run:tutorial
[2025-01-27T12:19:25.778+0000] {logging_mixin.py:190} INFO - [2025-01-27T12:19:25.777+0000] {override.py:1911} INFO - Created Permission View: can create on DAG Run:tutorial
[2025-01-27T12:19:25.798+0000] {logging_mixin.py:190} INFO - [2025-01-27T12:19:25.797+0000] {override.py:1911} INFO - Created Permission View: menu access on DAG Run:tutorial
[2025-01-27T12:19:25.813+0000] {logging_mixin.py:190} INFO - [2025-01-27T12:19:25.813+0000] {override.py:1911} INFO - Created Permission View: can delete on DAG Run:tutorial
[2025-01-27T12:19:25.815+0000] {logging_mixin.py:190} INFO - [2025-01-27T12:19:25.814+0000] {dag.py:3239} INFO - Sync 1 DAGs
[2025-01-27T12:19:25.858+0000] {logging_mixin.py:190} INFO - [2025-01-27T12:19:25.858+0000] {dag.py:3262} INFO - Creating ORM DAG for tutorial
[2025-01-27T12:19:25.887+0000] {logging_mixin.py:190} INFO - [2025-01-27T12:19:25.886+0000] {dag.py:4180} INFO - Setting next_dagrun for tutorial to 2025-01-26 00:00:00+00:00, run_after=2025-01-27 00:00:00+00:00
[2025-01-27T12:19:25.933+0000] {processor.py:208} INFO - Processing /home/airflow/.local/lib/python3.12/site-packages/airflow/example_dags/tutorial.py took 0.556 seconds
[2025-01-27T12:20:04.709+0000] {processor.py:186} INFO - Started process (PID=509) to work on /home/airflow/.local/lib/python3.12/site-packages/airflow/example_dags/tutorial.py
[2025-01-27T12:20:04.716+0000] {processor.py:914} INFO - Processing file /home/airflow/.local/lib/python3.12/site-packages/airflow/example_dags/tutorial.py for tasks to queue
[2025-01-27T12:20:04.723+0000] {logging_mixin.py:190} INFO - [2025-01-27T12:20:04.722+0000] {dagbag.py:588} INFO - Filling up the DagBag from /home/airflow/.local/lib/python3.12/site-packages/airflow/example_dags/tutorial.py
[2025-01-27T12:20:04.759+0000] {processor.py:925} INFO - DAG(s) 'tutorial' retrieved from /home/airflow/.local/lib/python3.12/site-packages/airflow/example_dags/tutorial.py
[2025-01-27T12:20:04.848+0000] {logging_mixin.py:190} INFO - [2025-01-27T12:20:04.848+0000] {dag.py:3239} INFO - Sync 1 DAGs
[2025-01-27T12:20:05.100+0000] {logging_mixin.py:190} INFO - [2025-01-27T12:20:05.100+0000] {dag.py:4180} INFO - Setting next_dagrun for tutorial to 2025-01-26 00:00:00+00:00, run_after=2025-01-27 00:00:00+00:00
[2025-01-27T12:20:05.209+0000] {processor.py:208} INFO - Processing /home/airflow/.local/lib/python3.12/site-packages/airflow/example_dags/tutorial.py took 0.523 seconds
[2025-01-27T12:20:35.809+0000] {processor.py:186} INFO - Started process (PID=800) to work on /home/airflow/.local/lib/python3.12/site-packages/airflow/example_dags/tutorial.py
[2025-01-27T12:20:35.811+0000] {processor.py:914} INFO - Processing file /home/airflow/.local/lib/python3.12/site-packages/airflow/example_dags/tutorial.py for tasks to queue
[2025-01-27T12:20:35.817+0000] {logging_mixin.py:190} INFO - [2025-01-27T12:20:35.816+0000] {dagbag.py:588} INFO - Filling up the DagBag from /home/airflow/.local/lib/python3.12/site-packages/airflow/example_dags/tutorial.py
[2025-01-27T12:20:35.879+0000] {processor.py:925} INFO - DAG(s) 'tutorial' retrieved from /home/airflow/.local/lib/python3.12/site-packages/airflow/example_dags/tutorial.py
[2025-01-27T12:20:35.958+0000] {logging_mixin.py:190} INFO - [2025-01-27T12:20:35.957+0000] {dag.py:3239} INFO - Sync 1 DAGs
[2025-01-27T12:20:36.110+0000] {logging_mixin.py:190} INFO - [2025-01-27T12:20:36.109+0000] {dag.py:4180} INFO - Setting next_dagrun for tutorial to 2025-01-26 00:00:00+00:00, run_after=2025-01-27 00:00:00+00:00
[2025-01-27T12:20:36.204+0000] {processor.py:208} INFO - Processing /home/airflow/.local/lib/python3.12/site-packages/airflow/example_dags/tutorial.py took 0.421 seconds
[2025-01-27T12:21:06.491+0000] {processor.py:186} INFO - Started process (PID=1091) to work on /home/airflow/.local/lib/python3.12/site-packages/airflow/example_dags/tutorial.py
[2025-01-27T12:21:06.493+0000] {processor.py:914} INFO - Processing file /home/airflow/.local/lib/python3.12/site-packages/airflow/example_dags/tutorial.py for tasks to queue
[2025-01-27T12:21:06.499+0000] {logging_mixin.py:190} INFO - [2025-01-27T12:21:06.498+0000] {dagbag.py:588} INFO - Filling up the DagBag from /home/airflow/.local/lib/python3.12/site-packages/airflow/example_dags/tutorial.py
[2025-01-27T12:21:06.522+0000] {processor.py:925} INFO - DAG(s) 'tutorial' retrieved from /home/airflow/.local/lib/python3.12/site-packages/airflow/example_dags/tutorial.py
[2025-01-27T12:21:06.568+0000] {logging_mixin.py:190} INFO - [2025-01-27T12:21:06.568+0000] {dag.py:3239} INFO - Sync 1 DAGs
[2025-01-27T12:21:06.644+0000] {logging_mixin.py:190} INFO - [2025-01-27T12:21:06.643+0000] {dag.py:4180} INFO - Setting next_dagrun for tutorial to 2025-01-26 00:00:00+00:00, run_after=2025-01-27 00:00:00+00:00
[2025-01-27T12:21:06.702+0000] {processor.py:208} INFO - Processing /home/airflow/.local/lib/python3.12/site-packages/airflow/example_dags/tutorial.py took 0.227 seconds
[2025-01-27T12:21:38.639+0000] {processor.py:186} INFO - Started process (PID=1385) to work on /home/airflow/.local/lib/python3.12/site-packages/airflow/example_dags/tutorial.py
[2025-01-27T12:21:38.641+0000] {processor.py:914} INFO - Processing file /home/airflow/.local/lib/python3.12/site-packages/airflow/example_dags/tutorial.py for tasks to queue
[2025-01-27T12:21:38.650+0000] {logging_mixin.py:190} INFO - [2025-01-27T12:21:38.647+0000] {dagbag.py:588} INFO - Filling up the DagBag from /home/airflow/.local/lib/python3.12/site-packages/airflow/example_dags/tutorial.py
[2025-01-27T12:21:38.679+0000] {processor.py:925} INFO - DAG(s) 'tutorial' retrieved from /home/airflow/.local/lib/python3.12/site-packages/airflow/example_dags/tutorial.py
[2025-01-27T12:21:38.752+0000] {logging_mixin.py:190} INFO - [2025-01-27T12:21:38.751+0000] {dag.py:3239} INFO - Sync 1 DAGs
[2025-01-27T12:21:38.863+0000] {logging_mixin.py:190} INFO - [2025-01-27T12:21:38.862+0000] {dag.py:4180} INFO - Setting next_dagrun for tutorial to 2025-01-26 00:00:00+00:00, run_after=2025-01-27 00:00:00+00:00
[2025-01-27T12:21:38.963+0000] {processor.py:208} INFO - Processing /home/airflow/.local/lib/python3.12/site-packages/airflow/example_dags/tutorial.py took 0.355 seconds
[2025-01-27T12:22:09.314+0000] {processor.py:186} INFO - Started process (PID=1678) to work on /home/airflow/.local/lib/python3.12/site-packages/airflow/example_dags/tutorial.py
[2025-01-27T12:22:09.316+0000] {processor.py:914} INFO - Processing file /home/airflow/.local/lib/python3.12/site-packages/airflow/example_dags/tutorial.py for tasks to queue
[2025-01-27T12:22:09.321+0000] {logging_mixin.py:190} INFO - [2025-01-27T12:22:09.320+0000] {dagbag.py:588} INFO - Filling up the DagBag from /home/airflow/.local/lib/python3.12/site-packages/airflow/example_dags/tutorial.py
[2025-01-27T12:22:09.338+0000] {processor.py:925} INFO - DAG(s) 'tutorial' retrieved from /home/airflow/.local/lib/python3.12/site-packages/airflow/example_dags/tutorial.py
[2025-01-27T12:22:09.385+0000] {logging_mixin.py:190} INFO - [2025-01-27T12:22:09.385+0000] {dag.py:3239} INFO - Sync 1 DAGs
[2025-01-27T12:22:09.438+0000] {logging_mixin.py:190} INFO - [2025-01-27T12:22:09.438+0000] {dag.py:4180} INFO - Setting next_dagrun for tutorial to 2025-01-26 00:00:00+00:00, run_after=2025-01-27 00:00:00+00:00
[2025-01-27T12:22:09.478+0000] {processor.py:208} INFO - Processing /home/airflow/.local/lib/python3.12/site-packages/airflow/example_dags/tutorial.py took 0.175 seconds
[2025-01-27T12:22:39.629+0000] {processor.py:186} INFO - Started process (PID=1969) to work on /home/airflow/.local/lib/python3.12/site-packages/airflow/example_dags/tutorial.py
[2025-01-27T12:22:39.631+0000] {processor.py:914} INFO - Processing file /home/airflow/.local/lib/python3.12/site-packages/airflow/example_dags/tutorial.py for tasks to queue
[2025-01-27T12:22:39.641+0000] {logging_mixin.py:190} INFO - [2025-01-27T12:22:39.640+0000] {dagbag.py:588} INFO - Filling up the DagBag from /home/airflow/.local/lib/python3.12/site-packages/airflow/example_dags/tutorial.py
[2025-01-27T12:22:39.669+0000] {processor.py:925} INFO - DAG(s) 'tutorial' retrieved from /home/airflow/.local/lib/python3.12/site-packages/airflow/example_dags/tutorial.py
[2025-01-27T12:22:39.717+0000] {logging_mixin.py:190} INFO - [2025-01-27T12:22:39.716+0000] {dag.py:3239} INFO - Sync 1 DAGs
[2025-01-27T12:22:39.759+0000] {logging_mixin.py:190} INFO - [2025-01-27T12:22:39.759+0000] {dag.py:4180} INFO - Setting next_dagrun for tutorial to 2025-01-26 00:00:00+00:00, run_after=2025-01-27 00:00:00+00:00
[2025-01-27T12:22:39.790+0000] {processor.py:208} INFO - Processing /home/airflow/.local/lib/python3.12/site-packages/airflow/example_dags/tutorial.py took 0.182 seconds
[2025-01-27T12:23:11.381+0000] {processor.py:186} INFO - Started process (PID=2260) to work on /home/airflow/.local/lib/python3.12/site-packages/airflow/example_dags/tutorial.py
[2025-01-27T12:23:11.382+0000] {processor.py:914} INFO - Processing file /home/airflow/.local/lib/python3.12/site-packages/airflow/example_dags/tutorial.py for tasks to queue
[2025-01-27T12:23:11.387+0000] {logging_mixin.py:190} INFO - [2025-01-27T12:23:11.386+0000] {dagbag.py:588} INFO - Filling up the DagBag from /home/airflow/.local/lib/python3.12/site-packages/airflow/example_dags/tutorial.py
[2025-01-27T12:23:11.416+0000] {processor.py:925} INFO - DAG(s) 'tutorial' retrieved from /home/airflow/.local/lib/python3.12/site-packages/airflow/example_dags/tutorial.py
[2025-01-27T12:23:11.487+0000] {logging_mixin.py:190} INFO - [2025-01-27T12:23:11.486+0000] {dag.py:3239} INFO - Sync 1 DAGs
[2025-01-27T12:23:11.585+0000] {logging_mixin.py:190} INFO - [2025-01-27T12:23:11.584+0000] {dag.py:4180} INFO - Setting next_dagrun for tutorial to 2025-01-26 00:00:00+00:00, run_after=2025-01-27 00:00:00+00:00
[2025-01-27T12:23:11.678+0000] {processor.py:208} INFO - Processing /home/airflow/.local/lib/python3.12/site-packages/airflow/example_dags/tutorial.py took 0.314 seconds
[2025-01-27T12:23:42.405+0000] {processor.py:186} INFO - Started process (PID=2550) to work on /home/airflow/.local/lib/python3.12/site-packages/airflow/example_dags/tutorial.py
[2025-01-27T12:23:42.407+0000] {processor.py:914} INFO - Processing file /home/airflow/.local/lib/python3.12/site-packages/airflow/example_dags/tutorial.py for tasks to queue
[2025-01-27T12:23:42.412+0000] {logging_mixin.py:190} INFO - [2025-01-27T12:23:42.411+0000] {dagbag.py:588} INFO - Filling up the DagBag from /home/airflow/.local/lib/python3.12/site-packages/airflow/example_dags/tutorial.py
[2025-01-27T12:23:42.437+0000] {processor.py:925} INFO - DAG(s) 'tutorial' retrieved from /home/airflow/.local/lib/python3.12/site-packages/airflow/example_dags/tutorial.py
[2025-01-27T12:23:42.478+0000] {logging_mixin.py:190} INFO - [2025-01-27T12:23:42.478+0000] {dag.py:3239} INFO - Sync 1 DAGs
[2025-01-27T12:23:42.550+0000] {logging_mixin.py:190} INFO - [2025-01-27T12:23:42.549+0000] {dag.py:4180} INFO - Setting next_dagrun for tutorial to 2025-01-26 00:00:00+00:00, run_after=2025-01-27 00:00:00+00:00
[2025-01-27T12:23:42.605+0000] {processor.py:208} INFO - Processing /home/airflow/.local/lib/python3.12/site-packages/airflow/example_dags/tutorial.py took 0.218 seconds
