[2025-01-27T11:29:53.083+0000] {processor.py:186} INFO - Started process (PID=93) to work on /home/airflow/.local/lib/python3.12/site-packages/airflow/example_dags/tutorial_objectstorage.py
[2025-01-27T11:29:53.085+0000] {processor.py:914} INFO - Processing file /home/airflow/.local/lib/python3.12/site-packages/airflow/example_dags/tutorial_objectstorage.py for tasks to queue
[2025-01-27T11:29:53.088+0000] {logging_mixin.py:190} INFO - [2025-01-27T11:29:53.087+0000] {dagbag.py:588} INFO - Filling up the DagBag from /home/airflow/.local/lib/python3.12/site-packages/airflow/example_dags/tutorial_objectstorage.py
[2025-01-27T11:29:53.100+0000] {processor.py:925} INFO - DAG(s) 'tutorial_objectstorage' retrieved from /home/airflow/.local/lib/python3.12/site-packages/airflow/example_dags/tutorial_objectstorage.py
[2025-01-27T11:29:53.127+0000] {logging_mixin.py:190} INFO - [2025-01-27T11:29:53.127+0000] {dag.py:3239} INFO - Sync 1 DAGs
[2025-01-27T11:29:53.153+0000] {logging_mixin.py:190} INFO - [2025-01-27T11:29:53.152+0000] {dag.py:4180} INFO - Setting next_dagrun for tutorial_objectstorage to None, run_after=None
[2025-01-27T11:29:53.178+0000] {processor.py:208} INFO - Processing /home/airflow/.local/lib/python3.12/site-packages/airflow/example_dags/tutorial_objectstorage.py took 0.103 seconds
[2025-01-27T11:30:24.873+0000] {processor.py:186} INFO - Started process (PID=157) to work on /home/airflow/.local/lib/python3.12/site-packages/airflow/example_dags/tutorial_objectstorage.py
[2025-01-27T11:30:24.875+0000] {processor.py:914} INFO - Processing file /home/airflow/.local/lib/python3.12/site-packages/airflow/example_dags/tutorial_objectstorage.py for tasks to queue
[2025-01-27T11:30:24.879+0000] {logging_mixin.py:190} INFO - [2025-01-27T11:30:24.878+0000] {dagbag.py:588} INFO - Filling up the DagBag from /home/airflow/.local/lib/python3.12/site-packages/airflow/example_dags/tutorial_objectstorage.py
[2025-01-27T11:30:24.897+0000] {processor.py:925} INFO - DAG(s) 'tutorial_objectstorage' retrieved from /home/airflow/.local/lib/python3.12/site-packages/airflow/example_dags/tutorial_objectstorage.py
[2025-01-27T11:30:24.932+0000] {logging_mixin.py:190} INFO - [2025-01-27T11:30:24.931+0000] {dag.py:3239} INFO - Sync 1 DAGs
[2025-01-27T11:30:24.963+0000] {logging_mixin.py:190} INFO - [2025-01-27T11:30:24.962+0000] {dag.py:4180} INFO - Setting next_dagrun for tutorial_objectstorage to None, run_after=None
[2025-01-27T11:30:25.002+0000] {processor.py:208} INFO - Processing /home/airflow/.local/lib/python3.12/site-packages/airflow/example_dags/tutorial_objectstorage.py took 0.142 seconds
[2025-01-27T11:30:59.586+0000] {processor.py:186} INFO - Started process (PID=226) to work on /home/airflow/.local/lib/python3.12/site-packages/airflow/example_dags/tutorial_objectstorage.py
[2025-01-27T11:30:59.588+0000] {processor.py:914} INFO - Processing file /home/airflow/.local/lib/python3.12/site-packages/airflow/example_dags/tutorial_objectstorage.py for tasks to queue
[2025-01-27T11:30:59.593+0000] {logging_mixin.py:190} INFO - [2025-01-27T11:30:59.592+0000] {dagbag.py:588} INFO - Filling up the DagBag from /home/airflow/.local/lib/python3.12/site-packages/airflow/example_dags/tutorial_objectstorage.py
[2025-01-27T11:30:59.617+0000] {processor.py:925} INFO - DAG(s) 'tutorial_objectstorage' retrieved from /home/airflow/.local/lib/python3.12/site-packages/airflow/example_dags/tutorial_objectstorage.py
[2025-01-27T11:30:59.657+0000] {logging_mixin.py:190} INFO - [2025-01-27T11:30:59.656+0000] {dag.py:3239} INFO - Sync 1 DAGs
[2025-01-27T11:30:59.687+0000] {logging_mixin.py:190} INFO - [2025-01-27T11:30:59.687+0000] {dag.py:4180} INFO - Setting next_dagrun for tutorial_objectstorage to None, run_after=None
[2025-01-27T11:30:59.726+0000] {processor.py:208} INFO - Processing /home/airflow/.local/lib/python3.12/site-packages/airflow/example_dags/tutorial_objectstorage.py took 0.158 seconds
[2025-01-27T11:31:30.851+0000] {processor.py:186} INFO - Started process (PID=289) to work on /home/airflow/.local/lib/python3.12/site-packages/airflow/example_dags/tutorial_objectstorage.py
[2025-01-27T11:31:30.854+0000] {processor.py:914} INFO - Processing file /home/airflow/.local/lib/python3.12/site-packages/airflow/example_dags/tutorial_objectstorage.py for tasks to queue
[2025-01-27T11:31:30.858+0000] {logging_mixin.py:190} INFO - [2025-01-27T11:31:30.858+0000] {dagbag.py:588} INFO - Filling up the DagBag from /home/airflow/.local/lib/python3.12/site-packages/airflow/example_dags/tutorial_objectstorage.py
[2025-01-27T11:31:30.877+0000] {processor.py:925} INFO - DAG(s) 'tutorial_objectstorage' retrieved from /home/airflow/.local/lib/python3.12/site-packages/airflow/example_dags/tutorial_objectstorage.py
[2025-01-27T11:31:30.908+0000] {logging_mixin.py:190} INFO - [2025-01-27T11:31:30.907+0000] {dag.py:3239} INFO - Sync 1 DAGs
[2025-01-27T11:31:30.933+0000] {logging_mixin.py:190} INFO - [2025-01-27T11:31:30.933+0000] {dag.py:4180} INFO - Setting next_dagrun for tutorial_objectstorage to None, run_after=None
[2025-01-27T11:31:30.968+0000] {processor.py:208} INFO - Processing /home/airflow/.local/lib/python3.12/site-packages/airflow/example_dags/tutorial_objectstorage.py took 0.125 seconds
[2025-01-27T11:37:34.114+0000] {processor.py:186} INFO - Started process (PID=423) to work on /home/airflow/.local/lib/python3.12/site-packages/airflow/example_dags/tutorial_objectstorage.py
[2025-01-27T11:37:34.116+0000] {processor.py:914} INFO - Processing file /home/airflow/.local/lib/python3.12/site-packages/airflow/example_dags/tutorial_objectstorage.py for tasks to queue
[2025-01-27T11:37:34.120+0000] {logging_mixin.py:190} INFO - [2025-01-27T11:37:34.119+0000] {dagbag.py:588} INFO - Filling up the DagBag from /home/airflow/.local/lib/python3.12/site-packages/airflow/example_dags/tutorial_objectstorage.py
[2025-01-27T11:37:34.137+0000] {processor.py:925} INFO - DAG(s) 'tutorial_objectstorage' retrieved from /home/airflow/.local/lib/python3.12/site-packages/airflow/example_dags/tutorial_objectstorage.py
[2025-01-27T11:37:34.165+0000] {logging_mixin.py:190} INFO - [2025-01-27T11:37:34.165+0000] {dag.py:3239} INFO - Sync 1 DAGs
[2025-01-27T11:37:34.192+0000] {logging_mixin.py:190} INFO - [2025-01-27T11:37:34.192+0000] {dag.py:4180} INFO - Setting next_dagrun for tutorial_objectstorage to None, run_after=None
[2025-01-27T11:37:34.219+0000] {processor.py:208} INFO - Processing /home/airflow/.local/lib/python3.12/site-packages/airflow/example_dags/tutorial_objectstorage.py took 0.115 seconds
[2025-01-27T11:38:04.995+0000] {processor.py:186} INFO - Started process (PID=714) to work on /home/airflow/.local/lib/python3.12/site-packages/airflow/example_dags/tutorial_objectstorage.py
[2025-01-27T11:38:04.996+0000] {processor.py:914} INFO - Processing file /home/airflow/.local/lib/python3.12/site-packages/airflow/example_dags/tutorial_objectstorage.py for tasks to queue
[2025-01-27T11:38:04.999+0000] {logging_mixin.py:190} INFO - [2025-01-27T11:38:04.999+0000] {dagbag.py:588} INFO - Filling up the DagBag from /home/airflow/.local/lib/python3.12/site-packages/airflow/example_dags/tutorial_objectstorage.py
[2025-01-27T11:38:05.014+0000] {processor.py:925} INFO - DAG(s) 'tutorial_objectstorage' retrieved from /home/airflow/.local/lib/python3.12/site-packages/airflow/example_dags/tutorial_objectstorage.py
[2025-01-27T11:38:05.036+0000] {logging_mixin.py:190} INFO - [2025-01-27T11:38:05.036+0000] {dag.py:3239} INFO - Sync 1 DAGs
[2025-01-27T11:38:05.054+0000] {logging_mixin.py:190} INFO - [2025-01-27T11:38:05.053+0000] {dag.py:4180} INFO - Setting next_dagrun for tutorial_objectstorage to None, run_after=None
[2025-01-27T11:38:05.075+0000] {processor.py:208} INFO - Processing /home/airflow/.local/lib/python3.12/site-packages/airflow/example_dags/tutorial_objectstorage.py took 0.088 seconds
[2025-01-27T11:38:40.578+0000] {processor.py:186} INFO - Started process (PID=1007) to work on /home/airflow/.local/lib/python3.12/site-packages/airflow/example_dags/tutorial_objectstorage.py
[2025-01-27T11:38:40.588+0000] {processor.py:914} INFO - Processing file /home/airflow/.local/lib/python3.12/site-packages/airflow/example_dags/tutorial_objectstorage.py for tasks to queue
[2025-01-27T11:38:40.603+0000] {logging_mixin.py:190} INFO - [2025-01-27T11:38:40.602+0000] {dagbag.py:588} INFO - Filling up the DagBag from /home/airflow/.local/lib/python3.12/site-packages/airflow/example_dags/tutorial_objectstorage.py
[2025-01-27T11:38:40.633+0000] {processor.py:925} INFO - DAG(s) 'tutorial_objectstorage' retrieved from /home/airflow/.local/lib/python3.12/site-packages/airflow/example_dags/tutorial_objectstorage.py
[2025-01-27T11:38:40.702+0000] {logging_mixin.py:190} INFO - [2025-01-27T11:38:40.702+0000] {dag.py:3239} INFO - Sync 1 DAGs
[2025-01-27T11:38:40.786+0000] {logging_mixin.py:190} INFO - [2025-01-27T11:38:40.785+0000] {dag.py:4180} INFO - Setting next_dagrun for tutorial_objectstorage to None, run_after=None
[2025-01-27T11:38:40.861+0000] {processor.py:208} INFO - Processing /home/airflow/.local/lib/python3.12/site-packages/airflow/example_dags/tutorial_objectstorage.py took 0.294 seconds
[2025-01-27T11:39:11.400+0000] {processor.py:186} INFO - Started process (PID=1296) to work on /home/airflow/.local/lib/python3.12/site-packages/airflow/example_dags/tutorial_objectstorage.py
[2025-01-27T11:39:11.401+0000] {processor.py:914} INFO - Processing file /home/airflow/.local/lib/python3.12/site-packages/airflow/example_dags/tutorial_objectstorage.py for tasks to queue
[2025-01-27T11:39:11.404+0000] {logging_mixin.py:190} INFO - [2025-01-27T11:39:11.404+0000] {dagbag.py:588} INFO - Filling up the DagBag from /home/airflow/.local/lib/python3.12/site-packages/airflow/example_dags/tutorial_objectstorage.py
[2025-01-27T11:39:11.420+0000] {processor.py:925} INFO - DAG(s) 'tutorial_objectstorage' retrieved from /home/airflow/.local/lib/python3.12/site-packages/airflow/example_dags/tutorial_objectstorage.py
[2025-01-27T11:39:11.452+0000] {logging_mixin.py:190} INFO - [2025-01-27T11:39:11.452+0000] {dag.py:3239} INFO - Sync 1 DAGs
[2025-01-27T11:39:11.479+0000] {logging_mixin.py:190} INFO - [2025-01-27T11:39:11.478+0000] {dag.py:4180} INFO - Setting next_dagrun for tutorial_objectstorage to None, run_after=None
[2025-01-27T11:39:11.509+0000] {processor.py:208} INFO - Processing /home/airflow/.local/lib/python3.12/site-packages/airflow/example_dags/tutorial_objectstorage.py took 0.119 seconds
[2025-01-27T11:39:41.754+0000] {processor.py:186} INFO - Started process (PID=1583) to work on /home/airflow/.local/lib/python3.12/site-packages/airflow/example_dags/tutorial_objectstorage.py
[2025-01-27T11:39:41.755+0000] {processor.py:914} INFO - Processing file /home/airflow/.local/lib/python3.12/site-packages/airflow/example_dags/tutorial_objectstorage.py for tasks to queue
[2025-01-27T11:39:41.761+0000] {logging_mixin.py:190} INFO - [2025-01-27T11:39:41.760+0000] {dagbag.py:588} INFO - Filling up the DagBag from /home/airflow/.local/lib/python3.12/site-packages/airflow/example_dags/tutorial_objectstorage.py
[2025-01-27T11:39:41.775+0000] {processor.py:925} INFO - DAG(s) 'tutorial_objectstorage' retrieved from /home/airflow/.local/lib/python3.12/site-packages/airflow/example_dags/tutorial_objectstorage.py
[2025-01-27T11:39:41.809+0000] {logging_mixin.py:190} INFO - [2025-01-27T11:39:41.809+0000] {dag.py:3239} INFO - Sync 1 DAGs
[2025-01-27T11:39:41.848+0000] {logging_mixin.py:190} INFO - [2025-01-27T11:39:41.847+0000] {dag.py:4180} INFO - Setting next_dagrun for tutorial_objectstorage to None, run_after=None
[2025-01-27T11:39:41.883+0000] {processor.py:208} INFO - Processing /home/airflow/.local/lib/python3.12/site-packages/airflow/example_dags/tutorial_objectstorage.py took 0.142 seconds
[2025-01-27T11:40:12.296+0000] {processor.py:186} INFO - Started process (PID=1875) to work on /home/airflow/.local/lib/python3.12/site-packages/airflow/example_dags/tutorial_objectstorage.py
[2025-01-27T11:40:12.297+0000] {processor.py:914} INFO - Processing file /home/airflow/.local/lib/python3.12/site-packages/airflow/example_dags/tutorial_objectstorage.py for tasks to queue
[2025-01-27T11:40:12.301+0000] {logging_mixin.py:190} INFO - [2025-01-27T11:40:12.301+0000] {dagbag.py:588} INFO - Filling up the DagBag from /home/airflow/.local/lib/python3.12/site-packages/airflow/example_dags/tutorial_objectstorage.py
[2025-01-27T11:40:12.315+0000] {processor.py:925} INFO - DAG(s) 'tutorial_objectstorage' retrieved from /home/airflow/.local/lib/python3.12/site-packages/airflow/example_dags/tutorial_objectstorage.py
[2025-01-27T11:40:12.346+0000] {logging_mixin.py:190} INFO - [2025-01-27T11:40:12.346+0000] {dag.py:3239} INFO - Sync 1 DAGs
[2025-01-27T11:40:12.368+0000] {logging_mixin.py:190} INFO - [2025-01-27T11:40:12.368+0000] {dag.py:4180} INFO - Setting next_dagrun for tutorial_objectstorage to None, run_after=None
[2025-01-27T11:40:12.398+0000] {processor.py:208} INFO - Processing /home/airflow/.local/lib/python3.12/site-packages/airflow/example_dags/tutorial_objectstorage.py took 0.112 seconds
[2025-01-27T11:40:43.360+0000] {processor.py:186} INFO - Started process (PID=2166) to work on /home/airflow/.local/lib/python3.12/site-packages/airflow/example_dags/tutorial_objectstorage.py
[2025-01-27T11:40:43.362+0000] {processor.py:914} INFO - Processing file /home/airflow/.local/lib/python3.12/site-packages/airflow/example_dags/tutorial_objectstorage.py for tasks to queue
[2025-01-27T11:40:43.364+0000] {logging_mixin.py:190} INFO - [2025-01-27T11:40:43.364+0000] {dagbag.py:588} INFO - Filling up the DagBag from /home/airflow/.local/lib/python3.12/site-packages/airflow/example_dags/tutorial_objectstorage.py
[2025-01-27T11:40:43.377+0000] {processor.py:925} INFO - DAG(s) 'tutorial_objectstorage' retrieved from /home/airflow/.local/lib/python3.12/site-packages/airflow/example_dags/tutorial_objectstorage.py
[2025-01-27T11:40:43.401+0000] {logging_mixin.py:190} INFO - [2025-01-27T11:40:43.401+0000] {dag.py:3239} INFO - Sync 1 DAGs
[2025-01-27T11:40:43.421+0000] {logging_mixin.py:190} INFO - [2025-01-27T11:40:43.420+0000] {dag.py:4180} INFO - Setting next_dagrun for tutorial_objectstorage to None, run_after=None
[2025-01-27T11:40:43.445+0000] {processor.py:208} INFO - Processing /home/airflow/.local/lib/python3.12/site-packages/airflow/example_dags/tutorial_objectstorage.py took 0.092 seconds
[2025-01-27T11:41:14.140+0000] {processor.py:186} INFO - Started process (PID=2457) to work on /home/airflow/.local/lib/python3.12/site-packages/airflow/example_dags/tutorial_objectstorage.py
[2025-01-27T11:41:14.143+0000] {processor.py:914} INFO - Processing file /home/airflow/.local/lib/python3.12/site-packages/airflow/example_dags/tutorial_objectstorage.py for tasks to queue
[2025-01-27T11:41:14.149+0000] {logging_mixin.py:190} INFO - [2025-01-27T11:41:14.148+0000] {dagbag.py:588} INFO - Filling up the DagBag from /home/airflow/.local/lib/python3.12/site-packages/airflow/example_dags/tutorial_objectstorage.py
[2025-01-27T11:41:14.174+0000] {processor.py:925} INFO - DAG(s) 'tutorial_objectstorage' retrieved from /home/airflow/.local/lib/python3.12/site-packages/airflow/example_dags/tutorial_objectstorage.py
[2025-01-27T11:41:14.224+0000] {logging_mixin.py:190} INFO - [2025-01-27T11:41:14.223+0000] {dag.py:3239} INFO - Sync 1 DAGs
[2025-01-27T11:41:14.258+0000] {logging_mixin.py:190} INFO - [2025-01-27T11:41:14.257+0000] {dag.py:4180} INFO - Setting next_dagrun for tutorial_objectstorage to None, run_after=None
[2025-01-27T11:41:14.298+0000] {processor.py:208} INFO - Processing /home/airflow/.local/lib/python3.12/site-packages/airflow/example_dags/tutorial_objectstorage.py took 0.173 seconds
[2025-01-27T11:41:45.905+0000] {processor.py:186} INFO - Started process (PID=2748) to work on /home/airflow/.local/lib/python3.12/site-packages/airflow/example_dags/tutorial_objectstorage.py
[2025-01-27T11:41:45.907+0000] {processor.py:914} INFO - Processing file /home/airflow/.local/lib/python3.12/site-packages/airflow/example_dags/tutorial_objectstorage.py for tasks to queue
[2025-01-27T11:41:45.913+0000] {logging_mixin.py:190} INFO - [2025-01-27T11:41:45.912+0000] {dagbag.py:588} INFO - Filling up the DagBag from /home/airflow/.local/lib/python3.12/site-packages/airflow/example_dags/tutorial_objectstorage.py
[2025-01-27T11:41:45.947+0000] {processor.py:925} INFO - DAG(s) 'tutorial_objectstorage' retrieved from /home/airflow/.local/lib/python3.12/site-packages/airflow/example_dags/tutorial_objectstorage.py
[2025-01-27T11:41:46.002+0000] {logging_mixin.py:190} INFO - [2025-01-27T11:41:46.001+0000] {dag.py:3239} INFO - Sync 1 DAGs
[2025-01-27T11:41:46.045+0000] {logging_mixin.py:190} INFO - [2025-01-27T11:41:46.045+0000] {dag.py:4180} INFO - Setting next_dagrun for tutorial_objectstorage to None, run_after=None
[2025-01-27T11:41:46.102+0000] {processor.py:208} INFO - Processing /home/airflow/.local/lib/python3.12/site-packages/airflow/example_dags/tutorial_objectstorage.py took 0.218 seconds
